# stats: dump at 1449271171
stats: users 4 5
stats: {load,"tsung_controller@ip-172-30-3-147"} 1 0.03125 0 0.03125 0.03125 0 0
stats: {freemem,"tsung_controller@ip-172-30-3-147"} 1 29462.64453125 0 29462.64453125 29462.64453125 0 0
stats: {cpu,"tsung_controller@ip-172-30-3-147"} 1 0.6724139549430411 0 0.6724139549430411 0.6724139549430411 0 0
stats: session 2 5151.4654541015625 2750.4715576171875 7901.93701171875 2400.993896484375 0 0
stats: users_count 6 6
stats: finish_users_count 2 2
stats: request 21 116.94030180431548 136.81785713945047 393.594970703125 11.051025390625 0 0
stats: page 19 129.25749126233552 144.31255070959315 393.594970703125 11.051025390625 0 0
stats: connect 6 13.129191080729166 26.55277246916218 72.5 0.908935546875 0 0
stats: 302 4 4
stats: 200 16 16
stats: size_rcv 120031 120031
stats: 406 1 1
stats: size_sent 15428 15428
stats: connected 5 5
# stats: dump at 1449271181
stats: users 5 8
stats: {load,"tsung_controller@ip-172-30-3-147"} 1 0.01953125 0.0 0.03125 0.01953125 0.03125 1
stats: {freemem,"tsung_controller@ip-172-30-3-147"} 1 29459.76953125 0.0 29462.64453125 29459.76953125 29462.64453125 1
stats: {recvpackets,"tsung_controller@ip-172-30-3-147"} 1 290 0 290 290 0 0
stats: {sentpackets,"tsung_controller@ip-172-30-3-147"} 1 216 0 216 216 0 0
stats: {cpu,"tsung_controller@ip-172-30-3-147"} 1 0.29795158286778395 0.0 0.6724139549430411 0.29795158286778395 0.6724139549430411 1
stats: session 7 7391.675397600447 5826.894862508042 17445.825927734375 762.575927734375 5151.4654541015625 2
stats: users_count 8 14
stats: finish_users_count 7 9
stats: request 39 82.85762845552884 100.67867979806026 393.594970703125 9.87890625 116.94030180431548 21
stats: error_unknown 2 2
stats: connect 8 1.277313232421875 0.23933846612911022 72.5 0.882080078125 13.129191080729166 6
stats: page 32 100.99961090087889 104.67816984518379 393.594970703125 11.051025390625 129.25749126233552 19
stats: 302 14 18
stats: 200 25 41
stats: size_rcv 262060 382091
stats: 406 0 1
stats: size_sent 33485 48913
stats: connected 0 5
# stats: dump at 1449271191
stats: users 6 8
stats: {load,"tsung_controller@ip-172-30-3-147"} 1 0.01953125 0.0 0.03125 0.01953125 0.025390625 2
stats: {freemem,"tsung_controller@ip-172-30-3-147"} 1 29457.234375 0.0 29462.64453125 29457.234375 29461.20703125 2
stats: {recvpackets,"tsung_controller@ip-172-30-3-147"} 1 270.0 0.0 290 270 290.0 1
stats: {sentpackets,"tsung_controller@ip-172-30-3-147"} 1 207.0 0.0 216 207 216.0 1
stats: {cpu,"tsung_controller@ip-172-30-3-147"} 1 0.1738050900062073 0.0 0.6724139549430411 0.1738050900062073 0.48518276890541256 2
stats: session 6 4643.131510416667 3878.8409269122217 17445.825927734375 762.575927734375 6893.850965711806 9
stats: users_count 7 21
stats: finish_users_count 6 15
stats: connect 7 1.4158063616071428 0.23052539742835723 72.5 0.882080078125 6.356689453125 14
stats: request 49 73.29320790816327 74.35789519537512 393.594970703125 9.87890625 94.78656412760417 60
stats: page 43 83.52907544513083 79.99131617535842 393.594970703125 11.051025390625 111.52705652573529 51
stats: error_unknown 2 4
stats: 302 18 36
stats: 200 30 71
stats: size_rcv 363523 745614
stats: 406 1 2
stats: size_sent 45730 94643
stats: connected 1 6
# stats: dump at 1449271201
stats: users 13 13
stats: {load,"tsung_controller@ip-172-30-3-147"} 1 0.01953125 0.0 0.03125 0.01953125 0.0234375 3
stats: {freemem,"tsung_controller@ip-172-30-3-147"} 1 29456.28515625 0.0 29462.64453125 29456.28515625 29459.8828125 3
stats: {recvpackets,"tsung_controller@ip-172-30-3-147"} 1 347.0 0.0 347 270 280.0 2
stats: {sentpackets,"tsung_controller@ip-172-30-3-147"} 1 240.0 0.0 240 207 211.5 2
stats: {cpu,"tsung_controller@ip-172-30-3-147"} 1 0.13659505774245623 0.0 0.6724139549430411 0.13659505774245623 0.3813902092723442 3
stats: session 9 7808.073404947917 7964.604343869145 27235.201171875 704.673095703125 5993.56318359375 15
stats: users_count 16 37
stats: finish_users_count 9 24
stats: request 64 49.94578170776367 56.59312535505325 393.594970703125 7.891845703125 85.1244131665711 109
stats: connect 14 1.3349086216517858 0.25764175935063627 72.5 0.8330078125 4.7097284226190474 21
stats: page 54 59.20628074363425 59.64200653613599 393.594970703125 10.724853515625 98.71946943567154 94
stats: error_unknown 1 5
stats: 302 24 60
stats: 200 40 111
stats: size_rcv 409910 1155524
stats: 406 0 2
stats: newphase 1 1
stats: size_sent 53515 148158
stats: connected 5 11
# stats: dump at 1449271211
stats: users 18 21
stats: {load,"tsung_controller@ip-172-30-3-147"} 1 0.01171875 0.0 0.03125 0.01171875 0.0224609375 4
stats: {freemem,"tsung_controller@ip-172-30-3-147"} 1 29456.19140625 0.0 29462.64453125 29456.19140625 29458.9833984375 4
stats: {recvpackets,"tsung_controller@ip-172-30-3-147"} 1 427.0 0.0 427 270 302.3333333333333 3
stats: {sentpackets,"tsung_controller@ip-172-30-3-147"} 1 305.0 0.0 305 207 221.0 3
stats: {cpu,"tsung_controller@ip-172-30-3-147"} 1 0.186219739292365 0.0 0.6724139549430411 0.13659505774245623 0.32019142138987217 4
stats: session 23 3989.276430876358 2684.846290462636 27235.201171875 276.27685546875 6674.0045166015625 24
stats: users_count 28 65
stats: finish_users_count 23 47
stats: request 130 57.55770733173077 65.01202381032179 418.4541015625 7.891845703125 72.11035297371748 173
stats: connect 30 1.3589029947916667 0.26695162478883705 72.5 0.8330078125 3.359800502232143 35
stats: page 105 71.27845052083335 71.55949591817118 418.4541015625 10.072998046875 84.30249518317146 148
stats: error_unknown 7 12
stats: 302 48 108
stats: 200 80 191
stats: size_rcv 826519 1982043
stats: 406 2 4
stats: newphase 0 1
stats: size_sent 106868 255026
stats: connected 9 20
# stats: dump at 1449271221
stats: users 10 21
stats: {load,"tsung_controller@ip-172-30-3-147"} 1 0.01171875 0.0 0.03125 0.01171875 0.0203125 5
stats: {freemem,"tsung_controller@ip-172-30-3-147"} 1 29454.14453125 0.0 29462.64453125 29454.14453125 29458.425 5
stats: {recvpackets,"tsung_controller@ip-172-30-3-147"} 1 958.0 0.0 958 270 333.5 4
stats: {sentpackets,"tsung_controller@ip-172-30-3-147"} 1 687.0 0.0 687 207 242.0 4
stats: {cpu,"tsung_controller@ip-172-30-3-147"} 1 0.285466054362666 0.0 0.6724139549430411 0.13659505774245623 0.29339708497037076 5
stats: session 21 9209.300223214286 8734.74788181594 32716.097900390625 276.27685546875 5360.201410821143 47
stats: users_count 13 78
stats: finish_users_count 21 68
stats: request 137 65.92588104470799 72.32937348544641 505.72314453125 7.882080078125 65.86664362237005 303
stats: connect 13 1.3264535757211537 0.2785593234772316 72.5 0.8330078125 2.436309344951923 65
stats: page 113 79.9415013136062 84.86515236938001 505.72314453125 10.06103515625 78.89725925611413 253
stats: error_unknown 3 15
stats: 302 44 152
stats: 200 87 278
stats: size_rcv 1061180 3043223
stats: 406 6 10
stats: newphase 0 1
stats: size_sent 129409 384435
stats: connected -9 11
# stats: dump at 1449271231
stats: users 21 21
stats: {load,"tsung_controller@ip-172-30-3-147"} 1 0.01171875 0.0 0.03125 0.01171875 0.018880208333333332 6
stats: {freemem,"tsung_controller@ip-172-30-3-147"} 1 29452.4375 0.0 29462.64453125 29452.4375 29457.711588541668 6
stats: {recvpackets,"tsung_controller@ip-172-30-3-147"} 1 1168.0 0.0 1168 270 458.4 5
stats: {sentpackets,"tsung_controller@ip-172-30-3-147"} 1 743.0 0.0 743 207 331.0 5
stats: {cpu,"tsung_controller@ip-172-30-3-147"} 1 1.254190984726189 0.0 1.254190984726189 0.13659505774245623 0.2920752465357533 6
stats: session 15 6036.869856770833 7399.302712157438 32716.097900390625 276.27685546875 6548.893691119026 68
stats: users_count 26 104
stats: finish_users_count 15 83
stats: request 103 48.16313097314927 54.70661303564694 505.72314453125 7.882080078125 65.88508800159799 440
stats: connect 25 1.3973046875 0.585734888797683 72.5 0.81396484375 2.2513333834134617 78
stats: page 88 56.38451871004972 59.09324752341845 505.72314453125 9.4599609375 79.21966185856387 366
stats: error_unknown 3 18
stats: 302 40 192
stats: 200 61 339
stats: size_rcv 648608 3691831
stats: 406 2 12
stats: newphase 1 2
stats: size_sent 86296 470731
stats: connected 10 21
# stats: dump at 1449271241
stats: users 26 30
stats: {load,"tsung_controller@ip-172-30-3-147"} 1 0.01171875 0.0 0.03125 0.01171875 0.017857142857142856 7
stats: {freemem,"tsung_controller@ip-172-30-3-147"} 1 29452.05859375 0.0 29462.64453125 29452.05859375 29456.958147321428 7
stats: {recvpackets,"tsung_controller@ip-172-30-3-147"} 1 717.0 0.0 1168 270 576.6666666666666 6
stats: {sentpackets,"tsung_controller@ip-172-30-3-147"} 1 568.0 0.0 743 207 399.6666666666667 6
stats: {cpu,"tsung_controller@ip-172-30-3-147"} 1 0.22346368715083798 0.0 1.254190984726189 0.13659505774245623 0.4295203519915298 7
stats: session 33 6264.604958274148 8051.043073709066 32716.097900390625 276.27685546875 6456.359263224774 83
stats: users_count 38 142
stats: finish_users_count 33 116
stats: connect 37 1.271827491554054 0.2394909889068639 72.5 0.81396484375 2.044044864987864 103
stats: request 240 63.19376118977859 71.246632669628 505.72314453125 7.882080078125 62.523464476864625 543
stats: page 198 76.61205931384153 77.76083419042716 505.72314453125 8.60791015625 74.79346671083425 454
stats: error_unknown 5 23
stats: 302 88 280
stats: 200 149 488
stats: size_rcv 1692210 5384041
stats: 406 3 15
stats: newphase 0 2
stats: size_sent 217626 688357
stats: connected 3 24
# stats: dump at 1449271251
stats: users 31 39
stats: {load,"tsung_controller@ip-172-30-3-147"} 1 0.08984375 0.0 0.08984375 0.01171875 0.01708984375 8
stats: {freemem,"tsung_controller@ip-172-30-3-147"} 1 29449.95703125 0.0 29462.64453125 29449.95703125 29456.345703125 8
stats: {recvpackets,"tsung_controller@ip-172-30-3-147"} 1 1689.0 0.0 1689 270 596.7142857142857 7
stats: {sentpackets,"tsung_controller@ip-172-30-3-147"} 1 1115.0 0.0 1115 207 423.7142857142857 7
stats: {cpu,"tsung_controller@ip-172-30-3-147"} 1 0.38485412787088763 0.0 1.254190984726189 0.13659505774245623 0.4037632688864433 8
stats: session 36 7602.191101074217 7414.617032904293 33211.422119140625 276.27685546875 6401.808469575027 116
stats: users_count 41 183
stats: finish_users_count 36 152
stats: request 252 62.530902196490565 82.26014789578686 638.287109375 7.680908203125 62.728919408025995 783
stats: connect 43 1.2717852925145348 0.2319018015164983 72.5 0.81396484375 1.8399588448660715 140
stats: page 215 73.30290129905526 97.73786246076602 638.287109375 8.0771484375 75.34573869763707 652
stats: error_unknown 5 28
stats: 302 81 361
stats: 200 163 651
stats: size_rcv 1783503 7167544
stats: 406 8 23
stats: newphase 0 2
stats: size_sent 219239 907596
stats: connected 9 33
# stats: dump at 1449271261
stats: users 51 52
stats: {load,"tsung_controller@ip-172-30-3-147"} 1 0.0703125 0.0 0.08984375 0.01171875 0.025173611111111112 9
stats: {freemem,"tsung_controller@ip-172-30-3-147"} 1 29448.3125 0.0 29462.64453125 29448.3125 29455.635850694445 9
stats: {recvpackets,"tsung_controller@ip-172-30-3-147"} 1 1785.0 0.0 1785 270 733.25 8
stats: {sentpackets,"tsung_controller@ip-172-30-3-147"} 1 1209.0 0.0 1209 207 510.125 8
stats: {cpu,"tsung_controller@ip-172-30-3-147"} 1 0.42188857178309963 0.0 1.254190984726189 0.13659505774245623 0.4016622532180482 9
stats: session 46 6610.861535113793 7023.543861634587 33211.422119140625 276.27685546875 6686.109619140625 152
stats: users_count 66 249
stats: finish_users_count 46 198
stats: request 312 53.45895620492789 63.5458591893651 638.287109375 7.5400390625 62.68070652173911 1035
stats: connect 64 1.1803321838378908 0.25408801529851854 72.5 0.745849609375 1.7064535839310109 183
stats: page 264 63.190915194424676 72.116089951529 638.287109375 8.0771484375 74.83915272221022 867
stats: error_unknown 9 37
stats: 302 116 477
stats: 200 188 839
stats: size_rcv 2089735 9257279
stats: 406 8 31
stats: newphase 1 3
stats: size_sent 269897 1177493
stats: connected 18 51
# stats: dump at 1449271271
stats: users 54 66
stats: {load,"tsung_controller@ip-172-30-3-147"} 1 0.05859375 0.0 0.08984375 0.01171875 0.0296875 10
stats: {freemem,"tsung_controller@ip-172-30-3-147"} 1 29442.20703125 0.0 29462.64453125 29442.20703125 29454.903515625 10
stats: {recvpackets,"tsung_controller@ip-172-30-3-147"} 1 2672.0 0.0 2672 270 850.1111111111111 9
stats: {sentpackets,"tsung_controller@ip-172-30-3-147"} 1 1853.0 0.0 1853 207 587.7777777777778 9
stats: {cpu,"tsung_controller@ip-172-30-3-147"} 1 0.7691353430095521 0.0 1.254190984726189 0.13659505774245623 0.40368488507455336 10
stats: session 83 5507.9560105657 5278.6653761262205 33211.422119140625 131.27099609375 6668.6277410333805 198
stats: users_count 86 335
stats: finish_users_count 83 281
stats: request 509 60.48516162205304 73.16198446561005 638.287109375 7.5400390625 60.54471090270042 1347
stats: connect 87 1.20367221174569 0.24924808905978713 72.5 0.73095703125 1.5701306300607287 247
stats: page 404 76.2223371751239 81.14416258950001 638.287109375 8.0771484375 72.12020072633455 1131
stats: error_unknown 17 54
stats: 302 201 678
stats: 200 297 1136
stats: size_rcv 3518026 12775305
stats: 406 11 42
stats: newphase 0 3
stats: size_sent 451489 1628982
stats: connected 4 55
# stats: dump at 1449271281
stats: users 65 66
stats: {load,"tsung_controller@ip-172-30-3-147"} 1 0.05078125 0.0 0.08984375 0.01171875 0.03231534090909091 11
stats: {freemem,"tsung_controller@ip-172-30-3-147"} 1 29444.8984375 0.0 29462.64453125 29442.20703125 29453.749289772728 11
stats: {recvpackets,"tsung_controller@ip-172-30-3-147"} 1 3262.0 0.0 3262 270 1032.3 10
stats: {sentpackets,"tsung_controller@ip-172-30-3-147"} 1 2254.0 0.0 2254 207 714.3 10
stats: {cpu,"tsung_controller@ip-172-30-3-147"} 1 1.649714710989829 0.0 1.649714710989829 0.13659505774245623 0.436907653977735 11
stats: session 85 5796.719864430146 6108.182464996817 35740.860107421875 131.27099609375 6325.795877585631 281
stats: users_count 96 431
stats: finish_users_count 85 366
stats: request 546 59.00768103966347 82.12393606827227 908.923828125 7.5400390625 60.528379769160814 1856
stats: connect 96 1.1649322509765618 0.25914209580605435 72.5 0.694091796875 1.4746758923559131 334
stats: page 439 73.40500371494161 94.45201580394782 908.923828125 8.0771484375 73.19985097083676 1535
stats: error_unknown 12 66
stats: 302 200 878
stats: 200 329 1465
stats: size_rcv 3692619 16467924
stats: 406 17 59
stats: newphase 0 3
stats: size_sent 482760 2111742
stats: connected 11 66
# stats: dump at 1449271291
stats: users 85 88
stats: {load,"tsung_controller@ip-172-30-3-147"} 1 0.0390625 0.0 0.08984375 0.01171875 0.033854166666666664 12
stats: {freemem,"tsung_controller@ip-172-30-3-147"} 1 29444.3046875 0.0 29462.64453125 29442.20703125 29453.01171875 12
stats: {recvpackets,"tsung_controller@ip-172-30-3-147"} 1 3696.0 0.0 3696 270 1235.0 11
stats: {sentpackets,"tsung_controller@ip-172-30-3-147"} 1 2573.0 0.0 2573 207 854.2727272727273 11
stats: {cpu,"tsung_controller@ip-172-30-3-147"} 1 0.6708907938874394 0.0 1.649714710989829 0.13659505774245623 0.5379749087287429 12
stats: session 92 6694.176505710768 7910.129757802976 46882.988037109375 131.27099609375 6202.923033000341 366
stats: users_count 112 543
stats: finish_users_count 92 458
stats: request 569 58.266454820683215 71.28828464528713 908.923828125 7.5400390625 60.182708867285065 2402
stats: connect 110 1.247574129971591 0.48574186787494633 72.5 0.694091796875 1.4055238235828489 430
stats: page 477 69.5167663702175 78.11194553993722 908.923828125 8.0771484375 73.24547511200294 1974
stats: error_unknown 26 92
stats: 302 212 1090
stats: 200 348 1813
stats: size_rcv 3906477 20374401
stats: 406 9 68
stats: newphase 1 4
stats: size_sent 495969 2607711
stats: connected 18 84
# stats: dump at 1449271301
stats: users 104 110
stats: {load,"tsung_controller@ip-172-30-3-147"} 1 0.0390625 0.0 0.08984375 0.01171875 0.034254807692307696 13
stats: {freemem,"tsung_controller@ip-172-30-3-147"} 1 29439.40234375 0.0 29462.64453125 29439.40234375 29452.341947115383 13
stats: {recvpackets,"tsung_controller@ip-172-30-3-147"} 1 4310.0 0.0 4310 270 1440.0833333333333 12
stats: {sentpackets,"tsung_controller@ip-172-30-3-147"} 1 3006.0 0.0 3006 207 997.5 12
stats: {cpu,"tsung_controller@ip-172-30-3-147"} 1 0.868917576961271 0.0 1.649714710989829 0.13659505774245623 0.5481992075871042 13
stats: session 136 5708.750797047334 6123.888517946158 46882.988037109375 131.27099609375 6301.602769876672 458
stats: users_count 155 698
stats: finish_users_count 136 594
stats: request 868 57.0106637137277 67.75781505922768 908.923828125 7.5400390625 59.81571171059827 2971
stats: connect 156 1.2498857547075315 0.4604149221606808 72.5 0.685791015625 1.3733488859953704 540
stats: page 703 70.28106767592017 78.26282684079752 908.923828125 7.837890625 72.51981453679623 2451
stats: error_unknown 27 119
stats: 302 333 1423
stats: 200 514 2327
stats: size_rcv 5814063 26188464
stats: 406 21 89
stats: newphase 0 4
stats: size_sent 756092 3363803
stats: connected 22 106
# stats: dump at 1449271311
stats: users 109 129
stats: {load,"tsung_controller@ip-172-30-3-147"} 1 0.03125 0.0 0.08984375 0.01171875 0.03459821428571429 14
stats: {freemem,"tsung_controller@ip-172-30-3-147"} 1 29433.8046875 0.0 29462.64453125 29433.8046875 29451.41768973214 14
stats: {recvpackets,"tsung_controller@ip-172-30-3-147"} 1 6436.0 0.0 6436 270 1660.8461538461538 13
stats: {sentpackets,"tsung_controller@ip-172-30-3-147"} 1 4397.0 0.0 4397 207 1152.0 13
stats: {cpu,"tsung_controller@ip-172-30-3-147"} 1 2.2213948870687514 0.0 2.2213948870687514 0.13659505774245623 0.5711076625424018 14
stats: session 146 7118.829680142337 7586.73264824474 47080.052001953125 131.27099609375 6165.865617848406 594
stats: users_count 151 849
stats: finish_users_count 146 740
stats: request 1026 61.97408159341496 79.62605589241909 928.76318359375 7.5400390625 59.18148882409563 3839
stats: connect 151 1.194549358443709 0.25918520533689887 72.5 0.685791015625 1.3456761151894754 696
stats: page 847 75.18863451889023 87.5674974588978 928.76318359375 7.837890625 72.02081674250458 3154
stats: error_unknown 23 142
stats: 302 370 1793
stats: 200 631 2958
stats: size_rcv 7295744 33484208
stats: 406 25 114
stats: newphase 0 4
stats: size_sent 930977 4294780
stats: connected 4 110
# stats: dump at 1449271321
stats: users 133 144
stats: {load,"tsung_controller@ip-172-30-3-147"} 1 0.03125 0.0 0.08984375 0.01171875 0.034375 15
stats: {freemem,"tsung_controller@ip-172-30-3-147"} 1 29431.37890625 0.0 29462.64453125 29431.37890625 29450.243489583332 15
stats: {recvpackets,"tsung_controller@ip-172-30-3-147"} 1 7488.0 0.0 7488 270 2001.9285714285713 14
stats: {sentpackets,"tsung_controller@ip-172-30-3-147"} 1 5128.0 0.0 5128 207 1383.7857142857142 14
stats: {cpu,"tsung_controller@ip-172-30-3-147"} 1 1.488095238095238 0.0 2.2213948870687514 0.13659505774245623 0.6811268108441584 15
stats: session 154 6016.196885146102 5719.774735550341 47080.052001953125 131.27099609375 6353.882851760452 740
stats: users_count 178 1027
stats: finish_users_count 154 894
stats: connect 178 1.15100646286868 0.25255151718599156 72.5 0.685791015625 1.3187338008227567 847
stats: request 935 53.45817205255682 67.0515379024087 932.18798828125 7.5400390625 59.770430279660204 4865
stats: page 786 63.49024524640187 75.15507235935577 932.18798828125 7.837890625 72.6914345022143 4001
stats: error_unknown 35 177
stats: 302 329 2122
stats: 200 587 3545
stats: size_rcv 6181117 39665325
stats: 406 20 134
stats: newphase 1 5
stats: size_sent 815799 5110579
stats: connected 26 136
# stats: dump at 1449271331
stats: users 138 146
stats: {load,"tsung_controller@ip-172-30-3-147"} 1 0.01953125 0.0 0.08984375 0.01171875 0.0341796875 16
stats: {freemem,"tsung_controller@ip-172-30-3-147"} 1 29425.8515625 0.0 29462.64453125 29425.8515625 29449.064453125 16
stats: {recvpackets,"tsung_controller@ip-172-30-3-147"} 1 6753.0 0.0 7488 270 2367.6666666666665 15
stats: {sentpackets,"tsung_controller@ip-172-30-3-147"} 1 4889.0 0.0 5128 207 1633.4 15
stats: {cpu,"tsung_controller@ip-172-30-3-147"} 1 1.5130844598784572 0.0 2.2213948870687514 0.13659505774245623 0.7315623375473508 16
stats: session 190 7147.5613820929275 8064.210994548769 47080.052001953125 131.27099609375 6295.713233350374 894
stats: users_count 195 1222
stats: finish_users_count 190 1084
stats: request 1223 57.32111798440057 68.80142587644025 932.18798828125 7.5400390625 58.75285072063578 5800
stats: connect 191 1.2325790964496075 0.8910487012878249 72.5 0.685791015625 1.2896065167682926 1025
stats: page 1009 69.5260398116174 78.50109332274747 932.18798828125 7.837890625 71.18064804826223 4787
stats: error_unknown 31 208
stats: 302 441 2563
stats: 200 743 4288
stats: size_rcv 8592833 48258158
stats: 406 38 172
stats: newphase 0 5
stats: size_sent 1089732 6200311
stats: connected 0 136
# stats: dump at 1449271341
stats: users 151 154
stats: {load,"tsung_controller@ip-172-30-3-147"} 1 0.08984375 0.0 0.08984375 0.01171875 0.03331801470588235 17
stats: {freemem,"tsung_controller@ip-172-30-3-147"} 1 29417.6796875 0.0 29462.64453125 29417.6796875 29447.698988970587 17
stats: {recvpackets,"tsung_controller@ip-172-30-3-147"} 1 8310.0 0.0 8310 270 2641.75 16
stats: {sentpackets,"tsung_controller@ip-172-30-3-147"} 1 5665.0 0.0 5665 207 1836.875 16
stats: {cpu,"tsung_controller@ip-172-30-3-147"} 1 2.152666089323271 0.0 2.2213948870687514 0.13659505774245623 0.7775342270962393 17
stats: session 185 6909.955530774915 7883.921398656473 47080.052001953125 131.27099609375 6445.022410712999 1084
stats: users_count 198 1420
stats: finish_users_count 185 1269
stats: connect 200 1.1754211425781245 0.24787742646634078 72.5 0.678955078125 1.2806490847938938 1216
stats: request 1220 55.55492203509224 61.49122303288667 932.18798828125 7.5400390625 58.50352576884656 7023
stats: page 1000 67.711536376953 70.7466745372853 932.18798828125 7.672119140625 70.89260461990222 5796
stats: error_unknown 29 237
stats: 302 460 3023
stats: 200 729 5017
stats: size_rcv 8492826 56750984
stats: 406 31 203
stats: newphase 0 5
stats: size_sent 1094587 7294898
stats: connected 17 153
# stats: dump at 1449271351
stats: users 165 166
stats: {load,"tsung_controller@ip-172-30-3-147"} 1 0.078125 0.0 0.08984375 0.01171875 0.036458333333333336 18
stats: {freemem,"tsung_controller@ip-172-30-3-147"} 1 29415.76953125 0.0 29462.64453125 29415.76953125 29446.03125 18
stats: {recvpackets,"tsung_controller@ip-172-30-3-147"} 1 8768.0 0.0 8768 270 2975.176470588235 17
stats: {sentpackets,"tsung_controller@ip-172-30-3-147"} 1 5922.0 0.0 5922 207 2062.0588235294117 17
stats: {cpu,"tsung_controller@ip-172-30-3-147"} 1 2.0678553739474985 0.0 2.2213948870687514 0.13659505774245623 0.8539304416644078 18
stats: session 203 8501.344308035714 8544.949577620935 47080.052001953125 102.3818359375 6512.802258791371 1269
stats: users_count 217 1637
stats: finish_users_count 203 1472
stats: request 1284 53.62322807906204 61.46500222066475 932.18798828125 7.5400390625 58.06711953869002 8243
stats: connect 217 1.2095862885224649 0.3154729388469641 72.5 0.678955078125 1.2657863810911016 1416
stats: page 1074 64.16079456180151 71.42008429752586 932.18798828125 7.672119140625 70.42452512564836 6796
stats: error_unknown 29 266
stats: 302 449 3472
stats: 200 789 5806
stats: size_rcv 8839318 65590302
stats: 406 46 249
stats: newphase 1 6
stats: size_sent 1138223 8433121
stats: connected 12 165
# stats: dump at 1449271361
stats: users 254 255
stats: {load,"tsung_controller@ip-172-30-3-147"} 1 0.140625 0.0 0.140625 0.01171875 0.038651315789473686 19
stats: {freemem,"tsung_controller@ip-172-30-3-147"} 1 29415.140625 0.0 29462.64453125 29415.140625 29444.438527960527 19
stats: {recvpackets,"tsung_controller@ip-172-30-3-147"} 1 9048.0 0.0 9048 270 3297.0 18
stats: {sentpackets,"tsung_controller@ip-172-30-3-147"} 1 6338.0 0.0 6338 207 2276.5 18
stats: {cpu,"tsung_controller@ip-172-30-3-147"} 1 1.92259985115356 0.0 2.2213948870687514 0.13659505774245623 0.9178212275740442 19
stats: session 286 5883.8315574806065 6606.539401186999 47080.052001953125 102.3818359375 6787.0373375934105 1472
stats: users_count 375 2012
stats: finish_users_count 286 1758
stats: connect 369 1.2844178734756098 0.6789671347948192 72.5 0.6728515625 1.2583182732604867 1633
stats: page 1527 67.56183360961033 74.56819389453237 932.18798828125 7.672119140625 69.56972885810433 7870
stats: request 1862 55.38674012213848 63.32504563139846 932.18798828125 7.5400390625 57.46819473191324 9527
stats: error_unknown 63 329
stats: 302 667 4139
stats: 200 1148 6954
stats: size_rcv 12224121 77814423
stats: 406 47 296
stats: newphase 0 6
stats: size_sent 1598873 10031994
stats: connected 80 245
# stats: dump at 1449271371
stats: users 285 286
stats: {load,"tsung_controller@ip-172-30-3-147"} 1 0.12109375 0.0 0.140625 0.01171875 0.04375 20
stats: {freemem,"tsung_controller@ip-172-30-3-147"} 1 29392.578125 0.0 29462.64453125 29392.578125 29442.9736328125 20
stats: {recvpackets,"tsung_controller@ip-172-30-3-147"} 1 13636.0 0.0 13636 270 3599.684210526316 19
stats: {sentpackets,"tsung_controller@ip-172-30-3-147"} 1 9534.0 0.0 9534 207 2490.2631578947367 19
stats: {cpu,"tsung_controller@ip-172-30-3-147"} 1 3.664856860809477 0.0 3.664856860809477 0.13659505774245623 0.96806015875302 20
stats: session 367 6019.1554670203905 5851.143318665445 47080.052001953125 102.3818359375 6640.099423422613 1758
stats: users_count 398 2410
stats: finish_users_count 367 2125
stats: request 2324 59.32282754763471 70.65251406483618 991.60302734375 7.5400390625 57.12789545336372 11389
stats: connect 401 1.210398077072942 0.3242713123900146 72.5 0.6728515625 1.263128838934503 2002
stats: page 1900 72.62452431126653 79.32329288373327 991.60302734375 7.672119140625 69.24344855114994 9397
stats: error_unknown 73 402
stats: 302 830 4969
stats: 200 1437 8391
stats: size_rcv 15998981 93813404
stats: 406 57 353
stats: newphase 0 6
stats: size_sent 2045930 12077924
stats: connected 37 282
# stats: dump at 1449271381
stats: users 305 310
stats: {load,"tsung_controller@ip-172-30-3-147"} 1 0.1796875 0.0 0.1796875 0.01171875 0.04743303571428571 21
stats: {freemem,"tsung_controller@ip-172-30-3-147"} 1 29384.46875 0.0 29462.64453125 29384.46875 29440.57384672619 21
stats: {recvpackets,"tsung_controller@ip-172-30-3-147"} 1 16631.0 0.0 16631 270 4101.5 20
stats: {sentpackets,"tsung_controller@ip-172-30-3-147"} 1 11420.0 0.0 11420 207 2842.45 20
stats: {cpu,"tsung_controller@ip-172-30-3-147"} 1 4.426955238563699 0.0 4.426955238563699 0.13659505774245623 1.096479049327137 21
stats: session 383 6551.614970473645 6321.0172136123165 47080.052001953125 102.3818359375 6532.858749540441 2125
stats: users_count 403 2813
stats: finish_users_count 383 2508
stats: connect 410 1.1936088748094515 0.2579352332144539 72.5 0.6728515625 1.2543294067636805 2403
stats: page 2102 71.62681885927095 76.26569785578029 991.60302734375 7.632080078125 69.8120989843819 11297
stats: error_unknown 62 464
stats: request 2560 58.79999866485595 66.79007980940688 991.60302734375 7.51220703125 57.499879861376975 13713
stats: 302 945 5914
stats: 200 1545 9936
stats: size_rcv 17662067 111475471
stats: 406 70 423
stats: newphase 0 6
stats: size_sent 2294107 14372031
stats: connected 23 305
# stats: dump at 1449271391
stats: users 363 367
stats: {load,"tsung_controller@ip-172-30-3-147"} 1 0.23046875 0.0 0.23046875 0.01171875 0.05344460227272727 22
stats: {freemem,"tsung_controller@ip-172-30-3-147"} 1 29379.5390625 0.0 29462.64453125 29379.5390625 29438.02361505682 22
stats: {recvpackets,"tsung_controller@ip-172-30-3-147"} 1 17822.0 0.0 17822 270 4698.142857142857 21
stats: {sentpackets,"tsung_controller@ip-172-30-3-147"} 1 12061.0 0.0 12061 207 3250.904761904762 21
stats: {cpu,"tsung_controller@ip-172-30-3-147"} 1 4.339250493096647 0.0 4.426955238563699 0.13659505774245623 1.2478643306560717 22
stats: session 404 6876.297838872024 7007.049857909538 47080.052001953125 102.3818359375 6535.72303686796 2508
stats: users_count 462 3275
stats: finish_users_count 404 2912
stats: connect 459 1.162318942333878 0.283028405781929 72.5 0.631103515625 1.2454792759065054 2813
stats: page 2188 69.43790771930705 74.62377056763938 991.60302734375 7.632080078125 70.09678748180835 13399
stats: request 2658 57.18335659007009 65.20394110310535 991.60302734375 7.51220703125 57.70440908997073 16273
stats: error_unknown 61 525
stats: 302 962 6876
stats: 200 1621 11557
stats: size_rcv 18123783 129599254
stats: 406 75 498
stats: newphase 1 7
stats: size_sent 2346982 16719013
stats: connected 57 362
# stats: dump at 1449271401
stats: users 389 395
stats: {load,"tsung_controller@ip-172-30-3-147"} 1 0.26953125 0.0 0.26953125 0.01171875 0.06114130434782609 23
stats: {freemem,"tsung_controller@ip-172-30-3-147"} 1 29364.08203125 0.0 29462.64453125 29364.08203125 29435.480808423912 23
stats: {recvpackets,"tsung_controller@ip-172-30-3-147"} 1 19690.0 0.0 19690 270 5294.681818181818 22
stats: {sentpackets,"tsung_controller@ip-172-30-3-147"} 1 13889.0 0.0 13889 207 3651.3636363636365 22
stats: {cpu,"tsung_controller@ip-172-30-3-147"} 1 4.971695791287226 0.0 4.971695791287226 0.13659505774245623 1.3822724246752272 23
stats: session 493 6857.479929956897 7759.082755138664 54266.099853515625 102.3818359375 6582.973112420721 2912
stats: users_count 519 3794
stats: finish_users_count 493 3405
stats: connect 520 1.14293494591346 0.4372537697135813 72.5 0.631103515625 1.2338134467164577 3272
stats: request 3215 59.941535800204115 66.20652553687606 991.60302734375 7.364990234375 57.631250907902384 18931
stats: page 2652 72.65870585952224 76.43167264628266 991.60302734375 7.453125 70.00429829720882 15587
stats: error_unknown 90 615
stats: 302 1143 8019
stats: 200 1979 13536
stats: size_rcv 22244445 151843699
stats: 406 93 591
stats: newphase 0 7
stats: size_sent 2868111 19587124
stats: connected 26 388
# stats: dump at 1449271411
stats: users 387 402
stats: {load,"tsung_controller@ip-172-30-3-147"} 1 0.5390625 0.0 0.5390625 0.01171875 0.06982421875 24
stats: {freemem,"tsung_controller@ip-172-30-3-147"} 1 29349.7265625 0.0 29462.64453125 29349.7265625 29432.505859375 24
stats: {recvpackets,"tsung_controller@ip-172-30-3-147"} 1 22745.0 0.0 22745 270 5920.565217391304 23
stats: {sentpackets,"tsung_controller@ip-172-30-3-147"} 1 15734.0 0.0 15734 207 4096.478260869565 23
stats: {cpu,"tsung_controller@ip-172-30-3-147"} 1 6.3744046892172435 0.0 6.3744046892172435 0.13659505774245623 1.5318317316173937 24
stats: session 480 7408.229637145996 7980.0966854532335 54266.099853515625 102.3818359375 6622.718152375298 3405
stats: users_count 478 4272
stats: finish_users_count 480 3885
stats: request 3042 60.45440412994124 66.89021824775985 991.60302734375 7.053955078125 57.96664176533714 22146
stats: connect 455 1.2094098772321444 0.6724767467813534 72.5 0.631103515625 1.2213512050451605 3792
stats: page 2508 73.29005677924388 75.35076614002149 991.60302734375 7.053955078125 70.39025634618383 18239
stats: error_unknown 66 681
stats: 302 1136 9155
stats: 200 1834 15370
stats: size_rcv 21235664 173079363
stats: 406 72 663
stats: newphase 0 7
stats: size_sent 2760920 22348044
stats: connected -3 385
# stats: dump at 1449271421
stats: users 368 418
stats: {load,"tsung_controller@ip-172-30-3-147"} 1 0.55078125 0.0 0.55078125 0.01171875 0.08859375 25
stats: {freemem,"tsung_controller@ip-172-30-3-147"} 1 29334.0234375 0.0 29462.64453125 29334.0234375 29429.1946875 25
stats: {recvpackets,"tsung_controller@ip-172-30-3-147"} 1 23147.0 0.0 23147 270 6621.583333333333 24
stats: {sentpackets,"tsung_controller@ip-172-30-3-147"} 1 15887.0 0.0 15887 207 4581.375 24
stats: {cpu,"tsung_controller@ip-172-30-3-147"} 1 6.0279343298211225 0.0 6.3744046892172435 0.13659505774245623 1.7255346499213877 25
stats: session 516 8077.073669906734 8630.925077081767 54266.099853515625 102.3818359375 6719.7697643933 3885
stats: users_count 497 4769
stats: finish_users_count 516 4401
stats: page 2653 70.68174774135414 75.10840421078147 991.60302734375 7.053955078125 70.74079856848655 20747
stats: connect 497 1.2498865261883798 1.0018961365282628 72.5 0.631103515625 1.2200718774833703 4247
stats: error_unknown 84 765
stats: request 3205 58.443132830782 66.85732686584905 991.60302734375 7.053955078125 58.26709329436388 25188
stats: 302 1236 10391
stats: 200 1894 17264
stats: size_rcv 21726136 194805499
stats: 406 75 738
stats: newphase 1 8
stats: size_sent 2893633 25241677
stats: connected -17 368
# stats: dump at 1449271431
stats: users 461 461
stats: {load,"tsung_controller@ip-172-30-3-147"} 1 0.69921875 0.0 0.69921875 0.01171875 0.1063701923076923 26
stats: {freemem,"tsung_controller@ip-172-30-3-147"} 1 29324.37890625 0.0 29462.64453125 29324.37890625 29425.53425480769 26
stats: {recvpackets,"tsung_controller@ip-172-30-3-147"} 1 22801.0 0.0 23147 270 7282.6 25
stats: {sentpackets,"tsung_controller@ip-172-30-3-147"} 1 15931.0 0.0 15931 207 5033.6 25
stats: {cpu,"tsung_controller@ip-172-30-3-147"} 1 7.145483515136659 0.0 7.145483515136659 0.13659505774245623 1.8910115606867621 26
stats: session 500 7713.704499023435 8597.371819967491 57566.794921875 102.3818359375 6878.908327275583 4401
stats: users_count 593 5362
stats: finish_users_count 500 4901
stats: request 3330 59.32748884138044 68.48529271671171 991.60302734375 7.053955078125 58.28696462582657 28393
stats: page 2763 71.42661776078427 77.66469079018948 991.60302734375 7.053955078125 70.73410361787192 23400
stats: connect 588 1.2382492792038684 0.8798986680852031 72.5 0.631103515625 1.223195376725864 4744
stats: error_unknown 82 847
stats: 302 1196 11587
stats: 200 2049 19313
stats: size_rcv 22847373 217652872
stats: 406 85 823
stats: newphase 0 8
stats: size_sent 2934546 28176223
stats: connected 77 445
# stats: dump at 1449271441
stats: users 444 461
stats: {load,"tsung_controller@ip-172-30-3-147"} 1 0.58984375 0.0 0.69921875 0.01171875 0.1283275462962963 27
stats: {freemem,"tsung_controller@ip-172-30-3-147"} 1 29337.45703125 0.0 29462.64453125 29324.37890625 29421.787760416668 27
stats: {recvpackets,"tsung_controller@ip-172-30-3-147"} 1 25013.0 0.0 25013 270 7879.461538461538 26
stats: {sentpackets,"tsung_controller@ip-172-30-3-147"} 1 17372.0 0.0 17372 207 5452.7307692307695 26
stats: {cpu,"tsung_controller@ip-172-30-3-147"} 1 6.8181818181818175 0.0 7.145483515136659 0.13659505774245623 2.0856216330737953 27
stats: session 557 7474.39832529174 7551.6913594511 57566.794921875 102.3818359375 6964.074229310663 4901
stats: users_count 540 5902
stats: finish_users_count 557 5458
stats: request 3527 58.43422663282805 64.83735648138537 991.60302734375 7.053955078125 58.39618965617661 31723
stats: connect 540 1.1801861798321764 0.794798125462599 72.5 0.631103515625 1.2248554845010078 5332
stats: page 2908 70.971289633393 73.34263445386911 991.60302734375 7.053955078125 70.80723806640103 26163
stats: error_unknown 99 946
stats: 302 1316 12903
stats: 200 2128 21441
stats: size_rcv 24222896 241875768
stats: 406 83 906
stats: newphase 0 8
stats: size_sent 3185203 31361426
stats: connected -16 429
# stats: dump at 1449271451
stats: users 432 474
stats: {load,"tsung_controller@ip-172-30-3-147"} 1 0.73046875 0.0 0.73046875 0.01171875 0.14481026785714285 28
stats: {freemem,"tsung_controller@ip-172-30-3-147"} 1 29326.640625 0.0 29462.64453125 29324.37890625 29418.775948660714 28
stats: {recvpackets,"tsung_controller@ip-172-30-3-147"} 1 24255.0 0.0 25013 270 8514.037037037036 27
stats: {sentpackets,"tsung_controller@ip-172-30-3-147"} 1 17079.0 0.0 17372 207 5894.185185185185 27
stats: {cpu,"tsung_controller@ip-172-30-3-147"} 1 6.44686848878539 0.0 7.145483515136659 0.13659505774245623 2.254641639684796 28
stats: session 617 7422.9701792316655 8002.222773890027 58221.5390625 102.3818359375 7016.153841157761 5458
stats: users_count 605 6507
stats: finish_users_count 617 6075
stats: request 3640 60.47897446181748 69.51753962861848 1079.327880859375 7.053955078125 58.39999551196809 35250
stats: page 3037 72.4642848070415 79.10543590110676 1079.327880859375 7.053955078125 70.8236483019214 29071
stats: error_unknown 120 1066
stats: connect 614 1.1716248950274828 0.5285594638612595 72.5 0.631103515625 1.220747612477648 5872
stats: 302 1331 14234
stats: 200 2211 23652
stats: size_rcv 24677485 266553253
stats: 406 98 1004
stats: newphase 0 8
stats: size_sent 3239409 34600835
stats: connected 18 447
# stats: dump at 1449271461
stats: users 495 514
stats: {load,"tsung_controller@ip-172-30-3-147"} 1 0.69140625 0.0 0.73046875 0.01171875 0.16500538793103448 29
stats: {freemem,"tsung_controller@ip-172-30-3-147"} 1 29314.86328125 0.0 29462.64453125 29314.86328125 29415.598868534482 29
stats: {recvpackets,"tsung_controller@ip-172-30-3-147"} 1 25949.0 0.0 25949 270 9076.214285714286 28
stats: {sentpackets,"tsung_controller@ip-172-30-3-147"} 1 18023.0 0.0 18023 207 6293.642857142857 28
stats: {cpu,"tsung_controller@ip-172-30-3-147"} 1 6.457156886815615 0.0 7.145483515136659 0.13659505774245623 2.3992011862055063 29
stats: session 595 7286.10324112067 7653.97582072746 58221.5390625 102.3818359375 7057.471648662551 6075
stats: users_count 658 7165
stats: finish_users_count 595 6670
stats: connect 655 1.1804598043893115 0.2490223886396667 72.5 0.631103515625 1.2160973891482614 6486
stats: request 3818 60.680211782080754 69.75564428801093 1079.327880859375 7.053955078125 58.594582382049126 38890
stats: page 3164 73.26417458554731 78.76268893137495 1079.327880859375 7.053955078125 70.97883121789404 32108
stats: error_unknown 117 1183
stats: 302 1386 15620
stats: 200 2341 25993
stats: size_rcv 25925322 292478575
stats: 406 91 1095
stats: newphase 1 9
stats: size_sent 3373778 37974613
stats: connected 56 503
# stats: dump at 1449271471
stats: users 533 564
stats: {load,"tsung_controller@ip-172-30-3-147"} 1 0.73828125 0.0 0.73828125 0.01171875 0.18255208333333334 30
stats: {freemem,"tsung_controller@ip-172-30-3-147"} 1 29312.2734375 0.0 29462.64453125 29312.2734375 29412.241015625 30
stats: {recvpackets,"tsung_controller@ip-172-30-3-147"} 1 28682.0 0.0 28682 270 9658.034482758621 29
stats: {sentpackets,"tsung_controller@ip-172-30-3-147"} 1 20090.0 0.0 20090 207 6698.103448275862 29
stats: {cpu,"tsung_controller@ip-172-30-3-147"} 1 8.422083486350838 0.0 8.422083486350838 0.13659505774245623 2.534466376225843 30
stats: session 704 7080.895566073331 7659.904677029343 58221.5390625 102.3818359375 7077.866820703418 6670
stats: users_count 742 7907
stats: finish_users_count 704 7374
stats: request 4477 64.40933919416243 74.9443919590819 1132.427001953125 7.053955078125 58.781033001355134 42708
stats: error_unknown 144 1327
stats: connect 737 1.1717043996989487 0.29799665459794134 72.5 0.631103515625 1.2128285727335977 7141
stats: page 3738 77.19425246727045 86.10692763143197 1132.427001953125 7.053955078125 71.18383310083959 35272
stats: 302 1580 17200
stats: 200 2762 28755
stats: size_rcv 30623751 323102326
stats: 406 135 1230
stats: newphase 0 9
stats: size_sent 3968878 41943491
stats: connected 30 533
# stats: dump at 1449271481
stats: users 558 564
stats: {load,"tsung_controller@ip-172-30-3-147"} 1 0.62890625 0.0 0.73828125 0.01171875 0.20047883064516128 31
stats: {freemem,"tsung_controller@ip-172-30-3-147"} 1 29305.78125 0.0 29462.64453125 29305.78125 29409.016255040322 31
stats: {recvpackets,"tsung_controller@ip-172-30-3-147"} 1 32019.0 0.0 32019 270 10292.166666666666 30
stats: {sentpackets,"tsung_controller@ip-172-30-3-147"} 1 22243.0 0.0 22243 207 7144.5 30
stats: {cpu,"tsung_controller@ip-172-30-3-147"} 1 7.483159828536436 0.0 8.422083486350838 0.13659505774245623 2.7243895088105203 31
stats: session 685 7874.501898237911 8253.49804135475 58221.5390625 102.3818359375 7078.155976757177 7374
stats: users_count 710 8617
stats: finish_users_count 685 8059
stats: connect 712 1.1606863643346208 0.2522737932789922 72.5 0.631103515625 1.2089813379625218 7878
stats: page 3545 75.85066926899674 86.60660356788944 1132.427001953125 7.053955078125 71.7597610062925 39010
stats: request 4285 62.83492954392138 75.1661181266599 1132.427001953125 7.053955078125 59.31505709429141 47185
stats: error_unknown 126 1453
stats: 302 1594 18794
stats: 200 2594 31349
stats: size_rcv 28728957 351831283
stats: 406 97 1327
stats: newphase 0 9
stats: size_sent 3828873 45772364
stats: connected 22 555
# stats: dump at 1449271491
stats: users 497 576
stats: {load,"tsung_controller@ip-172-30-3-147"} 1 0.53125 0.0 0.73828125 0.01171875 0.2138671875 32
stats: {freemem,"tsung_controller@ip-172-30-3-147"} 1 29304.3125 0.0 29462.64453125 29304.3125 29405.790161132813 32
stats: {recvpackets,"tsung_controller@ip-172-30-3-147"} 1 31166.0 0.0 32019 270 10993.032258064517 31
stats: {sentpackets,"tsung_controller@ip-172-30-3-147"} 1 21974.0 0.0 22243 207 7631.548387096775 31
stats: {cpu,"tsung_controller@ip-172-30-3-147"} 1 7.844574780058651 0.0 8.422083486350838 0.13659505774245623 2.873101081301955 32
stats: session 718 7630.8042379820245 7753.416863419212 58221.5390625 102.3818359375 7145.843897865789 8059
stats: users_count 657 9274
stats: finish_users_count 718 8777
stats: request 4475 67.35769989525133 74.38995232339713 1132.427001953125 7.053955078125 59.608094853115276 51470
stats: page 3686 81.89379035009992 87.69365595754735 1132.427001953125 7.053955078125 72.10054986286133 42555
stats: connect 663 1.1515104313961149 0.2616600985033939 72.5 0.631103515625 1.2049783087165304 8590
stats: error_unknown 114 1567
stats: 302 1626 20420
stats: 200 2715 34064
stats: size_rcv 30801129 382632412
stats: 406 135 1462
stats: newphase 1 10
stats: size_sent 4043207 49815571
stats: connected -54 501
# stats: dump at 1449271501
stats: users 567 584
stats: {load,"tsung_controller@ip-172-30-3-147"} 1 0.44921875 0.0 0.73828125 0.01171875 0.22348484848484848 33
stats: {freemem,"tsung_controller@ip-172-30-3-147"} 1 29287.37109375 0.0 29462.64453125 29287.37109375 29402.715080492424 33
stats: {recvpackets,"tsung_controller@ip-172-30-3-147"} 1 31362.0 0.0 32019 270 11623.4375 32
stats: {sentpackets,"tsung_controller@ip-172-30-3-147"} 1 21305.0 0.0 22243 207 8079.75 32
stats: {cpu,"tsung_controller@ip-172-30-3-147"} 1 7.74776976658927 0.0 8.422083486350838 0.13659505774245623 3.023751799446097 33
stats: session 682 7860.835283833168 8177.767045248406 58221.5390625 102.3818359375 7185.515941183945 8777
stats: users_count 752 10026
stats: finish_users_count 682 9459
stats: connect 748 1.1781155999331565 0.6856726192910639 72.5 0.631103515625 1.201147205002769 9253
stats: page 3690 76.0974900491194 82.26787644989273 1132.427001953125 7.053955078125 72.88119657110643 46241
stats: request 4444 63.275129014366435 71.70758610178508 1132.427001953125 7.053955078125 60.227980143374616 55945
stats: error_unknown 103 1670
stats: 302 1582 22002
stats: 200 2738 36802
stats: size_rcv 30268045 412900457
stats: 406 123 1585
stats: newphase 0 10
stats: size_sent 3948640 53764211
stats: connected 67 568
# stats: dump at 1449271511
stats: users 604 625
stats: {load,"tsung_controller@ip-172-30-3-147"} 1 0.44921875 0.0 0.73828125 0.01171875 0.23012408088235295 34
stats: {freemem,"tsung_controller@ip-172-30-3-147"} 1 29266.37109375 0.0 29462.64453125 29266.37109375 29399.32261029412 34
stats: {recvpackets,"tsung_controller@ip-172-30-3-147"} 1 33041.0 0.0 33041 270 12221.575757575758 33
stats: {sentpackets,"tsung_controller@ip-172-30-3-147"} 1 22906.0 0.0 22906 207 8480.515151515152 33
stats: {cpu,"tsung_controller@ip-172-30-3-147"} 1 8.356715871660365 0.0 8.422083486350838 0.13659505774245623 3.162693504362073 34
stats: session 758 7384.035498948715 7569.380664129951 58221.5390625 102.3818359375 7234.2069012946085 9459
stats: users_count 795 10821
stats: finish_users_count 758 10217
stats: request 4900 74.5031760702329 80.35742212107317 1132.427001953125 7.053955078125 60.452218491131454 60389
stats: page 4078 89.52756627837239 96.0978552468484 1132.427001953125 7.053955078125 73.11888704263448 49931
stats: connect 797 1.2046943004038573 0.4706810746091558 72.5 0.631103515625 1.199424613202742 10001
stats: error_unknown 133 1803
stats: 302 1760 23762
stats: 200 3000 39802
stats: size_rcv 33699342 446599799
stats: 406 141 1726
stats: newphase 0 10
stats: size_sent 4372047 58136258
stats: connected 35 603
# stats: dump at 1449271521
stats: users 602 625
stats: {load,"tsung_controller@ip-172-30-3-147"} 1 0.53125 0.0 0.73828125 0.01171875 0.23638392857142856 35
stats: {freemem,"tsung_controller@ip-172-30-3-147"} 1 29272.00390625 0.0 29462.64453125 29266.37109375 29395.523995535714 35
stats: {recvpackets,"tsung_controller@ip-172-30-3-147"} 1 36235.0 0.0 36235 270 12833.911764705883 34
stats: {sentpackets,"tsung_controller@ip-172-30-3-147"} 1 24729.0 0.0 24729 207 8904.79411764706 34
stats: {cpu,"tsung_controller@ip-172-30-3-147"} 1 9.166058837831267 0.0 9.166058837831267 0.13659505774245623 3.311094143427739 35
stats: session 750 8007.688960611979 8094.775722526582 58221.5390625 102.3818359375 7245.322696246338 10217
stats: users_count 748 11569
stats: finish_users_count 750 10967
stats: request 4780 67.43219678551569 75.63824164133015 1132.427001953125 7.053955078125 61.50675588851229 65289
stats: connect 745 1.1467285156249993 0.2533256002023124 72.5 0.631103515625 1.1998135686296072 10798
stats: page 3962 81.39693180182428 86.16014781097469 1132.427001953125 7.053955078125 74.35783969725388 54009
stats: error_unknown 115 1918
stats: 302 1782 25544
stats: 200 2874 42676
stats: size_rcv 32607518 479207317
stats: 406 123 1849
stats: newphase 0 10
stats: size_sent 4319575 62455833
stats: connected -6 597
# stats: dump at 1449271531
stats: users 633 641
stats: {load,"tsung_controller@ip-172-30-3-147"} 1 0.51953125 0.0 0.73828125 0.01171875 0.2445746527777778 36
stats: {freemem,"tsung_controller@ip-172-30-3-147"} 1 29283.28125 0.0 29462.64453125 29266.37109375 29392.092881944445 36
stats: {recvpackets,"tsung_controller@ip-172-30-3-147"} 1 34473.0 0.0 36235 270 13502.514285714286 35
stats: {sentpackets,"tsung_controller@ip-172-30-3-147"} 1 24018.0 0.0 24729 207 9356.914285714285 35
stats: {cpu,"tsung_controller@ip-172-30-3-147"} 1 8.371013075889039 0.0 9.166058837831267 0.13659505774245623 3.4737320516056145 36
stats: session 791 7494.293647467115 7607.434860976716 58221.5390625 102.3818359375 7297.458622048674 10967
stats: users_count 822 12391
stats: finish_users_count 791 11758
stats: connect 831 1.1495900435281285 0.2765972901204038 72.5 0.631103515625 1.1963873913370116 11543
stats: request 5120 75.8612866401671 82.06844804135173 1132.427001953125 7.053955078125 61.91098040274363 70069
stats: page 4235 91.71595261538886 97.58892522350884 1132.427001953125 7.053955078125 74.83892304786552 57971
stats: error_unknown 131 2049
stats: 302 1912 27456
stats: 200 3088 45764
stats: size_rcv 34806817 514014134
stats: 406 121 1970
stats: newphase 1 11
stats: size_sent 4572992 67028825
stats: connected 38 635
# stats: dump at 1449271541
stats: users 627 672
stats: {load,"tsung_controller@ip-172-30-3-147"} 1 0.6015625 0.0 0.73828125 0.01171875 0.25200591216216217 37
stats: {freemem,"tsung_controller@ip-172-30-3-147"} 1 29280.375 0.0 29462.64453125 29266.37109375 29389.152027027027 37
stats: {recvpackets,"tsung_controller@ip-172-30-3-147"} 1 38411.0 0.0 38411 270 14085.027777777777 36
stats: {sentpackets,"tsung_controller@ip-172-30-3-147"} 1 26417.0 0.0 26417 207 9764.166666666666 36
stats: {cpu,"tsung_controller@ip-172-30-3-147"} 1 9.348752282410224 0.0 9.348752282410224 0.13659505774245623 3.6060909982078697 37
stats: session 836 7479.9853270316235 7667.56278355641 58221.5390625 102.3818359375 7310.7003727806 11758
stats: users_count 830 13221
stats: finish_users_count 836 12594
stats: connect 823 1.1777053035768543 0.2597317738364626 72.5 0.631103515625 1.1932446245656214 12374
stats: request 5347 77.0694022805573 81.848861667277 1248.086181640625 7.053955078125 62.86092744201278 75189
stats: page 4409 93.49323195009495 96.33065717757484 1248.086181640625 7.053955078125 75.98791543153368 62206
stats: error_unknown 140 2189
stats: 302 1966 29422
stats: 200 3243 49007
stats: size_rcv 36853191 550867325
stats: 406 137 2107
stats: newphase 0 11
stats: size_sent 4828797 71857622
stats: connected -14 621
# stats: dump at 1449271551
stats: users 647 702
stats: {load,"tsung_controller@ip-172-30-3-147"} 1 0.73828125 0.0 0.73828125 0.01171875 0.2612047697368421 38
stats: {freemem,"tsung_controller@ip-172-30-3-147"} 1 29274.9296875 0.0 29462.64453125 29266.37109375 29386.28947368421 38
stats: {recvpackets,"tsung_controller@ip-172-30-3-147"} 1 38204.0 0.0 38411 270 14742.486486486487 37
stats: {sentpackets,"tsung_controller@ip-172-30-3-147"} 1 26150.0 0.0 26417 207 10214.243243243243 37
stats: {cpu,"tsung_controller@ip-172-30-3-147"} 1 9.837654470559729 0.0 9.837654470559729 0.13659505774245623 3.757213663581616 38
stats: session 847 7278.5351357848485 7700.74561631061 58221.5390625 102.3818359375 7321.93764622461 12594
stats: users_count 867 14088
stats: finish_users_count 847 13441
stats: connect 873 1.221322845074458 0.7408364265997849 72.5 0.631103515625 1.1922755512024514 13197
stats: page 4434 93.23205825193095 93.88658326088076 1248.086181640625 7.053955078125 77.14652746381375 66615
stats: request 5332 77.58900157473461 79.79051136088576 1248.086181640625 7.053955078125 63.8042660106243 80536
stats: error_unknown 176 2365
stats: 302 1985 31407
stats: 200 3203 52210
stats: size_rcv 35988546 586855871
stats: 406 144 2251
stats: newphase 0 11
stats: size_sent 4768728 76626350
stats: connected 26 647
# stats: dump at 1449271561
stats: users 672 702
stats: {load,"tsung_controller@ip-172-30-3-147"} 1 0.69921875 0.0 0.73828125 0.01171875 0.2734375 39
stats: {freemem,"tsung_controller@ip-172-30-3-147"} 1 29265.70703125 0.0 29462.64453125 29265.70703125 29383.43409455128 39
stats: {recvpackets,"tsung_controller@ip-172-30-3-147"} 1 39651.0 0.0 39651 270 15359.894736842105 38
stats: {sentpackets,"tsung_controller@ip-172-30-3-147"} 1 26960.0 0.0 26960 207 10633.605263157895 38
stats: {cpu,"tsung_controller@ip-172-30-3-147"} 1 9.458307973219721 0.0 9.837654470559729 0.13659505774245623 3.9131224022220805 39
stats: session 838 8094.465419141102 8593.27448324919 58221.5390625 102.3818359375 7319.202587349341 13441
stats: users_count 863 14951
stats: finish_users_count 838 14279
stats: request 5339 86.28797417880196 91.51420388975116 1453.659912109375 7.053955078125 64.66023342605072 85868
stats: page 4419 103.83075502270015 108.8805069478629 1453.659912109375 7.053955078125 78.15038738463616 71049
stats: connect 870 1.2133115571120685 0.8176417563690952 72.5 0.631103515625 1.194077845982143 14070
stats: error_unknown 117 2482
stats: 302 1946 33353
stats: 200 3247 55457
stats: size_rcv 36519063 623374934
stats: 406 146 2397
stats: newphase 1 12
stats: size_sent 4795907 81422257
stats: connected 39 686
# stats: dump at 1449271571
stats: users 726 745
stats: {load,"tsung_controller@ip-172-30-3-147"} 1 0.8203125 0.0 0.8203125 0.01171875 0.28408203125 40
stats: {freemem,"tsung_controller@ip-172-30-3-147"} 1 29260.33203125 0.0 29462.64453125 29260.33203125 29380.49091796875 40
stats: {recvpackets,"tsung_controller@ip-172-30-3-147"} 1 40046.0 0.0 40046 270 15982.74358974359 39
stats: {sentpackets,"tsung_controller@ip-172-30-3-147"} 1 27355.0 0.0 27355 207 11052.23076923077 39
stats: {cpu,"tsung_controller@ip-172-30-3-147"} 1 9.970887918486172 0.0 9.970887918486172 0.13659505774245623 4.051752041497021 40
stats: session 917 7544.802540287196 7842.527796741561 58221.5390625 102.3818359375 7364.700889264147 14279
stats: users_count 971 15922
stats: finish_users_count 917 15196
stats: connect 969 1.1642398735810138 0.3071304722812122 72.5 0.631103515625 1.1951978813692272 14940
stats: page 4869 119.74962152938241 134.28487716350367 1453.659912109375 7.053955078125 79.65409153199138 75468
stats: request 5877 98.97443602144763 105.66192202718031 1453.659912109375 7.053955078125 65.92626024284043 91207
stats: error_unknown 166 2648
stats: 302 2165 35518
stats: 200 3558 59015
stats: size_rcv 39871999 663246933
stats: 406 154 2551
stats: newphase 0 12
stats: size_sent 5221063 86643320
stats: connected 40 726
# stats: dump at 1449271581
stats: users 796 803
stats: {load,"tsung_controller@ip-172-30-3-147"} 1 0.76953125 0.0 0.8203125 0.01171875 0.2971608231707317 41
stats: {freemem,"tsung_controller@ip-172-30-3-147"} 1 29244.0 0.0 29462.64453125 29244.0 29377.560213414636 41
stats: {recvpackets,"tsung_controller@ip-172-30-3-147"} 1 43975.0 0.0 43975 270 16584.325 40
stats: {sentpackets,"tsung_controller@ip-172-30-3-147"} 1 29919.0 0.0 29919 207 11459.8 40
stats: {cpu,"tsung_controller@ip-172-30-3-147"} 1 10.65842124408876 0.0 10.65842124408876 0.13659505774245623 4.196121209228464 41
stats: session 897 7536.7734557357 7644.203542156524 62550.767822265625 102.3818359375 7375.569092343124 15196
stats: users_count 967 16889
stats: finish_users_count 897 16093
stats: request 6005 103.4083226542985 95.93495674764905 1453.659912109375 7.053955078125 67.92683839218404 97084
stats: error_unknown 145 2793
stats: connect 970 1.1793957897068297 0.5748254167588519 72.5 0.631103515625 1.193312262565608 15909
stats: page 4978 124.19037323795008 119.90032985364515 1453.659912109375 7.053955078125 82.08416902501823 80337
stats: 302 2164 37682
stats: 200 3682 62697
stats: size_rcv 41337642 704584575
stats: 406 159 2710
stats: newphase 0 12
stats: size_sent 5391958 92035278
stats: connected 76 802
# stats: dump at 1449271591
stats: users 842 849
stats: {load,"tsung_controller@ip-172-30-3-147"} 1 0.80859375 0.0 0.8203125 0.01171875 0.3084077380952381 42
stats: {freemem,"tsung_controller@ip-172-30-3-147"} 1 29241.9375 0.0 29462.64453125 29241.9375 29374.380208333332 42
stats: {recvpackets,"tsung_controller@ip-172-30-3-147"} 1 45278.0 0.0 45278 270 17252.39024390244 41
stats: {sentpackets,"tsung_controller@ip-172-30-3-147"} 1 30456.0 0.0 30456 207 11910.024390243903 41
stats: {cpu,"tsung_controller@ip-172-30-3-147"} 1 11.186358689079695 0.0 11.186358689079695 0.13659505774245623 4.349985495772756 42
stats: session 965 7614.673509350712 7659.548287823957 62550.767822265625 102.3818359375 7384.5543849525275 16093
stats: users_count 1011 17900
stats: finish_users_count 965 17058
stats: connect 1010 1.1658713161355176 0.3051187321096234 72.5 0.631103515625 1.1925125126590368 16879
stats: page 5228 139.73430364443814 153.76126164167013 1453.659912109375 7.053955078125 84.54100175750344 85315
stats: request 6288 116.37315407478772 117.6347741673641 1453.659912109375 7.053955078125 69.99365748048635 103089
stats: error_unknown 161 2954
stats: 302 2259 39941
stats: 200 3851 66548
stats: size_rcv 43045248 747629823
stats: 406 178 2888
stats: newphase 0 12
stats: size_sent 5637834 97673112
stats: connected 41 843
# stats: dump at 1449271601
stats: users 1074 1081
stats: {load,"tsung_controller@ip-172-30-3-147"} 1 0.69140625 0.0 0.8203125 0.01171875 0.32003997093023256 43
stats: {freemem,"tsung_controller@ip-172-30-3-147"} 1 29242.02734375 0.0 29462.64453125 29241.9375 29371.300145348836 43
stats: {recvpackets,"tsung_controller@ip-172-30-3-147"} 1 47245.0 0.0 47245 270 17919.666666666668 42
stats: {sentpackets,"tsung_controller@ip-172-30-3-147"} 1 32044.0 0.0 32044 207 12351.59523809524 42
stats: {cpu,"tsung_controller@ip-172-30-3-147"} 1 11.53148797292397 0.0 11.53148797292397 0.13659505774245623 4.508970918872918 43
stats: session 1017 7950.761756199299 8045.966089166232 62550.767822265625 102.3818359375 7397.572614231708 17058
stats: users_count 1249 19149
stats: finish_users_count 1017 18075
stats: connect 1241 1.171519510790189 0.37227149116230984 72.5 0.631103515625 1.1910083699742162 17889
stats: page 5698 192.92795722080413 204.19605689958496 1847.39306640625 7.053955078125 87.72789176849152 90543
stats: request 6797 163.17390682326558 151.531105287869 1515.903076171875 7.053955078125 72.65997923537968 109377
stats: error_unknown 192 3146
stats: 302 2441 42382
stats: 200 4187 70735
stats: size_rcv 45499498 793129321
stats: 406 169 3057
stats: newphase 1 13
stats: size_sent 6024662 103697774
stats: connected 230 1073
# stats: dump at 1449271611
stats: users 1485 1489
stats: {load,"tsung_controller@ip-172-30-3-147"} 1 0.73046875 0.0 0.8203125 0.01171875 0.32848011363636365 44
stats: {freemem,"tsung_controller@ip-172-30-3-147"} 1 29191.609375 0.0 29462.64453125 29191.609375 29368.36212713068 44
stats: {recvpackets,"tsung_controller@ip-172-30-3-147"} 1 53185.0 0.0 53185 270 18601.6511627907 43
stats: {sentpackets,"tsung_controller@ip-172-30-3-147"} 1 36725.0 0.0 36725 207 12809.558139534887 43
stats: {cpu,"tsung_controller@ip-172-30-3-147"} 1 13.33092919822094 0.0 13.33092919822094 0.13659505774245623 4.66857357919226 44
stats: session 1022 9095.451029738346 7667.95155279618 62550.767822265625 102.3818359375 7428.69811118225 18075
stats: users_count 1433 20582
stats: finish_users_count 1022 19097
stats: connect 1435 1.154215551502612 0.26051870370478597 72.5 0.614013671875 1.1897440900867422 19130
stats: page 6092 714.3253245964246 544.9851868492498 3780.111083984375 1.574951171875 93.95631804156929 96241
stats: error_unknown 218 3364
stats: request 7280 611.1189729124661 367.44214033810124 1869.9599609375 1.555908203125 77.95568365990547 116174
stats: 401 3 3
stats: 302 2487 44869
stats: 200 4472 75207
stats: size_rcv 48618507 841747828
stats: 406 175 3232
stats: newphase 0 13
stats: size_sent 6645984 110343758
stats: connected 409 1482
stats: 503 143 143
# stats: dump at 1449271621
stats: users 1742 1743
stats: {load,"tsung_controller@ip-172-30-3-147"} 1 0.78125 0.0 0.8203125 0.01171875 0.33741319444444445 45
stats: {freemem,"tsung_controller@ip-172-30-3-147"} 1 29102.9296875 0.0 29462.64453125 29102.9296875 29364.434288194443 45
stats: {recvpackets,"tsung_controller@ip-172-30-3-147"} 1 58504.0 0.0 58504 270 19387.636363636364 44
stats: {sentpackets,"tsung_controller@ip-172-30-3-147"} 1 41663.0 0.0 41663 207 13353.090909090912 44
stats: {cpu,"tsung_controller@ip-172-30-3-147"} 1 14.213624894869639 0.0 14.213624894869639 0.13659505774245623 4.86107037072623 45
stats: session 1209 10359.022242644663 7292.206279236139 62550.767822265625 9.88818359375 7517.896492224525 19097
stats: users_count 1466 22048
stats: finish_users_count 1209 20306
stats: request 8302 804.1057513555652 412.2243425135837 1967.443115234375 1.302001953125 109.39596705095511 123454
stats: connect 1471 1.1738651361212642 0.30631076089967363 72.5 0.614013671875 1.1872649530642172 20565
stats: page 6856 962.9225438940344 677.1515187295613 4443.3349609375 1.349853515625 130.88759131541232 102333
stats: error_unknown 229 3593
stats: 401 18 21
stats: 302 2676 47545
stats: 200 4508 79715
stats: size_rcv 49147296 890895124
stats: 406 177 3409
stats: newphase 0 13
stats: size_sent 7280867 117624625
stats: connected 258 1740
stats: 503 923 1066
# stats: dump at 1449271631
stats: users 1870 1872
stats: {load,"tsung_controller@ip-172-30-3-147"} 1 0.73046875 0.0 0.8203125 0.01171875 0.3470618206521739 46
stats: {freemem,"tsung_controller@ip-172-30-3-147"} 1 29077.65234375 0.0 29462.64453125 29077.65234375 29358.749405570652 46
stats: {recvpackets,"tsung_controller@ip-172-30-3-147"} 1 60966.0 0.0 60966 270 20256.88888888889 45
stats: {sentpackets,"tsung_controller@ip-172-30-3-147"} 1 46879.0 0.0 46879 207 13982.200000000003 45
stats: {cpu,"tsung_controller@ip-172-30-3-147"} 1 15.051571120172703 0.0 15.051571120172703 0.13659505774245623 5.064386773424999 46
stats: session 1360 11560.332741591492 8191.608029776843 62550.767822265625 9.88818359375 7687.054427428797 20306
stats: users_count 1488 23536
stats: finish_users_count 1360 21666
stats: request 8624 896.7786902602827 414.6129594772345 2329.9521484375 1.009033203125 153.1699176057448 131756
stats: connect 1488 1.234597647061911 0.7728253658284753 72.5 0.614013671875 1.186370456298784 22036
stats: page 7160 1080.3061291913066 699.4821288644854 4443.3349609375 1.009033203125 183.13123888869382 109189
stats: error_unknown 266 3859
stats: 401 26 47
stats: 302 2706 50251
stats: 200 4484 84199
stats: size_rcv 48951602 939846726
stats: 406 178 3587
stats: newphase 1 14
stats: size_sent 7483474 125108099
stats: connected 126 1866
stats: 503 1231 2297
# stats: dump at 1449271641
stats: users 2114 2153
stats: {load,"tsung_controller@ip-172-30-3-147"} 1 0.62109375 0.0 0.8203125 0.01171875 0.355219414893617 47
stats: {freemem,"tsung_controller@ip-172-30-3-147"} 1 29028.66796875 0.0 29462.64453125 29028.66796875 29352.768617021276 47
stats: {recvpackets,"tsung_controller@ip-172-30-3-147"} 1 62594.0 0.0 62594 270 21141.869565217396 46
stats: {sentpackets,"tsung_controller@ip-172-30-3-147"} 1 48599.0 0.0 48599 207 14697.34782608696 46
stats: {cpu,"tsung_controller@ip-172-30-3-147"} 1 19.1738299904489 0.0 19.1738299904489 0.13659505774245623 5.276880057398355 47
stats: session 1673 11007.697476931397 8519.658212985016 62550.767822265625 9.88818359375 7930.184608692586 21666
stats: users_count 1917 25453
stats: finish_users_count 1673 23339
stats: request 11133 744.0438881204811 510.6953319043065 2398.941162109375 1.009033203125 198.8522231718706 140380
stats: connect 1926 1.6872800706207822 5.205752195247015 95.291015625 0.614013671875 1.1894210454781555 23524
stats: page 9233 896.3611308134714 748.7458543368622 4443.3349609375 1.009033203125 238.3424758960313 116349
stats: error_unknown 308 4167
stats: 401 59 106
stats: 302 2940 53191
stats: 200 4607 88806
stats: size_rcv 49456707 989303433
stats: 406 138 3725
stats: newphase 0 14
stats: size_sent 9226311 134334410
stats: connected 254 2120
stats: 503 3388 5685
# stats: dump at 1449271651
stats: users 2252 2258
stats: {load,"tsung_controller@ip-172-30-3-147"} 1 0.75 0.0 0.8203125 0.01171875 0.3607584635416667 48
stats: {freemem,"tsung_controller@ip-172-30-3-147"} 1 28976.609375 0.0 29462.64453125 28976.609375 29346.016520182293 48
stats: {recvpackets,"tsung_controller@ip-172-30-3-147"} 1 63452.0 0.0 63452 270 22023.829787234048 47
stats: {sentpackets,"tsung_controller@ip-172-30-3-147"} 1 48797.0 0.0 48797 207 15418.659574468087 47
stats: {cpu,"tsung_controller@ip-172-30-3-147"} 1 20.509494044108976 0.0 20.509494044108976 0.13659505774245623 5.566399847670241 48
stats: session 1813 11121.360394923371 8688.680979802193 63263.593994140625 9.88818359375 8150.788706064518 23339
stats: users_count 1951 27404
stats: finish_users_count 1813 25152
stats: connect 1953 1.167469468045956 0.2745532784269688 95.291015625 0.612060546875 1.2270979210154718 25450
stats: request 11935 700.1712305587588 523.9545844011612 2398.941162109375 0.998046875 238.91227614338382 151513
stats: page 9845 849.3171543444887 762.3697457551864 4443.3349609375 1.009033203125 286.7211148797449 125582
stats: error_unknown 279 4446
stats: 401 74 180
stats: 302 3114 56305
stats: 200 4573 93379
stats: size_rcv 49938328 1039241761
stats: 406 150 3875
stats: newphase 0 14
stats: size_sent 9794675 144129085
stats: connected 133 2253
stats: 503 4024 9709
# stats: dump at 1449271661
stats: users 2259 2282
stats: {load,"tsung_controller@ip-172-30-3-147"} 1 0.94140625 0.0 0.94140625 0.01171875 0.3687021683673469 49
stats: {freemem,"tsung_controller@ip-172-30-3-147"} 1 28952.91015625 0.0 29462.64453125 28952.91015625 29338.47759885204 49
stats: {recvpackets,"tsung_controller@ip-172-30-3-147"} 1 63378.0 0.0 63452 270 22886.91666666667 48
stats: {sentpackets,"tsung_controller@ip-172-30-3-147"} 1 49425.0 0.0 49425 207 16114.04166666667 48
stats: {cpu,"tsung_controller@ip-172-30-3-147"} 1 18.462813832306963 0.0 20.509494044108976 0.13659505774245623 5.8713609537200115 49
stats: session 1897 11114.513652441548 8895.47969572831 63263.593994140625 9.88818359375 8364.912691111476 25152
stats: users_count 1904 29308
stats: finish_users_count 1897 27049
stats: request 11575 683.0721980249406 541.6653344189907 2398.941162109375 0.998046875 272.59348130311355 163448
stats: connect 1806 1.165803657945735 0.40316043618645375 95.291015625 0.581787109375 1.2228482268706895 27403
stats: page 9540 829.6296994255283 762.7677297398388 4443.3349609375 1.009033203125 327.6195916128218 135427
stats: error_unknown 300 4746
stats: 401 69 249
stats: 302 2954 59259
stats: 504 1 1
stats: 200 4146 97525
stats: size_rcv 46124842 1085366603
stats: 406 128 4003
stats: newphase 0 14
stats: size_sent 9537530 153666615
stats: connected -3 2250
stats: 503 4277 13986
# stats: dump at 1449271671
stats: users 3064 3071
stats: {load,"tsung_controller@ip-172-30-3-147"} 1 1.109375 0.0 1.109375 0.01171875 0.38015625 50
stats: {freemem,"tsung_controller@ip-172-30-3-147"} 1 28946.92578125 0.0 29462.64453125 28946.92578125 29330.76625 50
stats: {recvpackets,"tsung_controller@ip-172-30-3-147"} 1 63166.0 0.0 63452 270 23713.265306122456 49
stats: {sentpackets,"tsung_controller@ip-172-30-3-147"} 1 49178.0 0.0 49425 207 16793.857142857145 49
stats: {cpu,"tsung_controller@ip-172-30-3-147"} 1 18.389437373617223 0.0 20.509494044108976 0.13659505774245623 6.123190011291751 50
stats: session 2321 10597.567773479572 9204.157598745656 63263.593994140625 9.88818359375 8557.747658158063 27049
stats: users_count 3126 32434
stats: finish_users_count 2321 29370
stats: page 12693 669.0451003882864 705.0997238635842 4443.3349609375 1.009033203125 360.6559131793384 144967
stats: request 15153 555.1616695577544 521.474603539265 2398.941162109375 0.998046875 299.74014857572996 175023
stats: connect 3032 1.3258880373670472 0.9082068974897555 95.291015625 0.581787109375 1.2193211464681266 29209
stats: error_unknown 414 5160
stats: 401 82 331
stats: 302 3210 62469
stats: 504 2 3
stats: 200 4866 102391
stats: size_rcv 51624924 1136991527
stats: 406 133 4136
stats: newphase 1 15
stats: size_sent 11597981 165264596
stats: connected 761 3011
stats: 503 6860 20846
# stats: dump at 1449271681
stats: users 3398 3417
stats: {load,"tsung_controller@ip-172-30-3-147"} 1 1.3984375 0.0 1.3984375 0.01171875 0.3944546568627451 51
stats: {freemem,"tsung_controller@ip-172-30-3-147"} 1 28889.3125 0.0 29462.64453125 28889.3125 29323.23996629902 51
stats: {recvpackets,"tsung_controller@ip-172-30-3-147"} 1 77854.0 0.0 77854 270 24502.320000000003 50
stats: {sentpackets,"tsung_controller@ip-172-30-3-147"} 1 69936.0 0.0 69936 207 17441.54 50
stats: {cpu,"tsung_controller@ip-172-30-3-147"} 1 26.59796201945345 0.0 26.59796201945345 0.13659505774245623 6.363704665454995 51
stats: session 3432 8330.82207106652 8172.138154927479 74281.51489257813 9.88818359375 8718.946925698452 29370
stats: users_count 3766 36200
stats: finish_users_count 3432 32802
stats: request 22621 374.5991847056523 516.8694467663919 2398.941162109375 0.923095703125 320.0918349475151 190176
stats: connect 3785 1.19226161296648 0.4675530094723712 95.291015625 0.581787109375 1.2293428831762165 32241
stats: page 18577 453.5377007033857 654.2618019889715 4443.3349609375 0.9921875 385.4839225237706 157660
stats: error_unknown 655 5815
stats: 401 124 455
stats: 302 3286 65755
stats: 504 7 10
stats: 200 4423 106814
stats: size_rcv 51356742 1188348269
stats: 406 76 4212
stats: newphase 0 15
stats: size_sent 16182994 181447590
stats: connected 373 3384
stats: 503 14705 35551
# stats: dump at 1449271691
stats: users 3614 3618
stats: {load,"tsung_controller@ip-172-30-3-147"} 1 1.80078125 0.0 1.80078125 0.01171875 0.4137620192307692 52
stats: {freemem,"tsung_controller@ip-172-30-3-147"} 1 28868.1875 0.0 29462.64453125 28868.1875 29314.89520733173 52
stats: {recvpackets,"tsung_controller@ip-172-30-3-147"} 1 80013.0 0.0 80013 270 25548.431372549025 51
stats: {sentpackets,"tsung_controller@ip-172-30-3-147"} 1 75431.0 0.0 75431 207 18470.843137254902 51
stats: {cpu,"tsung_controller@ip-172-30-3-147"} 1 28.366993652625506 0.0 28.366993652625506 0.13659505774245623 6.7528249991857345 52
stats: session 3615 8773.726784421506 7972.676893257599 74281.51489257813 9.88818359375 8678.33828899652 32802
stats: users_count 3831 40031
stats: finish_users_count 3615 36417
stats: request 23626 362.0803715153607 498.39981371785126 2398.941162109375 0.923095703125 325.88614012512016 212797
stats: connect 3816 1.2266463113780797 0.6614215176640644 95.291015625 0.581787109375 1.2254470133115674 36026
stats: page 19473 439.92828287334186 636.5367856835641 4443.3349609375 0.9921875 392.65741638285084 176237
stats: error_unknown 608 6423
stats: 401 148 603
stats: 302 3715 69470
stats: 504 2 12
stats: 200 4393 111207
stats: size_rcv 51694241 1240042510
stats: 406 83 4295
stats: newphase 0 15
stats: size_sent 16766435 198214025
stats: connected 212 3596
stats: 503 15285 50836
# stats: dump at 1449271701
stats: users 3434 3746
stats: {load,"tsung_controller@ip-172-30-3-147"} 1 1.75 0.0 1.80078125 0.01171875 0.4399321933962264 53
stats: {freemem,"tsung_controller@ip-172-30-3-147"} 1 28821.78125 0.0 29462.64453125 28821.78125 29306.466760023584 53
stats: {recvpackets,"tsung_controller@ip-172-30-3-147"} 1 82150.0 0.0 82150 270 26595.82692307693 52
stats: {sentpackets,"tsung_controller@ip-172-30-3-147"} 1 78439.0 0.0 78439 207 19566.23076923077 52
stats: {cpu,"tsung_controller@ip-172-30-3-147"} 1 32.06936416184971 0.0 32.06936416184971 0.13659505774245623 7.160639502080825 53
stats: session 3796 9311.972932098017 8336.315750783357 74281.51489257813 9.88818359375 8687.807202167876 36417
stats: users_count 3616 43647
stats: finish_users_count 3796 40213
stats: request 24260 349.6351247512303 486.9111024145667 2398.941162109375 0.89501953125 329.5030678809892 236423
stats: page 20078 423.48498163072185 618.4718854318206 4443.3349609375 0.89501953125 397.3608325760414 195710
stats: connect 3805 1.2535916582826832 1.0183172368311668 95.291015625 0.581787109375 1.2255618800708117 39842
stats: error_unknown 662 7085
stats: 401 154 757
stats: 302 3693 73163
stats: 504 2 14
stats: 200 4471 115678
stats: size_rcv 52592266 1292634776
stats: 406 65 4360
stats: newphase 0 15
stats: size_sent 17253386 215467411
stats: connected -53 3543
stats: 503 15876 66712
# stats: dump at 1449271711
stats: users 1247 3746
stats: {load,"tsung_controller@ip-172-30-3-147"} 1 1.7890625 0.0 1.80078125 0.01171875 0.4641927083333333 54
stats: {freemem,"tsung_controller@ip-172-30-3-147"} 1 28810.21484375 0.0 29462.64453125 28810.21484375 29297.491102430555 54
stats: {recvpackets,"tsung_controller@ip-172-30-3-147"} 1 71176.0 0.0 82150 270 27644.018867924533 53
stats: {sentpackets,"tsung_controller@ip-172-30-3-147"} 1 64247.0 0.0 78439 207 20677.037735849055 53
stats: {cpu,"tsung_controller@ip-172-30-3-147"} 1 26.581983451812143 0.0 32.06936416184971 0.13659505774245623 7.621912180965434 54
stats: session 2187 13642.209271940743 9212.990794866948 74281.51489257813 9.88818359375 8746.726783169413 40213
stats: users_count 0 43647
stats: finish_users_count 2187 42400
stats: page 9212 842.1526195610614 794.9711105366773 4443.3349609375 0.89501953125 399.7915546955285 215788
stats: error_unknown 164 7249
stats: connect 0 0 0 95.291015625 0.581787109375 1.2280054227219943 43647
stats: request 11403 677.473924826356 543.240013375945 2398.941162109375 0.89501953125 331.3766219664955 260683
stats: 401 105 862
stats: 302 3905 77068
stats: 504 1 15
stats: 200 3273 118951
stats: size_rcv 45586301 1338221077
stats: 406 151 4511
stats: newphase 0 15
stats: size_sent 9980600 225448011
stats: connected -2231 1312
stats: 503 3967 70679
# stats: dump at 1449271721
stats: users 401 3746
stats: {load,"tsung_controller@ip-172-30-3-147"} 1 1.51171875 0.0 1.80078125 0.01171875 0.48828125 55
stats: {freemem,"tsung_controller@ip-172-30-3-147"} 1 28846.484375 0.0 29462.64453125 28810.21484375 29288.63153409091 55
stats: {recvpackets,"tsung_controller@ip-172-30-3-147"} 1 41952.0 0.0 82150 270 28450.16666666667 54
stats: {sentpackets,"tsung_controller@ip-172-30-3-147"} 1 27902.0 0.0 78439 207 21483.88888888889 54
stats: {cpu,"tsung_controller@ip-172-30-3-147"} 1 10.864584589412758 0.0 32.06936416184971 0.13659505774245623 7.966640749526284 55
stats: session 846 23707.546714548233 8203.742058398124 74281.51489257813 9.88818359375 8999.23669361618 42400
stats: users_count 0 43647
stats: finish_users_count 846 43246
stats: request 3466 172.19786717172173 288.3325660418402 2398.941162109375 0.89501953125 345.8814018688462 272086
stats: connect 0 0 0 95.291015625 0.581787109375 1.2280054227219943 43647
stats: page 3286 207.45629652491152 429.2985863719693 4443.3349609375 0.89501953125 417.902799715712 225000
stats: error_unknown 1 7250
stats: 401 0 862
stats: 302 2052 79120
stats: 504 0 15
stats: 200 1351 120302
stats: size_rcv 19366302 1357587379
stats: 406 63 4574
stats: newphase 0 15
stats: size_sent 3382570 228830581
stats: connected -893 419
stats: 503 0 70679
# stats: dump at 1449271731
stats: users 84 3746
stats: {load,"tsung_controller@ip-172-30-3-147"} 1 1.28125 0.0 1.80078125 0.01171875 0.5065569196428571 56
stats: {freemem,"tsung_controller@ip-172-30-3-147"} 1 28954.41796875 0.0 29462.64453125 28810.21484375 29280.73604910714 56
stats: {recvpackets,"tsung_controller@ip-172-30-3-147"} 1 7513.0 0.0 82150 270 28695.65454545455 55
stats: {sentpackets,"tsung_controller@ip-172-30-3-147"} 1 6699.0 0.0 78439 207 21600.581818181818 55
stats: {cpu,"tsung_controller@ip-172-30-3-147"} 1 3.4958148695224027 0.0 32.06936416184971 0.13659505774245623 8.018389746667113 56
stats: session 317 31459.051892590447 6332.999837739757 74281.51489257813 9.88818359375 9286.968050914162 43246
stats: users_count 0 43647
stats: finish_users_count 317 43563
stats: request 696 17.06235162143049 22.085009248096792 2398.941162109375 0.89501953125 343.6967429614159 275552
stats: connect 0 0 0 95.291015625 0.581787109375 1.2280054227219943 43647
stats: page 692 17.16131591796878 22.27477852327786 4443.3349609375 0.89501953125 414.8735854428921 228286
stats: error_unknown 0 7250
stats: 401 0 862
stats: 302 536 79656
stats: 504 0 15
stats: 200 160 120462
stats: size_rcv 2573015 1360160394
stats: 406 0 4574
stats: newphase 0 15
stats: size_sent 757115 229587696
stats: connected -330 89
stats: 503 0 70679
# stats: dump at 1449271741
stats: users 15 3746
stats: {load,"tsung_controller@ip-172-30-3-147"} 1 1.078125 0.0 1.80078125 0.01171875 0.5201480263157894 57
stats: {freemem,"tsung_controller@ip-172-30-3-147"} 1 29176.62890625 0.0 29462.64453125 28810.21484375 29275.011170504386 57
stats: {recvpackets,"tsung_controller@ip-172-30-3-147"} 1 1134.0 0.0 82150 270 28317.392857142862 56
stats: {sentpackets,"tsung_controller@ip-172-30-3-147"} 1 1303.0 0.0 78439 207 21334.48214285714 56
stats: {cpu,"tsung_controller@ip-172-30-3-147"} 1 0.7192460317460317 0.0 32.06936416184971 0.13659505774245623 7.939046327769837 57
stats: session 69 40375.25368687726 6517.71754677661 74281.51489257813 9.88818359375 9448.310258241743 43563
stats: users_count 0 43647
stats: finish_users_count 69 43632
stats: request 96 11.646067301432291 4.842107907730355 2398.941162109375 0.89501953125 342.8737956952904 276248
stats: connect 0 0 0 95.291015625 0.581787109375 1.2280054227219943 43647
stats: page 96 11.646067301432291 4.842107907730355 4443.3349609375 0.89501953125 413.6716494904807 228978
stats: error_unknown 0 7250
stats: 401 0 862
stats: 302 82 79738
stats: 504 0 15
stats: 200 14 120476
stats: size_rcv 265797 1360426191
stats: 406 0 4574
stats: newphase 0 15
stats: size_sent 104204 229691900
stats: connected -74 15
stats: 503 0 70679
# stats: dump at 1449271751
stats: users 2 3746
stats: {load,"tsung_controller@ip-172-30-3-147"} 1 0.921875 0.0 1.80078125 0.01171875 0.5297683189655171 58
stats: {freemem,"tsung_controller@ip-172-30-3-147"} 1 29246.4375 0.0 29462.64453125 28810.21484375 29273.314924568964 58
stats: {recvpackets,"tsung_controller@ip-172-30-3-147"} 1 86.0 0.0 82150 86 27840.49122807018 57
stats: {sentpackets,"tsung_controller@ip-172-30-3-147"} 1 144.0 0.0 78439 144 20983.052631578947 57
stats: {cpu,"tsung_controller@ip-172-30-3-147"} 1 0.22346368715083798 0.0 32.06936416184971 0.13659505774245623 7.8145670123211515 58
stats: session 13 48399.139122596156 5714.0575005971405 74281.51489257813 9.88818359375 9497.218378350284 43632
stats: users_count 0 43647
stats: finish_users_count 13 43645
stats: request 13 10.148306039663462 2.2540145512668155 2398.941162109375 0.89501953125 342.758729466511 276344
stats: connect 0 0 0 95.291015625 0.581787109375 1.2280054227219943 43647
stats: page 13 10.148306039663462 2.2540145512668155 4443.3349609375 0.89501953125 413.5031691920176 229074
stats: error_unknown 0 7250
stats: 401 0 862
stats: 302 13 79751
stats: 504 0 15
stats: 200 0 120476
stats: size_rcv 14840 1360441031
stats: 406 0 4574
stats: newphase 0 15
stats: size_sent 14209 229706109
stats: connected -13 2
stats: 503 0 70679
# stats: dump at 1449271761
stats: users 0 3746
stats: {load,"tsung_controller@ip-172-30-3-147"} 1 0.78125 0.0 1.80078125 0.01171875 0.5364141949152541 59
stats: {freemem,"tsung_controller@ip-172-30-3-147"} 1 29272.45703125 0.0 29462.64453125 28810.21484375 29272.859375 59
stats: {recvpackets,"tsung_controller@ip-172-30-3-147"} 1 17.0 0.0 82150 17 27361.965517241384 58
stats: {sentpackets,"tsung_controller@ip-172-30-3-147"} 1 27.0 0.0 78439 27 20623.758620689656 58
stats: {cpu,"tsung_controller@ip-172-30-3-147"} 1 0.12419274714356682 0.0 32.06936416184971 0.12419274714356682 7.685904244097926 59
stats: session 2 55315.568603515625 2175.4814453125 74281.51489257813 9.88818359375 9508.80561559797 43645
stats: users_count 0 43647
stats: finish_users_count 2 43647
stats: request 2 9.512451171875 2.488525390625 2398.941162109375 0.89501953125 342.74308327153653 276357
stats: connect 0 0 0 95.291015625 0.581787109375 1.2280054227219943 43647
stats: page 2 9.512451171875 2.488525390625 4443.3349609375 0.89501953125 413.4802800135789 229087
stats: error_unknown 0 7250
stats: 401 0 862
stats: 302 2 79753
stats: 504 0 15
stats: 200 0 120476
stats: size_rcv 2488 1360443519
stats: 406 0 4574
stats: newphase 0 15
stats: size_sent 2194 229708303
stats: connected -2 0
stats: 503 0 70679
EndMonitor:{1449,271761,335731}
