[04/Dec/2015:23:07:12 -0000] access to /es/images/graphes-Transactions-mean_tn.png failed for 0:0:0:0:0:FFFF:A9E7:7735, reason: 
"mod_esi: Client not authorized to evaluate: images/graphes-Transactions-mean_tn.png"
[04/Dec/2015:23:07:12 -0000] access to /es/images/graphes-Transactions-rate_tn.png failed for 0:0:0:0:0:FFFF:A9E7:7735, reason: 
"mod_esi: Client not authorized to evaluate: images/graphes-Transactions-rate_tn.png"
[04/Dec/2015:23:07:12 -0000] access to /es/images/graphes-Perfs-mean_tn.png failed for 0:0:0:0:0:FFFF:A9E7:7735, reason: 
"mod_esi: Client not authorized to evaluate: images/graphes-Perfs-mean_tn.png"
[04/Dec/2015:23:07:12 -0000] access to /es/images/graphes-Size-rate_tn.png failed for 0:0:0:0:0:FFFF:A9E7:7735, reason: 
"mod_esi: Client not authorized to evaluate: images/graphes-Size-rate_tn.png"
[04/Dec/2015:23:07:12 -0000] access to /es/images/graphes-Perfs-rate_tn.png failed for 0:0:0:0:0:FFFF:A9E7:7735, reason: 
"mod_esi: Client not authorized to evaluate: images/graphes-Perfs-rate_tn.png"
[04/Dec/2015:23:07:12 -0000] access to /es/images/graphes-Users_Arrival-rate_tn.png failed for 0:0:0:0:0:FFFF:A9E7:7735, reason: 
"mod_esi: Client not authorized to evaluate: images/graphes-Users_Arrival-rate_tn.png"
[04/Dec/2015:23:07:12 -0000] access to /es/images/graphes-Users-simultaneous_tn.png failed for 0:0:0:0:0:FFFF:A9E7:7735, reason: 
"mod_esi: Client not authorized to evaluate: images/graphes-Users-simultaneous_tn.png"
[04/Dec/2015:23:07:12 -0000] access to /es/images/graphes-cpu-mean_tn.png failed for 0:0:0:0:0:FFFF:A9E7:7735, reason: 
"mod_esi: Client not authorized to evaluate: images/graphes-cpu-mean_tn.png"
[04/Dec/2015:23:07:12 -0000] access to /es/images/graphes-load-mean_tn.png failed for 0:0:0:0:0:FFFF:A9E7:7735, reason: 
"mod_esi: Client not authorized to evaluate: images/graphes-load-mean_tn.png"
[04/Dec/2015:23:07:12 -0000] access to /es/images/graphes-HTTP_CODE-rate_tn.png failed for 0:0:0:0:0:FFFF:A9E7:7735, reason: 
"mod_esi: Client not authorized to evaluate: images/graphes-HTTP_CODE-rate_tn.png"
[04/Dec/2015:23:07:12 -0000] access to /es/images/graphes-Errors-rate_tn.png failed for 0:0:0:0:0:FFFF:A9E7:7735, reason: 
"mod_esi: Client not authorized to evaluate: images/graphes-Errors-rate_tn.png"
[04/Dec/2015:23:07:12 -0000] access to /es/images/graphes-freemem-mean_tn.png failed for 0:0:0:0:0:FFFF:A9E7:7735, reason: 
"mod_esi: Client not authorized to evaluate: images/graphes-freemem-mean_tn.png"
[04/Dec/2015:23:07:12 -0000] access to /es/images/graphes-Transactions-mean_tn.png failed for 0:0:0:0:0:FFFF:A9E7:7735, reason: 
"mod_esi: Client not authorized to evaluate: images/graphes-Transactions-mean_tn.png"
[04/Dec/2015:23:09:45 -0000] server crash for 0:0:0:0:0:FFFF:A9E7:7735, reason: 
"Error reading request: No request received on keep-alive connection before server side timeout"

[04/Dec/2015:23:10:00 -0000] server crash for 0:0:0:0:0:FFFF:A9E7:7735, reason: 
"Error reading request: No request received on keep-alive connection before server side timeout"

[04/Dec/2015:23:10:00 -0000] server crash for 0:0:0:0:0:FFFF:A9E7:7735, reason: 
"Error reading request: No request received on keep-alive connection before server side timeout"

[04/Dec/2015:23:10:00 -0000] server crash for 0:0:0:0:0:FFFF:A9E7:7735, reason: 
"Error reading request: No request received on keep-alive connection before server side timeout"

[04/Dec/2015:23:10:00 -0000] server crash for 0:0:0:0:0:FFFF:A9E7:7735, reason: 
"Error reading request: No request received on keep-alive connection before server side timeout"

[04/Dec/2015:23:10:00 -0000] server crash for 0:0:0:0:0:FFFF:A9E7:7735, reason: 
"Error reading request: No request received on keep-alive connection before server side timeout"

[04/Dec/2015:23:14:50 -0000] access to /es/images/graphes-Transactions-mean_tn.png failed for 0:0:0:0:0:FFFF:A9E7:7735, reason: 
"mod_esi: Client not authorized to evaluate: images/graphes-Transactions-mean_tn.png"
[04/Dec/2015:23:14:50 -0000] access to /es/images/graphes-Perfs-mean_tn.png failed for 0:0:0:0:0:FFFF:A9E7:7735, reason: 
"mod_esi: Client not authorized to evaluate: images/graphes-Perfs-mean_tn.png"
[04/Dec/2015:23:14:50 -0000] access to /es/images/graphes-Transactions-rate_tn.png failed for 0:0:0:0:0:FFFF:A9E7:7735, reason: 
"mod_esi: Client not authorized to evaluate: images/graphes-Transactions-rate_tn.png"
[04/Dec/2015:23:14:50 -0000] access to /es/images/graphes-Perfs-rate_tn.png failed for 0:0:0:0:0:FFFF:A9E7:7735, reason: 
"mod_esi: Client not authorized to evaluate: images/graphes-Perfs-rate_tn.png"
[04/Dec/2015:23:14:50 -0000] access to /es/images/graphes-Users_Arrival-rate_tn.png failed for 0:0:0:0:0:FFFF:A9E7:7735, reason: 
"mod_esi: Client not authorized to evaluate: images/graphes-Users_Arrival-rate_tn.png"
[04/Dec/2015:23:14:50 -0000] access to /es/images/graphes-Users-simultaneous_tn.png failed for 0:0:0:0:0:FFFF:A9E7:7735, reason: 
"mod_esi: Client not authorized to evaluate: images/graphes-Users-simultaneous_tn.png"
[04/Dec/2015:23:14:50 -0000] access to /es/images/graphes-Size-rate_tn.png failed for 0:0:0:0:0:FFFF:A9E7:7735, reason: 
"mod_esi: Client not authorized to evaluate: images/graphes-Size-rate_tn.png"
[04/Dec/2015:23:14:50 -0000] access to /es/images/graphes-freemem-mean_tn.png failed for 0:0:0:0:0:FFFF:A9E7:7735, reason: 
"mod_esi: Client not authorized to evaluate: images/graphes-freemem-mean_tn.png"
[04/Dec/2015:23:14:50 -0000] access to /es/images/graphes-load-mean_tn.png failed for 0:0:0:0:0:FFFF:A9E7:7735, reason: 
"mod_esi: Client not authorized to evaluate: images/graphes-load-mean_tn.png"
[04/Dec/2015:23:14:50 -0000] access to /es/images/graphes-HTTP_CODE-rate_tn.png failed for 0:0:0:0:0:FFFF:A9E7:7735, reason: 
"mod_esi: Client not authorized to evaluate: images/graphes-HTTP_CODE-rate_tn.png"
[04/Dec/2015:23:14:50 -0000] access to /es/images/graphes-Errors-rate_tn.png failed for 0:0:0:0:0:FFFF:A9E7:7735, reason: 
"mod_esi: Client not authorized to evaluate: images/graphes-Errors-rate_tn.png"
[04/Dec/2015:23:14:50 -0000] access to /es/images/graphes-cpu-mean_tn.png failed for 0:0:0:0:0:FFFF:A9E7:7735, reason: 
"mod_esi: Client not authorized to evaluate: images/graphes-cpu-mean_tn.png"
[04/Dec/2015:23:14:50 -0000] access to /es/images/graphes-Transactions-mean_tn.png failed for 0:0:0:0:0:FFFF:A9E7:7735, reason: 
"mod_esi: Client not authorized to evaluate: images/graphes-Transactions-mean_tn.png"
