# stats: dump at 1449270332
stats: users 6 6
stats: {load,"tsung_controller@ip-172-30-3-147"} 1 0.078125 0 0.078125 0.078125 0 0
stats: {freemem,"tsung_controller@ip-172-30-3-147"} 1 29465.24609375 0 29465.24609375 29465.24609375 0 0
stats: {cpu,"tsung_controller@ip-172-30-3-147"} 1 0.16313939919914203 0 0.16313939919914203 0.16313939919914203 0 0
stats: session 5 2791.310400390625 1738.3261911584534 5647.711181640625 405.1279296875 0 0
stats: users_count 11 11
stats: finish_users_count 5 5
stats: request 34 65.64046702665442 81.90020347490454 364.65380859375 9.2060546875 0 0
stats: connect 10 8.902685546875 22.689372151793403 76.967041015625 0.950927734375 0 0
stats: page 27 82.67801468460648 86.27040078025469 364.65380859375 10.94287109375 0 0
stats: error_unknown 1 1
stats: 302 13 13
stats: 200 21 21
stats: size_rcv 192105 192105
stats: size_sent 26253 26253
stats: connected 5 5
# stats: dump at 1449270342
stats: users 8 9
stats: {load,"tsung_controller@ip-172-30-3-147"} 1 0.0703125 0.0 0.078125 0.0703125 0.078125 1
stats: {freemem,"tsung_controller@ip-172-30-3-147"} 1 29463.33203125 0.0 29465.24609375 29463.33203125 29465.24609375 1
stats: {recvpackets,"tsung_controller@ip-172-30-3-147"} 1 224 0 224 224 0 0
stats: {sentpackets,"tsung_controller@ip-172-30-3-147"} 1 183 0 183 183 0 0
stats: {cpu,"tsung_controller@ip-172-30-3-147"} 1 0.2730883813306852 0.0 0.2730883813306852 0.16313939919914203 0.16313939919914203 1
stats: session 10 3882.739404296875 4432.316937676485 12562.126953125 182.601806640625 2791.310400390625 5
stats: users_count 12 23
stats: finish_users_count 10 15
stats: request 56 64.6885986328125 74.93301146285407 364.65380859375 8.60302734375 65.64046702665442 34
stats: connect 12 1.337158203125 0.23241253574959006 76.967041015625 0.950927734375 8.902685546875 10
stats: page 46 78.76619289232336 83.86218366347094 364.65380859375 10.39501953125 82.67801468460648 27
stats: error_unknown 4 5
stats: 302 21 34
stats: 200 33 54
stats: size_rcv 370360 562465
stats: 406 2 2
stats: size_sent 47076 73329
stats: connected 2 7
# stats: dump at 1449270352
stats: users 4 12
stats: {load,"tsung_controller@ip-172-30-3-147"} 1 0.05859375 0.0 0.078125 0.05859375 0.07421875 2
stats: {freemem,"tsung_controller@ip-172-30-3-147"} 1 29461.80078125 0.0 29465.24609375 29461.80078125 29464.2890625 2
stats: {recvpackets,"tsung_controller@ip-172-30-3-147"} 1 393.0 0.0 393 224 224.0 1
stats: {sentpackets,"tsung_controller@ip-172-30-3-147"} 1 270.0 0.0 270 183 183.0 1
stats: {cpu,"tsung_controller@ip-172-30-3-147"} 1 0.1862428606903402 0.0 0.2730883813306852 0.16313939919914203 0.21811389026491362 2
stats: session 11 7005.619739879261 5959.147124207348 24477.661865234375 182.601806640625 3518.929736328125 15
stats: users_count 7 30
stats: finish_users_count 11 26
stats: request 74 71.87611182960302 110.9284308051678 745.47998046875 7.7138671875 65.048193359375 90
stats: connect 8 1.349761962890625 0.2795949542384309 76.967041015625 0.841064453125 4.776034268465909 22
stats: page 55 96.72813831676136 126.29363679705885 745.47998046875 10.39501953125 80.21303108946918 73
stats: error_unknown 0 5
stats: 302 30 64
stats: 200 42 96
stats: size_rcv 522965 1085430
stats: 406 2 4
stats: size_sent 69862 143191
stats: connected -3 4
# stats: dump at 1449270362
stats: users 12 12
stats: {load,"tsung_controller@ip-172-30-3-147"} 1 0.05078125 0.0 0.078125 0.05078125 0.06901041666666667 3
stats: {freemem,"tsung_controller@ip-172-30-3-147"} 1 29460.60546875 0.0 29465.24609375 29460.60546875 29463.459635416668 3
stats: {recvpackets,"tsung_controller@ip-172-30-3-147"} 1 514.0 0.0 514 224 308.5 2
stats: {sentpackets,"tsung_controller@ip-172-30-3-147"} 1 308.0 0.0 308 183 226.5 2
stats: {cpu,"tsung_controller@ip-172-30-3-147"} 1 0.18615040953090098 0.0 0.2730883813306852 0.16313939919914203 0.20749021374005583 3
stats: session 2 14127.845581054688 5632.0216064453125 24477.661865234375 182.601806640625 4994.0678147536055 26
stats: users_count 10 40
stats: finish_users_count 2 28
stats: request 32 49.15091705322265 59.28511570013717 745.47998046875 7.7138671875 68.12908340081935 164
stats: connect 10 1.3541748046875 0.21643624906869646 76.967041015625 0.841064453125 3.8623616536458334 30
stats: page 31 50.73843088457661 67.21927521240465 745.47998046875 10.39501953125 87.30936622619629 128
stats: error_unknown 0 5
stats: 302 7 71
stats: 200 24 120
stats: size_rcv 228475 1313905
stats: 406 1 5
stats: newphase 1 1
stats: size_sent 24241 167432
stats: connected 8 12
# stats: dump at 1449270372
stats: users 16 18
stats: {load,"tsung_controller@ip-172-30-3-147"} 1 0.0390625 0.0 0.078125 0.0390625 0.064453125 4
stats: {freemem,"tsung_controller@ip-172-30-3-147"} 1 29460.5 0.0 29465.24609375 29460.5 29462.74609375 4
stats: {recvpackets,"tsung_controller@ip-172-30-3-147"} 1 242.0 0.0 514 224 377.0 3
stats: {sentpackets,"tsung_controller@ip-172-30-3-147"} 1 171.0 0.0 308 171 253.66666666666666 3
stats: {cpu,"tsung_controller@ip-172-30-3-147"} 1 0.16137040714995035 0.0 0.2730883813306852 0.16137040714995035 0.20215526268776712 4
stats: session 22 4168.5909645774145 4328.5817014604 24477.661865234375 182.601806640625 5646.48051234654 28
stats: users_count 26 66
stats: finish_users_count 22 50
stats: request 135 63.22486074942128 75.31434753141508 745.47998046875 7.632080078125 65.03060726243622 196
stats: connect 25 1.319345703125 0.3178989604120575 76.967041015625 0.841064453125 3.23531494140625 40
stats: page 112 76.22164263044085 84.74580393187803 745.47998046875 10.0458984375 80.17918386399371 159
stats: error_unknown 6 11
stats: 302 50 121
stats: 200 81 201
stats: size_rcv 866477 2180382
stats: 406 4 9
stats: newphase 0 1
stats: size_sent 119878 287310
stats: connected 4 16
# stats: dump at 1449270382
stats: users 16 25
stats: {load,"tsung_controller@ip-172-30-3-147"} 1 0.0390625 0.0 0.078125 0.0390625 0.059375 5
stats: {freemem,"tsung_controller@ip-172-30-3-147"} 1 29459.30859375 0.0 29465.24609375 29459.30859375 29462.296875 5
stats: {recvpackets,"tsung_controller@ip-172-30-3-147"} 1 973.0 0.0 973 224 343.25 4
stats: {sentpackets,"tsung_controller@ip-172-30-3-147"} 1 672.0 0.0 672 171 233.0 4
stats: {cpu,"tsung_controller@ip-172-30-3-147"} 1 0.2853598014888338 0.0 0.2853598014888338 0.16137040714995035 0.19399829158020376 5
stats: session 24 5856.161855061849 4192.569868267067 24477.661865234375 182.601806640625 4996.209111328125 50
stats: users_count 24 90
stats: finish_users_count 24 74
stats: request 152 64.12832320363898 86.59504328178798 745.47998046875 7.632080078125 64.29412454564766 331
stats: connect 25 1.273369140625 0.27299311266584786 76.967041015625 0.738037109375 2.4984036959134617 65
stats: page 118 82.62475379038665 95.31647502606602 745.47998046875 9.14306640625 78.54359486710102 271
stats: error_unknown 2 13
stats: 302 61 182
stats: 200 88 289
stats: size_rcv 1018919 3199301
stats: 406 3 12
stats: newphase 0 1
stats: size_sent 134815 422125
stats: connected 2 18
# stats: dump at 1449270392
stats: users 25 25
stats: {load,"tsung_controller@ip-172-30-3-147"} 1 0.03125 0.0 0.078125 0.03125 0.055989583333333336 6
stats: {freemem,"tsung_controller@ip-172-30-3-147"} 1 29457.35546875 0.0 29465.24609375 29457.35546875 29461.798828125 6
stats: {recvpackets,"tsung_controller@ip-172-30-3-147"} 1 1068.0 0.0 1068 224 469.2 5
stats: {sentpackets,"tsung_controller@ip-172-30-3-147"} 1 714.0 0.0 714 171 320.8 5
stats: {cpu,"tsung_controller@ip-172-30-3-147"} 1 0.260707635009311 0.0 0.2853598014888338 0.16137040714995035 0.20922520989830876 6
stats: session 26 8077.236609825721 8989.595320004797 42426.77197265625 182.601806640625 5275.112703890414 74
stats: users_count 35 125
stats: finish_users_count 26 100
stats: request 179 58.46800803072626 86.89976902116592 745.47998046875 7.632080078125 64.24194689764492 483
stats: connect 33 1.5448109019886365 1.631947705931699 76.967041015625 0.738037109375 2.1581163194444444 90
stats: page 148 70.72771062077705 110.52723239144026 745.47998046875 8.79296875 79.78158137853471 389
stats: error_unknown 3 16
stats: 302 52 234
stats: 200 121 410
stats: size_rcv 1181031 4380332
stats: 406 6 18
stats: newphase 1 2
stats: size_sent 154033 576158
stats: connected 6 24
# stats: dump at 1449270402
stats: users 31 41
stats: {load,"tsung_controller@ip-172-30-3-147"} 1 0.03125 0.0 0.078125 0.03125 0.052455357142857144 7
stats: {freemem,"tsung_controller@ip-172-30-3-147"} 1 29450.6484375 0.0 29465.24609375 29450.6484375 29461.1640625 7
stats: {recvpackets,"tsung_controller@ip-172-30-3-147"} 1 1435.0 0.0 1435 224 569.0 6
stats: {sentpackets,"tsung_controller@ip-172-30-3-147"} 1 1048.0 0.0 1048 171 386.3333333333333 6
stats: {cpu,"tsung_controller@ip-172-30-3-147"} 1 0.42194092827004215 0.0 0.42194092827004215 0.16137040714995035 0.21657984205702335 7
stats: session 45 5716.774929470488 5854.598245114811 42426.77197265625 100.574951171875 6003.664919433594 100
stats: users_count 51 176
stats: finish_users_count 45 145
stats: request 266 64.41096852238017 96.31102467573793 750.404052734375 7.56298828125 62.68071569344789 662
stats: connect 51 1.2733656939338236 0.25829767413313753 76.967041015625 0.738037109375 1.9935709635416667 123
stats: page 218 78.20431546552462 107.55855270551595 750.404052734375 8.79296875 77.28628738943205 537
stats: error_unknown 12 28
stats: 302 96 330
stats: 200 164 574
stats: size_rcv 1683412 6063744
stats: 406 6 24
stats: newphase 0 2
stats: size_sent 229384 805542
stats: connected 9 33
# stats: dump at 1449270412
stats: users 26 41
stats: {load,"tsung_controller@ip-172-30-3-147"} 1 0.1796875 0.0 0.1796875 0.03125 0.0498046875 8
stats: {freemem,"tsung_controller@ip-172-30-3-147"} 1 29449.9765625 0.0 29465.24609375 29449.9765625 29459.849609375 8
stats: {recvpackets,"tsung_controller@ip-172-30-3-147"} 1 1897.0 0.0 1897 224 692.7142857142857 7
stats: {sentpackets,"tsung_controller@ip-172-30-3-147"} 1 1329.0 0.0 1329 171 480.85714285714283 7
stats: {cpu,"tsung_controller@ip-172-30-3-147"} 1 0.4469828656568165 0.0 0.4469828656568165 0.16137040714995035 0.2422499778336507 8
stats: session 39 7389.7410544371 6647.400000742278 42426.77197265625 100.574951171875 5914.6300949622855 145
stats: users_count 34 210
stats: finish_users_count 39 184
stats: request 267 59.45473248771067 80.14275751578187 750.404052734375 7.56298828125 63.1766717844996 928
stats: connect 36 1.1755235460069444 0.24437851870256733 76.967041015625 0.738037109375 1.7824763155531609 174
stats: page 223 71.59167973129206 88.40719928271082 750.404052734375 8.79296875 77.55136039683362 755
stats: error_unknown 3 31
stats: 302 86 416
stats: 200 173 747
stats: size_rcv 1927159 7990903
stats: 406 8 32
stats: newphase 0 2
stats: size_sent 242969 1048511
stats: connected -4 29
# stats: dump at 1449270422
stats: users 41 44
stats: {load,"tsung_controller@ip-172-30-3-147"} 1 0.1484375 0.0 0.1796875 0.03125 0.0642361111111111 9
stats: {freemem,"tsung_controller@ip-172-30-3-147"} 1 29449.23828125 0.0 29465.24609375 29449.23828125 29458.752604166668 9
stats: {recvpackets,"tsung_controller@ip-172-30-3-147"} 1 1818.0 0.0 1897 224 843.25 8
stats: {sentpackets,"tsung_controller@ip-172-30-3-147"} 1 1218.0 0.0 1329 171 586.875 8
stats: {cpu,"tsung_controller@ip-172-30-3-147"} 1 0.39717016259153526 0.0 0.4469828656568165 0.16137040714995035 0.26499807648066914 9
stats: session 46 5747.433731742527 6466.055509456221 42426.77197265625 100.574951171875 6227.289483111837 184
stats: users_count 61 271
stats: finish_users_count 46 230
stats: request 278 55.86857506182551 72.03026702345721 750.404052734375 7.56298828125 62.34507530563546 1195
stats: connect 56 1.2173810686383935 0.26469025984160016 76.967041015625 0.737060546875 1.678427269345238 210
stats: page 233 66.40511940886533 78.66324326756823 750.404052734375 8.429931640625 76.19245570520195 978
stats: error_unknown 13 44
stats: 302 107 523
stats: 200 168 915
stats: size_rcv 1827657 9818560
stats: 406 4 36
stats: newphase 1 3
stats: size_sent 246547 1295058
stats: connected 10 39
# stats: dump at 1449270432
stats: users 52 61
stats: {load,"tsung_controller@ip-172-30-3-147"} 1 0.2109375 0.0 0.2109375 0.03125 0.07265625 10
stats: {freemem,"tsung_controller@ip-172-30-3-147"} 1 29447.94140625 0.0 29465.24609375 29447.94140625 29457.801171875 10
stats: {recvpackets,"tsung_controller@ip-172-30-3-147"} 1 2190.0 0.0 2190 224 951.5555555555555 9
stats: {sentpackets,"tsung_controller@ip-172-30-3-147"} 1 1621.0 0.0 1621 171 657.0 9
stats: {cpu,"tsung_controller@ip-172-30-3-147"} 1 1.5760734673616283 0.0 1.5760734673616283 0.16137040714995035 0.27821528509175575 10
stats: session 63 7122.523115854415 7772.712465782802 42426.77197265625 100.574951171875 6131.3183328379755 230
stats: users_count 74 345
stats: finish_users_count 63 293
stats: connect 77 1.2746962510146103 0.25901057889809004 76.967041015625 0.737060546875 1.5813649113016917 266
stats: request 426 59.90457310922827 72.24832289020448 750.404052734375 7.488037109375 61.122762292886534 1473
stats: page 365 70.09771578017977 81.30805214514201 750.404052734375 8.429931640625 74.30934310648483 1211
stats: error_unknown 13 57
stats: 302 143 666
stats: 200 269 1184
stats: size_rcv 2938035 12756595
stats: 406 13 49
stats: newphase 0 3
stats: size_sent 370892 1665950
stats: connected 16 55
# stats: dump at 1449270442
stats: users 65 71
stats: {load,"tsung_controller@ip-172-30-3-147"} 1 0.171875 0.0 0.2109375 0.03125 0.08522727272727272 11
stats: {freemem,"tsung_controller@ip-172-30-3-147"} 1 29441.6640625 0.0 29465.24609375 29441.6640625 29456.904829545456 11
stats: {recvpackets,"tsung_controller@ip-172-30-3-147"} 1 3364.0 0.0 3364 224 1075.4 10
stats: {sentpackets,"tsung_controller@ip-172-30-3-147"} 1 2325.0 0.0 2325 171 753.4 10
stats: {cpu,"tsung_controller@ip-172-30-3-147"} 1 1.7752948479205461 0.0 1.7752948479205461 0.16137040714995035 0.3962023925708351 11
stats: session 60 6289.1000040690105 4709.620332269321 42426.77197265625 100.574951171875 6344.444275943899 293
stats: users_count 73 418
stats: finish_users_count 60 353
stats: request 476 57.0335093265822 67.8563500822964 750.404052734375 7.488037109375 60.84948762609431 1899
stats: connect 75 1.2262272135416667 0.24449896804983584 76.967041015625 0.737060546875 1.5125209263392858 343
stats: page 390 69.62492613181088 73.30894777486269 750.404052734375 8.429931640625 73.33393449347635 1576
stats: error_unknown 6 63
stats: 302 182 848
stats: 200 287 1471
stats: size_rcv 3226679 15983274
stats: 406 7 56
stats: newphase 0 3
stats: size_sent 422017 2087967
stats: connected 10 65
# stats: dump at 1449270452
stats: users 106 116
stats: {load,"tsung_controller@ip-172-30-3-147"} 1 0.1484375 0.0 0.2109375 0.03125 0.09244791666666667 12
stats: {freemem,"tsung_controller@ip-172-30-3-147"} 1 29437.65234375 0.0 29465.24609375 29437.65234375 29455.634765625 12
stats: {recvpackets,"tsung_controller@ip-172-30-3-147"} 1 3616.0 0.0 3616 224 1283.4545454545455 11
stats: {sentpackets,"tsung_controller@ip-172-30-3-147"} 1 2462.0 0.0 2462 171 896.2727272727273 11
stats: {cpu,"tsung_controller@ip-172-30-3-147"} 1 0.782025819265144 0.0 1.7752948479205461 0.16137040714995035 0.5111267638499777 12
stats: session 116 6495.932606664199 7128.132025513456 42426.77197265625 100.574951171875 6335.037317551567 353
stats: users_count 157 575
stats: finish_users_count 116 469
stats: request 834 59.50083839178657 79.21655541289961 750.783935546875 7.488037109375 60.08468523848683 2375
stats: connect 156 1.2491940229366991 0.6422757508686667 76.967041015625 0.737060546875 1.461152437200957 418
stats: page 692 71.5726649995484 87.0386333786594 750.783935546875 8.264892578125 72.59816986425481 1966
stats: error_unknown 17 80
stats: 302 305 1153
stats: 200 517 1988
stats: size_rcv 5710179 21693453
stats: 406 12 68
stats: newphase 1 4
stats: size_sent 736608 2824575
stats: connected 43 108
# stats: dump at 1449270462
stats: users 115 127
stats: {load,"tsung_controller@ip-172-30-3-147"} 1 0.12109375 0.0 0.2109375 0.03125 0.0967548076923077 13
stats: {freemem,"tsung_controller@ip-172-30-3-147"} 1 29428.09765625 0.0 29465.24609375 29428.09765625 29454.251502403848 13
stats: {recvpackets,"tsung_controller@ip-172-30-3-147"} 1 6172.0 0.0 6172 224 1477.8333333333333 12
stats: {sentpackets,"tsung_controller@ip-172-30-3-147"} 1 4418.0 0.0 4418 171 1026.75 12
stats: {cpu,"tsung_controller@ip-172-30-3-147"} 1 1.3017604760724026 0.0 1.7752948479205461 0.16137040714995035 0.5319651527280673 13
stats: session 153 6146.31165747549 6453.947458248564 42426.77197265625 100.574951171875 6374.832314432303 469
stats: users_count 162 737
stats: finish_users_count 153 622
stats: request 1025 58.36416349085366 68.0721353226615 750.783935546875 7.488037109375 59.93294691809169 3209
stats: connect 161 1.2253084360442554 0.25399094219850843 76.967041015625 0.737060546875 1.4035470145089286 574
stats: page 845 70.93504703679733 77.12514383103931 750.783935546875 8.0498046875 72.3311836466563 2658
stats: error_unknown 27 107
stats: 302 372 1525
stats: 200 621 2609
stats: size_rcv 7160729 28854182
stats: 406 32 100
stats: newphase 0 4
stats: size_sent 920518 3745093
stats: connected 6 114
# stats: dump at 1449270472
stats: users 126 137
stats: {load,"tsung_controller@ip-172-30-3-147"} 1 0.109375 0.0 0.2109375 0.03125 0.09849330357142858 14
stats: {freemem,"tsung_controller@ip-172-30-3-147"} 1 29422.17578125 0.0 29465.24609375 29422.17578125 29452.383370535714 14
stats: {recvpackets,"tsung_controller@ip-172-30-3-147"} 1 7439.0 0.0 7439 224 1838.923076923077 13
stats: {sentpackets,"tsung_controller@ip-172-30-3-147"} 1 4977.0 0.0 4977 171 1287.6153846153845 13
stats: {cpu,"tsung_controller@ip-172-30-3-147"} 1 1.6608824987605353 0.0 1.7752948479205461 0.16137040714995035 0.5869505329669484 14
stats: session 154 7569.368235402293 7688.84702450539 42426.77197265625 100.574951171875 6318.620641579582 622
stats: users_count 165 902
stats: finish_users_count 154 776
stats: request 963 55.10147250008113 63.05073487855789 750.783935546875 7.32080078125 59.553163495106574 4234
stats: connect 163 1.225266907112731 0.2524704136199641 76.967041015625 0.737060546875 1.3645042782738097 735
stats: page 814 65.19951627764124 70.01036005189042 750.783935546875 7.32080078125 71.99440504679023 3503
stats: error_unknown 31 138
stats: 302 367 1892
stats: 200 576 3185
stats: size_rcv 6410907 35265089
stats: 406 21 121
stats: newphase 0 4
stats: size_sent 861029 4606122
stats: connected 12 126
# stats: dump at 1449270482
stats: users 163 165
stats: {load,"tsung_controller@ip-172-30-3-147"} 1 0.08984375 0.0 0.2109375 0.03125 0.09921875 15
stats: {freemem,"tsung_controller@ip-172-30-3-147"} 1 29421.7890625 0.0 29465.24609375 29421.7890625 29450.36953125 15
stats: {recvpackets,"tsung_controller@ip-172-30-3-147"} 1 6753.0 0.0 7439 224 2238.9285714285716 14
stats: {sentpackets,"tsung_controller@ip-172-30-3-147"} 1 4707.0 0.0 4977 171 1551.142857142857 14
stats: {cpu,"tsung_controller@ip-172-30-3-147"} 1 1.52624395086239 0.0 1.7752948479205461 0.16137040714995035 0.6585459973531875 15
stats: session 153 7587.6678091809645 8611.661590842263 51345.656005859375 100.574951171875 6566.836014580481 776
stats: users_count 190 1092
stats: finish_users_count 153 929
stats: request 1102 54.866938928510656 62.909798120471386 750.783935546875 7.32080078125 58.72826866574165 5197
stats: connect 193 1.2221325493847153 0.30406413970712015 76.967041015625 0.737060546875 1.3392306797222997 898
stats: page 924 65.35247406402195 70.30756394128754 750.783935546875 7.32080078125 70.71318210074267 4317
stats: error_unknown 26 164
stats: 302 390 2282
stats: 200 687 3872
stats: size_rcv 7497691 42762780
stats: 406 24 145
stats: newphase 1 5
stats: size_sent 969231 5575353
stats: connected 38 164
# stats: dump at 1449270492
stats: users 156 173
stats: {load,"tsung_controller@ip-172-30-3-147"} 1 0.078125 0.0 0.2109375 0.03125 0.0986328125 16
stats: {freemem,"tsung_controller@ip-172-30-3-147"} 1 29415.31640625 0.0 29465.24609375 29415.31640625 29448.583251953125 16
stats: {recvpackets,"tsung_controller@ip-172-30-3-147"} 1 8019.0 0.0 8019 224 2539.866666666667 15
stats: {sentpackets,"tsung_controller@ip-172-30-3-147"} 1 5707.0 0.0 5707 171 1761.5333333333333 15
stats: {cpu,"tsung_controller@ip-172-30-3-147"} 1 1.7976692288618894 0.0 1.7976692288618894 0.16137040714995035 0.7127771194475128 16
stats: session 209 7578.456697162829 8423.685635879578 62687.259033203125 100.574951171875 6734.9600883952 929
stats: users_count 202 1294
stats: finish_users_count 209 1138
stats: request 1339 58.93042557412248 69.43549694109525 750.783935546875 7.32080078125 58.05273518893128 6299
stats: connect 200 1.2122167968749997 0.24335684766115293 76.967041015625 0.737060546875 1.3185157950704631 1091
stats: page 1107 71.37538727275299 77.01170311232785 750.783935546875 7.32080078125 69.76807730663278 5241
stats: error_unknown 35 199
stats: 302 501 2783
stats: 200 807 4679
stats: size_rcv 9358315 52121095
stats: 406 31 176
stats: newphase 0 5
stats: size_sent 1215869 6791222
stats: connected -9 155
# stats: dump at 1449270502
stats: users 154 173
stats: {load,"tsung_controller@ip-172-30-3-147"} 1 0.05859375 0.0 0.2109375 0.03125 0.0974264705882353 17
stats: {freemem,"tsung_controller@ip-172-30-3-147"} 1 29413.44140625 0.0 29465.24609375 29413.44140625 29446.626378676472 17
stats: {recvpackets,"tsung_controller@ip-172-30-3-147"} 1 9391.0 0.0 9391 224 2882.3125 16
stats: {sentpackets,"tsung_controller@ip-172-30-3-147"} 1 6469.0 0.0 6469 171 2008.125 16
stats: {cpu,"tsung_controller@ip-172-30-3-147"} 1 2.0195762606864083 0.0 2.0195762606864083 0.16137040714995035 0.7765943023542408 17
stats: session 163 7675.110320108802 7292.473933385621 62687.259033203125 100.574951171875 6889.87291021632 1138
stats: users_count 161 1455
stats: finish_users_count 163 1301
stats: request 1143 58.394930034380465 70.39178495608216 750.783935546875 7.32080078125 58.20660104724118 7638
stats: connect 162 1.1924235026041665 0.237806887969572 76.967041015625 0.737060546875 1.302048095892235 1291
stats: page 972 68.56197203333976 77.88668367018394 750.783935546875 7.32080078125 70.04836907293635 6348
stats: error_unknown 25 224
stats: 302 417 3200
stats: 200 698 5377
stats: size_rcv 8162448 60283543
stats: 406 28 204
stats: newphase 0 5
stats: size_sent 1050497 7841719
stats: connected -1 154
# stats: dump at 1449270512
stats: users 226 228
stats: {load,"tsung_controller@ip-172-30-3-147"} 1 0.05078125 0.0 0.2109375 0.03125 0.09526909722222222 18
stats: {freemem,"tsung_controller@ip-172-30-3-147"} 1 29411.65234375 0.0 29465.24609375 29411.65234375 29444.782769097223 18
stats: {recvpackets,"tsung_controller@ip-172-30-3-147"} 1 8307.0 0.0 9391 224 3265.176470588235 17
stats: {sentpackets,"tsung_controller@ip-172-30-3-147"} 1 5689.0 0.0 6469 171 2270.529411764706 17
stats: {cpu,"tsung_controller@ip-172-30-3-147"} 1 1.7755152719145766 0.0 2.0195762606864083 0.16137040714995035 0.8456488555949168 18
stats: session 215 8183.637646484382 9027.632735633963 62687.259033203125 100.574951171875 6988.253923139052 1301
stats: users_count 287 1742
stats: finish_users_count 215 1516
stats: request 1431 54.17360718711788 65.74121267068135 750.783935546875 7.32080078125 58.23111534314144 8781
stats: connect 284 1.2115891147667253 0.2805163125463794 76.967041015625 0.72900390625 1.289825670487784 1453
stats: page 1207 64.22817196723535 75.45517515392223 750.783935546875 7.32080078125 69.85099503980959 7320
stats: error_unknown 36 260
stats: 302 502 3702
stats: 200 888 6265
stats: size_rcv 9493806 69777349
stats: 406 41 245
stats: newphase 1 6
stats: size_sent 1242797 9084516
stats: connected 72 226
# stats: dump at 1449270522
stats: users 265 283
stats: {load,"tsung_controller@ip-172-30-3-147"} 1 0.05078125 0.0 0.2109375 0.03125 0.09292763157894737 19
stats: {freemem,"tsung_controller@ip-172-30-3-147"} 1 29406.796875 0.0 29465.24609375 29406.796875 29443.0390625 19
stats: {recvpackets,"tsung_controller@ip-172-30-3-147"} 1 10808.0 0.0 10808 224 3545.277777777778 18
stats: {sentpackets,"tsung_controller@ip-172-30-3-147"} 1 7602.0 0.0 7602 171 2460.4444444444443 18
stats: {cpu,"tsung_controller@ip-172-30-3-147"} 1 2.7107315261789826 0.0 2.7107315261789826 0.16137040714995035 0.8945891932959514 19
stats: session 353 6279.836452062677 7510.4415689424595 62687.259033203125 100.574951171875 7157.783936674175 1516
stats: users_count 392 2134
stats: finish_users_count 353 1869
stats: connect 393 1.1881802391459935 0.25212828211318306 76.967041015625 0.7021484375 1.2770339711067933 1737
stats: request 2315 59.36762969509314 67.67271940930232 750.783935546875 7.32080078125 57.662539729033554 10212
stats: page 1908 72.06177359207112 77.15353914090157 750.783935546875 7.32080078125 69.05508235673264 8527
stats: error_unknown 72 332
stats: 302 835 4537
stats: 200 1413 7678
stats: size_rcv 15638621 85415970
stats: 406 67 312
stats: newphase 0 6
stats: size_sent 2037919 11122435
stats: connected 37 263
# stats: dump at 1449270532
stats: users 292 310
stats: {load,"tsung_controller@ip-172-30-3-147"} 1 0.19140625 0.0 0.2109375 0.03125 0.0908203125 20
stats: {freemem,"tsung_controller@ip-172-30-3-147"} 1 29385.51953125 0.0 29465.24609375 29385.51953125 29441.226953125 20
stats: {recvpackets,"tsung_controller@ip-172-30-3-147"} 1 16307.0 0.0 16307 224 3927.5263157894738 19
stats: {sentpackets,"tsung_controller@ip-172-30-3-147"} 1 11410.0 0.0 11410 171 2731.0526315789475 19
stats: {cpu,"tsung_controller@ip-172-30-3-147"} 1 3.8532789922193404 0.0 3.8532789922193404 0.16137040714995035 0.985396309940103 20
stats: session 372 6737.960501722113 6848.569492573236 62687.259033203125 100.574951171875 6991.965069864192 1869
stats: users_count 399 2533
stats: finish_users_count 372 2241
stats: connect 400 1.201962890625002 0.41596521044510465 76.967041015625 0.693115234375 1.2606398318295189 2130
stats: request 2464 59.12925918380938 67.95993047888436 750.783935546875 7.32080078125 57.97764177033857 12527
stats: page 2031 71.79898703878933 77.39381769046255 750.783935546875 7.32080078125 69.60484439573848 10435
stats: error_unknown 56 388
stats: 302 872 5409
stats: 200 1522 9200
stats: size_rcv 16926390 102342360
stats: 406 70 382
stats: newphase 0 6
stats: size_sent 2205411 13327846
stats: connected 29 292
# stats: dump at 1449270542
stats: users 331 339
stats: {load,"tsung_controller@ip-172-30-3-147"} 1 0.30078125 0.0 0.30078125 0.03125 0.09561011904761904 21
stats: {freemem,"tsung_controller@ip-172-30-3-147"} 1 29370.50390625 0.0 29465.24609375 29370.50390625 29438.57421875 21
stats: {recvpackets,"tsung_controller@ip-172-30-3-147"} 1 17540.0 0.0 17540 224 4546.5 20
stats: {sentpackets,"tsung_controller@ip-172-30-3-147"} 1 12142.0 0.0 12142 171 3165.0 20
stats: {cpu,"tsung_controller@ip-172-30-3-147"} 1 4.52248921749846 0.0 4.52248921749846 0.16137040714995035 1.1219621519534 21
stats: session 382 7415.17792419114 7353.390612485509 62687.259033203125 100.574951171875 6949.800991618385 2241
stats: users_count 421 2954
stats: finish_users_count 382 2623
stats: connect 422 1.1797129554206154 0.33803487059311016 76.967041015625 0.681884765625 1.2513628450778167 2530
stats: page 2060 68.08163517331609 75.8754558891459 750.783935546875 7.32080078125 69.96232102882337 12466
stats: request 2476 56.649781062260246 65.77619256622937 750.783935546875 7.32080078125 58.16692769567991 14991
stats: error_unknown 68 456
stats: 302 897 6306
stats: 200 1517 10717
stats: size_rcv 16558034 118900394
stats: 406 62 444
stats: newphase 0 6
stats: size_sent 2197796 15525642
stats: connected 40 332
# stats: dump at 1449270552
stats: users 374 382
stats: {load,"tsung_controller@ip-172-30-3-147"} 1 0.26171875 0.0 0.30078125 0.03125 0.10493607954545454 22
stats: {freemem,"tsung_controller@ip-172-30-3-147"} 1 29360.92578125 0.0 29465.24609375 29360.92578125 29435.480113636364 22
stats: {recvpackets,"tsung_controller@ip-172-30-3-147"} 1 18008.0 0.0 18008 224 5165.238095238095 21
stats: {sentpackets,"tsung_controller@ip-172-30-3-147"} 1 12626.0 0.0 12626 171 3592.4761904761904 21
stats: {cpu,"tsung_controller@ip-172-30-3-147"} 1 4.36498150431566 0.0 4.52248921749846 0.16137040714995035 1.27653156402363 22
stats: session 454 7099.421058688393 7610.749682301087 62687.259033203125 100.574951171875 7017.576053853532 2623
stats: users_count 497 3451
stats: finish_users_count 454 3077
stats: connect 497 1.1460594622422027 0.25567752895779633 76.967041015625 0.681884765625 1.2411202118002629 2952
stats: request 2981 57.632459024341664 64.0707794209842 750.783935546875 7.32080078125 57.95186757863937 17467
stats: page 2476 69.40349996686962 73.74458809438562 750.783935546875 7.32080078125 69.6956121714404 14526
stats: error_unknown 77 533
stats: 302 1073 7379
stats: 200 1819 12536
stats: size_rcv 20129934 139030328
stats: 406 89 533
stats: newphase 1 7
stats: size_sent 2656088 18181730
stats: connected 42 374
# stats: dump at 1449270562
stats: users 389 393
stats: {load,"tsung_controller@ip-172-30-3-147"} 1 0.21875 0.0 0.30078125 0.03125 0.11175271739130435 23
stats: {freemem,"tsung_controller@ip-172-30-3-147"} 1 29354.62109375 0.0 29465.24609375 29354.62109375 29432.238620923912 23
stats: {recvpackets,"tsung_controller@ip-172-30-3-147"} 1 21549.0 0.0 21549 224 5749.0 22
stats: {sentpackets,"tsung_controller@ip-172-30-3-147"} 1 15163.0 0.0 15163 171 4003.090909090909 22
stats: {cpu,"tsung_controller@ip-172-30-3-147"} 1 5.908979691705407 0.0 5.908979691705407 0.16137040714995035 1.41081199621024 23
stats: session 520 6935.841418457031 7112.090543170141 62687.259033203125 100.574951171875 7029.651982418703 3077
stats: users_count 535 3986
stats: finish_users_count 520 3597
stats: connect 537 1.1782863055749537 0.2569377833455076 76.967041015625 0.681884765625 1.227421982594593 3449
stats: page 2676 72.25521672680773 76.54734250998388 750.783935546875 7.32080078125 69.65307189273689 17002
stats: request 3264 59.24566755107805 66.55299560132661 750.783935546875 7.32080078125 57.90530278499885 20448
stats: error_unknown 85 618
stats: 302 1174 8553
stats: 200 1991 14527
stats: size_rcv 22294982 161325310
stats: 406 99 632
stats: newphase 0 7
stats: size_sent 2904549 21086279
stats: connected 17 391
# stats: dump at 1449270572
stats: users 358 400
stats: {load,"tsung_controller@ip-172-30-3-147"} 1 0.1796875 0.0 0.30078125 0.03125 0.1162109375 24
stats: {freemem,"tsung_controller@ip-172-30-3-147"} 1 29341.828125 0.0 29465.24609375 29341.828125 29429.004557291668 24
stats: {recvpackets,"tsung_controller@ip-172-30-3-147"} 1 23571.0 0.0 23571 224 6435.95652173913 23
stats: {sentpackets,"tsung_controller@ip-172-30-3-147"} 1 16299.0 0.0 16299 171 4488.304347826087 23
stats: {cpu,"tsung_controller@ip-172-30-3-147"} 1 5.634149341862468 0.0 5.908979691705407 0.16137040714995035 1.5982356501892052 24
stats: session 477 7253.812766660935 7708.009638649954 62687.259033203125 100.574951171875 7016.090266194052 3597
stats: users_count 446 4432
stats: finish_users_count 477 4074
stats: connect 414 1.1763851147342987 0.4006479534606003 76.967041015625 0.681884765625 1.220802349237958 3986
stats: error_unknown 99 717
stats: request 2789 59.615308168670445 69.4149979426253 971.60302734375 7.32080078125 58.08980643700975 23712
stats: page 2321 71.59064191418025 77.9473442676598 971.60302734375 7.32080078125 70.00693608503151 19678
stats: 302 1044 9597
stats: 200 1671 16198
stats: size_rcv 18993841 180319151
stats: 406 74 706
stats: newphase 0 7
stats: size_sent 2544578 23630857
stats: connected -46 345
# stats: dump at 1449270582
stats: users 415 434
stats: {load,"tsung_controller@ip-172-30-3-147"} 1 0.16015625 0.0 0.30078125 0.03125 0.11875 25
stats: {freemem,"tsung_controller@ip-172-30-3-147"} 1 29348.48046875 0.0 29465.24609375 29341.828125 29425.5175 25
stats: {recvpackets,"tsung_controller@ip-172-30-3-147"} 1 20116.0 0.0 23571 224 7149.916666666667 24
stats: {sentpackets,"tsung_controller@ip-172-30-3-147"} 1 14097.0 0.0 16299 171 4980.416666666667 24
stats: {cpu,"tsung_controller@ip-172-30-3-147"} 1 5.277368679430535 0.0 5.908979691705407 0.16137040714995035 1.7596721978561356 25
stats: session 481 7746.275049538722 8372.15581240696 62687.259033203125 100.574951171875 7043.923754834872 4074
stats: users_count 538 4970
stats: finish_users_count 481 4555
stats: request 3174 57.59009619786744 66.20857028945444 971.60302734375 7.32080078125 58.25035224017196 26501
stats: error_unknown 71 788
stats: connect 539 1.1487224062210104 0.2568921900521149 76.967041015625 0.650146484375 1.2166230912642046 4400
stats: page 2650 69.0481540204893 75.49715020777582 971.60302734375 7.32080078125 70.17402464494124 21999
stats: 302 1128 10725
stats: 200 1967 18165
stats: size_rcv 21591267 201910418
stats: 406 79 785
stats: newphase 1 8
stats: size_sent 2807692 26438549
stats: connected 65 410
# stats: dump at 1449270592
stats: users 463 491
stats: {load,"tsung_controller@ip-172-30-3-147"} 1 0.2109375 0.0 0.30078125 0.03125 0.12034254807692307 26
stats: {freemem,"tsung_controller@ip-172-30-3-147"} 1 29346.9609375 0.0 29465.24609375 29341.828125 29422.554537259617 26
stats: {recvpackets,"tsung_controller@ip-172-30-3-147"} 1 24115.0 0.0 24115 224 7668.56 25
stats: {sentpackets,"tsung_controller@ip-172-30-3-147"} 1 16992.0 0.0 16992 171 5345.08 25
stats: {cpu,"tsung_controller@ip-172-30-3-147"} 1 5.883075411446819 0.0 5.908979691705407 0.16137040714995035 1.894968216378228 26
stats: session 577 7265.72622781155 7915.908761975925 62687.259033203125 100.574951171875 7118.09081800777 4555
stats: users_count 625 5595
stats: finish_users_count 577 5132
stats: connect 631 1.1261831727912042 0.24558074216217884 76.967041015625 0.650146484375 1.2092129942327647 4939
stats: request 3824 62.273061457039425 70.82091445009091 1000.06884765625 7.32080078125 58.179732099370796 29675
stats: page 3182 74.83631314817725 80.6357889337669 1000.06884765625 7.32080078125 70.05298293311529 24649
stats: error_unknown 100 888
stats: 302 1390 12115
stats: 200 2340 20505
stats: size_rcv 25888580 227798998
stats: 406 94 879
stats: newphase 0 8
stats: size_sent 3419660 29858209
stats: connected 56 466
# stats: dump at 1449270602
stats: users 429 491
stats: {load,"tsung_controller@ip-172-30-3-147"} 1 0.25 0.0 0.30078125 0.03125 0.12369791666666667 27
stats: {freemem,"tsung_controller@ip-172-30-3-147"} 1 29322.90234375 0.0 29465.24609375 29322.90234375 29419.754774305555 27
stats: {recvpackets,"tsung_controller@ip-172-30-3-147"} 1 27394.0 0.0 27394 224 8301.115384615385 26
stats: {sentpackets,"tsung_controller@ip-172-30-3-147"} 1 19037.0 0.0 19037 171 5793.038461538462 26
stats: {cpu,"tsung_controller@ip-172-30-3-147"} 1 6.722276741903828 0.0 6.722276741903828 0.16137040714995035 2.042675890269657 27
stats: session 585 7350.321972238912 7895.641609715475 62687.259033203125 100.574951171875 7134.689732944788 5132
stats: users_count 551 6146
stats: finish_users_count 585 5717
stats: request 3582 61.358306833647376 69.14249235343713 1000.06884765625 7.32080078125 58.64699653901749 33499
stats: page 2930 74.9712715643665 77.98848597707328 1000.06884765625 7.32080078125 70.59987513046094 27831
stats: connect 553 1.144919755877033 0.25258954845843623 76.967041015625 0.650146484375 1.1998069228989003 5570
stats: error_unknown 101 989
stats: 302 1367 13482
stats: 200 2128 22633
stats: size_rcv 24283562 252082560
stats: 406 88 967
stats: newphase 0 8
stats: size_sent 3239272 33097481
stats: connected -40 426
# stats: dump at 1449270612
stats: users 450 491
stats: {load,"tsung_controller@ip-172-30-3-147"} 1 0.2890625 0.0 0.30078125 0.03125 0.12820870535714285 28
stats: {freemem,"tsung_controller@ip-172-30-3-147"} 1 29327.62890625 0.0 29465.24609375 29322.90234375 29416.295758928572 28
stats: {recvpackets,"tsung_controller@ip-172-30-3-147"} 1 24899.0 0.0 27394 224 9008.25925925926 27
stats: {sentpackets,"tsung_controller@ip-172-30-3-147"} 1 17368.0 0.0 19037 171 6283.555555555556 27
stats: {cpu,"tsung_controller@ip-172-30-3-147"} 1 5.8179581795817965 0.0 6.722276741903828 0.16137040714995035 2.2098044921137343 28
stats: session 583 7995.728492592843 8155.443298613319 62687.259033203125 100.574951171875 7156.754602629425 5717
stats: users_count 604 6750
stats: finish_users_count 583 6300
stats: request 3715 59.78110969307283 70.18664671864317 1013.43603515625 7.32080078125 58.90890731476152 37081
stats: connect 599 1.6888148541840573 5.844601266464452 82.195068359375 0.650146484375 1.1948497771593785 6123
stats: error_unknown 90 1079
stats: page 3077 72.23009615189282 80.23083636711415 1013.43603515625 7.32080078125 71.01625273688931 30761
stats: 302 1348 14830
stats: 200 2270 24903
stats: size_rcv 25160262 277242822
stats: 406 96 1063
stats: newphase 0 8
stats: size_sent 3324848 36422329
stats: connected 22 448
# stats: dump at 1449270622
stats: users 486 491
stats: {load,"tsung_controller@ip-172-30-3-147"} 1 0.328125 0.0 0.328125 0.03125 0.13375538793103448 29
stats: {freemem,"tsung_controller@ip-172-30-3-147"} 1 29328.140625 0.0 29465.24609375 29322.90234375 29413.23828125 29
stats: {recvpackets,"tsung_controller@ip-172-30-3-147"} 1 27401.0 0.0 27401 224 9575.785714285714 28
stats: {sentpackets,"tsung_controller@ip-172-30-3-147"} 1 19112.0 0.0 19112 171 6679.428571428572 28
stats: {cpu,"tsung_controller@ip-172-30-3-147"} 1 6.68465595486324 0.0 6.722276741903828 0.16137040714995035 2.3342235847850468 29
stats: session 621 7128.182900249091 8002.925034547118 62687.259033203125 100.574951171875 7234.3929800657215 6300
stats: users_count 657 7407
stats: finish_users_count 621 6921
stats: request 3992 63.30698952837315 72.62390221414768 1013.43603515625 7.32080078125 58.98833254849587 40796
stats: connect 662 2.668392123772657 38.72055270007948 998.14794921875 0.650146484375 1.238867194763928 6722
stats: page 3294 76.71209401800621 83.27912115390642 1013.43603515625 7.32080078125 71.12663148823295 33838
stats: error_unknown 103 1182
stats: 302 1457 16287
stats: 200 2413 27316
stats: size_rcv 27210646 304453468
stats: 406 122 1185
stats: newphase 1 9
stats: size_sent 3567860 39990189
stats: connected 38 486
# stats: dump at 1449270632
stats: users 523 531
stats: {load,"tsung_controller@ip-172-30-3-147"} 1 0.5 0.0 0.5 0.03125 0.140234375 30
stats: {freemem,"tsung_controller@ip-172-30-3-147"} 1 29332.37890625 0.0 29465.24609375 29322.90234375 29410.401692708332 30
stats: {recvpackets,"tsung_controller@ip-172-30-3-147"} 1 28788.0 0.0 28788 224 10190.448275862069 29
stats: {sentpackets,"tsung_controller@ip-172-30-3-147"} 1 19944.0 0.0 19944 171 7108.137931034483 29
stats: {cpu,"tsung_controller@ip-172-30-3-147"} 1 6.665030072419295 0.0 6.722276741903828 0.16137040714995035 2.479237997120987 30
stats: session 636 7457.906466118195 8248.9380194393 62687.259033203125 100.574951171875 7224.863076935231 6921
stats: users_count 673 8080
stats: finish_users_count 636 7557
stats: connect 674 1.1461855381815642 0.34853551920327625 998.14794921875 0.616943359375 1.3670288284318286 7384
stats: request 4218 64.93575686603513 73.43410911624571 1013.43603515625 7.32080078125 59.37325883820896 44788
stats: page 3491 78.50594959024085 83.73784386983098 1013.43603515625 7.32080078125 71.62212091980336 37132
stats: error_unknown 101 1283
stats: 302 1517 17804
stats: 200 2595 29911
stats: size_rcv 28817828 333271296
stats: 406 106 1291
stats: newphase 0 9
stats: size_sent 3778284 43768473
stats: connected 37 523
# stats: dump at 1449270642
stats: users 538 546
stats: {load,"tsung_controller@ip-172-30-3-147"} 1 0.5703125 0.0 0.5703125 0.03125 0.15183971774193547 31
stats: {freemem,"tsung_controller@ip-172-30-3-147"} 1 29310.0078125 0.0 29465.24609375 29310.0078125 29407.884828629034 31
stats: {recvpackets,"tsung_controller@ip-172-30-3-147"} 1 30910.0 0.0 30910 224 10810.366666666667 30
stats: {sentpackets,"tsung_controller@ip-172-30-3-147"} 1 21605.0 0.0 21605 171 7536.0 30
stats: {cpu,"tsung_controller@ip-172-30-3-147"} 1 7.02012763868434 0.0 7.02012763868434 0.16137040714995035 2.6142635479370613 31
stats: session 662 7405.487646558134 7454.050329936345 62687.259033203125 100.574951171875 7244.476097382547 7557
stats: users_count 677 8757
stats: finish_users_count 662 8219
stats: request 4349 65.410526979981 79.21765128933316 1084.509033203125 7.32080078125 59.85202912514058 49006
stats: connect 670 1.1575891295475733 0.2465990821442999 998.14794921875 0.616943359375 1.3485567041294364 8058
stats: page 3625 78.52760398706887 90.21697888024106 1084.509033203125 7.32080078125 72.21369332677719 40623
stats: error_unknown 102 1385
stats: 302 1574 19378
stats: 200 2646 32557
stats: size_rcv 29863160 363134456
stats: 406 129 1420
stats: newphase 0 9
stats: size_sent 3924789 47693262
stats: connected 4 527
# stats: dump at 1449270652
stats: users 589 598
stats: {load,"tsung_controller@ip-172-30-3-147"} 1 0.48828125 0.0 0.5703125 0.03125 0.1649169921875 32
stats: {freemem,"tsung_controller@ip-172-30-3-147"} 1 29307.015625 0.0 29465.24609375 29307.015625 29404.826171875 32
stats: {recvpackets,"tsung_controller@ip-172-30-3-147"} 1 31687.0 0.0 31687 224 11458.741935483871 31
stats: {sentpackets,"tsung_controller@ip-172-30-3-147"} 1 21764.0 0.0 21764 171 7989.8387096774195 31
stats: {cpu,"tsung_controller@ip-172-30-3-147"} 1 6.919011920855351 0.0 7.02012763868434 0.16137040714995035 2.751946800772914 32
stats: session 670 7610.999138220032 8032.779586441941 62687.259033203125 100.574951171875 7257.44478524655 8219
stats: users_count 721 9478
stats: finish_users_count 670 8889
stats: request 4435 62.76110804062145 71.12921257216884 1084.509033203125 7.32080078125 60.30510582218305 53355
stats: connect 725 1.1681250000000012 0.2855100916059109 998.14794921875 0.616943359375 1.333897185915659 8728
stats: page 3716 74.65224782822585 81.27542433383104 1084.509033203125 7.32080078125 72.73095797475126 44248
stats: error_unknown 114 1499
stats: 302 1584 20962
stats: 200 2734 35291
stats: size_rcv 30079942 393214398
stats: 406 117 1537
stats: newphase 1 10
stats: size_sent 3970247 51663509
stats: connected 62 589
# stats: dump at 1449270662
stats: users 627 638
stats: {load,"tsung_controller@ip-172-30-3-147"} 1 0.41015625 0.0 0.5703125 0.03125 0.1747159090909091 33
stats: {freemem,"tsung_controller@ip-172-30-3-147"} 1 29279.453125 0.0 29465.24609375 29279.453125 29401.862215909092 33
stats: {recvpackets,"tsung_controller@ip-172-30-3-147"} 1 32479.0 0.0 32479 224 12090.875 32
stats: {sentpackets,"tsung_controller@ip-172-30-3-147"} 1 23066.0 0.0 23066 171 8420.28125 32
stats: {cpu,"tsung_controller@ip-172-30-3-147"} 1 8.692476260043827 0.0 8.692476260043827 0.16137040714995035 2.8782215013814727 33
stats: session 752 7874.29237560516 8016.464960772589 62687.259033203125 100.574951171875 7284.093611491598 8889
stats: users_count 790 10268
stats: finish_users_count 752 9641
stats: request 4791 66.93588783616094 75.346973014643 1096.31591796875 7.32080078125 60.49358773667993 57790
stats: page 4000 80.27578991699212 86.68898839198792 1096.31591796875 7.32080078125 72.87980946952885 47964
stats: error_unknown 123 1622
stats: connect 785 1.1829325487659228 0.4287251522219831 998.14794921875 0.616943359375 1.3211832501504148 9453
stats: 302 1694 22656
stats: 200 2959 38250
stats: size_rcv 32502275 425716673
stats: 406 138 1675
stats: newphase 0 10
stats: size_sent 4282000 55945509
stats: connected 32 621
# stats: dump at 1449270672
stats: users 645 653
stats: {load,"tsung_controller@ip-172-30-3-147"} 1 0.3515625 0.0 0.5703125 0.03125 0.181640625 34
stats: {freemem,"tsung_controller@ip-172-30-3-147"} 1 29279.27734375 0.0 29465.24609375 29279.27734375 29398.261948529413 34
stats: {recvpackets,"tsung_controller@ip-172-30-3-147"} 1 35609.0 0.0 35609 224 12708.69696969697 33
stats: {sentpackets,"tsung_controller@ip-172-30-3-147"} 1 24535.0 0.0 24535 171 8864.09090909091 33
stats: {cpu,"tsung_controller@ip-172-30-3-147"} 1 9.176212527418961 0.0 9.176212527418961 0.16137040714995035 3.049228994283307 34
stats: session 787 7577.740223207197 8190.729698443234 62687.259033203125 100.574951171875 7330.129237527631 9641
stats: users_count 805 11073
stats: finish_users_count 787 10428
stats: page 4224 88.89230988242403 96.39471170773365 1206.674072265625 7.32080078125 73.44912518405916 51964
stats: request 5053 74.2604038790383 81.76207834278362 1206.674072265625 7.32080078125 60.986789503615796 62581
stats: connect 808 1.20059083239867 0.6668987934227458 998.14794921875 0.616943359375 1.3105828593917876 10238
stats: error_unknown 152 1774
stats: 302 1829 24485
stats: 200 3079 41329
stats: size_rcv 34293423 460010096
stats: 406 145 1820
stats: newphase 0 10
stats: size_sent 4527535 60473044
stats: connected 25 646
# stats: dump at 1449270682
stats: users 609 653
stats: {load,"tsung_controller@ip-172-30-3-147"} 1 0.37109375 0.0 0.5703125 0.03125 0.1864955357142857 35
stats: {freemem,"tsung_controller@ip-172-30-3-147"} 1 29270.6640625 0.0 29465.24609375 29270.6640625 29394.862388392856 35
stats: {recvpackets,"tsung_controller@ip-172-30-3-147"} 1 37932.0 0.0 37932 224 13382.235294117647 34
stats: {sentpackets,"tsung_controller@ip-172-30-3-147"} 1 26263.0 0.0 26263 171 9325.0 34
stats: {cpu,"tsung_controller@ip-172-30-3-147"} 1 10.00363768643143 0.0 10.00363768643143 0.16137040714995035 3.224285666658611 35
stats: session 832 7825.0927085876465 8262.502132709964 62687.259033203125 100.574951171875 7348.816411072877 10428
stats: users_count 796 11869
stats: finish_users_count 832 11260
stats: request 5238 76.56152152651008 85.50845251831207 1206.674072265625 7.32080078125 61.97847376654583 67634
stats: connect 807 1.1885836576440523 0.6534868552700714 998.14794921875 0.616943359375 1.3025370909859901 11046
stats: error_unknown 138 1912
stats: page 4347 92.26958623359134 100.16056811039309 1206.674072265625 7.32080078125 74.61008503608971 56188
stats: 302 1950 26435
stats: 200 3155 44484
stats: size_rcv 35807473 495817569
stats: 406 133 1953
stats: newphase 0 10
stats: size_sent 4740159 65213203
stats: connected -26 620
# stats: dump at 1449270692
stats: users 685 687
stats: {load,"tsung_controller@ip-172-30-3-147"} 1 0.390625 0.0 0.5703125 0.03125 0.1916232638888889 36
stats: {freemem,"tsung_controller@ip-172-30-3-147"} 1 29267.24609375 0.0 29465.24609375 29267.24609375 29391.412434895832 36
stats: {recvpackets,"tsung_controller@ip-172-30-3-147"} 1 35911.0 0.0 37932 224 14083.657142857142 35
stats: {sentpackets,"tsung_controller@ip-172-30-3-147"} 1 25036.0 0.0 26263 171 9808.942857142858 35
stats: {cpu,"tsung_controller@ip-172-30-3-147"} 1 10.129336395503445 0.0 10.129336395503445 0.16137040714995035 3.4126010005411893 36
stats: session 807 7881.829899935623 8194.299199414932 62687.259033203125 100.574951171875 7384.008407478941 11260
stats: users_count 883 12752
stats: finish_users_count 807 12067
stats: request 5079 71.46107108275153 80.25335146103593 1206.674072265625 7.32080078125 63.02669536286118 72872
stats: page 4235 85.61847974468728 92.40961597567318 1206.674072265625 7.32080078125 75.87820846395029 60535
stats: error_unknown 148 2060
stats: connect 873 1.182465613366264 0.7037107770746089 998.14794921875 0.616943359375 1.294778682084704 11853
stats: 302 1861 28296
stats: 200 3087 47571
stats: size_rcv 33702765 529520334
stats: 406 131 2084
stats: newphase 1 11
stats: size_sent 4514296 69727499
stats: connected 64 684
# stats: dump at 1449270702
stats: users 703 720
stats: {load,"tsung_controller@ip-172-30-3-147"} 1 0.48828125 0.0 0.5703125 0.03125 0.1970016891891892 37
stats: {freemem,"tsung_controller@ip-172-30-3-147"} 1 29251.08984375 0.0 29465.24609375 29251.08984375 29388.056587837837 37
stats: {recvpackets,"tsung_controller@ip-172-30-3-147"} 1 38810.0 0.0 38810 224 14689.972222222223 36
stats: {sentpackets,"tsung_controller@ip-172-30-3-147"} 1 27064.0 0.0 27064 171 10231.916666666666 36
stats: {cpu,"tsung_controller@ip-172-30-3-147"} 1 10.51167291641466 0.0 10.51167291641466 0.16137040714995035 3.594134389594224 37
stats: session 909 7283.150636108533 7527.07403396215 62687.259033203125 100.574951171875 7417.301019098444 12067
stats: users_count 927 13679
stats: finish_users_count 909 12976
stats: connect 932 1.1556145009053127 0.2549430319883854 998.14794921875 0.616943359375 1.28707403734235 12726
stats: page 4790 114.65288768919625 127.59103761653769 1265.02392578125 7.32080078125 76.51507813932348 64770
stats: request 5789 94.84106765828786 101.48578760515191 1265.02392578125 7.32080078125 63.57624821377166 77951
stats: error_unknown 170 2230
stats: 302 2111 30407
stats: 200 3518 51089
stats: size_rcv 39551237 569071571
stats: 406 160 2244
stats: newphase 0 11
stats: size_sent 5195844 74923343
stats: connected 17 701
# stats: dump at 1449270712
stats: users 643 720
stats: {load,"tsung_controller@ip-172-30-3-147"} 1 0.421875 0.0 0.5703125 0.03125 0.20466694078947367 38
stats: {freemem,"tsung_controller@ip-172-30-3-147"} 1 29251.2578125 0.0 29465.24609375 29251.08984375 29384.452199835527 38
stats: {recvpackets,"tsung_controller@ip-172-30-3-147"} 1 42481.0 0.0 42481 224 15341.864864864865 37
stats: {sentpackets,"tsung_controller@ip-172-30-3-147"} 1 29285.0 0.0 29285 171 10686.837837837838 37
stats: {cpu,"tsung_controller@ip-172-30-3-147"} 1 11.440626883664859 0.0 11.440626883664859 0.16137040714995035 3.7761748771421297 38
stats: session 887 7880.869932499382 8309.976091852286 62687.259033203125 100.574951171875 7407.903462213592 12976
stats: users_count 827 14506
stats: finish_users_count 887 13863
stats: request 5457 79.59518052895079 84.8318858735068 1265.02392578125 7.32080078125 65.73760526851616 83740
stats: connect 834 1.191831593319095 0.3784608690777877 998.14794921875 0.616943359375 1.278103449557951 13658
stats: page 4498 96.56928904165733 99.95698470723573 1265.02392578125 7.32080078125 79.14130165490558 69560
stats: error_unknown 155 2385
stats: 302 2067 32474
stats: 200 3260 54349
stats: size_rcv 36811172 605882743
stats: 406 131 2375
stats: newphase 0 11
stats: size_sent 4924505 79847848
stats: connected -50 651
# stats: dump at 1449270722
stats: users 740 755
stats: {load,"tsung_controller@ip-172-30-3-147"} 1 0.51171875 0.0 0.5703125 0.03125 0.2102363782051282 39
stats: {freemem,"tsung_controller@ip-172-30-3-147"} 1 29247.421875 0.0 29465.24609375 29247.421875 29381.036959134617 39
stats: {recvpackets,"tsung_controller@ip-172-30-3-147"} 1 39033.0 0.0 42481 224 16056.052631578947 38
stats: {sentpackets,"tsung_controller@ip-172-30-3-147"} 1 26752.0 0.0 29285 171 11176.263157894737 38
stats: {cpu,"tsung_controller@ip-172-30-3-147"} 1 10.864584589412758 0.0 11.440626883664859 0.16137040714995035 3.9726992875657894 39
stats: session 830 7740.799253753294 7818.904560166861 62687.259033203125 100.574951171875 7438.165401126057 13863
stats: users_count 927 15433
stats: finish_users_count 830 14693
stats: request 5399 82.21151943104341 88.24336661000979 1265.02392578125 7.32080078125 66.58540046562135 89197
stats: error_unknown 141 2526
stats: page 4504 98.44944597857456 108.04973363267128 1265.02392578125 7.32080078125 80.19981102952559 74058
stats: connect 923 1.2657130810705566 0.6295257620752253 998.14794921875 0.616943359375 1.2731385911461925 14492
stats: 302 1953 34427
stats: 200 3291 57640
stats: size_rcv 36400762 642283505
stats: 406 154 2529
stats: newphase 1 12
stats: size_sent 4809105 84656953
stats: connected 99 750
# stats: dump at 1449270732
stats: users 731 755
stats: {load,"tsung_controller@ip-172-30-3-147"} 1 0.4296875 0.0 0.5703125 0.03125 0.2177734375 40
stats: {freemem,"tsung_controller@ip-172-30-3-147"} 1 29239.51953125 0.0 29465.24609375 29239.51953125 29377.69658203125 40
stats: {recvpackets,"tsung_controller@ip-172-30-3-147"} 1 41244.0 0.0 42481 224 16645.20512820513 39
stats: {sentpackets,"tsung_controller@ip-172-30-3-147"} 1 28348.0 0.0 29285 171 11575.641025641025 39
stats: {cpu,"tsung_controller@ip-172-30-3-147"} 1 10.44703595724004 0.0 11.440626883664859 0.16137040714995035 4.144996420111964 40
stats: session 938 7769.569044166024 8079.053844910805 62687.259033203125 100.574951171875 7455.261031540582 14693
stats: users_count 929 16362
stats: finish_users_count 938 15631
stats: connect 925 1.1562370671452677 0.2973740433092761 998.14794921875 0.616943359375 1.2726939757845441 15415
stats: request 5904 92.66511568725933 94.28180277297595 1265.02392578125 7.32080078125 67.4772501875368 94596
stats: page 4878 112.3183410068963 116.27476325136064 1265.02392578125 7.32080078125 81.24607201843266 78562
stats: error_unknown 178 2704
stats: 302 2194 36621
stats: 200 3557 61197
stats: size_rcv 39754234 682037739
stats: 406 153 2682
stats: newphase 0 12
stats: size_sent 5298977 89955930
stats: connected -28 722
# stats: dump at 1449270742
stats: users 749 777
stats: {load,"tsung_controller@ip-172-30-3-147"} 1 0.37109375 0.0 0.5703125 0.03125 0.2229420731707317 41
stats: {freemem,"tsung_controller@ip-172-30-3-147"} 1 29248.6328125 0.0 29465.24609375 29239.51953125 29374.326410060974 41
stats: {recvpackets,"tsung_controller@ip-172-30-3-147"} 1 43272.0 0.0 43272 224 17260.175 40
stats: {sentpackets,"tsung_controller@ip-172-30-3-147"} 1 29798.0 0.0 29798 171 11994.95 40
stats: {cpu,"tsung_controller@ip-172-30-3-147"} 1 11.623705131293665 0.0 11.623705131293665 0.16137040714995035 4.298704701505332 41
stats: session 950 7469.947723324424 7699.582475133585 62687.259033203125 100.574951171875 7474.122327416896 15631
stats: users_count 968 17330
stats: finish_users_count 950 16581
stats: request 6067 104.25567893548096 107.19730519960598 1265.02392578125 7.32080078125 68.95694330107273 100500
stats: connect 976 2.1886449094678544 31.905559216426038 998.407958984375 0.616943359375 1.2661014029270574 16340
stats: error_unknown 162 2866
stats: page 5008 126.28605359354744 137.6984491718689 1265.02392578125 7.32080078125 83.06259320881767 83440
stats: 302 2242 38863
stats: 200 3677 64874
stats: size_rcv 41091765 723129504
stats: 406 148 2830
stats: newphase 0 12
stats: size_sent 5465127 95421057
stats: connected 28 750
# stats: dump at 1449270752
stats: users 776 801
stats: {load,"tsung_controller@ip-172-30-3-147"} 1 0.37890625 0.0 0.5703125 0.03125 0.22646949404761904 42
stats: {freemem,"tsung_controller@ip-172-30-3-147"} 1 29243.515625 0.0 29465.24609375 29239.51953125 29371.33370535714 42
stats: {recvpackets,"tsung_controller@ip-172-30-3-147"} 1 45704.0 0.0 45704 224 17894.60975609756 41
stats: {sentpackets,"tsung_controller@ip-172-30-3-147"} 1 31135.0 0.0 31135 171 12429.170731707318 41
stats: {cpu,"tsung_controller@ip-172-30-3-147"} 1 12.436974789915967 0.0 12.436974789915967 0.16137040714995035 4.47310947364315 42
stats: session 1002 7621.175862142902 8085.58995449219 62687.259033203125 100.574951171875 7473.8831455890295 16581
stats: users_count 1029 18359
stats: finish_users_count 1002 17583
stats: request 6244 101.0606462281916 95.29060558671418 1265.02392578125 7.32080078125 70.96654692221205 106567
stats: connect 1031 1.1758103763791208 0.5981440083728345 998.407958984375 0.616943359375 1.318099697128017 17316
stats: page 5187 121.36119953579876 118.3307923918241 1265.02392578125 7.32080078125 85.50994181598489 88448
stats: error_unknown 188 3054
stats: 302 2318 41181
stats: 200 3776 68650
stats: size_rcv 41716594 764846098
stats: 406 151 2981
stats: newphase 0 12
stats: size_sent 5575133 100996190
stats: connected 34 784
# stats: dump at 1449270762
stats: users 1179 1183
stats: {load,"tsung_controller@ip-172-30-3-147"} 1 0.5703125 0.0 0.5703125 0.03125 0.23001453488372092 43
stats: {freemem,"tsung_controller@ip-172-30-3-147"} 1 29225.015625 0.0 29465.24609375 29225.015625 29368.361191860466 43
stats: {recvpackets,"tsung_controller@ip-172-30-3-147"} 1 47031.0 0.0 47031 224 18556.738095238095 42
stats: {sentpackets,"tsung_controller@ip-172-30-3-147"} 1 32684.0 0.0 32684 171 12874.547619047618 42
stats: {cpu,"tsung_controller@ip-172-30-3-147"} 1 12.624624624624625 0.0 12.624624624624625 0.16137040714995035 4.658315643789029 43
stats: session 991 7291.9611153703645 7580.581135707025 62687.259033203125 100.574951171875 7482.276895346578 17583
stats: users_count 1394 19753
stats: finish_users_count 991 18574
stats: page 5752 266.09246142815863 250.93750590020724 2054.14404296875 7.32080078125 87.49595638097314 93635
stats: request 6851 228.70326119989375 191.03108661926143 1312.083984375 7.32080078125 72.63223161667035 112811
stats: error_unknown 234 3288
stats: connect 1396 1.129605793338109 0.2592093255378441 998.407958984375 0.616943359375 1.3101038237049991 18347
stats: 302 2457 43638
stats: 200 4235 72885
stats: size_rcv 45643449 810489547
stats: 406 158 3139
stats: newphase 1 13
stats: size_sent 6199782 107195972
stats: connected 393 1177
# stats: dump at 1449270772
stats: users 1505 1512
stats: {load,"tsung_controller@ip-172-30-3-147"} 1 0.80078125 0.0 0.80078125 0.03125 0.23774857954545456 44
stats: {freemem,"tsung_controller@ip-172-30-3-147"} 1 29147.40625 0.0 29465.24609375 29147.40625 29365.10333806818 44
stats: {recvpackets,"tsung_controller@ip-172-30-3-147"} 1 53611.0 0.0 53611 224 19218.93023255814 43
stats: {sentpackets,"tsung_controller@ip-172-30-3-147"} 1 37245.0 0.0 37245 171 13335.232558139534 43
stats: {cpu,"tsung_controller@ip-172-30-3-147"} 1 14.646946564885496 0.0 14.646946564885496 0.16137040714995035 4.839368120626202 44
stats: session 1075 9504.057107103918 7640.973236309302 62687.259033203125 100.574951171875 7472.122758490952 18574
stats: users_count 1401 21154
stats: finish_users_count 1075 19649
stats: page 6124 825.945586061881 602.4574988594796 4324.962890625 1.392822265625 97.83218845389425 99387
stats: error_unknown 213 3501
stats: request 7439 695.4262493147355 382.44575372264 2210.091796875 1.34912109375 81.56775520540081 119662
stats: connect 1402 1.132134583129014 0.28237645718318083 998.407958984375 0.616943359375 1.2973410596675083 19743
stats: 401 2 2
stats: 302 2575 46213
stats: 200 4451 77336
stats: size_rcv 48158339 858647886
stats: 406 157 3296
stats: newphase 0 13
stats: size_sent 6640366 113836338
stats: connected 331 1508
stats: 503 254 254
# stats: dump at 1449270782
stats: users 1750 1760
stats: {load,"tsung_controller@ip-172-30-3-147"} 1 0.921875 0.0 0.921875 0.03125 0.25026041666666665 45
stats: {freemem,"tsung_controller@ip-172-30-3-147"} 1 29076.27734375 0.0 29465.24609375 29076.27734375 29360.265625 45
stats: {recvpackets,"tsung_controller@ip-172-30-3-147"} 1 55835.0 0.0 55835 224 20000.568181818184 44
stats: {sentpackets,"tsung_controller@ip-172-30-3-147"} 1 38630.0 0.0 38630 171 13878.636363636364 44
stats: {cpu,"tsung_controller@ip-172-30-3-147"} 1 14.771913064246478 0.0 14.771913064246478 0.16137040714995035 5.057314308276409 45
stats: session 1224 10981.278005562583 7736.837054236131 62687.259033203125 12.70703125 7583.290218654774 19649
stats: users_count 1469 22623
stats: finish_users_count 1224 20873
stats: connect 1467 1.1704905379281687 0.3275876480803276 998.407958984375 0.616943359375 1.2863871944460863 21145
stats: request 8225 868.3641610764155 431.2275049856745 2447.77685546875 0.996826171875 117.49582294428045 127101
stats: error_unknown 218 3719
stats: page 6756 1048.2778489071675 727.4381138288447 4324.962890625 1.073974609375 140.09286693245394 105511
stats: 401 15 17
stats: 302 2637 48850
stats: 200 4385 81721
stats: size_rcv 47976077 906623963
stats: 406 164 3460
stats: newphase 0 13
stats: size_sent 7282823 121119161
stats: connected 251 1759
stats: 503 1024 1278
# stats: dump at 1449270792
stats: users 1995 1997
stats: {load,"tsung_controller@ip-172-30-3-147"} 1 0.78125 0.0 0.921875 0.03125 0.26486073369565216 46
stats: {freemem,"tsung_controller@ip-172-30-3-147"} 1 29050.13671875 0.0 29465.24609375 29050.13671875 29354.091966711956 46
stats: {recvpackets,"tsung_controller@ip-172-30-3-147"} 1 56442.0 0.0 56442 224 20796.88888888889 45
stats: {sentpackets,"tsung_controller@ip-172-30-3-147"} 1 39575.0 0.0 39575 171 14428.666666666666 45
stats: {cpu,"tsung_controller@ip-172-30-3-147"} 1 15.933412604042807 0.0 15.933412604042807 0.16137040714995035 5.268501237754019 46
stats: session 1378 11142.041077634602 7889.330250223593 62687.259033203125 12.70703125 7782.5494076154 20873
stats: users_count 1623 24246
stats: finish_users_count 1378 22251
stats: page 7606 1067.009188238522 723.2649441607799 4324.962890625 1.013916015625 194.74559425411715 112267
stats: request 9143 884.6436854761665 431.2836471031512 2447.77685546875 0.996826171875 163.13296644321497 135326
stats: error_unknown 277 3996
stats: connect 1623 1.1926287582312844 0.6323979345730529 998.407958984375 0.616943359375 1.2788681605211003 22612
stats: 401 36 53
stats: 302 2789 51639
stats: 200 4568 86289
stats: size_rcv 49395348 956019311
stats: 406 155 3615
stats: newphase 1 14
stats: size_sent 7810095 128929256
stats: connected 232 1991
stats: 503 1595 2873
# stats: dump at 1449270802
stats: users 2174 2183
stats: {load,"tsung_controller@ip-172-30-3-147"} 1 0.8203125 0.0 0.921875 0.03125 0.27584773936170215 47
stats: {freemem,"tsung_controller@ip-172-30-3-147"} 1 29017.73046875 0.0 29465.24609375 29017.73046875 29347.624833776597 47
stats: {recvpackets,"tsung_controller@ip-172-30-3-147"} 1 59874.0 0.0 59874 224 21571.782608695656 46
stats: {sentpackets,"tsung_controller@ip-172-30-3-147"} 1 44360.0 0.0 44360 171 14975.326086956522 46
stats: {cpu,"tsung_controller@ip-172-30-3-147"} 1 17.871082199881727 0.0 17.871082199881727 0.16137040714995035 5.495414245547398 47
stats: session 1725 10927.169482846455 8490.079604863095 62687.259033203125 12.70703125 7990.602057891183 22251
stats: users_count 1904 26150
stats: finish_users_count 1725 23976
stats: connect 1909 1.1820809477720655 0.6475141462536415 998.407958984375 0.616943359375 1.2730927716242004 24235
stats: page 9524 873.4391402589415 753.3631701004804 4324.962890625 1.013916015625 250.0911424246425 119873
stats: request 11467 722.9523581084611 522.1636656869334 2447.77685546875 0.966064453125 208.79516735910886 144469
stats: error_unknown 311 4307
stats: 401 53 106
stats: 302 3032 54671
stats: 200 4484 90773
stats: size_rcv 48727128 1004746439
stats: 406 131 3746
stats: newphase 0 14
stats: size_sent 9546534 138475790
stats: connected 185 2176
stats: 503 3767 6640
# stats: dump at 1449270812
stats: users 2166 2208
stats: {load,"tsung_controller@ip-172-30-3-147"} 1 1.078125 0.0 1.078125 0.03125 0.28719075520833337 48
stats: {freemem,"tsung_controller@ip-172-30-3-147"} 1 28993.92578125 0.0 29465.24609375 28993.92578125 29340.752034505207 48
stats: {recvpackets,"tsung_controller@ip-172-30-3-147"} 1 62839.0 0.0 62839 224 22386.72340425532 47
stats: {sentpackets,"tsung_controller@ip-172-30-3-147"} 1 48927.0 0.0 48927 171 15600.531914893618 47
stats: {cpu,"tsung_controller@ip-172-30-3-147"} 1 19.77620730270907 0.0 19.77620730270907 0.16137040714995035 5.753240661262697 48
stats: session 1845 11027.524727012426 9002.460418170613 62687.259033203125 12.70703125 8201.879118620573 23976
stats: users_count 1837 27987
stats: finish_users_count 1845 25821
stats: request 11837 705.7188433084526 538.5207712014795 2447.77685546875 0.940185546875 246.60452829130426 155936
stats: connect 1840 1.1464244013247293 0.27281127746774547 998.407958984375 0.616943359375 1.266447209669881 26144
stats: page 9736 855.5429654399574 775.9648854498965 4324.962890625 1.008056640625 295.9713895043573 129397
stats: error_unknown 331 4638
stats: 401 71 177
stats: 302 3088 57759
stats: 200 4341 95114
stats: size_rcv 48409176 1053155615
stats: 406 122 3868
stats: newphase 0 14
stats: size_sent 9848974 148324764
stats: connected -11 2165
stats: 503 4215 10855
# stats: dump at 1449270822
stats: users 2224 2234
stats: {load,"tsung_controller@ip-172-30-3-147"} 1 1.0703125 0.0 1.078125 0.03125 0.3033322704081633 49
stats: {freemem,"tsung_controller@ip-172-30-3-147"} 1 28964.99609375 0.0 29465.24609375 28964.99609375 29333.673947704083 49
stats: {recvpackets,"tsung_controller@ip-172-30-3-147"} 1 61712.0 0.0 62839 224 23229.479166666668 48
stats: {sentpackets,"tsung_controller@ip-172-30-3-147"} 1 47612.0 0.0 48927 171 16294.833333333334 48
stats: {cpu,"tsung_controller@ip-172-30-3-147"} 1 18.12152078645031 0.0 19.77620730270907 0.16137040714995035 6.039423653945275 49
stats: session 1839 12009.90272237374 9634.85685504415 62687.259033203125 12.70703125 8403.781296982486 25821
stats: users_count 1897 29884
stats: finish_users_count 1839 27660
stats: request 10942 726.5859961365894 512.6259625250239 2447.77685546875 0.940185546875 278.99672576561767 167773
stats: connect 1812 1.1939621813776224 0.6497380719101331 998.407958984375 0.616943359375 1.258555486994242 27984
stats: page 9112 873.3680514770195 736.3507140329722 4324.962890625 0.98681640625 335.12808750777134 139133
stats: error_unknown 291 4929
stats: 401 56 233
stats: 302 2959 60718
stats: 200 4269 99383
stats: size_rcv 46556792 1099712407
stats: 406 156 4024
stats: newphase 0 14
stats: size_sent 9095516 157420280
stats: connected 68 2233
stats: 503 3502 14357
# stats: dump at 1449270832
stats: users 3181 3188
stats: {load,"tsung_controller@ip-172-30-3-147"} 1 1.05859375 0.0 1.078125 0.03125 0.31867187500000005 50
stats: {freemem,"tsung_controller@ip-172-30-3-147"} 1 28960.78125 0.0 29465.24609375 28960.78125 29326.300390625 50
stats: {recvpackets,"tsung_controller@ip-172-30-3-147"} 1 65891.0 0.0 65891 224 24014.836734693876 49
stats: {sentpackets,"tsung_controller@ip-172-30-3-147"} 1 52484.0 0.0 52484 171 16933.95918367347 49
stats: {cpu,"tsung_controller@ip-172-30-3-147"} 1 20.84656084656085 0.0 20.84656084656085 0.16137040714995035 6.2810655965953766 50
stats: session 2746 9376.244359249102 8880.080426122599 67224.71704101563 12.70703125 8643.537526241145 27660
stats: users_count 3703 33587
stats: finish_users_count 2746 30406
stats: request 18101 469.48312184549985 515.8623457811071 2447.77685546875 0.9189453125 306.40081493775864 178715
stats: error_unknown 526 5455
stats: page 14987 571.2453216615856 693.3504273691719 4324.962890625 0.9189453125 368.2114464857321 148245
stats: connect 3619 1.181913234081414 0.6626238856370664 998.407958984375 0.616943359375 1.2546273399349952 29796
stats: 401 96 329
stats: 302 3252 63970
stats: 504 2 2
stats: 200 4912 104295
stats: size_rcv 52440491 1152152898
stats: 406 102 4126
stats: newphase 1 15
stats: size_sent 13395841 170816121
stats: connected 931 3164
stats: 503 9737 24094
# stats: dump at 1449270842
stats: users 3491 3503
stats: {load,"tsung_controller@ip-172-30-3-147"} 1 0.96875 0.0 1.078125 0.03125 0.33318014705882354 51
stats: {freemem,"tsung_controller@ip-172-30-3-147"} 1 28896.14453125 0.0 29465.24609375 28896.14453125 29319.13334865196 51
stats: {recvpackets,"tsung_controller@ip-172-30-3-147"} 1 80050.0 0.0 80050 224 24852.36 50
stats: {sentpackets,"tsung_controller@ip-172-30-3-147"} 1 73538.0 0.0 73538 171 17644.96 50
stats: {cpu,"tsung_controller@ip-172-30-3-147"} 1 29.782558408512607 0.0 29.782558408512607 0.16137040714995035 6.5666635426731315 51
stats: session 3475 8338.492154620035 7881.784056626497 67224.71704101563 12.70703125 8709.709103016778 30406
stats: users_count 3785 37372
stats: finish_users_count 3475 33881
stats: page 18830 448.992224140542 649.3967573728565 4324.962890625 0.9189453125 386.85282003540686 163232
stats: error_unknown 624 6079
stats: connect 3770 1.234345146199437 0.9175122508282098 998.407958984375 0.533935546875 1.2467520638887852 33415
stats: request 22894 369.3360296792423 510.1336299340727 2447.77685546875 0.9140625 321.399355896507 196816
stats: 401 138 467
stats: 302 3345 67315
stats: 504 1 3
stats: 200 4431 108726
stats: size_rcv 51405374 1203558272
stats: 406 82 4208
stats: newphase 0 15
stats: size_sent 16292734 187108855
stats: connected 307 3471
stats: 503 14897 38991
# stats: dump at 1449270852
stats: users 3646 3647
stats: {load,"tsung_controller@ip-172-30-3-147"} 1 0.8984375 0.0 1.078125 0.03125 0.3454026442307692 52
stats: {freemem,"tsung_controller@ip-172-30-3-147"} 1 28857.625 0.0 29465.24609375 28857.625 29310.99894831731 52
stats: {recvpackets,"tsung_controller@ip-172-30-3-147"} 1 81277.0 0.0 81277 224 25934.666666666668 51
stats: {sentpackets,"tsung_controller@ip-172-30-3-147"} 1 77530.0 0.0 77530 171 18740.901960784315 51
stats: {cpu,"tsung_controller@ip-172-30-3-147"} 1 30.20487581549731 0.0 30.20487581549731 0.16137040714995035 7.01312305932389 52
stats: session 3788 8521.402071057531 7890.037178200657 72854.333984375 8.222900390625 8671.635288912155 33881
stats: users_count 3943 41315
stats: finish_users_count 3788 37669
stats: connect 3957 1.1851818671815755 0.4779709612325487 998.407958984375 0.533935546875 1.2454941889475766 37185
stats: request 24412 348.22335862933596 488.06772411419604 2447.77685546875 0.72900390625 326.39440486825134 219710
stats: page 20201 419.829880791793 617.3337226124771 4324.962890625 0.72900390625 393.2796690170708 182062
stats: error_unknown 710 6789
stats: 401 152 619
stats: 302 3646 70961
stats: 504 5 8
stats: 200 4485 113211
stats: size_rcv 52211966 1255770238
stats: 406 69 4277
stats: newphase 0 15
stats: size_sent 17247594 204356449
stats: connected 161 3632
stats: 503 16055 55046
# stats: dump at 1449270862
stats: users 2648 3712
stats: {load,"tsung_controller@ip-172-30-3-147"} 1 1.1484375 0.0 1.1484375 0.03125 0.3558372641509434 53
stats: {freemem,"tsung_controller@ip-172-30-3-147"} 1 28853.30859375 0.0 29465.24609375 28853.30859375 29302.444722877357 53
stats: {recvpackets,"tsung_controller@ip-172-30-3-147"} 1 82884.0 0.0 82884 224 26998.94230769231 52
stats: {sentpackets,"tsung_controller@ip-172-30-3-147"} 1 80244.0 0.0 80244 171 19871.46153846154 52
stats: {cpu,"tsung_controller@ip-172-30-3-147"} 1 29.60617227084293 0.0 30.20487581549731 0.16137040714995035 7.450703300006408 53
stats: session 3460 9699.534805068524 8773.962700722199 72854.333984375 8.222900390625 8656.5278151477 37669
stats: users_count 2462 43777
stats: finish_users_count 3460 41129
stats: page 17987 460.7765384266239 645.1695458710335 4324.962890625 0.72900390625 395.9313691701446 202263
stats: request 21868 382.47161478950096 513.830174788797 2447.77685546875 0.72900390625 328.57728236071654 244122
stats: connect 2635 1.1547439256700691 0.2657991668755406 998.407958984375 0.533935546875 1.2396934049013932 41142
stats: error_unknown 573 7362
stats: 401 130 749
stats: 302 3740 74701
stats: 504 7 15
stats: 200 4042 117253
stats: size_rcv 49293554 1305063792
stats: 406 77 4354
stats: newphase 0 15
stats: size_sent 16246520 220602969
stats: connected -884 2748
stats: 503 13872 68918
# stats: dump at 1449270872
stats: users 910 3712
stats: {load,"tsung_controller@ip-172-30-3-147"} 1 1.4296875 0.0 1.4296875 0.03125 0.3705150462962963 54
stats: {freemem,"tsung_controller@ip-172-30-3-147"} 1 28868.2421875 0.0 29465.24609375 28853.30859375 29294.127387152777 54
stats: {recvpackets,"tsung_controller@ip-172-30-3-147"} 1 61545.0 0.0 82884 224 28053.377358490565 53
stats: {sentpackets,"tsung_controller@ip-172-30-3-147"} 1 50650.0 0.0 80244 171 21010.56603773585 53
stats: {cpu,"tsung_controller@ip-172-30-3-147"} 1 19.198486818772906 0.0 30.20487581549731 0.16137040714995035 7.860989762429306 54
stats: session 1738 16826.562904138445 9011.270526547914 72854.333984375 8.222900390625 8744.271358271191 41129
stats: users_count 0 43777
stats: finish_users_count 1738 42867
stats: connect 0 0 0 998.407958984375 0.533935546875 1.2345801747171745 43777
stats: page 7060 862.6296785089868 804.9645978861422 4324.962890625 0.72900390625 401.22703345807327 220250
stats: request 8398 700.1958959024835 508.73966517742787 2447.77685546875 0.72900390625 333.0081303683584 265990
stats: error_unknown 49 7411
stats: 401 70 819
stats: 302 3811 78512
stats: 504 0 15
stats: 200 3065 120318
stats: size_rcv 43408753 1348472545
stats: 406 162 4516
stats: newphase 0 15
stats: size_sent 7523763 228126732
stats: connected -1809 939
stats: 503 1290 70208
# stats: dump at 1449270882
stats: users 303 3712
stats: {load,"tsung_controller@ip-172-30-3-147"} 1 1.2109375 0.0 1.4296875 0.03125 0.38977272727272727 55
stats: {freemem,"tsung_controller@ip-172-30-3-147"} 1 28926.390625 0.0 29465.24609375 28853.30859375 29286.384019886365 55
stats: {recvpackets,"tsung_controller@ip-172-30-3-147"} 1 31111.0 0.0 82884 224 28673.59259259259 54
stats: {sentpackets,"tsung_controller@ip-172-30-3-147"} 1 21691.0 0.0 80244 171 21559.444444444445 54
stats: {cpu,"tsung_controller@ip-172-30-3-147"} 1 8.674026446682033 0.0 30.20487581549731 0.16137040714995035 8.067126072544644 55
stats: session 607 26863.554397507603 6824.040972374583 72854.333984375 8.222900390625 9071.959853074124 42867
stats: users_count 0 43777
stats: finish_users_count 607 43474
stats: request 2154 32.778165146058214 130.5027064736413 3337.130126953125 0.72900390625 344.2463873437203 274388
stats: connect 0 0 0 998.407958984375 0.533935546875 1.2345801747171745 43777
stats: page 2121 33.2891147582951 131.60275973620764 4324.962890625 0.72900390625 415.5576949954428 227310
stats: error_unknown 0 7411
stats: 401 0 819
stats: 302 1464 79976
stats: 504 0 15
stats: 200 680 120998
stats: size_rcv 10211258 1358683803
stats: 406 10 4526
stats: newphase 0 15
stats: size_sent 2337497 230464229
stats: connected -626 313
stats: 503 0 70208
# stats: dump at 1449270892
stats: users 71 3712
stats: {load,"tsung_controller@ip-172-30-3-147"} 1 1.1015625 0.0 1.4296875 0.03125 0.40443638392857145 56
stats: {freemem,"tsung_controller@ip-172-30-3-147"} 1 29041.21484375 0.0 29465.24609375 28853.30859375 29279.95556640625 56
stats: {recvpackets,"tsung_controller@ip-172-30-3-147"} 1 5764.0 0.0 82884 224 28717.909090909092 55
stats: {sentpackets,"tsung_controller@ip-172-30-3-147"} 1 6169.0 0.0 80244 171 21561.836363636365 55
stats: {cpu,"tsung_controller@ip-172-30-3-147"} 1 2.2516392428553753 0.0 30.20487581549731 0.16137040714995035 8.077963579225669 56
stats: session 232 34183.78758502827 6237.016307795449 72854.333984375 8.222900390625 9320.372648962957 43474
stats: users_count 0 43777
stats: finish_users_count 232 43706
stats: connect 0 0 0 998.407958984375 0.533935546875 1.2345801747171745 43777
stats: request 424 13.69855369711822 16.399359198694064 3337.130126953125 0.72900390625 341.8203451851557 276542
stats: page 424 13.69855369711822 16.399359198694064 4324.962890625 0.72900390625 412.0237712506873 229431
stats: error_unknown 0 7411
stats: 401 0 819
stats: 302 336 80312
stats: 504 0 15
stats: 200 88 121086
stats: size_rcv 1450271 1360134074
stats: 406 0 4526
stats: newphase 0 15
stats: size_sent 461217 230925446
stats: connected -240 73
stats: 503 0 70208
# stats: dump at 1449270902
stats: users 13 3712
stats: {load,"tsung_controller@ip-172-30-3-147"} 1 0.9296875 0.0 1.4296875 0.03125 0.4166666666666667 57
stats: {freemem,"tsung_controller@ip-172-30-3-147"} 1 29226.98828125 0.0 29465.24609375 28853.30859375 29275.76713267544 57
stats: {recvpackets,"tsung_controller@ip-172-30-3-147"} 1 7971.0 0.0 82884 224 28308.01785714286 56
stats: {sentpackets,"tsung_controller@ip-172-30-3-147"} 1 8322.0 0.0 80244 171 21286.964285714286 56
stats: {cpu,"tsung_controller@ip-172-30-3-147"} 1 2.0742764873928703 0.0 30.20487581549731 0.16137040714995035 7.975747362798121 57
stats: session 58 41605.04621834592 5434.999495007787 72854.333984375 8.222900390625 9452.352520494718 43706
stats: users_count 0 43777
stats: finish_users_count 58 43764
stats: request 79 12.46836679193038 8.085057987341377 3337.130126953125 0.72900390625 341.31803212293534 276966
stats: page 79 12.46836679193038 8.085057987341377 4324.962890625 0.72900390625 411.2890041486329 229855
stats: connect 0 0 0 998.407958984375 0.533935546875 1.2345801747171745 43777
stats: error_unknown 0 7411
stats: 401 0 819
stats: 302 70 80382
stats: 504 0 15
stats: 200 9 121095
stats: size_rcv 189739 1360323813
stats: 406 0 4526
stats: newphase 0 15
stats: size_sent 86786 231012232
stats: connected -59 14
stats: 503 0 70208
# stats: dump at 1449270912
stats: users 1 3712
stats: {load,"tsung_controller@ip-172-30-3-147"} 1 0.7890625 0.0 1.4296875 0.03125 0.42551185344827586 58
stats: {freemem,"tsung_controller@ip-172-30-3-147"} 1 29272.94140625 0.0 29465.24609375 28853.30859375 29274.92611799569 58
stats: {recvpackets,"tsung_controller@ip-172-30-3-147"} 1 737.0 0.0 82884 224 27951.22807017544 57
stats: {sentpackets,"tsung_controller@ip-172-30-3-147"} 1 1713.0 0.0 80244 171 21059.508771929824 57
stats: {cpu,"tsung_controller@ip-172-30-3-147"} 1 0.24838549428713363 0.0 30.20487581549731 0.16137040714995035 7.873997864946306 58
stats: session 12 53297.49857584635 5276.256541542232 72854.333984375 8.222900390625 9494.964170126272 43764
stats: users_count 0 43777
stats: finish_users_count 12 43776
stats: connect 0 0 0 998.407958984375 0.533935546875 1.2345801747171745 43777
stats: request 14 9.92626953125 3.4322987269779555 3337.130126953125 0.72900390625 341.2242599070096 277045
stats: error_unknown 0 7411
stats: page 14 9.92626953125 3.4322987269779555 4324.962890625 0.72900390625 411.15197860934256 229934
stats: 401 0 819
stats: 302 13 80395
stats: 504 0 15
stats: 200 1 121096
stats: size_rcv 27591 1360351404
stats: 406 0 4526
stats: newphase 0 15
stats: size_sent 15243 231027475
stats: connected -13 1
stats: 503 0 70208
# stats: dump at 1449270919
stats: users 0 3712
stats: {load,"tsung_controller@ip-172-30-3-147"} 1 0.671875 0.0 1.4296875 0.03125 0.4316737288135593 59
stats: {freemem,"tsung_controller@ip-172-30-3-147"} 1 29287.2890625 0.0 29465.24609375 28853.30859375 29274.89247881356 59
stats: {recvpackets,"tsung_controller@ip-172-30-3-147"} 1 8.0 0.0 82884 8 27482.01724137931 58
stats: {sentpackets,"tsung_controller@ip-172-30-3-147"} 1 16.0 0.0 80244 16 20725.94827586207 58
stats: {cpu,"tsung_controller@ip-172-30-3-147"} 1 0.09936653831822133 0.0 30.20487581549731 0.09936653831822133 7.744750197646997 59
stats: session 1 60358.93212890625 0.0 72854.333984375 8.222900390625 9506.97144381205 43776
stats: users_count 0 43777
stats: finish_users_count 1 43777
stats: request 1 8.835205078125 0.0 3337.130126953125 0.72900390625 341.20751916996346 277059
stats: connect 0 0 0 998.407958984375 0.533935546875 1.2345801747171745 43777
stats: error_unknown 0 7411
stats: page 1 8.835205078125 0.0 4324.962890625 0.72900390625 411.1275506520344 229948
stats: 401 0 819
stats: 302 1 80396
stats: 504 0 15
stats: 200 0 121096
stats: size_rcv 1300 1360352704
stats: 406 0 4526
stats: newphase 0 15
stats: size_sent 1093 231028568
stats: connected -1 0
stats: 503 0 70208
EndMonitor:{1449,270919,567845}
