[01/Dec/2015:02:34:32 -0000] access to /es/images/graphes-Transactions-mean_tn.png failed for 0:0:0:0:0:FFFF:A9E7:7BCC, reason: 
"mod_esi: Client not authorized to evaluate: images/graphes-Transactions-mean_tn.png"
[01/Dec/2015:02:34:32 -0000] access to /es/images/graphes-Perfs-mean_tn.png failed for 0:0:0:0:0:FFFF:A9E7:7BCC, reason: 
"mod_esi: Client not authorized to evaluate: images/graphes-Perfs-mean_tn.png"
[01/Dec/2015:02:34:32 -0000] access to /es/images/graphes-Transactions-rate_tn.png failed for 0:0:0:0:0:FFFF:A9E7:7BCC, reason: 
"mod_esi: Client not authorized to evaluate: images/graphes-Transactions-rate_tn.png"
[01/Dec/2015:02:34:32 -0000] access to /es/images/graphes-Perfs-rate_tn.png failed for 0:0:0:0:0:FFFF:A9E7:7BCC, reason: 
"mod_esi: Client not authorized to evaluate: images/graphes-Perfs-rate_tn.png"
[01/Dec/2015:02:34:32 -0000] access to /es/images/graphes-Size-rate_tn.png failed for 0:0:0:0:0:FFFF:A9E7:7BCC, reason: 
"mod_esi: Client not authorized to evaluate: images/graphes-Size-rate_tn.png"
[01/Dec/2015:02:34:32 -0000] access to /es/images/graphes-Users_Arrival-rate_tn.png failed for 0:0:0:0:0:FFFF:A9E7:7BCC, reason: 
"mod_esi: Client not authorized to evaluate: images/graphes-Users_Arrival-rate_tn.png"
[01/Dec/2015:02:34:32 -0000] access to /es/images/graphes-Users-simultaneous_tn.png failed for 0:0:0:0:0:FFFF:A9E7:7BCC, reason: 
"mod_esi: Client not authorized to evaluate: images/graphes-Users-simultaneous_tn.png"
[01/Dec/2015:02:34:32 -0000] access to /es/images/graphes-freemem-mean_tn.png failed for 0:0:0:0:0:FFFF:A9E7:7BCC, reason: 
"mod_esi: Client not authorized to evaluate: images/graphes-freemem-mean_tn.png"
[01/Dec/2015:02:34:32 -0000] access to /es/images/graphes-cpu-mean_tn.png failed for 0:0:0:0:0:FFFF:A9E7:7BCC, reason: 
"mod_esi: Client not authorized to evaluate: images/graphes-cpu-mean_tn.png"
[01/Dec/2015:02:34:32 -0000] access to /es/images/graphes-HTTP_CODE-rate_tn.png failed for 0:0:0:0:0:FFFF:A9E7:7BCC, reason: 
"mod_esi: Client not authorized to evaluate: images/graphes-HTTP_CODE-rate_tn.png"
[01/Dec/2015:02:34:32 -0000] access to /es/images/graphes-load-mean_tn.png failed for 0:0:0:0:0:FFFF:A9E7:7BCC, reason: 
"mod_esi: Client not authorized to evaluate: images/graphes-load-mean_tn.png"
[01/Dec/2015:02:34:32 -0000] access to /es/images/graphes-Transactions-mean_tn.png failed for 0:0:0:0:0:FFFF:A9E7:7BCC, reason: 
"mod_esi: Client not authorized to evaluate: images/graphes-Transactions-mean_tn.png"
[01/Dec/2015:02:36:47 -0000] access to /es/images/graphes-Transactions-mean_tn.png failed for 0:0:0:0:0:FFFF:A9E7:7BCC, reason: 
"mod_esi: Client not authorized to evaluate: images/graphes-Transactions-mean_tn.png"
[01/Dec/2015:02:36:47 -0000] access to /es/images/graphes-Transactions-rate_tn.png failed for 0:0:0:0:0:FFFF:A9E7:7BCC, reason: 
"mod_esi: Client not authorized to evaluate: images/graphes-Transactions-rate_tn.png"
[01/Dec/2015:02:36:47 -0000] access to /es/images/graphes-Perfs-rate_tn.png failed for 0:0:0:0:0:FFFF:A9E7:7BCC, reason: 
"mod_esi: Client not authorized to evaluate: images/graphes-Perfs-rate_tn.png"
[01/Dec/2015:02:36:47 -0000] access to /es/images/graphes-Size-rate_tn.png failed for 0:0:0:0:0:FFFF:A9E7:7BCC, reason: 
"mod_esi: Client not authorized to evaluate: images/graphes-Size-rate_tn.png"
[01/Dec/2015:02:36:47 -0000] access to /es/images/graphes-Users_Arrival-rate_tn.png failed for 0:0:0:0:0:FFFF:A9E7:7BCC, reason: 
"mod_esi: Client not authorized to evaluate: images/graphes-Users_Arrival-rate_tn.png"
[01/Dec/2015:02:36:47 -0000] access to /es/images/graphes-Perfs-mean_tn.png failed for 0:0:0:0:0:FFFF:A9E7:7BCC, reason: 
"mod_esi: Client not authorized to evaluate: images/graphes-Perfs-mean_tn.png"
[01/Dec/2015:02:36:48 -0000] access to /es/images/graphes-Users-simultaneous_tn.png failed for 0:0:0:0:0:FFFF:A9E7:7BCC, reason: 
"mod_esi: Client not authorized to evaluate: images/graphes-Users-simultaneous_tn.png"
[01/Dec/2015:02:36:48 -0000] access to /es/images/graphes-load-mean_tn.png failed for 0:0:0:0:0:FFFF:A9E7:7BCC, reason: 
"mod_esi: Client not authorized to evaluate: images/graphes-load-mean_tn.png"
[01/Dec/2015:02:36:48 -0000] access to /es/images/graphes-freemem-mean_tn.png failed for 0:0:0:0:0:FFFF:A9E7:7BCC, reason: 
"mod_esi: Client not authorized to evaluate: images/graphes-freemem-mean_tn.png"
[01/Dec/2015:02:36:48 -0000] access to /es/images/graphes-cpu-mean_tn.png failed for 0:0:0:0:0:FFFF:A9E7:7BCC, reason: 
"mod_esi: Client not authorized to evaluate: images/graphes-cpu-mean_tn.png"
[01/Dec/2015:02:36:48 -0000] access to /es/images/graphes-HTTP_CODE-rate_tn.png failed for 0:0:0:0:0:FFFF:A9E7:7BCC, reason: 
"mod_esi: Client not authorized to evaluate: images/graphes-HTTP_CODE-rate_tn.png"
[01/Dec/2015:02:39:17 -0000] server crash for 0:0:0:0:0:FFFF:A9E7:7BCC, reason: 
"Error reading request: No request received on keep-alive connection before server side timeout"

[01/Dec/2015:02:39:18 -0000] server crash for 0:0:0:0:0:FFFF:A9E7:7BCC, reason: 
"Error reading request: No request received on keep-alive connection before server side timeout"

[01/Dec/2015:02:39:18 -0000] server crash for 0:0:0:0:0:FFFF:A9E7:7BCC, reason: 
"Error reading request: No request received on keep-alive connection before server side timeout"

[01/Dec/2015:02:39:18 -0000] server crash for 0:0:0:0:0:FFFF:A9E7:7BCC, reason: 
"Error reading request: No request received on keep-alive connection before server side timeout"

[01/Dec/2015:02:39:18 -0000] server crash for 0:0:0:0:0:FFFF:A9E7:7BCC, reason: 
"Error reading request: No request received on keep-alive connection before server side timeout"

[01/Dec/2015:02:39:18 -0000] server crash for 0:0:0:0:0:FFFF:A9E7:7BCC, reason: 
"Error reading request: No request received on keep-alive connection before server side timeout"

[01/Dec/2015:02:40:03 -0000] access to /es/images/graphes-Transactions-mean_tn.png failed for 0:0:0:0:0:FFFF:A9E7:7BCC, reason: 
"mod_esi: Client not authorized to evaluate: images/graphes-Transactions-mean_tn.png"
[01/Dec/2015:02:40:03 -0000] access to /es/images/graphes-Size-rate_tn.png failed for 0:0:0:0:0:FFFF:A9E7:7BCC, reason: 
"mod_esi: Client not authorized to evaluate: images/graphes-Size-rate_tn.png"
[01/Dec/2015:02:40:03 -0000] access to /es/images/graphes-Perfs-mean_tn.png failed for 0:0:0:0:0:FFFF:A9E7:7BCC, reason: 
"mod_esi: Client not authorized to evaluate: images/graphes-Perfs-mean_tn.png"
[01/Dec/2015:02:40:03 -0000] access to /es/images/graphes-Transactions-rate_tn.png failed for 0:0:0:0:0:FFFF:A9E7:7BCC, reason: 
"mod_esi: Client not authorized to evaluate: images/graphes-Transactions-rate_tn.png"
[01/Dec/2015:02:40:03 -0000] access to /es/images/graphes-Perfs-rate_tn.png failed for 0:0:0:0:0:FFFF:A9E7:7BCC, reason: 
"mod_esi: Client not authorized to evaluate: images/graphes-Perfs-rate_tn.png"
[01/Dec/2015:02:40:04 -0000] access to /es/images/graphes-Users_Arrival-rate_tn.png failed for 0:0:0:0:0:FFFF:A9E7:7BCC, reason: 
"mod_esi: Client not authorized to evaluate: images/graphes-Users_Arrival-rate_tn.png"
[01/Dec/2015:02:40:04 -0000] access to /es/images/graphes-Users-simultaneous_tn.png failed for 0:0:0:0:0:FFFF:A9E7:7BCC, reason: 
"mod_esi: Client not authorized to evaluate: images/graphes-Users-simultaneous_tn.png"
[01/Dec/2015:02:40:04 -0000] access to /es/images/graphes-cpu-mean_tn.png failed for 0:0:0:0:0:FFFF:A9E7:7BCC, reason: 
"mod_esi: Client not authorized to evaluate: images/graphes-cpu-mean_tn.png"
[01/Dec/2015:02:40:04 -0000] access to /es/images/graphes-load-mean_tn.png failed for 0:0:0:0:0:FFFF:A9E7:7BCC, reason: 
"mod_esi: Client not authorized to evaluate: images/graphes-load-mean_tn.png"
[01/Dec/2015:02:40:04 -0000] access to /es/images/graphes-freemem-mean_tn.png failed for 0:0:0:0:0:FFFF:A9E7:7BCC, reason: 
"mod_esi: Client not authorized to evaluate: images/graphes-freemem-mean_tn.png"
[01/Dec/2015:02:40:04 -0000] access to /es/images/graphes-Errors-rate_tn.png failed for 0:0:0:0:0:FFFF:A9E7:7BCC, reason: 
"mod_esi: Client not authorized to evaluate: images/graphes-Errors-rate_tn.png"
[01/Dec/2015:02:40:04 -0000] access to /es/images/graphes-HTTP_CODE-rate_tn.png failed for 0:0:0:0:0:FFFF:A9E7:7BCC, reason: 
"mod_esi: Client not authorized to evaluate: images/graphes-HTTP_CODE-rate_tn.png"
[01/Dec/2015:02:41:21 -0000] access to /es/images/graphes-Transactions-mean_tn.png failed for 0:0:0:0:0:FFFF:A9E7:7BCC, reason: 
"mod_esi: Client not authorized to evaluate: images/graphes-Transactions-mean_tn.png"
[01/Dec/2015:02:41:21 -0000] access to /es/images/graphes-Perfs-mean_tn.png failed for 0:0:0:0:0:FFFF:A9E7:7BCC, reason: 
"mod_esi: Client not authorized to evaluate: images/graphes-Perfs-mean_tn.png"
[01/Dec/2015:02:41:22 -0000] access to /es/images/graphes-Transactions-rate_tn.png failed for 0:0:0:0:0:FFFF:A9E7:7BCC, reason: 
"mod_esi: Client not authorized to evaluate: images/graphes-Transactions-rate_tn.png"
[01/Dec/2015:02:41:22 -0000] access to /es/images/graphes-cpu-mean_tn.png failed for 0:0:0:0:0:FFFF:A9E7:7BCC, reason: 
"mod_esi: Client not authorized to evaluate: images/graphes-cpu-mean_tn.png"
[01/Dec/2015:02:41:22 -0000] access to /es/images/graphes-Users-simultaneous_tn.png failed for 0:0:0:0:0:FFFF:A9E7:7BCC, reason: 
"mod_esi: Client not authorized to evaluate: images/graphes-Users-simultaneous_tn.png"
[01/Dec/2015:02:41:22 -0000] access to /es/images/graphes-Size-rate_tn.png failed for 0:0:0:0:0:FFFF:A9E7:7BCC, reason: 
"mod_esi: Client not authorized to evaluate: images/graphes-Size-rate_tn.png"
[01/Dec/2015:02:41:22 -0000] access to /es/images/graphes-Users_Arrival-rate_tn.png failed for 0:0:0:0:0:FFFF:A9E7:7BCC, reason: 
"mod_esi: Client not authorized to evaluate: images/graphes-Users_Arrival-rate_tn.png"
[01/Dec/2015:02:41:22 -0000] access to /es/images/graphes-Perfs-rate_tn.png failed for 0:0:0:0:0:FFFF:A9E7:7BCC, reason: 
"mod_esi: Client not authorized to evaluate: images/graphes-Perfs-rate_tn.png"
[01/Dec/2015:02:41:22 -0000] access to /es/images/graphes-HTTP_CODE-rate_tn.png failed for 0:0:0:0:0:FFFF:A9E7:7BCC, reason: 
"mod_esi: Client not authorized to evaluate: images/graphes-HTTP_CODE-rate_tn.png"
[01/Dec/2015:02:41:22 -0000] access to /es/images/graphes-load-mean_tn.png failed for 0:0:0:0:0:FFFF:A9E7:7BCC, reason: 
"mod_esi: Client not authorized to evaluate: images/graphes-load-mean_tn.png"
[01/Dec/2015:02:41:22 -0000] access to /es/images/graphes-freemem-mean_tn.png failed for 0:0:0:0:0:FFFF:A9E7:7BCC, reason: 
"mod_esi: Client not authorized to evaluate: images/graphes-freemem-mean_tn.png"
[01/Dec/2015:02:41:22 -0000] access to /es/images/graphes-Errors-rate_tn.png failed for 0:0:0:0:0:FFFF:A9E7:7BCC, reason: 
"mod_esi: Client not authorized to evaluate: images/graphes-Errors-rate_tn.png"
[01/Dec/2015:02:41:22 -0000] access to /es/images/graphes-Transactions-mean_tn.png failed for 0:0:0:0:0:FFFF:A9E7:7BCC, reason: 
"mod_esi: Client not authorized to evaluate: images/graphes-Transactions-mean_tn.png"
[01/Dec/2015:02:41:22 -0000] access to /es/images/graphes-Perfs-mean_tn.png failed for 0:0:0:0:0:FFFF:A9E7:7BCC, reason: 
"mod_esi: Client not authorized to evaluate: images/graphes-Perfs-mean_tn.png"
[01/Dec/2015:02:42:53 -0000] access to /es/images/graphes-Transactions-mean_tn.png failed for 0:0:0:0:0:FFFF:A9E7:7BCC, reason: 
"mod_esi: Client not authorized to evaluate: images/graphes-Transactions-mean_tn.png"
[01/Dec/2015:02:42:53 -0000] access to /es/images/graphes-Perfs-mean_tn.png failed for 0:0:0:0:0:FFFF:A9E7:7BCC, reason: 
"mod_esi: Client not authorized to evaluate: images/graphes-Perfs-mean_tn.png"
[01/Dec/2015:02:42:53 -0000] access to /es/images/graphes-Transactions-rate_tn.png failed for 0:0:0:0:0:FFFF:A9E7:7BCC, reason: 
"mod_esi: Client not authorized to evaluate: images/graphes-Transactions-rate_tn.png"
[01/Dec/2015:02:42:53 -0000] access to /es/images/graphes-Perfs-rate_tn.png failed for 0:0:0:0:0:FFFF:A9E7:7BCC, reason: 
"mod_esi: Client not authorized to evaluate: images/graphes-Perfs-rate_tn.png"
[01/Dec/2015:02:42:53 -0000] access to /es/images/graphes-Size-rate_tn.png failed for 0:0:0:0:0:FFFF:A9E7:7BCC, reason: 
"mod_esi: Client not authorized to evaluate: images/graphes-Size-rate_tn.png"
[01/Dec/2015:02:42:53 -0000] access to /es/images/graphes-Users_Arrival-rate_tn.png failed for 0:0:0:0:0:FFFF:A9E7:7BCC, reason: 
"mod_esi: Client not authorized to evaluate: images/graphes-Users_Arrival-rate_tn.png"
[01/Dec/2015:02:42:53 -0000] access to /es/images/graphes-freemem-mean_tn.png failed for 0:0:0:0:0:FFFF:A9E7:7BCC, reason: 
"mod_esi: Client not authorized to evaluate: images/graphes-freemem-mean_tn.png"
[01/Dec/2015:02:42:53 -0000] access to /es/images/graphes-Users-simultaneous_tn.png failed for 0:0:0:0:0:FFFF:A9E7:7BCC, reason: 
"mod_esi: Client not authorized to evaluate: images/graphes-Users-simultaneous_tn.png"
[01/Dec/2015:02:42:53 -0000] access to /es/images/graphes-cpu-mean_tn.png failed for 0:0:0:0:0:FFFF:A9E7:7BCC, reason: 
"mod_esi: Client not authorized to evaluate: images/graphes-cpu-mean_tn.png"
[01/Dec/2015:02:42:53 -0000] access to /es/images/graphes-load-mean_tn.png failed for 0:0:0:0:0:FFFF:A9E7:7BCC, reason: 
"mod_esi: Client not authorized to evaluate: images/graphes-load-mean_tn.png"
[01/Dec/2015:02:42:53 -0000] access to /es/images/graphes-HTTP_CODE-rate_tn.png failed for 0:0:0:0:0:FFFF:A9E7:7BCC, reason: 
"mod_esi: Client not authorized to evaluate: images/graphes-HTTP_CODE-rate_tn.png"
[01/Dec/2015:02:42:53 -0000] access to /es/images/graphes-Errors-rate_tn.png failed for 0:0:0:0:0:FFFF:A9E7:7BCC, reason: 
"mod_esi: Client not authorized to evaluate: images/graphes-Errors-rate_tn.png"
[01/Dec/2015:02:42:53 -0000] access to /es/images/graphes-Transactions-mean_tn.png failed for 0:0:0:0:0:FFFF:A9E7:7BCC, reason: 
"mod_esi: Client not authorized to evaluate: images/graphes-Transactions-mean_tn.png"
[01/Dec/2015:02:42:53 -0000] access to /es/images/graphes-Transactions-rate_tn.png failed for 0:0:0:0:0:FFFF:A9E7:7BCC, reason: 
"mod_esi: Client not authorized to evaluate: images/graphes-Transactions-rate_tn.png"
[01/Dec/2015:02:42:53 -0000] access to /es/images/graphes-Perfs-rate_tn.png failed for 0:0:0:0:0:FFFF:A9E7:7BCC, reason: 
"mod_esi: Client not authorized to evaluate: images/graphes-Perfs-rate_tn.png"
[01/Dec/2015:02:42:53 -0000] access to /es/images/graphes-Users_Arrival-rate_tn.png failed for 0:0:0:0:0:FFFF:A9E7:7BCC, reason: 
"mod_esi: Client not authorized to evaluate: images/graphes-Users_Arrival-rate_tn.png"
[01/Dec/2015:02:42:53 -0000] access to /es/images/graphes-Users-simultaneous_tn.png failed for 0:0:0:0:0:FFFF:A9E7:7BCC, reason: 
"mod_esi: Client not authorized to evaluate: images/graphes-Users-simultaneous_tn.png"
[01/Dec/2015:02:42:53 -0000] access to /es/images/graphes-cpu-mean_tn.png failed for 0:0:0:0:0:FFFF:A9E7:7BCC, reason: 
"mod_esi: Client not authorized to evaluate: images/graphes-cpu-mean_tn.png"
[01/Dec/2015:02:42:54 -0000] access to /es/images/graphes-load-mean_tn.png failed for 0:0:0:0:0:FFFF:A9E7:7BCC, reason: 
"mod_esi: Client not authorized to evaluate: images/graphes-load-mean_tn.png"
[01/Dec/2015:02:42:54 -0000] access to /es/images/graphes-HTTP_CODE-rate_tn.png failed for 0:0:0:0:0:FFFF:A9E7:7BCC, reason: 
"mod_esi: Client not authorized to evaluate: images/graphes-HTTP_CODE-rate_tn.png"
[01/Dec/2015:02:42:54 -0000] access to /es/images/graphes-Errors-rate_tn.png failed for 0:0:0:0:0:FFFF:A9E7:7BCC, reason: 
"mod_esi: Client not authorized to evaluate: images/graphes-Errors-rate_tn.png"
