
=INFO REPORT==== 1-Dec-2015::02:32:37 ===
    ts_config_server:(5:<0.72.0>) Config server started, logdir is "/home/ec2-user/.tsung/log/20151201-0232"
 
=INFO REPORT==== 1-Dec-2015::02:32:37 ===
              ts_mon:(5:<0.54.0>) starting monitor, global 

=INFO REPORT==== 1-Dec-2015::02:32:37 ===
           ts_config:(5:<0.72.0>) Reading config file: simple.xml

=INFO REPORT==== 1-Dec-2015::02:32:37 ===
      ts_config_http:(4:<0.72.0>) Get user agent: 100 "Mozilla/5.0 (Windows; U; Windows NT 5.2; fr-FR; rv:1.7.8) Gecko/20050511 Firefox/1.0.4" 

=INFO REPORT==== 1-Dec-2015::02:32:37 ===
           ts_config:(5:<0.72.0>) Session name for id 1 is "probable-note-creator-navigation"

=INFO REPORT==== 1-Dec-2015::02:32:37 ===
           ts_config:(5:<0.72.0>) Session name for id 2 is "probable-user-navigation-1"

=INFO REPORT==== 1-Dec-2015::02:32:37 ===
           ts_config:(5:<0.72.0>) Session name for id 3 is "probable-user-navigation-2"

=INFO REPORT==== 1-Dec-2015::02:32:37 ===
    ts_config_server:(4:<0.72.0>) SYSINFO:Tsung version: 1.6.0

=INFO REPORT==== 1-Dec-2015::02:32:37 ===
    ts_config_server:(4:<0.72.0>) SYSINFO:Erlang version: Erlang R14B04 (erts-5.8.5) [source] [64-bit] [smp:8:8] [rq:8] [async-threads:8] [kernel-poll:true]


=INFO REPORT==== 1-Dec-2015::02:32:37 ===
    ts_config_server:(4:<0.72.0>) SYSINFO:System architecture x86_64-redhat-linux-gnu

=INFO REPORT==== 1-Dec-2015::02:32:37 ===
    ts_config_server:(4:<0.72.0>) SYSINFO:Current path: /usr/lib/erlang/lib/tsung-1.6.0/ebin/tsung.beam

=INFO REPORT==== 1-Dec-2015::02:32:37 ===
              ts_mon:(5:<0.73.0>) Activate clients with text backend

=INFO REPORT==== 1-Dec-2015::02:32:37 ===
              ts_mon:(5:<0.73.0>) Starting tsung clients on hosts: [localhost]

=INFO REPORT==== 1-Dec-2015::02:32:37 ===
    ts_config_server:(5:<0.72.0>) Start a launcher on the controller beam localhost

=INFO REPORT==== 1-Dec-2015::02:32:37 ===
  ts_launcher_static:(5:<0.128.0>) Launch msg receive ("localhost")

=INFO REPORT==== 1-Dec-2015::02:32:37 ===
         ts_launcher:(5:<0.129.0>) Launch msg receive ("localhost")

=INFO REPORT==== 1-Dec-2015::02:32:37 ===
    ts_config_server:(5:<0.72.0>) All remote beams started, syncing 

=INFO REPORT==== 1-Dec-2015::02:32:37 ===
    ts_config_server:(5:<0.72.0>) Undefined ports_range config 

=INFO REPORT==== 1-Dec-2015::02:32:37 ===
    ts_config_server:(5:<0.72.0>) New arrival phase 1 for client "localhost" (last ? true): will start 30 users

=INFO REPORT==== 1-Dec-2015::02:32:37 ===
    ts_config_server:(5:<0.72.0>) New arrival phase 2 for client "localhost" (last ? true): will start 60 users

=INFO REPORT==== 1-Dec-2015::02:32:37 ===
    ts_config_server:(5:<0.72.0>) New arrival phase 3 for client "localhost" (last ? true): will start 120 users

=INFO REPORT==== 1-Dec-2015::02:32:37 ===
    ts_config_server:(5:<0.72.0>) New arrival phase 4 for client "localhost" (last ? true): will start 240 users

=INFO REPORT==== 1-Dec-2015::02:32:37 ===
    ts_config_server:(5:<0.72.0>) New arrival phase 5 for client "localhost" (last ? true): will start 480 users

=INFO REPORT==== 1-Dec-2015::02:32:37 ===
    ts_config_server:(5:<0.72.0>) New arrival phase 6 for client "localhost" (last ? true): will start 700 users

=INFO REPORT==== 1-Dec-2015::02:32:37 ===
    ts_config_server:(5:<0.72.0>) New arrival phase 7 for client "localhost" (last ? true): will start 1400 users

=INFO REPORT==== 1-Dec-2015::02:32:37 ===
    ts_config_server:(5:<0.72.0>) New arrival phase 8 for client "localhost" (last ? true): will start 1750 users

=INFO REPORT==== 1-Dec-2015::02:32:37 ===
    ts_config_server:(5:<0.72.0>) New arrival phase 9 for client "localhost" (last ? true): will start 350 users

=INFO REPORT==== 1-Dec-2015::02:32:37 ===
    ts_config_server:(5:<0.72.0>) New arrival phase 10 for client "localhost" (last ? true): will start 350 users

=INFO REPORT==== 1-Dec-2015::02:32:37 ===
    ts_config_server:(5:<0.72.0>) New arrival phase 11 for client "localhost" (last ? true): will start 700 users

=INFO REPORT==== 1-Dec-2015::02:32:37 ===
    ts_config_server:(5:<0.72.0>) New arrival phase 12 for client "localhost" (last ? true): will start 16800 users

=INFO REPORT==== 1-Dec-2015::02:32:37 ===
    ts_config_server:(5:<0.72.0>) New arrival phase 13 for client "localhost" (last ? true): will start 35000 users

=INFO REPORT==== 1-Dec-2015::02:32:37 ===
    ts_config_server:(5:<0.72.0>) New arrival phase 14 for client "localhost" (last ? true): will start 52500 users

=INFO REPORT==== 1-Dec-2015::02:32:37 ===
    ts_config_server:(5:<0.72.0>) New arrival phase 15 for client "localhost" (last ? true): will start 70000 users

=INFO REPORT==== 1-Dec-2015::02:32:37 ===
    ts_config_server:(5:<0.72.0>) New arrival phase 16 for client "localhost" (last ? true): will start 140000 users

=INFO REPORT==== 1-Dec-2015::02:32:37 ===
         ts_launcher:(5:<0.129.0>) Expected duration of first phase: 30.0 sec (30 users) 

=INFO REPORT==== 1-Dec-2015::02:32:37 ===
         ts_launcher:(5:<0.129.0>) Activate launcher (30 users) in 1016 msec 

=INFO REPORT==== 1-Dec-2015::02:33:11 ===
         ts_launcher:(5:<0.129.0>) Phase duration exceeded, but not all users were launched (3 users, 10.0% of phase)

=INFO REPORT==== 1-Dec-2015::02:33:11 ===
         ts_launcher:(5:<0.129.0>) Start a new arrival phase (60 users, 0.002); expected duration=30.0 sec

=INFO REPORT==== 1-Dec-2015::02:33:40 ===
         ts_launcher:(4:<0.129.0>) Need to wait 0.12 sec before changing phase, going to sleep

=INFO REPORT==== 1-Dec-2015::02:33:41 ===
         ts_launcher:(5:<0.129.0>) Waking up

=INFO REPORT==== 1-Dec-2015::02:33:41 ===
         ts_launcher:(5:<0.129.0>) Start a new arrival phase (120 users, 0.004); expected duration=30.0 sec

=INFO REPORT==== 1-Dec-2015::02:34:08 ===
         ts_launcher:(4:<0.129.0>) Need to wait 2.322 sec before changing phase, going to sleep

=INFO REPORT==== 1-Dec-2015::02:34:11 ===
         ts_launcher:(5:<0.129.0>) Waking up

=INFO REPORT==== 1-Dec-2015::02:34:11 ===
         ts_launcher:(5:<0.129.0>) Start a new arrival phase (240 users, 0.008); expected duration=30.0 sec

=INFO REPORT==== 1-Dec-2015::02:34:41 ===
         ts_launcher:(5:<0.129.0>) Phase duration exceeded, but not all users were launched (12 users, 5.0% of phase)

=INFO REPORT==== 1-Dec-2015::02:34:41 ===
         ts_launcher:(5:<0.129.0>) Start a new arrival phase (480 users, 0.016); expected duration=30.0 sec

=INFO REPORT==== 1-Dec-2015::02:35:10 ===
         ts_launcher:(4:<0.129.0>) Need to wait 0.847 sec before changing phase, going to sleep

=INFO REPORT==== 1-Dec-2015::02:35:11 ===
         ts_launcher:(5:<0.129.0>) Waking up

=INFO REPORT==== 1-Dec-2015::02:35:11 ===
         ts_launcher:(5:<0.129.0>) Start a new arrival phase (700 users, 0.02); expected duration=35.0 sec

=INFO REPORT==== 1-Dec-2015::02:35:46 ===
         ts_launcher:(4:<0.129.0>) Need to wait 0.129 sec before changing phase, going to sleep

=INFO REPORT==== 1-Dec-2015::02:35:46 ===
         ts_launcher:(5:<0.129.0>) Waking up

=INFO REPORT==== 1-Dec-2015::02:35:46 ===
         ts_launcher:(5:<0.129.0>) Start a new arrival phase (1400 users, 0.04); expected duration=35.0 sec

=INFO REPORT==== 1-Dec-2015::02:36:21 ===
         ts_launcher:(5:<0.129.0>) Phase duration exceeded, but not all users were launched (66 users, 4.7% of phase)

=INFO REPORT==== 1-Dec-2015::02:36:21 ===
         ts_launcher:(5:<0.129.0>) Start a new arrival phase (1750 users, 0.05); expected duration=35.0 sec

=INFO REPORT==== 1-Dec-2015::02:36:56 ===
         ts_launcher:(5:<0.129.0>) Phase duration exceeded, but not all users were launched (42 users, 2.4% of phase)

=INFO REPORT==== 1-Dec-2015::02:36:56 ===
         ts_launcher:(5:<0.129.0>) Start a new arrival phase (350 users, 0.01); expected duration=35.0 sec

=INFO REPORT==== 1-Dec-2015::02:37:31 ===
         ts_launcher:(4:<0.129.0>) Need to wait 0.089 sec before changing phase, going to sleep

=INFO REPORT==== 1-Dec-2015::02:37:31 ===
         ts_launcher:(5:<0.129.0>) Waking up

=INFO REPORT==== 1-Dec-2015::02:37:31 ===
         ts_launcher:(5:<0.129.0>) Start a new arrival phase (350 users, 0.01); expected duration=35.0 sec

=INFO REPORT==== 1-Dec-2015::02:38:05 ===
         ts_launcher:(4:<0.129.0>) Need to wait 0.913 sec before changing phase, going to sleep

=INFO REPORT==== 1-Dec-2015::02:38:06 ===
         ts_launcher:(5:<0.129.0>) Waking up

=INFO REPORT==== 1-Dec-2015::02:38:06 ===
         ts_launcher:(5:<0.129.0>) Start a new arrival phase (700 users, 0.02); expected duration=35.0 sec

=INFO REPORT==== 1-Dec-2015::02:38:40 ===
         ts_launcher:(4:<0.129.0>) Need to wait 0.451 sec before changing phase, going to sleep

=INFO REPORT==== 1-Dec-2015::02:38:41 ===
         ts_launcher:(5:<0.129.0>) Waking up

=INFO REPORT==== 1-Dec-2015::02:38:41 ===
         ts_launcher:(5:<0.129.0>) Start a new arrival phase (16800 users, 0.48); expected duration=35.0 sec

=INFO REPORT==== 1-Dec-2015::02:39:16 ===
         ts_launcher:(5:<0.129.0>) Phase duration exceeded, but not all users were launched (447 users, 2.7% of phase)

=INFO REPORT==== 1-Dec-2015::02:39:16 ===
         ts_launcher:(5:<0.129.0>) Start a new arrival phase (35000 users, 1.0); expected duration=35.0 sec

=INFO REPORT==== 1-Dec-2015::02:39:51 ===
         ts_launcher:(4:<0.129.0>) Phase duration exceeded, more than 20% (57.7%) of users were not launched in time (20195 users), tsung may be overloaded !

=INFO REPORT==== 1-Dec-2015::02:39:51 ===
         ts_launcher:(5:<0.129.0>) Start a new arrival phase (52500 users, 1.5); expected duration=35.0 sec

=INFO REPORT==== 1-Dec-2015::02:40:26 ===
         ts_launcher:(4:<0.129.0>) Phase duration exceeded, more than 20% (72.0%) of users were not launched in time (37780 users), tsung may be overloaded !

=INFO REPORT==== 1-Dec-2015::02:40:26 ===
         ts_launcher:(5:<0.129.0>) Start a new arrival phase (70000 users, 2.0); expected duration=35.0 sec

=INFO REPORT==== 1-Dec-2015::02:41:01 ===
         ts_launcher:(4:<0.129.0>) Phase duration exceeded, more than 20% (79.0%) of users were not launched in time (55277 users), tsung may be overloaded !

=INFO REPORT==== 1-Dec-2015::02:41:01 ===
         ts_launcher:(5:<0.129.0>) Start a new arrival phase (140000 users, 4.0); expected duration=35.0 sec

=INFO REPORT==== 1-Dec-2015::02:41:36 ===
         ts_launcher:(4:<0.129.0>) Phase duration exceeded, more than 20% (91.4%) of users were not launched in time (128000 users), tsung may be overloaded !

=INFO REPORT==== 1-Dec-2015::02:41:36 ===
         ts_launcher:(5:<0.129.0>) This was the last phase, wait for connected users to finish their session

=INFO REPORT==== 1-Dec-2015::02:41:36 ===
     ts_launcher_mgr:(5:<0.123.0>) Still 7599 active client(s)

=INFO REPORT==== 1-Dec-2015::02:42:46 ===
     ts_launcher_mgr:(5:<0.123.0>) No more active users 'tsung_controller@ip-172-30-3-241' "8653"
