# stats: dump at 1448937167
stats: users 9 9
stats: {load,"tsung_controller@ip-172-30-3-241"} 1 0.2890625 0 0.2890625 0.2890625 0 0
stats: {freemem,"tsung_controller@ip-172-30-3-241"} 1 29460.3046875 0 29460.3046875 29460.3046875 0 0
stats: {cpu,"tsung_controller@ip-172-30-3-241"} 1 0.43620984536595225 0 0.43620984536595225 0.43620984536595225 0 0
stats: session 2 3798.0865478515625 2332.0614013671875 6130.14794921875 1466.025146484375 0 0
stats: users_count 11 11
stats: finish_users_count 2 2
stats: request 25 41.510859375 39.016209925993735 108.43994140625 8.81103515625 0 0
stats: connect 11 8.160267223011363 21.208299468479304 75.223876953125 1.10791015625 0 0
stats: page 25 41.510859375 39.016209925993735 108.43994140625 8.81103515625 0 0
stats: 302 3 3
stats: 200 22 22
stats: size_rcv 136432 136432
stats: size_sent 13225 13225
stats: connected 9 9
# stats: dump at 1448937177
stats: users 13 13
stats: {load,"tsung_controller@ip-172-30-3-241"} 1 0.25 0.0 0.2890625 0.25 0.2890625 1
stats: {freemem,"tsung_controller@ip-172-30-3-241"} 1 29459.9453125 0.0 29460.3046875 29459.9453125 29460.3046875 1
stats: {recvpackets,"tsung_controller@ip-172-30-3-241"} 1 178 0 178 178 0 0
stats: {sentpackets,"tsung_controller@ip-172-30-3-241"} 1 129 0 129 129 0 0
stats: {cpu,"tsung_controller@ip-172-30-3-241"} 1 0.22360248447204967 0.0 0.43620984536595225 0.22360248447204967 0.43620984536595225 1
stats: session 3 9196.634928385416 4047.615840151432 12495.8818359375 1466.025146484375 3798.0865478515625 2
stats: users_count 7 18
stats: finish_users_count 3 5
stats: request 64 59.97784423828125 54.51803870563972 320.693115234375 8.81103515625 41.510859375 25
stats: connect 6 1.3748372395833333 0.22821310365492373 75.223876953125 1.0859375 8.160267223011363 11
stats: 302 16 19
stats: page 62 61.91833889868952 56.29255385066218 339.09912109375 8.81103515625 41.510859375 25
stats: 200 48 70
stats: size_rcv 557188 693620
stats: size_sent 61474 74699
stats: connected 3 12
# stats: dump at 1448937187
stats: users 13 14
stats: {load,"tsung_controller@ip-172-30-3-241"} 1 0.2109375 0.0 0.2890625 0.2109375 0.26953125 2
stats: {freemem,"tsung_controller@ip-172-30-3-241"} 1 29454.859375 0.0 29460.3046875 29454.859375 29460.125 2
stats: {recvpackets,"tsung_controller@ip-172-30-3-241"} 1 879.0 0.0 879 178 178.0 1
stats: {sentpackets,"tsung_controller@ip-172-30-3-241"} 1 600.0 0.0 600 129 129.0 1
stats: {cpu,"tsung_controller@ip-172-30-3-241"} 1 1.0186335403726707 0.0 1.0186335403726707 0.22360248447204967 0.32990616491900093 2
stats: session 7 11665.218784877232 7549.010767158282 23347.157958984375 579.972900390625 7037.215576171875 5
stats: users_count 7 25
stats: finish_users_count 7 12
stats: request 71 54.37365550726233 58.8355930649035 399.15087890625 8.81103515625 54.79048893960674 89
stats: connect 8 1.41485595703125 0.2416187422125074 75.223876953125 1.02197265625 5.765409581801471 17
stats: 302 23 42
stats: page 69 55.95356020720109 61.50286252286315 422.494873046875 8.81103515625 56.05412064475575 87
stats: 200 48 118
stats: size_rcv 521112 1214732
stats: size_sent 65276 139975
stats: connected 2 14
# stats: dump at 1448937197
stats: users 22 23
stats: {load,"tsung_controller@ip-172-30-3-241"} 1 0.1796875 0.0 0.2890625 0.1796875 0.25 3
stats: {freemem,"tsung_controller@ip-172-30-3-241"} 1 29455.71484375 0.0 29460.3046875 29454.859375 29458.369791666668 3
stats: {recvpackets,"tsung_controller@ip-172-30-3-241"} 1 464.0 0.0 879 178 528.5 2
stats: {sentpackets,"tsung_controller@ip-172-30-3-241"} 1 300.0 0.0 600 129 364.5 2
stats: {cpu,"tsung_controller@ip-172-30-3-241"} 1 0.18628912071535023 0.0 1.0186335403726707 0.18628912071535023 0.5594819567368908 3
stats: session 5 13999.864306640626 8750.403183674101 27398.94482421875 579.972900390625 9736.884114583334 12
stats: users_count 14 39
stats: finish_users_count 5 17
stats: request 90 49.77446560329861 41.213074384918464 399.15087890625 8.81103515625 54.6055191040039 160
stats: page 90 49.77446560329861 41.213074384918464 422.494873046875 8.81103515625 56.009641989683495 156
stats: connect 13 1.5615985576923077 0.7285065394318415 75.223876953125 0.8359375 4.373232421875 25
stats: 302 24 66
stats: 200 66 184
stats: size_rcv 660686 1875418
stats: newphase 1 1
stats: size_sent 78480 218455
stats: connected 7 21
# stats: dump at 1448937207
stats: users 29 30
stats: {load,"tsung_controller@ip-172-30-3-241"} 1 0.1484375 0.0 0.2890625 0.1484375 0.232421875 4
stats: {freemem,"tsung_controller@ip-172-30-3-241"} 1 29453.875 0.0 29460.3046875 29453.875 29457.7060546875 4
stats: {recvpackets,"tsung_controller@ip-172-30-3-241"} 1 652.0 0.0 879 178 507.0 3
stats: {sentpackets,"tsung_controller@ip-172-30-3-241"} 1 392.0 0.0 600 129 343.0 3
stats: {cpu,"tsung_controller@ip-172-30-3-241"} 1 0.1987824574481302 0.0 1.0186335403726707 0.18628912071535023 0.46618374773150567 4
stats: session 17 15857.909150965073 10446.449767882674 35620.18505859375 579.972900390625 10990.701818129595 17
stats: users_count 24 63
stats: finish_users_count 17 34
stats: request 146 54.36741659086044 62.62292693856286 399.15087890625 8.81103515625 52.86633984375 250
stats: 302 43 109
stats: connect 24 1.3311258951822917 0.23841130484779705 75.223876953125 0.8359375 3.4113576788651314 38
stats: page 138 57.52651756397191 66.51730055603906 422.494873046875 8.81103515625 53.72847989710366 246
stats: 200 103 287
stats: size_rcv 1058401 2933819
stats: newphase 0 1
stats: size_sent 126814 345269
stats: connected 7 28
# stats: dump at 1448937217
stats: users 25 30
stats: {load,"tsung_controller@ip-172-30-3-241"} 1 0.12890625 0.0 0.2890625 0.12890625 0.215625 5
stats: {freemem,"tsung_controller@ip-172-30-3-241"} 1 29451.35546875 0.0 29460.3046875 29451.35546875 29456.93984375 5
stats: {recvpackets,"tsung_controller@ip-172-30-3-241"} 1 1315.0 0.0 1315 178 543.25 4
stats: {sentpackets,"tsung_controller@ip-172-30-3-241"} 1 865.0 0.0 865 129 355.25 4
stats: {cpu,"tsung_controller@ip-172-30-3-241"} 1 1.266923363557322 0.0 1.266923363557322 0.18628912071535023 0.4127034896748306 5
stats: session 15 14349.180924479168 6917.343890883841 35620.18505859375 579.972900390625 13424.305484547334 34
stats: users_count 11 74
stats: finish_users_count 15 49
stats: 302 38 147
stats: request 137 65.50001069229018 69.53861208215801 399.66796875 8.81103515625 53.41976712930082 396
stats: connect 12 1.4202067057291667 0.26750998700692175 75.223876953125 0.8359375 2.606106665826613 62
stats: page 129 69.56824203609501 73.93586527962647 423.8759765625 8.81103515625 55.09339968363444 384
stats: 200 99 386
stats: size_rcv 1167731 4101550
stats: newphase 0 1
stats: size_sent 129286 474555
stats: connected -2 26
# stats: dump at 1448937227
stats: users 48 49
stats: {load,"tsung_controller@ip-172-30-3-241"} 1 0.109375 0.0 0.2890625 0.109375 0.201171875 6
stats: {freemem,"tsung_controller@ip-172-30-3-241"} 1 29450.76171875 0.0 29460.3046875 29450.76171875 29456.009114583332 6
stats: {recvpackets,"tsung_controller@ip-172-30-3-241"} 1 1083.0 0.0 1315 178 697.6 5
stats: {sentpackets,"tsung_controller@ip-172-30-3-241"} 1 633.0 0.0 865 129 457.2 5
stats: {cpu,"tsung_controller@ip-172-30-3-241"} 1 0.24853982850751832 0.0 1.266923363557322 0.18628912071535023 0.5550734686552459 6
stats: session 21 13345.023530505952 9914.474446299553 41308.970947265625 579.972900390625 13707.430619220344 49
stats: users_count 44 118
stats: finish_users_count 21 70
stats: request 207 43.796378462786855 42.90430815322641 399.66796875 8.038818359375 56.524820352808405 533
stats: 302 49 196
stats: connect 43 1.2756801871366283 0.2356184231158316 75.223876953125 0.735107421875 2.413798564189189 74
stats: page 205 44.22481659679878 43.56447565743654 423.8759765625 8.038818359375 58.73327232197248 513
stats: 200 158 544
stats: size_rcv 1462708 5564258
stats: newphase 1 2
stats: size_sent 169367 643922
stats: connected 21 47
# stats: dump at 1448937237
stats: users 70 70
stats: {load,"tsung_controller@ip-172-30-3-241"} 1 0.08984375 0.0 0.2890625 0.08984375 0.18805803571428573 7
stats: {freemem,"tsung_controller@ip-172-30-3-241"} 1 29446.41015625 0.0 29460.3046875 29446.41015625 29455.25948660714 7
stats: {recvpackets,"tsung_controller@ip-172-30-3-241"} 1 1548.0 0.0 1548 178 761.8333333333334 6
stats: {sentpackets,"tsung_controller@ip-172-30-3-241"} 1 1062.0 0.0 1062 129 486.5 6
stats: {cpu,"tsung_controller@ip-172-30-3-241"} 1 0.28617643399278336 0.0 1.266923363557322 0.18628912071535023 0.5112829486341419 7
stats: session 28 12497.226222446987 8076.915548932844 41308.970947265625 579.972900390625 13598.708492606027 70
stats: users_count 50 168
stats: finish_users_count 28 98
stats: request 333 56.32959277637012 62.512169598948525 407.801025390625 8.038818359375 52.96429674303211 740
stats: connect 48 1.2754821777343748 0.22058322555692542 75.223876953125 0.735107421875 1.9955157418536327 117
stats: page 316 59.366261156299444 66.18472842792048 432.153076171875 8.038818359375 54.59088593804405 718
stats: 302 84 280
stats: 200 249 793
stats: size_rcv 2682120 8246378
stats: newphase 0 2
stats: size_sent 290532 934454
stats: connected 20 67
# stats: dump at 1448937247
stats: users 65 73
stats: {load,"tsung_controller@ip-172-30-3-241"} 1 0.078125 0.0 0.2890625 0.078125 0.17578125 8
stats: {freemem,"tsung_controller@ip-172-30-3-241"} 1 29435.1875 0.0 29460.3046875 29435.1875 29454.1533203125 8
stats: {recvpackets,"tsung_controller@ip-172-30-3-241"} 1 2678.0 0.0 2678 178 874.1428571428571 7
stats: {sentpackets,"tsung_controller@ip-172-30-3-241"} 1 1670.0 0.0 1670 129 568.7142857142857 7
stats: {cpu,"tsung_controller@ip-172-30-3-241"} 1 0.42335948200722207 0.0 1.266923363557322 0.18628912071535023 0.4831446343039721 8
stats: session 41 14318.515547589557 7437.946512709997 41308.970947265625 579.972900390625 13283.999272560586 98
stats: users_count 36 204
stats: finish_users_count 41 139
stats: request 387 61.48898969941053 69.97591911333477 412.924072265625 8.038818359375 54.008698960274934 1073
stats: 302 125 405
stats: connect 36 1.3111775716145833 0.23126676211593636 75.223876953125 0.735107421875 1.7860514322916667 165
stats: page 360 66.10960218641492 75.07726796435344 439.361083984375 8.038818359375 56.05028494091514 1034
stats: 200 262 1055
stats: size_rcv 3005551 11251929
stats: newphase 0 2
stats: size_sent 365718 1300172
stats: connected -2 65
# stats: dump at 1448937257
stats: users 97 97
stats: {load,"tsung_controller@ip-172-30-3-241"} 1 0.05859375 0.0 0.2890625 0.05859375 0.16493055555555555 9
stats: {freemem,"tsung_controller@ip-172-30-3-241"} 1 29432.32421875 0.0 29460.3046875 29432.32421875 29452.046006944445 9
stats: {recvpackets,"tsung_controller@ip-172-30-3-241"} 1 2815.0 0.0 2815 178 1099.625 8
stats: {sentpackets,"tsung_controller@ip-172-30-3-241"} 1 1742.0 0.0 1742 129 706.375 8
stats: {cpu,"tsung_controller@ip-172-30-3-241"} 1 0.559631886581271 0.0 1.266923363557322 0.18628912071535023 0.4765018396043332 9
stats: session 33 15693.264256332859 9231.803906770983 41308.970947265625 579.972900390625 13589.144360878485 139
stats: users_count 65 269
stats: finish_users_count 33 172
stats: request 399 51.995356433074875 58.1575056662273 412.924072265625 8.038818359375 55.99148835482663 1460
stats: connect 64 1.362415313720703 0.33604720156899665 75.223876953125 0.735107421875 1.7009993975435322 201
stats: page 383 54.1729191314458 61.07428870494482 439.361083984375 8.038818359375 58.64810001148897 1394
stats: 302 100 505
stats: 200 299 1354
stats: size_rcv 3065671 14317600
stats: newphase 1 3
stats: size_sent 347593 1647765
stats: connected 29 94
# stats: dump at 1448937267
stats: users 112 124
stats: {load,"tsung_controller@ip-172-30-3-241"} 1 0.05078125 0.0 0.2890625 0.05078125 0.154296875 10
stats: {freemem,"tsung_controller@ip-172-30-3-241"} 1 29427.73046875 0.0 29460.3046875 29427.73046875 29450.073828125 10
stats: {recvpackets,"tsung_controller@ip-172-30-3-241"} 1 3092.0 0.0 3092 178 1290.2222222222222 9
stats: {sentpackets,"tsung_controller@ip-172-30-3-241"} 1 1999.0 0.0 1999 129 821.4444444444445 9
stats: {cpu,"tsung_controller@ip-172-30-3-241"} 1 0.5843590699987568 0.0 1.266923363557322 0.18628912071535023 0.4848148443020269 10
stats: session 50 16693.487895507813 9479.34771679891 41308.970947265625 579.972900390625 13992.841782680778 172
stats: users_count 65 334
stats: finish_users_count 50 222
stats: request 601 53.751224359141034 53.12449311354715 412.924072265625 7.762939453125 55.13379247705419 1859
stats: connect 69 1.3188688858695652 0.24233962899807676 75.223876953125 0.735107421875 1.619228147110849 265
stats: page 583 55.41345026399015 55.20377211407816 439.361083984375 7.762939453125 57.68355624274585 1777
stats: 302 179 684
stats: 200 422 1776
stats: size_rcv 4623374 18940974
stats: newphase 0 3
stats: size_sent 550640 2198405
stats: connected 19 113
# stats: dump at 1448937277
stats: users 112 124
stats: {load,"tsung_controller@ip-172-30-3-241"} 1 0.05078125 0.0 0.2890625 0.05078125 0.14488636363636365 11
stats: {freemem,"tsung_controller@ip-172-30-3-241"} 1 29418.4453125 0.0 29460.3046875 29418.4453125 29448.042613636364 11
stats: {recvpackets,"tsung_controller@ip-172-30-3-241"} 1 4737.0 0.0 4737 178 1470.4 10
stats: {sentpackets,"tsung_controller@ip-172-30-3-241"} 1 2981.0 0.0 2981 129 939.2 10
stats: {cpu,"tsung_controller@ip-172-30-3-241"} 1 0.7459903021260723 0.0 1.266923363557322 0.18628912071535023 0.49386431936536607 11
stats: session 80 15717.243951416016 8751.985575274008 44414.10693359375 579.972900390625 14601.095411695876 222
stats: users_count 80 414
stats: finish_users_count 80 302
stats: request 574 51.834554320013076 62.22243573410412 412.924072265625 7.762939453125 54.79601872141768 2460
stats: connect 77 1.2989200740665583 0.2322043835017702 75.223876953125 0.725830078125 1.557177880566991 334
stats: page 546 54.49742713341346 66.01161546944468 439.361083984375 7.762939453125 57.12276311324815 2360
stats: 302 174 858
stats: 200 400 2176
stats: size_rcv 4197230 23138204
stats: newphase 0 3
stats: size_sent 512986 2711391
stats: connected -1 112
# stats: dump at 1448937287
stats: users 168 169
stats: {load,"tsung_controller@ip-172-30-3-241"} 1 0.0390625 0.0 0.2890625 0.0390625 0.13704427083333334 12
stats: {freemem,"tsung_controller@ip-172-30-3-241"} 1 29420.83984375 0.0 29460.3046875 29418.4453125 29445.576171875 12
stats: {recvpackets,"tsung_controller@ip-172-30-3-241"} 1 4613.0 0.0 4737 178 1767.3636363636363 11
stats: {sentpackets,"tsung_controller@ip-172-30-3-241"} 1 3101.0 0.0 3101 129 1124.8181818181818 11
stats: {cpu,"tsung_controller@ip-172-30-3-241"} 1 1.841712294673967 0.0 1.841712294673967 0.18628912071535023 0.5148748179287582 12
stats: session 79 13003.276101414162 8676.817873013008 44414.10693359375 528.89892578125 14896.763899038959 302
stats: users_count 135 549
stats: finish_users_count 79 381
stats: request 794 54.35954841978904 59.15924834955549 412.924072265625 7.762939453125 54.235741672503295 3034
stats: connect 134 1.205783217700559 0.2521180976457094 75.223876953125 0.66796875 1.5087938146289537 411
stats: page 762 56.64624696265998 62.0655969871419 439.361083984375 7.762939453125 56.62949627051252 2906
stats: 302 198 1056
stats: 200 596 2772
stats: size_rcv 6018457 29156661
stats: newphase 1 4
stats: size_sent 678943 3390334
stats: connected 54 166
# stats: dump at 1448937297
stats: users 230 230
stats: {load,"tsung_controller@ip-172-30-3-241"} 1 0.109375 0.0 0.2890625 0.0390625 0.12950721153846154 13
stats: {freemem,"tsung_controller@ip-172-30-3-241"} 1 29415.76953125 0.0 29460.3046875 29415.76953125 29443.673377403848 13
stats: {recvpackets,"tsung_controller@ip-172-30-3-241"} 1 6155.0 0.0 6155 178 2004.5 12
stats: {sentpackets,"tsung_controller@ip-172-30-3-241"} 1 4003.0 0.0 4003 129 1289.5 12
stats: {cpu,"tsung_controller@ip-172-30-3-241"} 1 1.231037055458841 0.0 1.841712294673967 0.18628912071535023 0.6169392392168511 13
stats: session 99 12451.973822699652 8559.697402069296 44414.10693359375 528.89892578125 14504.150943625944 381
stats: users_count 161 710
stats: finish_users_count 99 480
stats: request 1093 57.313241579940545 60.59275697127768 429.509033203125 7.762939453125 54.26142154641784 3828
stats: connect 156 1.206602438902243 0.23497430094643465 75.223876953125 0.66796875 1.4342921265768347 545
stats: page 1047 59.83526687111986 63.601417382054805 454.587890625 7.762939453125 56.63297610350498 3668
stats: 302 275 1331
stats: 200 818 3590
stats: size_rcv 8418914 37575575
stats: newphase 0 4
stats: size_sent 956474 4346808
stats: connected 57 223
# stats: dump at 1448937307
stats: users 260 278
stats: {load,"tsung_controller@ip-172-30-3-241"} 1 0.171875 0.0 0.2890625 0.0390625 0.12806919642857142 14
stats: {freemem,"tsung_controller@ip-172-30-3-241"} 1 29399.84765625 0.0 29460.3046875 29399.84765625 29441.680245535714 14
stats: {recvpackets,"tsung_controller@ip-172-30-3-241"} 1 8642.0 0.0 8642 178 2323.769230769231 13
stats: {sentpackets,"tsung_controller@ip-172-30-3-241"} 1 5605.0 0.0 5605 129 1498.2307692307693 13
stats: {cpu,"tsung_controller@ip-172-30-3-241"} 1 1.5151515151515151 0.0 1.841712294673967 0.18628912071535023 0.6608033689484218 14
stats: session 137 14116.545018105611 8328.317550395992 44414.10693359375 528.89892578125 14080.889412434895 480
stats: users_count 167 877
stats: finish_users_count 137 617
stats: request 1249 50.70285525295238 51.70957089657476 429.509033203125 7.762939453125 54.939259241325445 4921
stats: connect 173 1.1980347385296237 0.24065285820059126 75.223876953125 0.66796875 1.3836222388774961 701
stats: page 1222 51.8248650633567 53.40421357492267 454.587890625 7.762939453125 57.344068030057 4715
stats: 302 354 1685
stats: 200 895 4485
stats: size_rcv 9179786 46755361
stats: newphase 0 4
stats: size_sent 1116524 5463332
stats: connected 40 263
# stats: dump at 1448937317
stats: users 258 278
stats: {load,"tsung_controller@ip-172-30-3-241"} 1 0.1484375 0.0 0.2890625 0.0390625 0.13098958333333333 15
stats: {freemem,"tsung_controller@ip-172-30-3-241"} 1 29389.18359375 0.0 29460.3046875 29389.18359375 29438.89140625 15
stats: {recvpackets,"tsung_controller@ip-172-30-3-241"} 1 9314.0 0.0 9314 178 2775.0714285714284 14
stats: {sentpackets,"tsung_controller@ip-172-30-3-241"} 1 6173.0 0.0 6173 129 1791.5714285714287 14
stats: {cpu,"tsung_controller@ip-172-30-3-241"} 1 1.639751552795031 0.0 1.841712294673967 0.18628912071535023 0.7177599120286281 15
stats: session 160 14521.086891174316 8510.504015797089 44414.10693359375 317.991943359375 14088.806459399058 617
stats: users_count 158 1035
stats: finish_users_count 160 777
stats: request 1318 57.194220535671946 64.73126756456071 494.345947265625 7.762939453125 54.08167924432739 6170
stats: connect 160 1.212702941894531 0.32492774772550576 75.223876953125 0.66796875 1.3468869556278602 874
stats: page 1250 60.30985468749998 68.71601150794403 521.31689453125 7.762939453125 56.20806229899623 5937
stats: 302 385 2070
stats: 200 933 5418
stats: size_rcv 10232951 56988312
stats: newphase 1 5
stats: size_sent 1198149 6661481
stats: connected -6 257
# stats: dump at 1448937327
stats: users 297 298
stats: {load,"tsung_controller@ip-172-30-3-241"} 1 0.12109375 0.0 0.2890625 0.0390625 0.132080078125 16
stats: {freemem,"tsung_controller@ip-172-30-3-241"} 1 29385.89453125 0.0 29460.3046875 29385.89453125 29435.78466796875 16
stats: {recvpackets,"tsung_controller@ip-172-30-3-241"} 1 10287.0 0.0 10287 178 3211.0 15
stats: {sentpackets,"tsung_controller@ip-172-30-3-241"} 1 6586.0 0.0 6586 129 2083.6666666666665 15
stats: {cpu,"tsung_controller@ip-172-30-3-241"} 1 1.7883755588673622 0.0 1.841712294673967 0.18628912071535023 0.7753843895765283 16
stats: session 174 15030.085353807472 9247.182918791956 44414.10693359375 244.92919921875 14177.821734925496 777
stats: users_count 213 1248
stats: finish_users_count 174 951
stats: request 1493 53.3687517660541 56.85643371152202 494.345947265625 7.762939453125 54.62953306670882 7488
stats: connect 213 1.246557961047535 0.24888408514992072 75.223876953125 0.66796875 1.326123471878022 1034
stats: page 1446 55.10595618705699 59.287376047723725 521.31689453125 7.762939453125 56.921467125158706 7187
stats: 302 413 2483
stats: 200 1080 6498
stats: size_rcv 11094188 68082500
stats: newphase 0 5
stats: size_sent 1324489 7985970
stats: connected 40 297
# stats: dump at 1448937337
stats: users 322 323
stats: {load,"tsung_controller@ip-172-30-3-241"} 1 0.109375 0.0 0.2890625 0.0390625 0.13143382352941177 17
stats: {freemem,"tsung_controller@ip-172-30-3-241"} 1 29385.265625 0.0 29460.3046875 29385.265625 29432.84995404412 17
stats: {recvpackets,"tsung_controller@ip-172-30-3-241"} 1 11264.0 0.0 11264 178 3653.25 16
stats: {sentpackets,"tsung_controller@ip-172-30-3-241"} 1 7373.0 0.0 7373 129 2365.0625 16
stats: {cpu,"tsung_controller@ip-172-30-3-241"} 1 1.9142324425108763 0.0 1.9142324425108763 0.18628912071535023 0.8349721054171656 17
stats: session 185 15252.540394056163 9777.2281154543 48801.808837890625 244.92919921875 14333.756403364468 951
stats: users_count 210 1458
stats: finish_users_count 185 1136
stats: request 1690 56.56096393652923 61.434007048248596 494.345947265625 7.72509765625 54.419940985439744 8981
stats: connect 206 1.2498530415655333 0.30746461979064965 75.223876953125 0.66796875 1.3125328914394545 1247
stats: page 1617 59.11809400606832 64.66599172633316 521.31689453125 7.72509765625 56.61737482624812 8633
stats: 302 487 2970
stats: 200 1203 7701
stats: size_rcv 12799721 80882221
stats: newphase 0 5
stats: size_sent 1530467 9516437
stats: connected 25 322
# stats: dump at 1448937347
stats: users 347 350
stats: {load,"tsung_controller@ip-172-30-3-241"} 1 0.16015625 0.0 0.2890625 0.0390625 0.13020833333333334 18
stats: {freemem,"tsung_controller@ip-172-30-3-241"} 1 29381.6953125 0.0 29460.3046875 29381.6953125 29430.206380208332 18
stats: {recvpackets,"tsung_controller@ip-172-30-3-241"} 1 12731.0 0.0 12731 178 4100.941176470588 17
stats: {sentpackets,"tsung_controller@ip-172-30-3-241"} 1 8288.0 0.0 8288 129 2659.6470588235293 17
stats: {cpu,"tsung_controller@ip-172-30-3-241"} 1 2.10016155088853 0.0 2.10016155088853 0.18628912071535023 0.8949310130334829 18
stats: session 190 15622.183097759045 9143.353843946354 48801.808837890625 244.92919921875 14483.38231734155 1136
stats: users_count 215 1673
stats: finish_users_count 190 1326
stats: request 1727 52.215425333399665 54.92122148835995 494.345947265625 7.72509765625 54.759021557770474 10671
stats: 302 527 3497
stats: page 1681 53.64653070507697 57.08418613177918 521.31689453125 7.72509765625 57.01187852515244 10250
stats: connect 216 1.3095104076244215 0.82998737179768 75.223876953125 0.66796875 1.3036464158207155 1453
stats: 200 1200 8901
stats: size_rcv 12730535 93612756
stats: newphase 1 6
stats: size_sent 1575836 11092273
stats: connected 27 349
# stats: dump at 1448937357
stats: users 484 485
stats: {load,"tsung_controller@ip-172-30-3-241"} 1 0.21875 0.0 0.2890625 0.0390625 0.1317845394736842 19
stats: {freemem,"tsung_controller@ip-172-30-3-241"} 1 29365.98828125 0.0 29460.3046875 29365.98828125 29427.65316611842 19
stats: {recvpackets,"tsung_controller@ip-172-30-3-241"} 1 12943.0 0.0 12943 178 4580.388888888889 18
stats: {sentpackets,"tsung_controller@ip-172-30-3-241"} 1 8587.0 0.0 8587 129 2972.3333333333335 18
stats: {cpu,"tsung_controller@ip-172-30-3-241"} 1 2.1560319042871385 0.0 2.1560319042871385 0.18628912071535023 0.9583641992363802 19
stats: session 244 14427.963549004226 9762.469594082264 59078.177001953125 244.92919921875 14646.558899754313 1326
stats: users_count 381 2054
stats: finish_users_count 244 1570
stats: connect 383 1.238139100236619 0.2592349770947 75.223876953125 0.66796875 1.3044053266832683 1669
stats: request 2304 54.64703803592258 59.99428532771193 494.345947265625 7.72509765625 54.40470709741491 12398
stats: page 2224 56.615858558270524 62.7971507989093 521.31689453125 7.72509765625 56.537722990365175 11931
stats: 302 584 4081
stats: 200 1720 10621
stats: size_rcv 17115482 110728238
stats: newphase 0 6
stats: size_sent 1969349 13061622
stats: connected 134 483
# stats: dump at 1448937367
stats: users 574 575
stats: {load,"tsung_controller@ip-172-30-3-241"} 1 0.26171875 0.0 0.2890625 0.0390625 0.1361328125 20
stats: {freemem,"tsung_controller@ip-172-30-3-241"} 1 29342.63671875 0.0 29460.3046875 29342.63671875 29424.569921875 20
stats: {recvpackets,"tsung_controller@ip-172-30-3-241"} 1 19058.0 0.0 19058 178 5020.526315789473 19
stats: {sentpackets,"tsung_controller@ip-172-30-3-241"} 1 12588.0 0.0 12588 129 3267.842105263158 19
stats: {cpu,"tsung_controller@ip-172-30-3-241"} 1 3.5190251181298184 0.0 3.5190251181298184 0.18628912071535023 1.018247584488918 20
stats: session 291 13546.599414733671 8431.276396000529 59078.177001953125 244.92919921875 14612.586119128186 1570
stats: users_count 381 2435
stats: finish_users_count 291 1861
stats: request 2947 60.178160689101205 66.59744256640391 494.345947265625 7.72509765625 54.44268359600841 14702
stats: connect 378 1.2051653180803577 0.2947724034276738 75.223876953125 0.66796875 1.2920369228192006 2052
stats: page 2821 62.86952020698547 70.37227076094089 573.81494140625 7.72509765625 56.549999465322536 14155
stats: 302 840 4921
stats: 200 2107 12728
stats: size_rcv 22150857 132879095
stats: newphase 0 6
stats: size_sent 2657899 15719521
stats: connected 87 570
# stats: dump at 1448937377
stats: users 593 623
stats: {load,"tsung_controller@ip-172-30-3-241"} 1 0.21875 0.0 0.2890625 0.0390625 0.14211309523809523 21
stats: {freemem,"tsung_controller@ip-172-30-3-241"} 1 29317.09375 0.0 29460.3046875 29317.09375 29420.66834077381 21
stats: {recvpackets,"tsung_controller@ip-172-30-3-241"} 1 22712.0 0.0 22712 178 5722.4 20
stats: {sentpackets,"tsung_controller@ip-172-30-3-241"} 1 14761.0 0.0 14761 129 3733.85 20
stats: {cpu,"tsung_controller@ip-172-30-3-241"} 1 3.9447486311597806 0.0 3.9447486311597806 0.18628912071535023 1.1373322289480086 21
stats: session 354 14859.918218407929 8973.773745120685 59078.177001953125 244.92919921875 14445.900395872515 1861
stats: users_count 373 2808
stats: finish_users_count 354 2215
stats: connect 377 1.2140627590351454 0.2689168723185009 75.223876953125 0.66796875 1.2785235620820472 2430
stats: page 3121 59.956441432533644 65.6016048064355 573.81494140625 7.72509765625 57.60015073842757 16976
stats: request 3233 57.97728163120071 62.86863109399362 494.345947265625 7.72509765625 55.400383805274906 17649
stats: 302 962 5883
stats: 200 2271 14999
stats: size_rcv 24186665 157065760
stats: newphase 0 6
stats: size_sent 2957976 18677497
stats: connected 25 595
# stats: dump at 1448937387
stats: users 672 682
stats: {load,"tsung_controller@ip-172-30-3-241"} 1 0.19140625 0.0 0.2890625 0.0390625 0.1455965909090909 22
stats: {freemem,"tsung_controller@ip-172-30-3-241"} 1 29298.2890625 0.0 29460.3046875 29298.2890625 29415.960404829544 22
stats: {recvpackets,"tsung_controller@ip-172-30-3-241"} 1 24353.0 0.0 24353 178 6531.428571428572 21
stats: {sentpackets,"tsung_controller@ip-172-30-3-241"} 1 16037.0 0.0 16037 129 4258.952380952381 21
stats: {cpu,"tsung_controller@ip-172-30-3-241"} 1 4.238872958483979 0.0 4.238872958483979 0.18628912071535023 1.26494206541218 22
stats: session 403 14782.722763478016 9111.881587228547 59078.177001953125 244.92919921875 14512.068481279981 2215
stats: users_count 482 3290
stats: finish_users_count 403 2618
stats: request 3361 58.37509443106592 65.62354933924682 494.345947265625 7.72509765625 55.79934514380657 20882
stats: connect 480 1.123861185709635 0.2712512140253098 75.223876953125 0.656005859375 1.2698660192431865 2807
stats: page 3232 60.808894695621944 69.29619550389275 573.81494140625 7.72509765625 57.96607516776056 20097
stats: 302 950 6833
stats: 200 2411 17410
stats: size_rcv 24597602 181663362
stats: newphase 1 7
stats: size_sent 2979689 21657186
stats: connected 75 670
# stats: dump at 1448937397
stats: users 723 724
stats: {load,"tsung_controller@ip-172-30-3-241"} 1 0.16015625 0.0 0.2890625 0.0390625 0.1475883152173913 23
stats: {freemem,"tsung_controller@ip-172-30-3-241"} 1 29278.48046875 0.0 29460.3046875 29278.48046875 29410.844259510868 23
stats: {recvpackets,"tsung_controller@ip-172-30-3-241"} 1 25357.0 0.0 25357 178 7341.5 22
stats: {sentpackets,"tsung_controller@ip-172-30-3-241"} 1 16834.0 0.0 16834 129 4794.318181818182 22
stats: {cpu,"tsung_controller@ip-172-30-3-241"} 1 4.553961322520275 0.0 4.553961322520275 0.18628912071535023 1.3942434085892148 23
stats: session 431 14558.807196880438 9446.2702694891 59078.177001953125 244.92919921875 14553.731459020932 2618
stats: users_count 482 3772
stats: finish_users_count 431 3049
stats: request 3628 59.787516365766244 64.10988169145243 494.345947265625 7.72509765625 56.15644176363409 24243
stats: connect 485 1.1641702239046396 0.2605456837969597 75.223876953125 0.656005859375 1.248544960497794 3287
stats: page 3497 62.030123476372616 66.95161425958504 573.81494140625 7.72509765625 58.3599194265821 23329
stats: 302 1024 7857
stats: 200 2604 20014
stats: size_rcv 27131257 208794619
stats: newphase 0 7
stats: size_sent 3252625 24909811
stats: connected 54 724
# stats: dump at 1448937407
stats: users 759 770
stats: {load,"tsung_controller@ip-172-30-3-241"} 1 0.2109375 0.0 0.2890625 0.0390625 0.14811197916666666 24
stats: {freemem,"tsung_controller@ip-172-30-3-241"} 1 29272.09765625 0.0 29460.3046875 29272.09765625 29405.3291015625 24
stats: {recvpackets,"tsung_controller@ip-172-30-3-241"} 1 28949.0 0.0 28949 178 8124.782608695652 23
stats: {sentpackets,"tsung_controller@ip-172-30-3-241"} 1 18865.0 0.0 18865 129 5317.782608695652 23
stats: {cpu,"tsung_controller@ip-172-30-3-241"} 1 4.9881531363012845 0.0 4.9881531363012845 0.18628912071535023 1.5258983216696755 24
stats: session 468 14741.755472819008 8962.555503938202 59078.177001953125 244.92919921875 14554.448954270996 3049
stats: users_count 504 4276
stats: finish_users_count 468 3517
stats: connect 481 1.2322812784238577 0.8056809904729465 75.223876953125 0.656005859375 1.2376961409729583 3772
stats: request 3751 64.71370329891216 71.34250565499777 531.7998046875 7.72509765625 56.62910290448069 27871
stats: page 3580 67.78215652551073 75.53435836066046 583.531982421875 7.72509765625 58.838362115097624 26826
stats: 302 1069 8926
stats: 200 2682 22696
stats: size_rcv 28097707 236892326
stats: newphase 0 7
stats: size_sent 3360714 28270525
stats: connected 38 762
# stats: dump at 1448937417
stats: users 670 771
stats: {load,"tsung_controller@ip-172-30-3-241"} 1 0.25 0.0 0.2890625 0.0390625 0.150625 25
stats: {freemem,"tsung_controller@ip-172-30-3-241"} 1 29249.21875 0.0 29460.3046875 29249.21875 29399.99984375 25
stats: {recvpackets,"tsung_controller@ip-172-30-3-241"} 1 31006.0 0.0 31006 178 8992.458333333334 24
stats: {sentpackets,"tsung_controller@ip-172-30-3-241"} 1 20085.0 0.0 20085 129 5882.25 24
stats: {cpu,"tsung_controller@ip-172-30-3-241"} 1 7.484355444305383 0.0 7.484355444305383 0.18628912071535023 1.66438851425494 25
stats: session 478 15137.6686695051 9286.661086625709 59078.177001953125 244.92919921875 14579.373449772978 3517
stats: users_count 389 4665
stats: finish_users_count 478 3995
stats: request 3748 63.79444297375251 69.35568134080185 560.928955078125 7.72509765625 57.58809778397953 31622
stats: connect 410 1.2738013290777428 1.7410019534372647 75.223876953125 0.656005859375 1.2370837382252233 4253
stats: page 3598 66.46743620044987 73.04709801083568 594.552978515625 7.72509765625 59.891403751264136 30406
stats: 302 1130 10056
stats: 200 2618 25314
stats: size_rcv 27909967 264802293
stats: newphase 1 8
stats: size_sent 3433651 31704176
stats: connected -78 684
# stats: dump at 1448937427
stats: users 386 771
stats: {load,"tsung_controller@ip-172-30-3-241"} 1 0.2890625 0.0 0.2890625 0.0390625 0.1544471153846154 26
stats: {freemem,"tsung_controller@ip-172-30-3-241"} 1 29238.75 0.0 29460.3046875 29238.75 29394.20057091346 26
stats: {recvpackets,"tsung_controller@ip-172-30-3-241"} 1 26615.0 0.0 31006 178 9873.0 25
stats: {sentpackets,"tsung_controller@ip-172-30-3-241"} 1 17109.0 0.0 20085 129 6450.36 25
stats: {cpu,"tsung_controller@ip-172-30-3-241"} 1 4.83689538807649 0.0 7.484355444305383 0.18628912071535023 1.8882333961799571 26
stats: session 383 17700.298807089363 8416.711951169016 59078.177001953125 244.92919921875 14646.173228254067 3995
stats: users_count 99 4764
stats: finish_users_count 383 4378
stats: connect 97 1.2495972938144333 0.27078054443822674 75.223876953125 0.656005859375 1.2403121774809671 4663
stats: request 2552 60.09935729406476 68.95976486546117 643.758056640625 7.72509765625 58.24575630168575 35370
stats: page 2424 63.3013265376831 73.22038786188288 664.89697265625 7.72509765625 60.58722085372767 34004
stats: 302 958 11014
stats: 200 1594 26908
stats: size_rcv 19665717 284468010
stats: newphase 0 8
stats: size_sent 2598148 34302324
stats: connected -296 388
# stats: dump at 1448937437
stats: users 218 771
stats: {load,"tsung_controller@ip-172-30-3-241"} 1 0.23828125 0.0 0.2890625 0.0390625 0.15943287037037038 27
stats: {freemem,"tsung_controller@ip-172-30-3-241"} 1 29252.87109375 0.0 29460.3046875 29238.75 29388.44314236111 27
stats: {recvpackets,"tsung_controller@ip-172-30-3-241"} 1 15795.0 0.0 31006 178 10516.923076923076 26
stats: {sentpackets,"tsung_controller@ip-172-30-3-241"} 1 10124.0 0.0 20085 129 6860.307692307692 26
stats: {cpu,"tsung_controller@ip-172-30-3-241"} 1 2.857855984025958 0.0 7.484355444305383 0.18628912071535023 1.9974430995835324 27
stats: session 273 21262.981290600674 8723.817642929127 59078.177001953125 244.92919921875 14913.356895840618 4378
stats: users_count 105 4869
stats: finish_users_count 273 4651
stats: request 1356 46.74291794138314 58.503806060355096 643.758056640625 4.823974609375 58.370496287249566 37922
stats: 302 545 11559
stats: connect 108 1.2607602719907403 0.35773361885109517 75.223876953125 0.656005859375 1.240501390986082 4760
stats: page 1308 48.461419435086945 61.92289192101868 664.89697265625 4.823974609375 60.76782347198582 36428
stats: 200 811 27719
stats: size_rcv 9348746 293816756
stats: newphase 0 8
stats: size_sent 1319111 35621435
stats: connected -153 235
# stats: dump at 1448937447
stats: users 174 771
stats: {load,"tsung_controller@ip-172-30-3-241"} 1 0.19921875 0.0 0.2890625 0.0390625 0.16224888392857142 28
stats: {freemem,"tsung_controller@ip-172-30-3-241"} 1 29281.55078125 0.0 29460.3046875 29238.75 29383.60128348214 28
stats: {recvpackets,"tsung_controller@ip-172-30-3-241"} 1 8423.0 0.0 31006 178 10712.407407407407 27
stats: {sentpackets,"tsung_controller@ip-172-30-3-241"} 1 5747.0 0.0 20085 129 6981.185185185185 27
stats: {cpu,"tsung_controller@ip-172-30-3-241"} 1 1.6677037958929681 0.0 7.484355444305383 0.18628912071535023 2.028172131170762 28
stats: session 143 20637.9537737653 11103.72701915573 59078.177001953125 244.92919921875 15286.06114433976 4651
stats: users_count 99 4968
stats: finish_users_count 143 4794
stats: request 948 51.329973051819636 60.833266638083145 643.758056640625 4.823974609375 57.96907574045506 39278
stats: connect 93 1.353381741431451 1.2901550066066954 75.223876953125 0.656005859375 1.2409508484939915 4868
stats: page 907 53.65385435329383 64.41201539156391 664.89697265625 4.823974609375 60.341260601510314 37736
stats: 302 327 11886
stats: 200 621 28340
stats: size_rcv 6849186 300665942
stats: newphase 0 8
stats: size_sent 887179 36508614
stats: connected -66 169
# stats: dump at 1448937457
stats: users 148 771
stats: {load,"tsung_controller@ip-172-30-3-241"} 1 0.171875 0.0 0.2890625 0.0390625 0.1635237068965517 29
stats: {freemem,"tsung_controller@ip-172-30-3-241"} 1 29317.3203125 0.0 29460.3046875 29238.75 29380.08230064655 29
stats: {recvpackets,"tsung_controller@ip-172-30-3-241"} 1 6326.0 0.0 31006 178 10630.642857142857 28
stats: {sentpackets,"tsung_controller@ip-172-30-3-241"} 1 4192.0 0.0 20085 129 6937.107142857143 28
stats: {cpu,"tsung_controller@ip-172-30-3-241"} 1 1.2419274714356683 0.0 7.484355444305383 0.18628912071535023 2.015742188574976 29
stats: session 119 18095.33575695903 11109.244946775769 59078.177001953125 244.92919921875 15445.702497282573 4794
stats: users_count 93 5061
stats: finish_users_count 119 4913
stats: request 807 52.28843021510994 57.57850980925374 643.758056640625 4.823974609375 57.81261302109876 40226
stats: connect 99 1.2206390072601014 0.23649763837004853 75.223876953125 0.656005859375 1.243058502806264 4961
stats: page 784 53.82491691745057 60.24391731828798 664.89697265625 4.823974609375 60.18429873345834 38643
stats: 302 256 12142
stats: 200 551 28891
stats: size_rcv 5866962 306532904
stats: newphase 1 9
stats: size_sent 732743 37241357
stats: connected -15 154
# stats: dump at 1448937467
stats: users 166 771
stats: {load,"tsung_controller@ip-172-30-3-241"} 1 0.1484375 0.0 0.2890625 0.0390625 0.16380208333333332 30
stats: {freemem,"tsung_controller@ip-172-30-3-241"} 1 29339.3046875 0.0 29460.3046875 29238.75 29377.990234375 30
stats: {recvpackets,"tsung_controller@ip-172-30-3-241"} 1 5779.0 0.0 31006 178 10482.206896551725 29
stats: {sentpackets,"tsung_controller@ip-172-30-3-241"} 1 3808.0 0.0 20085 129 6842.448275862069 29
stats: {cpu,"tsung_controller@ip-172-30-3-241"} 1 1.0689869484151646 0.0 7.484355444305383 0.18628912071535023 1.9899483646703324 30
stats: session 84 15861.842110770089 10226.976081952404 59078.177001953125 244.92919921875 15509.88046551003 4913
stats: users_count 102 5163
stats: finish_users_count 84 4997
stats: request 742 49.362900232690365 51.66658579342122 643.758056640625 4.823974609375 57.703968380823056 41033
stats: connect 96 1.2326609293619792 0.23545325518292828 75.223876953125 0.656005859375 1.2426198605021 5060
stats: page 724 50.59234248208734 53.495687453339244 664.89697265625 4.823974609375 60.05784337688163 39427
stats: 302 216 12358
stats: 200 526 29417
stats: size_rcv 5458079 311990983
stats: newphase 0 9
stats: size_sent 668870 37910227
stats: connected 8 162
# stats: dump at 1448937477
stats: users 161 771
stats: {load,"tsung_controller@ip-172-30-3-241"} 1 0.12109375 0.0 0.2890625 0.0390625 0.16330645161290322 31
stats: {freemem,"tsung_controller@ip-172-30-3-241"} 1 29352.3671875 0.0 29460.3046875 29238.75 29376.742313508064 31
stats: {recvpackets,"tsung_controller@ip-172-30-3-241"} 1 5180.0 0.0 31006 178 10325.433333333332 30
stats: {sentpackets,"tsung_controller@ip-172-30-3-241"} 1 3413.0 0.0 20085 129 6741.3 30
stats: {cpu,"tsung_controller@ip-172-30-3-241"} 1 1.044516289480229 0.0 7.484355444305383 0.18628912071535023 1.9602399318879076 31
stats: session 109 16854.693975326125 10902.886675179841 59078.177001953125 244.92919921875 15515.796971053725 4997
stats: users_count 104 5267
stats: finish_users_count 109 5106
stats: request 839 53.56129384637586 58.01301392542319 643.758056640625 4.823974609375 57.55581583585802 41775
stats: connect 108 1.2001048900462967 0.23494250172186346 75.223876953125 0.656005859375 1.2424344343210583 5156
stats: page 804 55.89684026158271 61.02974169847846 664.89697265625 4.823974609375 59.887162132383835 40151
stats: 302 246 12604
stats: 200 593 30010
stats: size_rcv 6335237 318326220
stats: newphase 0 9
stats: size_sent 752765 38662992
stats: connected -1 161
# stats: dump at 1448937487
stats: users 177 771
stats: {load,"tsung_controller@ip-172-30-3-241"} 1 0.1015625 0.0 0.2890625 0.0390625 0.1619873046875 32
stats: {freemem,"tsung_controller@ip-172-30-3-241"} 1 29367.04296875 0.0 29460.3046875 29238.75 29375.980590820313 32
stats: {recvpackets,"tsung_controller@ip-172-30-3-241"} 1 6523.0 0.0 31006 178 10159.451612903225 31
stats: {sentpackets,"tsung_controller@ip-172-30-3-241"} 1 4302.0 0.0 20085 129 6633.935483870968 31
stats: {cpu,"tsung_controller@ip-172-30-3-241"} 1 1.2173913043478262 0.0 7.484355444305383 0.18628912071535023 1.9316235680626677 32
stats: session 107 14652.01797057535 8765.467178910394 59078.177001953125 244.92919921875 15544.37898700862 5106
stats: users_count 123 5390
stats: finish_users_count 107 5213
stats: request 939 55.19904636955872 59.54987135219937 643.758056640625 4.823974609375 57.47717022762656 42614
stats: connect 117 1.222071981837607 0.23421704429703816 75.223876953125 0.656005859375 1.2415659710266673 5264
stats: page 906 56.85005669667495 61.585153781480386 664.89697265625 4.823974609375 59.80882691607022 40955
stats: 302 272 12876
stats: 200 667 30677
stats: size_rcv 7168542 325494762
stats: newphase 1 10
stats: size_sent 860586 39523578
stats: connected 12 173
# stats: dump at 1448937497
stats: users 263 771
stats: {load,"tsung_controller@ip-172-30-3-241"} 1 0.08984375 0.0 0.2890625 0.0390625 0.16015625 33
stats: {freemem,"tsung_controller@ip-172-30-3-241"} 1 29369.84375 0.0 29460.3046875 29238.75 29375.70975378788 33
stats: {recvpackets,"tsung_controller@ip-172-30-3-241"} 1 7802.0 0.0 31006 178 10045.8125 32
stats: {sentpackets,"tsung_controller@ip-172-30-3-241"} 1 5055.0 0.0 20085 129 6561.0625 32
stats: {cpu,"tsung_controller@ip-172-30-3-241"} 1 1.4559482329517173 0.0 7.484355444305383 0.18628912071535023 1.909980166131915 33
stats: session 121 13688.860654216167 9991.22734376242 59078.177001953125 244.92919921875 15526.062733650024 5213
stats: users_count 207 5597
stats: finish_users_count 121 5334
stats: connect 207 1.2342169572765702 0.29886838902103324 75.223876953125 0.656005859375 1.2411421098976727 5381
stats: request 1250 52.01717421875004 55.27777197170436 643.758056640625 4.823974609375 57.4280540174292 43553
stats: page 1213 53.87738162903183 58.24455744173813 664.89697265625 4.823974609375 59.744790084203515 41861
stats: 302 328 13204
stats: 200 922 31599
stats: size_rcv 9117511 334612273
stats: newphase 0 10
stats: size_sent 1069401 40592979
stats: connected 84 257
# stats: dump at 1448937507
stats: users 294 771
stats: {load,"tsung_controller@ip-172-30-3-241"} 1 0.078125 0.0 0.2890625 0.0390625 0.15808823529411764 34
stats: {freemem,"tsung_controller@ip-172-30-3-241"} 1 29367.828125 0.0 29460.3046875 29238.75 29375.537224264706 34
stats: {recvpackets,"tsung_controller@ip-172-30-3-241"} 1 9832.0 0.0 31006 178 9977.818181818182 33
stats: {sentpackets,"tsung_controller@ip-172-30-3-241"} 1 6409.0 0.0 20085 129 6515.424242424242 33
stats: {cpu,"tsung_controller@ip-172-30-3-241"} 1 1.7421602787456445 0.0 7.484355444305383 0.18628912071535023 1.896626285744262 34
stats: session 167 13945.384015660089 9019.510974671979 59078.177001953125 244.92919921875 15484.386421011948 5334
stats: users_count 198 5795
stats: finish_users_count 167 5501
stats: request 1517 56.52092753481376 61.74451291757726 643.758056640625 4.823974609375 57.27709091789682 44803
stats: connect 199 1.2133862672738698 0.2440233122837462 75.223876953125 0.656005859375 1.2408855768639275 5588
stats: page 1454 58.97352635778456 64.71569124138826 664.89697265625 4.823974609375 59.57955893650134 43074
stats: 302 423 13627
stats: 200 1094 32693
stats: size_rcv 11512417 346124690
stats: newphase 0 10
stats: size_sent 1352158 41945137
stats: connected 32 289
# stats: dump at 1448937517
stats: users 314 771
stats: {load,"tsung_controller@ip-172-30-3-241"} 1 0.05859375 0.0 0.2890625 0.0390625 0.15580357142857143 35
stats: {freemem,"tsung_controller@ip-172-30-3-241"} 1 29362.72265625 0.0 29460.3046875 29238.75 29375.316964285714 35
stats: {recvpackets,"tsung_controller@ip-172-30-3-241"} 1 12187.0 0.0 31006 178 9973.529411764706 34
stats: {sentpackets,"tsung_controller@ip-172-30-3-241"} 1 7908.0 0.0 20085 129 6512.294117647059 34
stats: {cpu,"tsung_controller@ip-172-30-3-241"} 1 2.2133797562795325 0.0 7.484355444305383 0.18628912071535023 1.8922129712585871 35
stats: session 179 14470.93497539499 9263.315221446634 59078.177001953125 244.92919921875 15437.665206379379 5501
stats: users_count 199 5994
stats: finish_users_count 179 5680
stats: request 1602 56.971068421553134 62.34618614920697 643.758056640625 4.823974609375 57.252326240605434 46320
stats: connect 203 1.2117685402555423 0.2434670600849898 75.223876953125 0.656005859375 1.2399399465531582 5787
stats: page 1530 59.65590245863971 65.61462375964176 664.89697265625 4.823974609375 59.55976978429477 44528
stats: 302 440 14067
stats: 200 1162 33855
stats: size_rcv 12268758 358393448
stats: newphase 0 10
stats: size_sent 1442001 43387138
stats: connected 25 314
# stats: dump at 1448937527
stats: users 3100 3101
stats: {load,"tsung_controller@ip-172-30-3-241"} 1 0.05078125 0.0 0.2890625 0.0390625 0.1531032986111111 36
stats: {freemem,"tsung_controller@ip-172-30-3-241"} 1 29353.43359375 0.0 29460.3046875 29238.75 29374.967122395832 36
stats: {recvpackets,"tsung_controller@ip-172-30-3-241"} 1 12445.0 0.0 31006 178 10036.771428571428 35
stats: {sentpackets,"tsung_controller@ip-172-30-3-241"} 1 8105.0 0.0 20085 129 6552.171428571429 35
stats: {cpu,"tsung_controller@ip-172-30-3-241"} 1 2.2424317926996387 0.0 7.484355444305383 0.18628912071535023 1.9011342708425023 36
stats: session 335 9788.888427005599 9269.941187346492 59078.177001953125 244.92919921875 15407.199588184625 5680
stats: users_count 3121 9115
stats: finish_users_count 335 6015
stats: request 6854 319.36360453863693 345.52447596742707 1354.153076171875 1.050048828125 57.242923982224696 47922
stats: 302 818 14885
stats: page 6805 320.9780064276601 346.7048434456353 1758.642822265625 1.050048828125 59.56296321413862 46058
stats: connect 3016 1.1209920787052348 0.2331213111686632 75.223876953125 0.572998046875 1.238985222767112 5990
stats: 200 5246 39101
stats: size_rcv 36000383 394393831
stats: newphase 1 11
stats: size_sent 4644816 48031954
stats: connected 2702 3016
stats: 503 790 790
# stats: dump at 1448937537
stats: users 6213 6216
stats: {load,"tsung_controller@ip-172-30-3-241"} 1 0.12890625 0.0 0.2890625 0.0390625 0.15033783783783783 37
stats: {freemem,"tsung_controller@ip-172-30-3-241"} 1 28950.88671875 0.0 29460.3046875 28950.88671875 29374.385135135137 37
stats: {recvpackets,"tsung_controller@ip-172-30-3-241"} 1 66133.0 0.0 66133 178 10103.666666666666 36
stats: {sentpackets,"tsung_controller@ip-172-30-3-241"} 1 55871.0 0.0 55871 129 6595.305555555556 36
stats: {cpu,"tsung_controller@ip-172-30-3-241"} 1 15.581510934393638 0.0 15.581510934393638 0.18628912071535023 1.9103585281899924 37
stats: session 1618 7903.4314370738875 5548.1308260783835 59078.177001953125 67.7109375 15094.29281528438 6015
stats: users_count 4731 13846
stats: finish_users_count 1618 7633
stats: request 24374 342.8267469687089 522.4786101373825 2056.613037109375 0.9111328125 90.0415062907841 54776
stats: connect 4717 1.3392212612790144 14.513306933902458 997.888916015625 0.572998046875 1.1994707521374628 9006
stats: page 23695 352.0408015292832 536.3470148831798 3157.99609375 0.93896484375 93.21465473879697 52863
stats: 302 1997 16882
stats: 504 1 1
stats: 200 5434 44535
stats: size_rcv 50479936 444873767
stats: newphase 0 11
stats: size_sent 16450506 64482460
stats: connected 3142 6158
stats: 503 16942 17732
# stats: dump at 1448937547
stats: users 7658 7663
stats: {load,"tsung_controller@ip-172-30-3-241"} 1 0.19140625 0.0 0.2890625 0.0390625 0.14977384868421054 38
stats: {freemem,"tsung_controller@ip-172-30-3-241"} 1 28661.140625 0.0 29460.3046875 28661.140625 29363.240439967107 38
stats: {recvpackets,"tsung_controller@ip-172-30-3-241"} 1 84876.0 0.0 84876 178 11617.972972972973 37
stats: {sentpackets,"tsung_controller@ip-172-30-3-241"} 1 89709.0 0.0 89709 129 7927.081081081081 37
stats: {cpu,"tsung_controller@ip-172-30-3-241"} 1 23.560472718129244 0.0 23.560472718129244 0.18628912071535023 2.270125696774299 38
stats: session 3217 12164.534757899333 6684.230498000546 59078.177001953125 67.7109375 13570.014849878304 7633
stats: users_count 4662 18508
stats: finish_users_count 3217 10850
stats: request 36237 239.29734535995186 457.5241290456773 2056.613037109375 0.9111328125 167.8859466733961 79150
stats: 302 3512 20394
stats: connect 4696 1.1774170337787495 0.44200826606028 997.888916015625 0.572998046875 1.247507125497566 13723
stats: page 34694 249.87224351343374 480.02496678012096 3319.23681640625 0.919921875 173.32235802520168 76558
stats: 504 4 5
stats: 200 4443 48978
stats: size_rcv 51110406 495984173
stats: newphase 0 11
stats: size_sent 25135674 89618134
stats: connected 1492 7650
stats: 503 28278 46010
# stats: dump at 1448937557
stats: users 9298 9301
stats: {load,"tsung_controller@ip-172-30-3-241"} 1 0.62109375 0.0 0.62109375 0.0390625 0.15084134615384615 39
stats: {freemem,"tsung_controller@ip-172-30-3-241"} 1 28504.83984375 0.0 29460.3046875 28504.83984375 29345.237880608973 39
stats: {recvpackets,"tsung_controller@ip-172-30-3-241"} 1 94886.0 0.0 94886 178 13545.815789473685 38
stats: {sentpackets,"tsung_controller@ip-172-30-3-241"} 1 107096.0 0.0 107096 129 10079.236842105263 38
stats: {cpu,"tsung_controller@ip-172-30-3-241"} 1 26.706419690433904 0.0 26.706419690433904 0.18628912071535023 2.8160320306551947 39
stats: session 4388 15380.861951440267 8606.62081038636 59175.9541015625 67.7109375 13153.293241039932 10850
stats: users_count 6028 24536
stats: finish_users_count 4388 15238
stats: page 39171 217.63615240433154 428.0145891072304 3319.23681640625 0.869140625 197.1944837139868 111252
stats: 302 4113 24507
stats: request 40752 209.06532431378898 411.517623606861 2056.613037109375 0.869140625 190.31251859401732 115387
stats: connect 5891 1.1722082430428782 0.2428760502081271 997.888916015625 0.52197265625 1.2296373676002013 18419
stats: 504 6 11
stats: 200 4349 53327
stats: size_rcv 52628708 548612881
stats: newphase 1 12
stats: size_sent 27367873 116986007
stats: connected 1517 9167
stats: 503 32284 78294
# stats: dump at 1448937567
stats: users 12425 13924
stats: {load,"tsung_controller@ip-172-30-3-241"} 1 0.83984375 0.0 0.83984375 0.0390625 0.16259765625 40
stats: {freemem,"tsung_controller@ip-172-30-3-241"} 1 28308.5546875 0.0 29460.3046875 28308.5546875 29324.2279296875 40
stats: {recvpackets,"tsung_controller@ip-172-30-3-241"} 1 115350.0 0.0 115350 178 15631.461538461539 39
stats: {sentpackets,"tsung_controller@ip-172-30-3-241"} 1 138489.0 0.0 138489 129 12566.846153846154 39
stats: {cpu,"tsung_controller@ip-172-30-3-241"} 1 30.70097604259095 0.0 30.70097604259095 0.18628912071535023 3.413291722149663 40
stats: session 6309 13586.977391974458 10104.408410976157 59175.9541015625 60.740966796875 13794.753504935237 15238
stats: users_count 9436 33972
stats: finish_users_count 6309 21547
stats: request 63605 144.374342917991 337.960380099234 2056.613037109375 0.66796875 195.20696737806315 156139
stats: connect 9420 1.707838883774553 7.406183001012985 997.888916015625 0.52197265625 1.2157206677743193 24310
stats: page 61507 149.58244524156262 346.8564211745968 3319.23681640625 0.66796875 202.51760986005152 150423
stats: 302 4002 28509
stats: 504 36 47
stats: 200 4916 58243
stats: size_rcv 65277562 613890443
stats: newphase 0 12
stats: error_connect_eaddrinuse 758 758
stats: size_sent 37198283 154184290
stats: connected 3281 12448
stats: error_abort_max_conn_retries 160 160
stats: 503 54657 132951
# stats: dump at 1448937577
stats: users 6745 13924
stats: {load,"tsung_controller@ip-172-30-3-241"} 1 1.3515625 0.0 1.3515625 0.0390625 0.17911585365853658 41
stats: {freemem,"tsung_controller@ip-172-30-3-241"} 1 27738.59765625 0.0 29460.3046875 27738.59765625 29299.455411585364 41
stats: {recvpackets,"tsung_controller@ip-172-30-3-241"} 1 121085.0 0.0 121085 178 18124.425 40
stats: {sentpackets,"tsung_controller@ip-172-30-3-241"} 1 155045.0 0.0 155045 129 15714.9 40
stats: {cpu,"tsung_controller@ip-172-30-3-241"} 1 76.37640103461017 0.0 76.37640103461017 0.18628912071535023 4.078844998257987 41
stats: session 6783 14835.903912397618 9667.688538349961 59698.44189453125 60.740966796875 13733.916288771989 21547
stats: users_count 1103 35075
stats: finish_users_count 6783 28330
stats: connect 178 124.17407638035462 87.8897383408206 997.888916015625 0.52197265625 1.3531577740512895 33730
stats: request 40631 247.13995298386672 411.98562460694075 2056.613037109375 0.66796875 180.49344128050012 219744
stats: page 37971 265.3912858147509 428.86168021381786 3319.23681640625 0.66796875 187.15459768532685 211930
stats: 302 5657 34166
stats: 504 61 108
stats: 200 2678 60921
stats: size_rcv 45714388 659604831
stats: newphase 0 12
stats: error_connect_eaddrinuse 4082 4840
stats: size_sent 31043187 185227477
stats: connected -5628 6820
stats: error_abort_max_conn_retries 941 1101
stats: 503 32231 165182
# stats: dump at 1448937587
stats: users 2757 13924
stats: {load,"tsung_controller@ip-172-30-3-241"} 1 2.37109375 0.0 2.37109375 0.0390625 0.20703125 42
stats: {freemem,"tsung_controller@ip-172-30-3-241"} 1 27633.86328125 0.0 29460.3046875 27633.86328125 29262.292131696428 42
stats: {recvpackets,"tsung_controller@ip-172-30-3-241"} 1 81158.0 0.0 121085 178 20635.658536585364 41
stats: {sentpackets,"tsung_controller@ip-172-30-3-241"} 1 81086.0 0.0 155045 129 19113.19512195122 41
stats: {cpu,"tsung_controller@ip-172-30-3-241"} 1 99.83265598852499 0.0 99.83265598852499 0.18628912071535023 5.800215380075896 42
stats: session 5479 18806.864143918865 11047.915284538482 61264.498046875 60.740966796875 13997.763166677129 28330
stats: users_count 1491 36566
stats: finish_users_count 5479 33809
stats: 302 9684 43850
stats: 504 5 113
stats: 200 3648 64569
stats: size_rcv 45343255 704948086
stats: newphase 0 12
stats: error_connect_eaddrinuse 4985 9825
stats: size_sent 15419313 200646790
stats: connected -4007 2813
stats: error_abort_max_conn_retries 1139 2240
stats: 503 3776 168958
stats: page 16400 406.6824438774292 327.22819106259584 3319.23681640625 0.66796875 199.0422063181949 249901
stats: connect 308 81.14441710633119 52.910404232700685 997.888916015625 0.52197265625 1.9979060196547456 33908
stats: request 17115 388.0181596261729 303.0575032763779 2056.613037109375 0.66796875 190.89349665071418 260375
# stats: dump at 1448937597
stats: users 2304 13924
stats: {load,"tsung_controller@ip-172-30-3-241"} 1 3.23828125 0.0 3.23828125 0.0390625 0.2573582848837209 43
stats: {freemem,"tsung_controller@ip-172-30-3-241"} 1 27934.48046875 0.0 29460.3046875 27633.86328125 29224.421693313954 43
stats: {recvpackets,"tsung_controller@ip-172-30-3-241"} 1 61919.0 0.0 121085 178 22076.666666666664 42
stats: {sentpackets,"tsung_controller@ip-172-30-3-241"} 1 42132.0 0.0 155045 129 20588.738095238095 42
stats: {cpu,"tsung_controller@ip-172-30-3-241"} 1 99.85639061752035 0.0 99.85639061752035 0.18628912071535023 7.987016324458433 43
stats: session 2814 20501.296490396064 14814.07692754155 74751.98608398438 60.740966796875 14777.113761320787 33809
stats: users_count 2361 38927
stats: finish_users_count 2814 36623
stats: 302 4162 48012
stats: page 8866 154.37159593729754 158.54235000215056 3319.23681640625 0.66796875 211.82961566315208 266301
stats: connect 1600 63.4810214233398 34.27842653173616 997.888916015625 0.52197265625 2.7103541554595254 34216
stats: request 8998 152.31552326840858 153.49610259676788 2056.613037109375 0.66796875 203.05173156665703 277490
stats: 504 0 113
stats: 200 4840 69409
stats: size_rcv 43315550 748263636
stats: newphase 1 13
stats: error_connect_eaddrinuse 4824 14649
stats: size_sent 8003801 208650591
stats: connected -595 2218
stats: error_abort_max_conn_retries 771 3011
stats: 503 0 168958
# stats: dump at 1448937607
stats: users 4244 13924
stats: {load,"tsung_controller@ip-172-30-3-241"} 1 4.0390625 0.0 4.0390625 0.0390625 0.3251065340909091 44
stats: {freemem,"tsung_controller@ip-172-30-3-241"} 1 28169.25390625 0.0 29460.3046875 27633.86328125 29195.104847301136 44
stats: {recvpackets,"tsung_controller@ip-172-30-3-241"} 1 59105.0 0.0 121085 178 23003.23255813953 43
stats: {sentpackets,"tsung_controller@ip-172-30-3-241"} 1 34545.0 0.0 155045 129 21089.74418604651 43
stats: {cpu,"tsung_controller@ip-172-30-3-241"} 1 99.0355267977048 0.0 99.85639061752035 0.18628912071535023 10.074956649300749 44
stats: session 1574 16775.303845881794 16480.526192378336 74751.98608398438 60.740966796875 15216.942562883134 36623
stats: users_count 3514 42441
stats: finish_users_count 1574 38197
stats: request 13002 598.3353089533705 551.6947381539247 2056.613037109375 0.66796875 201.458211411301 286488
stats: 302 1806 49818
stats: connect 3074 53.966076842824876 33.65303623575158 997.888916015625 0.52197265625 5.425148315293355 35816
stats: 504 5 118
stats: 200 5287 74696
stats: page 12683 612.4470511670114 563.0482504451862 3446.97998046875 0.66796875 209.97829336473174 275167
stats: size_rcv 45648679 793912315
stats: newphase 0 13
stats: error_connect_eaddrinuse 3622 18271
stats: size_sent 9740053 218390644
stats: connected 1880 4098
stats: error_abort_max_conn_retries 302 3313
stats: 503 5900 174858
# stats: dump at 1448937617
stats: users 6498 13924
stats: {load,"tsung_controller@ip-172-30-3-241"} 1 4.80078125 0.0 4.80078125 0.0390625 0.4076388888888889 45
stats: {freemem,"tsung_controller@ip-172-30-3-241"} 1 28143.1484375 0.0 29460.3046875 27633.86328125 29172.308159722223 45
stats: {recvpackets,"tsung_controller@ip-172-30-3-241"} 1 74708.0 0.0 121085 178 23823.72727272727 44
stats: {sentpackets,"tsung_controller@ip-172-30-3-241"} 1 59112.0 0.0 155045 129 21395.545454545456 44
stats: {cpu,"tsung_controller@ip-172-30-3-241"} 1 97.95742586440261 0.0 99.85639061752035 0.18628912071535023 12.051858208154174 45
stats: session 2307 12527.426218628934 10574.185284878662 74751.98608398438 60.740966796875 15281.15861805605 38197
stats: users_count 4561 47002
stats: finish_users_count 2307 40504
stats: 302 2847 52665
stats: page 25770 358.097356270613 516.6159233497306 3446.97998046875 0.66796875 227.7115268377431 287850
stats: request 26779 344.0845452994587 502.65224087037836 2090.26904296875 0.66796875 218.68815572410605 299490
stats: connect 4445 40.89280853443124 23.581460847802045 997.888916015625 0.52197265625 9.261991058765506 38890
stats: 504 20 138
stats: 200 5214 79910
stats: size_rcv 50851312 844763627
stats: newphase 0 13
stats: error_connect_eaddrinuse 3285 21556
stats: size_sent 19415165 237805809
stats: connected 2276 6374
stats: error_abort_max_conn_retries 144 3457
stats: 503 18701 193559
# stats: dump at 1448937627
stats: users 9027 13924
stats: {load,"tsung_controller@ip-172-30-3-241"} 1 5.2890625 0.0 5.2890625 0.0390625 0.5031419836956522 46
stats: {freemem,"tsung_controller@ip-172-30-3-241"} 1 28030.06640625 0.0 29460.3046875 27633.86328125 29149.935122282608 46
stats: {recvpackets,"tsung_controller@ip-172-30-3-241"} 1 90457.0 0.0 121085 178 24954.488888888885 45
stats: {sentpackets,"tsung_controller@ip-172-30-3-241"} 1 88206.0 0.0 155045 129 22233.68888888889 45
stats: {cpu,"tsung_controller@ip-172-30-3-241"} 1 98.81554595928439 0.0 99.85639061752035 0.18628912071535023 13.9193705485074 46
stats: session 3572 13789.449670874928 8964.348622608719 74751.98608398438 60.740966796875 15124.31335226802 40504
stats: users_count 6101 53103
stats: finish_users_count 3572 44076
stats: request 39653 235.0302643314051 410.19094068805526 2090.26904296875 0.66796875 228.9802457370658 326269
stats: 302 3766 56431
stats: page 38151 244.52385942025583 420.9541818519098 3446.97998046875 0.66796875 238.4252658355272 313620
stats: connect 6172 36.93291832855305 29.920148127083216 997.888916015625 0.52197265625 12.506458202629224 43335
stats: 504 31 169
stats: 200 5222 85132
stats: size_rcv 56030366 900793993
stats: newphase 1 14
stats: error_connect_eaddrinuse 2206 23762
stats: size_sent 27182435 264988244
stats: connected 2600 8974
stats: error_abort_max_conn_retries 33 3490
stats: 503 30631 224190
# stats: dump at 1448937637
stats: users 9935 13924
stats: {load,"tsung_controller@ip-172-30-3-241"} 1 5.7890625 0.0 5.7890625 0.0390625 0.6049700797872342 47
stats: {freemem,"tsung_controller@ip-172-30-3-241"} 1 27853.0859375 0.0 29460.3046875 27633.86328125 29126.108128324468 47
stats: {recvpackets,"tsung_controller@ip-172-30-3-241"} 1 109955.0 0.0 121085 178 26378.456521739125 46
stats: {sentpackets,"tsung_controller@ip-172-30-3-241"} 1 120055.0 0.0 155045 129 23667.869565217392 46
stats: {cpu,"tsung_controller@ip-172-30-3-241"} 1 98.7843811394892 0.0 99.85639061752035 0.18628912071535023 15.725672152992015 47
stats: session 4997 14900.511211560915 9332.31058358813 74751.98608398438 60.740966796875 15016.133547613876 44076
stats: users_count 5905 59008
stats: finish_users_count 4997 49073
stats: connect 5888 53.26056045034665 48.70792910617388 1029.56201171875 0.52197265625 15.551686390505722 49507
stats: request 48356 198.08275936018435 368.07009461815716 2090.26904296875 0.66796875 229.63585372817136 365922
stats: 302 4360 60791
stats: page 46474 206.27135382590507 376.24122377929604 3446.97998046875 0.66796875 239.08668318900712 351771
stats: 504 60 229
stats: 200 5007 90139
stats: size_rcv 58391093 959185086
stats: newphase 0 14
stats: error_connect_eaddrinuse 2191 25953
stats: size_sent 33237160 298225404
stats: connected 867 9841
stats: error_abort_max_conn_retries 25 3515
stats: 503 38939 263129
# stats: dump at 1448937647
stats: users 8748 13924
stats: {load,"tsung_controller@ip-172-30-3-241"} 1 6.19921875 0.0 6.19921875 0.0390625 0.7129720052083335 48
stats: {freemem,"tsung_controller@ip-172-30-3-241"} 1 27787.25390625 0.0 29460.3046875 27633.86328125 29099.586832682293 48
stats: {recvpackets,"tsung_controller@ip-172-30-3-241"} 1 108914.0 0.0 121085 178 28156.680851063826 47
stats: {sentpackets,"tsung_controller@ip-172-30-3-241"} 1 123916.0 0.0 155045 129 25718.659574468085 47
stats: {cpu,"tsung_controller@ip-172-30-3-241"} 1 99.24482338611449 0.0 99.85639061752035 0.18628912071535023 17.45606192354404 48
stats: session 5567 16582.910560329703 9414.586256699058 74751.98608398438 60.740966796875 15004.359969205043 49073
stats: users_count 4380 63388
stats: finish_users_count 5567 54640
stats: connect 4239 70.73473104561086 48.96342338023681 1029.56201171875 0.52197265625 19.559807167910602 55395
stats: page 41372 225.76188684895257 380.36958617414234 3446.97998046875 0.66796875 235.25723243175767 398245
stats: 302 4671 65462
stats: request 43191 215.93545424615496 371.61016265616524 2090.26904296875 0.66796875 225.95286445223016 414278
stats: 504 54 283
stats: 200 4594 94733
stats: size_rcv 53613589 1012798675
stats: newphase 0 14
stats: error_connect_eaddrinuse 2481 28434
stats: size_sent 31228808 329454212
stats: connected -1048 8793
stats: error_abort_max_conn_retries 75 3590
stats: 503 33864 296993
# stats: dump at 1448937657
stats: users 6089 13924
stats: {load,"tsung_controller@ip-172-30-3-241"} 1 6.48046875 0.0 6.48046875 0.0390625 0.8249362244897961 49
stats: {freemem,"tsung_controller@ip-172-30-3-241"} 1 27753.328125 0.0 29460.3046875 27633.86328125 29072.804528061224 49
stats: {recvpackets,"tsung_controller@ip-172-30-3-241"} 1 96393.0 0.0 121085 178 29839.124999999996 48
stats: {sentpackets,"tsung_controller@ip-172-30-3-241"} 1 101442.0 0.0 155045 129 27764.4375 48
stats: {cpu,"tsung_controller@ip-172-30-3-241"} 1 99.51497514247605 0.0 99.85639061752035 0.18628912071535023 19.125220320739356 49
stats: session 5248 17570.7842451886 10616.974609324769 74751.98608398438 60.740966796875 15165.190700185844 54640
stats: users_count 2589 65977
stats: finish_users_count 5248 59888
stats: 302 5416 70878
stats: 504 52 335
stats: 200 4422 99155
stats: page 31148 314.3149230181092 426.4748778605597 3446.97998046875 0.66796875 234.36363314544298 439617
stats: connect 2204 98.55484169407889 66.63674154172625 1029.56201171875 0.52197265625 23.197505499694007 59634
stats: size_rcv 50536595 1063335270
stats: newphase 0 14
stats: error_connect_eaddrinuse 4046 32480
stats: size_sent 26291568 355745780
stats: connected -2796 5997
stats: error_abort_max_conn_retries 473 4063
stats: 503 22675 319668
stats: request 32529 300.63243191262023 414.12183088053047 2090.26904296875 0.66796875 225.00709115565573 457469
# stats: dump at 1448937668
stats: users 5114 13924
stats: {load,"tsung_controller@ip-172-30-3-241"} 1 6.7109375 0.0 6.7109375 0.0390625 0.9380468750000002 50
stats: {freemem,"tsung_controller@ip-172-30-3-241"} 1 27692.7421875 0.0 29460.3046875 27633.86328125 29046.415 50
stats: {recvpackets,"tsung_controller@ip-172-30-3-241"} 1 65380.0 0.0 121085 178 31197.367346938772 49
stats: {sentpackets,"tsung_controller@ip-172-30-3-241"} 1 57523.0 0.0 155045 129 29268.061224489797 49
stats: {cpu,"tsung_controller@ip-172-30-3-241"} 1 99.90345160511707 0.0 99.90345160511707 0.18628912071535023 20.73301541717409 50
stats: session 3240 20393.288683931303 11590.214483583177 74751.98608398438 60.740966796875 15375.99344738352 59888
stats: users_count 2265 68242
stats: finish_users_count 3240 63128
stats: connect 1055 825.1454187185283 784.3890996521366 2617.7138671875 0.52197265625 25.883355122457104 61838
stats: request 13958 571.7691916779949 640.6377957173439 3780.567138671875 0.66796875 230.02755391159207 489998
stats: 302 3489 74367
stats: page 13357 602.0664120441583 669.0083593615512 5229.214111328125 0.66796875 239.65358200942777 470765
stats: 504 11 346
stats: 200 2889 102044
stats: size_rcv 31009244 1094344514
stats: newphase 1 15
stats: error_connect_eaddrinuse 4201 36681
stats: size_sent 12470429 368216209
stats: connected -1425 4572
stats: error_abort_max_conn_retries 348 4411
stats: 503 7541 327209
# stats: dump at 1448937677
stats: users 5059 13924
stats: {load,"tsung_controller@ip-172-30-3-241"} 1 7.0 0.0 7.0 0.0390625 1.0512408088235297 51
stats: {freemem,"tsung_controller@ip-172-30-3-241"} 1 27662.27734375 0.0 29460.3046875 27633.86328125 29019.872395833332 51
stats: {recvpackets,"tsung_controller@ip-172-30-3-241"} 1 64626.0 0.0 121085 178 31881.019999999997 50
stats: {sentpackets,"tsung_controller@ip-172-30-3-241"} 1 49427.0 0.0 155045 129 29833.16 50
stats: {cpu,"tsung_controller@ip-172-30-3-241"} 1 99.01666866530759 0.0 99.90345160511707 0.18628912071535023 22.285376911055327 51
stats: session 3092 20382.003334114568 12761.923815288026 74751.98608398438 60.740966796875 15633.502580674845 63128
stats: users_count 3037 71279
stats: finish_users_count 3092 66220
stats: page 14826 645.2090516923394 578.5897714333485 5229.214111328125 0.66796875 249.65260740132052 484122
stats: 302 4262 78629
stats: connect 1930 492.64922697235437 515.1433377221753 2872.212890625 0.52197265625 39.290594037659986 62893
stats: request 15357 619.7220222983368 556.8784650435829 3887.531982421875 0.66796875 239.49272503753056 503956
stats: 504 7 353
stats: 200 4549 106593
stats: size_rcv 45024386 1139368900
stats: newphase 0 15
stats: error_connect_eaddrinuse 4250 40931
stats: size_sent 12851697 381067906
stats: connected -413 4159
stats: error_abort_max_conn_retries 870 5281
stats: 503 6535 333744
# stats: dump at 1448937688
stats: users 6850 13924
stats: {load,"tsung_controller@ip-172-30-3-241"} 1 7.21875 0.0 7.21875 0.0390625 1.165640024038462 52
stats: {freemem,"tsung_controller@ip-172-30-3-241"} 1 27743.2890625 0.0 29460.3046875 27633.86328125 28993.764798677883 52
stats: {recvpackets,"tsung_controller@ip-172-30-3-241"} 1 73792.0 0.0 121085 178 32523.078431372545 51
stats: {sentpackets,"tsung_controller@ip-172-30-3-241"} 1 55021.0 0.0 155045 129 30217.352941176472 51
stats: {cpu,"tsung_controller@ip-172-30-3-241"} 1 99.62415130940833 0.0 99.90345160511707 0.18628912071535023 23.760978675560178 52
stats: session 2404 20424.50726470694 13913.492204345679 74751.98608398438 60.740966796875 15855.223576290002 66220
stats: users_count 4195 75474
stats: finish_users_count 2404 68624
stats: page 21787 617.3049047579261 636.9118949441183 5229.214111328125 0.66796875 261.4063770187128 498948
stats: connect 4576 681.4943990107171 646.7161016537751 2872.212890625 0.52197265625 52.788614208956595 64823
stats: request 22438 595.9565659922611 621.528282805184 3887.531982421875 0.66796875 250.73677499975796 519313
stats: 302 3826 82455
stats: 504 17 370
stats: 200 7311 113904
stats: size_rcv 61650196 1201019096
stats: newphase 0 15
stats: error_connect_eaddrinuse 4905 45836
stats: size_sent 17618595 398686501
stats: connected 1916 6075
stats: error_abort_max_conn_retries 284 5565
stats: 503 11327 345071
# stats: dump at 1448937697
stats: users 7080 13924
stats: {load,"tsung_controller@ip-172-30-3-241"} 1 7.33984375 0.0 7.33984375 0.0390625 1.2798496462264157 53
stats: {freemem,"tsung_controller@ip-172-30-3-241"} 1 27705.22265625 0.0 29460.3046875 27633.86328125 28970.170916863208 53
stats: {recvpackets,"tsung_controller@ip-172-30-3-241"} 1 84234.0 0.0 121085 178 33316.71153846153 52
stats: {sentpackets,"tsung_controller@ip-172-30-3-241"} 1 76793.0 0.0 155045 129 30694.346153846152 52
stats: {cpu,"tsung_controller@ip-172-30-3-241"} 1 99.57831325301206 0.0 99.90345160511707 0.18628912071535023 25.19235929129316 53
stats: session 2954 18966.453157067215 12968.776617005102 74751.98608398438 60.740966796875 16015.292327557116 68624
stats: users_count 3184 78658
stats: finish_users_count 2954 71578
stats: page 27361 337.6134172624117 522.6124033010017 5229.214111328125 0.66796875 276.29679387921624 520735
stats: connect 3589 264.9948795092201 294.13351014415906 2872.212890625 0.52197265625 94.2439330356379 69399
stats: request 28478 322.90169266832635 510.5498894569225 3948.347900390625 0.66796875 265.0349335085374 541751
stats: 302 2543 84998
stats: 504 41 411
stats: 200 4698 118602
stats: size_rcv 45037127 1246056223
stats: newphase 0 15
stats: error_connect_eaddrinuse 1992 47828
stats: size_sent 21522586 420209087
stats: connected 1163 7238
stats: error_abort_max_conn_retries 105 5670
stats: 503 21147 366218
# stats: dump at 1448937707
stats: users 3990 13924
stats: {load,"tsung_controller@ip-172-30-3-241"} 1 6.37109375 0.0 7.33984375 0.0390625 1.3920717592592597 54
stats: {freemem,"tsung_controller@ip-172-30-3-241"} 1 27876.00390625 0.0 29460.3046875 27633.86328125 28946.745949074073 54
stats: {recvpackets,"tsung_controller@ip-172-30-3-241"} 1 71849.0 0.0 121085 178 34277.415094339616 53
stats: {sentpackets,"tsung_controller@ip-172-30-3-241"} 1 74555.0 0.0 155045 129 31564.132075471698 53
stats: {cpu,"tsung_controller@ip-172-30-3-241"} 1 31.221777835118047 0.0 99.90345160511707 0.18628912071535023 26.56987695725092 54
stats: session 3090 20312.37526578938 10261.102701916834 74751.98608398438 60.740966796875 16137.085742997235 71578
stats: users_count 0 78658
stats: finish_users_count 3090 74668
stats: request 23452 363.605519531085 533.7783718701387 3948.347900390625 0.66796875 267.9248769652056 570229
stats: connect 0 0 0 2872.212890625 0.52197265625 102.64017826627426 72988
stats: 302 4628 89626
stats: page 22060 385.0276694552855 569.4625899905764 5229.214111328125 0.66796875 279.3577250525647 548096
stats: 504 4 415
stats: 200 2922 121524
stats: size_rcv 40737884 1286794107
stats: newphase 0 15
stats: error_connect_eaddrinuse 0 47828
stats: size_sent 21422794 441631881
stats: connected -3113 4125
stats: error_abort_max_conn_retries 0 5670
stats: 503 15899 382117
# stats: dump at 1448937717
stats: users 1413 13924
stats: {load,"tsung_controller@ip-172-30-3-241"} 1 5.4609375 0.0 7.33984375 0.0390625 1.4825994318181823 55
stats: {freemem,"tsung_controller@ip-172-30-3-241"} 1 28122.61328125 0.0 29460.3046875 27633.86328125 28927.27791193182 55
stats: {recvpackets,"tsung_controller@ip-172-30-3-241"} 1 56281.0 0.0 121085 178 34973.18518518518 54
stats: {sentpackets,"tsung_controller@ip-172-30-3-241"} 1 45230.0 0.0 155045 129 32360.25925925926 54
stats: {cpu,"tsung_controller@ip-172-30-3-241"} 1 13.67695840775708 0.0 99.90345160511707 0.18628912071535023 26.654456973212138 55
stats: session 2577 26309.642607020185 7384.956861877662 74751.98608398438 60.740966796875 16309.872540894967 74668
stats: users_count 0 78658
stats: finish_users_count 2577 77245
stats: connect 0 0 0 2872.212890625 0.52197265625 102.64017826627426 72988
stats: page 10095 444.7861818824696 430.1426504656083 5229.214111328125 0.66796875 283.4462183307623 570156
stats: 302 6796 96422
stats: request 10623 418.45474511194965 378.30794111221905 3948.347900390625 0.66796875 271.7045202912595 593681
stats: 504 0 415
stats: 200 2701 124225
stats: size_rcv 35605234 1322399341
stats: newphase 0 15
stats: error_connect_eaddrinuse 0 47828
stats: size_sent 10159270 451791151
stats: connected -2618 1507
stats: error_abort_max_conn_retries 0 5670
stats: 503 1125 383242
# stats: dump at 1448937727
stats: users 317 13924
stats: {load,"tsung_controller@ip-172-30-3-241"} 1 4.69921875 0.0 7.33984375 0.0390625 1.5536411830357149 56
stats: {freemem,"tsung_controller@ip-172-30-3-241"} 1 28646.26953125 0.0 29460.3046875 27633.86328125 28912.90890066964 56
stats: {recvpackets,"tsung_controller@ip-172-30-3-241"} 1 12891.0 0.0 121085 178 35360.6 55
stats: {sentpackets,"tsung_controller@ip-172-30-3-241"} 1 12803.0 0.0 155045 129 32594.254545454547 55
stats: {cpu,"tsung_controller@ip-172-30-3-241"} 1 4.225175526579739 0.0 99.90345160511707 0.18628912071535023 26.422715927400443 56
stats: session 1096 32859.21387632051 6627.571013126848 74751.98608398438 60.740966796875 16643.47869612061 77245
stats: users_count 0 78658
stats: finish_users_count 1096 78341
stats: request 2289 18.160736577278577 36.47730313504987 3948.347900390625 0.66796875 274.2842279189935 604304
stats: connect 0 0 0 2872.212890625 0.52197265625 102.64017826627426 72988
stats: page 2261 18.41059745238555 37.58904916736756 5229.214111328125 0.66796875 286.2531534882277 580251
stats: 302 1889 98311
stats: 504 0 415
stats: 200 400 124625
stats: size_rcv 6488999 1328888340
stats: newphase 0 15
stats: error_connect_eaddrinuse 0 47828
stats: size_sent 2453547 454244698
stats: connected -1161 346
stats: error_abort_max_conn_retries 0 5670
stats: 503 0 383242
# stats: dump at 1448937737
stats: users 46 13924
stats: {load,"tsung_controller@ip-172-30-3-241"} 1 3.96875 0.0 7.33984375 0.0390625 1.6088267543859653 57
stats: {freemem,"tsung_controller@ip-172-30-3-241"} 1 29086.15625 0.0 29460.3046875 27633.86328125 28908.231016995614 57
stats: {recvpackets,"tsung_controller@ip-172-30-3-241"} 1 2330.0 0.0 121085 178 34959.357142857145 56
stats: {sentpackets,"tsung_controller@ip-172-30-3-241"} 1 3059.0 0.0 155045 129 32240.839285714286 56
stats: {cpu,"tsung_controller@ip-172-30-3-241"} 1 1.007337395846288 0.0 99.90345160511707 0.18628912071535023 26.03328539405271 57
stats: session 271 41520.47336164525 6112.896471764244 74751.98608398438 60.740966796875 16870.33877905929 78341
stats: users_count 0 78658
stats: finish_users_count 271 78612
stats: connect 0 0 0 2872.212890625 0.52197265625 102.64017826627426 72988
stats: request 385 11.331060394683439 16.918263228338475 3948.347900390625 0.66796875 273.3177369247335 606593
stats: page 384 11.360781987508147 17.962500223496654 5229.214111328125 0.66796875 285.2135319539125 582512
stats: 302 349 98660
stats: 504 0 415
stats: 200 36 124661
stats: size_rcv 817228 1329705568
stats: newphase 0 15
stats: error_connect_eaddrinuse 0 47828
stats: size_sent 414657 454659355
stats: connected -297 49
stats: error_abort_max_conn_retries 0 5670
stats: 503 0 383242
# stats: dump at 1448937747
stats: users 6 13924
stats: {load,"tsung_controller@ip-172-30-3-241"} 1 3.359375 0.0 7.33984375 0.0390625 1.649515086206897 58
stats: {freemem,"tsung_controller@ip-172-30-3-241"} 1 29213.27734375 0.0 29460.3046875 27633.86328125 28911.298693426725 58
stats: {recvpackets,"tsung_controller@ip-172-30-3-241"} 1 217.0 0.0 121085 178 34386.912280701756 57
stats: {sentpackets,"tsung_controller@ip-172-30-3-241"} 1 318.0 0.0 155045 129 31728.877192982458 57
stats: {cpu,"tsung_controller@ip-172-30-3-241"} 1 0.18645121193287756 0.0 99.90345160511707 0.18628912071535023 25.601803532014667 58
stats: session 40 50592.62623291016 5212.970495729231 74751.98608398438 60.740966796875 16955.315455290413 78612
stats: users_count 0 78658
stats: finish_users_count 40 78652
stats: connect 0 0 0 2872.212890625 0.52197265625 102.64017826627426 72988
stats: request 51 10.730066636029408 5.525095610870452 3948.347900390625 0.66796875 273.1515614283167 606978
stats: page 51 10.730066636029408 5.525095610870452 5229.214111328125 0.66796875 285.03312334588105 582896
stats: 302 48 98708
stats: 504 0 415
stats: 200 3 124664
stats: size_rcv 95912 1329801480
stats: newphase 0 15
stats: error_connect_eaddrinuse 0 47828
stats: size_sent 55923 454715278
stats: connected -43 6
stats: error_abort_max_conn_retries 0 5670
stats: 503 0 383242
# stats: dump at 1448937757
stats: users 1 13924
stats: {load,"tsung_controller@ip-172-30-3-241"} 1 2.8515625 0.0 7.33984375 0.0390625 1.6784957627118648 59
stats: {freemem,"tsung_controller@ip-172-30-3-241"} 1 29246.00390625 0.0 29460.3046875 27633.86328125 28916.416975635595 59
stats: {recvpackets,"tsung_controller@ip-172-30-3-241"} 1 25.0 0.0 121085 25 33797.775862068964 58
stats: {sentpackets,"tsung_controller@ip-172-30-3-241"} 1 35.0 0.0 155045 35 31187.310344827587 58
stats: {cpu,"tsung_controller@ip-172-30-3-241"} 1 0.08696732513355696 0.0 99.90345160511707 0.08696732513355696 25.171034848623453 59
stats: session 5 62417.7849609375 9389.686312528716 80805.2060546875 60.740966796875 16972.422362058263 78652
stats: users_count 0 78658
stats: finish_users_count 5 78657
stats: connect 0 0 0 2872.212890625 0.52197265625 102.64017826627426 72988
stats: request 6 12.332804361979166 4.891135974992304 3948.347900390625 0.66796875 273.1295138881919 607029
stats: page 6 12.332804361979166 4.891135974992304 5229.214111328125 0.66796875 285.0091255280825 582947
stats: 302 5 98713
stats: 504 0 415
stats: 200 1 124665
stats: size_rcv 17531 1329819011
stats: newphase 0 15
stats: error_connect_eaddrinuse 0 47828
stats: size_sent 6427 454721705
stats: connected -5 1
stats: error_abort_max_conn_retries 0 5670
stats: 503 0 383242
# stats: dump at 1448937766
stats: users 0 13924
stats: {load,"tsung_controller@ip-172-30-3-241"} 1 2.41015625 0.0 7.33984375 0.0390625 1.6980468750000004 60
stats: {freemem,"tsung_controller@ip-172-30-3-241"} 1 29253.48828125 0.0 29460.3046875 27633.86328125 28921.910091145834 60
stats: {recvpackets,"tsung_controller@ip-172-30-3-241"} 1 2.0 0.0 121085 2 33225.35593220339 59
stats: {sentpackets,"tsung_controller@ip-172-30-3-241"} 1 3.0 0.0 155045 3 30659.305084745763 59
stats: {cpu,"tsung_controller@ip-172-30-3-241"} 1 0.16141047926496152 0.0 99.90345160511707 0.08696732513355696 24.75296705656529 60
stats: session 1 66990.15600585938 0.0 80805.2060546875 60.740966796875 16975.311193478152 78657
stats: users_count 0 78658
stats: finish_users_count 1 78658
stats: request 1 12.432861328125 0.0 3948.347900390625 0.66796875 273.126936145134 607035
stats: connect 0 0 0 2872.212890625 0.52197265625 102.64017826627426 72988
stats: page 1 12.432861328125 0.0 5229.214111328125 0.66796875 285.0063190275121 582953
stats: 302 1 98714
stats: 504 0 415
stats: 200 0 124665
stats: size_rcv 1172 1329820183
stats: newphase 0 15
stats: error_connect_eaddrinuse 0 47828
stats: size_sent 1089 454722794
stats: connected -1 0
stats: error_abort_max_conn_retries 0 5670
stats: 503 0 383242
EndMonitor:{1448,937766,836054}
