# stats: dump at 1448942024
stats: users 5 5
stats: {load,"tsung_controller@ip-172-30-3-241"} 1 0.01171875 0 0.01171875 0.01171875 0 0
stats: {freemem,"tsung_controller@ip-172-30-3-241"} 1 29462.8515625 0 29462.8515625 29462.8515625 0 0
stats: {cpu,"tsung_controller@ip-172-30-3-241"} 1 3.761327450664573 0 3.761327450664573 3.761327450664573 0 0
stats: session 1 4844.8818359375 0 4844.8818359375 4844.8818359375 0 0
stats: users_count 6 6
stats: finish_users_count 1 1
stats: request 19 48.585847553453945 46.172019742902094 123.58203125 6.44091796875 0 0
stats: connect 5 15.862353515625 28.904725077805875 73.669921875 1.011962890625 0 0
stats: page 19 48.585847553453945 46.172019742902094 123.58203125 6.44091796875 0 0
stats: 302 2 2
stats: 200 12 12
stats: size_rcv 123689 123689
stats: size_sent 14402 14402
stats: connected 4 4
stats: 404 5 5
# stats: dump at 1448942034
stats: users 9 9
stats: {load,"tsung_controller@ip-172-30-3-241"} 1 0.01171875 0.0 0.01171875 0.01171875 0.01171875 1
stats: {freemem,"tsung_controller@ip-172-30-3-241"} 1 29460.14453125 0.0 29462.8515625 29460.14453125 29462.8515625 1
stats: {recvpackets,"tsung_controller@ip-172-30-3-241"} 1 289 0 289 289 0 0
stats: {sentpackets,"tsung_controller@ip-172-30-3-241"} 1 209 0 209 209 0 0
stats: {cpu,"tsung_controller@ip-172-30-3-241"} 1 0.2978036977292468 0.0 3.761327450664573 0.2978036977292468 3.761327450664573 1
stats: session 2 8787.233520507813 2753.3604736328125 11540.593994140625 4844.8818359375 4844.8818359375 1
stats: users_count 6 12
stats: finish_users_count 2 3
stats: request 37 41.85507284628378 44.52073476744408 128.490966796875 6.44091796875 48.585847553453945 19
stats: connect 6 1.4183756510416667 0.23010728439353356 73.669921875 1.011962890625 15.862353515625 5
stats: page 37 41.85507284628378 44.52073476744408 128.490966796875 6.44091796875 48.585847553453945 19
stats: 302 8 10
stats: 200 20 32
stats: size_rcv 211569 335258
stats: size_sent 32312 46714
stats: connected 4 8
stats: 404 9 14
# stats: dump at 1448942044
stats: users 11 12
stats: {load,"tsung_controller@ip-172-30-3-241"} 1 0.0 0.0 0.01171875 0.0 0.01171875 2
stats: {freemem,"tsung_controller@ip-172-30-3-241"} 1 29459.0 0.0 29462.8515625 29459.0 29461.498046875 2
stats: {recvpackets,"tsung_controller@ip-172-30-3-241"} 1 225.0 0.0 289 225 289.0 1
stats: {sentpackets,"tsung_controller@ip-172-30-3-241"} 1 149.0 0.0 209 149 209.0 1
stats: {cpu,"tsung_controller@ip-172-30-3-241"} 1 0.13662899018755434 0.0 3.761327450664573 0.13662899018755434 2.02956557419691 2
stats: session 6 12356.761840820313 7530.318459643007 21860.39111328125 2058.875 7473.116292317708 3
stats: users_count 8 20
stats: finish_users_count 6 9
stats: request 55 38.92831587357953 44.72093388510451 150.389892578125 6.43994140625 44.13872855050223 56
stats: connect 9 1.3848198784722223 0.21788017809229132 73.669921875 1.011962890625 7.983820134943182 11
stats: page 55 38.92831587357953 44.72093388510451 150.389892578125 6.43994140625 44.13872855050223 56
stats: 302 11 21
stats: 200 31 63
stats: size_rcv 332960 668218
stats: size_sent 48914 95628
stats: connected 4 12
stats: 404 13 27
# stats: dump at 1448942054
stats: users 27 27
stats: {load,"tsung_controller@ip-172-30-3-241"} 1 0.0 0.0 0.01171875 0.0 0.0078125 3
stats: {freemem,"tsung_controller@ip-172-30-3-241"} 1 29458.16015625 0.0 29462.8515625 29458.16015625 29460.665364583332 3
stats: {recvpackets,"tsung_controller@ip-172-30-3-241"} 1 336.0 0.0 336 225 257.0 2
stats: {sentpackets,"tsung_controller@ip-172-30-3-241"} 1 220.0 0.0 220 149 179.0 2
stats: {cpu,"tsung_controller@ip-172-30-3-241"} 1 0.13662899018755434 0.0 3.761327450664573 0.13662899018755434 1.3985867128604579 3
stats: session 4 12556.621948242188 825.3443940664932 21860.39111328125 2058.875 10728.879991319445 9
stats: users_count 20 40
stats: finish_users_count 4 13
stats: request 85 42.83278952205881 52.4221939240679 286.778076171875 5.991943359375 41.55699253941441 111
stats: connect 17 1.3142807904411764 0.2559890694445615 73.669921875 0.7548828125 5.01427001953125 20
stats: page 83 43.86809640907381 53.16649280534306 294.830078125 6.347900390625 41.55699253941441 111
stats: 302 17 38
stats: 200 47 110
stats: size_rcv 479919 1148137
stats: newphase 1 1
stats: size_sent 69906 165534
stats: connected 12 24
stats: 404 21 48
# stats: dump at 1448942064
stats: users 41 41
stats: {load,"tsung_controller@ip-172-30-3-241"} 1 0.0 0.0 0.01171875 0.0 0.005859375 4
stats: {freemem,"tsung_controller@ip-172-30-3-241"} 1 29454.59375 0.0 29462.8515625 29454.59375 29460.0390625 4
stats: {recvpackets,"tsung_controller@ip-172-30-3-241"} 1 606.0 0.0 606 225 283.3333333333333 3
stats: {sentpackets,"tsung_controller@ip-172-30-3-241"} 1 402.0 0.0 402 149 192.66666666666666 3
stats: {cpu,"tsung_controller@ip-172-30-3-241"} 1 0.17391304347826086 0.0 3.761327450664573 0.13662899018755434 1.083097282192232 4
stats: session 13 15800.044959435096 8098.093822027222 33985.953857421875 2058.875 11291.262131911059 13
stats: users_count 27 67
stats: finish_users_count 13 26
stats: request 174 51.90140647449713 64.96763785736499 381.489990234375 5.991943359375 42.11027184311224 196
stats: connect 29 1.2815867456896555 0.20777350408023867 73.669921875 0.7548828125 3.3142749683277026 37
stats: page 167 54.08105614941991 69.47998160820144 428.83203125 6.344970703125 42.545763782619204 194
stats: 302 30 68
stats: 200 100 210
stats: size_rcv 1117871 2266008
stats: newphase 0 1
stats: size_sent 152395 317929
stats: connected 17 41
stats: 404 44 92
# stats: dump at 1448942074
stats: users 32 41
stats: {load,"tsung_controller@ip-172-30-3-241"} 1 0.0 0.0 0.01171875 0.0 0.0046875 5
stats: {freemem,"tsung_controller@ip-172-30-3-241"} 1 29448.96484375 0.0 29462.8515625 29448.96484375 29458.95 5
stats: {recvpackets,"tsung_controller@ip-172-30-3-241"} 1 1140.0 0.0 1140 225 364.0 4
stats: {sentpackets,"tsung_controller@ip-172-30-3-241"} 1 732.0 0.0 732 149 245.0 4
stats: {cpu,"tsung_controller@ip-172-30-3-241"} 1 0.24847807181016274 0.0 3.761327450664573 0.13662899018755434 0.9012604344494377 5
stats: session 22 12786.19911887429 5656.600316918042 33985.953857421875 338.862060546875 13545.653545673076 26
stats: users_count 13 80
stats: finish_users_count 22 48
stats: request 187 64.70662913602943 95.2261145078458 623.76318359375 5.991943359375 46.71475137246622 370
stats: connect 13 1.3343975360576923 0.1834770464698216 73.669921875 0.7548828125 2.421124082623106 66
stats: page 176 68.75717024369676 98.16872932980918 623.76318359375 6.343994140625 47.882034766707065 361
stats: 302 40 108
stats: 200 85 295
stats: size_rcv 1210452 3476460
stats: newphase 0 1
stats: size_sent 179851 497780
stats: connected -9 32
stats: 404 62 154
# stats: dump at 1448942084
stats: users 46 47
stats: {load,"tsung_controller@ip-172-30-3-241"} 1 0.0 0.0 0.01171875 0.0 0.00390625 6
stats: {freemem,"tsung_controller@ip-172-30-3-241"} 1 29448.59375 0.0 29462.8515625 29448.59375 29457.285807291668 6
stats: {recvpackets,"tsung_controller@ip-172-30-3-241"} 1 1223.0 0.0 1223 225 519.2 5
stats: {sentpackets,"tsung_controller@ip-172-30-3-241"} 1 774.0 0.0 774 149 342.4 5
stats: {cpu,"tsung_controller@ip-172-30-3-241"} 1 0.3105204322444417 0.0 3.761327450664573 0.13662899018755434 0.7924633740095586 6
stats: session 25 15090.925498046876 9358.538564781431 33985.953857421875 338.862060546875 13197.570266723633 48
stats: users_count 39 119
stats: finish_users_count 25 73
stats: request 231 51.389091458671544 79.93131700846708 623.76318359375 5.8720703125 52.75511248877918 557
stats: connect 40 1.42813720703125 0.8359680786065947 73.669921875 0.7548828125 2.2422956635680378 79
stats: page 225 52.76186197916667 81.10468511027611 623.76318359375 5.8720703125 54.723792390450434 537
stats: 302 48 156
stats: 200 129 424
stats: size_rcv 1427289 4903749
stats: newphase 1 2
stats: size_sent 201648 699428
stats: connected 15 47
stats: 404 54 208
# stats: dump at 1448942094
stats: users 53 55
stats: {load,"tsung_controller@ip-172-30-3-241"} 1 0.0 0.0 0.01171875 0.0 0.0033482142857142855 7
stats: {freemem,"tsung_controller@ip-172-30-3-241"} 1 29447.97265625 0.0 29462.8515625 29447.97265625 29456.044084821428 7
stats: {recvpackets,"tsung_controller@ip-172-30-3-241"} 1 1467.0 0.0 1467 225 636.5 6
stats: {sentpackets,"tsung_controller@ip-172-30-3-241"} 1 990.0 0.0 990 149 414.3333333333333 6
stats: {cpu,"tsung_controller@ip-172-30-3-241"} 1 0.3230616302186879 0.0 3.761327450664573 0.13662899018755434 0.7236143823288276 7
stats: session 31 13934.814145980343 9565.137497091244 40401.026123046875 338.862060546875 13845.979592519263 73
stats: users_count 38 157
stats: finish_users_count 31 104
stats: request 293 51.71173908116467 72.22311241950231 623.76318359375 5.8720703125 52.354667237567426 788
stats: connect 35 1.2873256138392857 0.20776330524511852 73.669921875 0.7548828125 1.968628955488445 119
stats: page 281 53.924186950900804 73.80596695620633 623.76318359375 5.8720703125 54.1444822296383 762
stats: 302 66 222
stats: 200 145 569
stats: size_rcv 1836501 6740250
stats: newphase 0 2
stats: size_sent 267762 967190
stats: connected 4 51
stats: 404 82 290
# stats: dump at 1448942104
stats: users 52 56
stats: {load,"tsung_controller@ip-172-30-3-241"} 1 0.0 0.0 0.01171875 0.0 0.0029296875 8
stats: {freemem,"tsung_controller@ip-172-30-3-241"} 1 29445.328125 0.0 29462.8515625 29445.328125 29455.03515625 8
stats: {recvpackets,"tsung_controller@ip-172-30-3-241"} 1 1958.0 0.0 1958 225 755.1428571428571 7
stats: {sentpackets,"tsung_controller@ip-172-30-3-241"} 1 1289.0 0.0 1289 149 496.57142857142856 7
stats: {cpu,"tsung_controller@ip-172-30-3-241"} 1 0.37299515106303616 0.0 3.761327450664573 0.13662899018755434 0.6735452883150601 8
stats: session 37 14697.212309966217 9926.057024652857 47583.35693359375 338.862060546875 13872.459122877855 104
stats: users_count 36 193
stats: finish_users_count 37 141
stats: request 312 43.08808859800684 54.82880564026566 623.76318359375 5.8720703125 52.18040456427787 1081
stats: 302 68 290
stats: connect 38 1.2537456311677633 0.2302873445478378 73.669921875 0.7119140625 1.8137872869318181 154
stats: page 302 44.51833641608034 55.97939210542507 623.76318359375 5.8720703125 54.0851313443792 1043
stats: 200 157 726
stats: size_rcv 1927895 8668145
stats: newphase 0 2
stats: size_sent 288586 1255776
stats: connected 1 52
stats: 404 87 377
# stats: dump at 1448942114
stats: users 97 98
stats: {load,"tsung_controller@ip-172-30-3-241"} 1 0.0 0.0 0.01171875 0.0 0.0026041666666666665 9
stats: {freemem,"tsung_controller@ip-172-30-3-241"} 1 29444.15625 0.0 29462.8515625 29444.15625 29453.956597222223 9
stats: {recvpackets,"tsung_controller@ip-172-30-3-241"} 1 1796.0 0.0 1958 225 905.5 8
stats: {sentpackets,"tsung_controller@ip-172-30-3-241"} 1 1235.0 0.0 1289 149 595.625 8
stats: {cpu,"tsung_controller@ip-172-30-3-241"} 1 1.3673088875077688 0.0 3.761327450664573 0.13662899018755434 0.6401508286203907 9
stats: session 29 12428.275491648707 6668.944665201939 47583.35693359375 338.862060546875 14088.883718071254 141
stats: users_count 74 267
stats: finish_users_count 29 170
stats: request 422 47.61233129998516 58.820825708132965 623.76318359375 5.700927734375 50.143934656541646 1393
stats: connect 74 1.249901024070946 0.2149679510812157 73.669921875 0.7119140625 1.7029457092285156 192
stats: page 406 49.492134582820206 60.24020476844246 623.76318359375 5.700927734375 51.93704802218867 1345
stats: 302 73 363
stats: 200 243 969
stats: size_rcv 2786797 11454942
stats: newphase 1 3
stats: size_sent 363225 1619001
stats: connected 46 98
stats: 404 106 483
# stats: dump at 1448942124
stats: users 113 114
stats: {load,"tsung_controller@ip-172-30-3-241"} 1 0.0 0.0 0.01171875 0.0 0.00234375 10
stats: {freemem,"tsung_controller@ip-172-30-3-241"} 1 29427.10546875 0.0 29462.8515625 29427.10546875 29452.9765625 10
stats: {recvpackets,"tsung_controller@ip-172-30-3-241"} 1 3262.0 0.0 3262 225 1004.4444444444445 9
stats: {sentpackets,"tsung_controller@ip-172-30-3-241"} 1 2135.0 0.0 2135 149 666.6666666666666 9
stats: {cpu,"tsung_controller@ip-172-30-3-241"} 1 0.6958250497017893 0.0 3.761327450664573 0.13662899018755434 0.7128666345091286 10
stats: session 62 12523.929222845261 8190.684962219964 47583.35693359375 338.862060546875 13805.603491210937 170
stats: users_count 78 345
stats: finish_users_count 62 232
stats: request 614 50.84850676595581 71.75072011231576 623.76318359375 5.700927734375 49.55531944085744 1815
stats: connect 76 1.230716103001645 0.21888896104097913 73.669921875 0.7119140625 1.5769107216282894 266
stats: page 581 53.077769924564336 72.59456021070943 623.76318359375 5.700927734375 51.370152044813686 1751
stats: 302 127 490
stats: 200 314 1283
stats: size_rcv 3867773 15322715
stats: newphase 0 3
stats: size_sent 566364 2185365
stats: connected 13 111
stats: 404 174 657
# stats: dump at 1448942134
stats: users 123 125
stats: {load,"tsung_controller@ip-172-30-3-241"} 1 0.0 0.0 0.01171875 0.0 0.002130681818181818 11
stats: {freemem,"tsung_controller@ip-172-30-3-241"} 1 29418.35546875 0.0 29462.8515625 29418.35546875 29450.624644886364 11
stats: {recvpackets,"tsung_controller@ip-172-30-3-241"} 1 3938.0 0.0 3938 225 1230.2 10
stats: {sentpackets,"tsung_controller@ip-172-30-3-241"} 1 2648.0 0.0 2648 149 813.5 10
stats: {cpu,"tsung_controller@ip-172-30-3-241"} 1 0.856929955290611 0.0 3.761327450664573 0.13662899018755434 0.7113173995266432 11
stats: session 71 13960.746303504622 8758.220949445036 47583.35693359375 338.862060546875 13463.087091906318 232
stats: users_count 81 426
stats: finish_users_count 71 303
stats: request 649 47.815562102754214 65.66720607122737 623.76318359375 5.69287109375 49.88220993802105 2429
stats: connect 82 1.3028981278582323 0.24242783290227435 73.669921875 0.7119140625 1.4999785841557018 342
stats: page 622 50.5146672779341 68.74659571353982 623.76318359375 5.69287109375 51.79559200542052 2332
stats: 302 132 622
stats: 200 332 1615
stats: size_rcv 4061630 19384345
stats: newphase 0 3
stats: size_sent 588203 2773568
stats: connected 12 123
stats: 404 184 841
# stats: dump at 1448942144
stats: users 213 215
stats: {load,"tsung_controller@ip-172-30-3-241"} 1 0.0 0.0 0.01171875 0.0 0.001953125 12
stats: {freemem,"tsung_controller@ip-172-30-3-241"} 1 29420.43359375 0.0 29462.8515625 29418.35546875 29447.935546875 12
stats: {recvpackets,"tsung_controller@ip-172-30-3-241"} 1 4131.0 0.0 4131 225 1476.3636363636363 11
stats: {sentpackets,"tsung_controller@ip-172-30-3-241"} 1 2767.0 0.0 2767 149 980.2727272727273 11
stats: {cpu,"tsung_controller@ip-172-30-3-241"} 1 0.8202833706189411 0.0 3.761327450664573 0.13662899018755434 0.7234517791736405 12
stats: session 81 14931.582697362079 10541.501990559129 60732.2529296875 338.862060546875 13579.70030650526 303
stats: users_count 171 597
stats: finish_users_count 81 384
stats: connect 167 1.2396993123128746 0.2804996584531184 73.669921875 0.7119140625 1.4618639676076062 424
stats: request 970 48.30970949782538 64.0006737017118 623.76318359375 5.69287109375 49.44645475768051 3078
stats: page 937 50.014120551794306 65.35046818472799 623.76318359375 5.69287109375 51.52587799712784 2954
stats: 302 182 804
stats: 200 549 2164
stats: size_rcv 6103258 25487603
stats: newphase 1 4
stats: size_sent 839237 3612805
stats: connected 88 211
stats: 404 239 1080
# stats: dump at 1448942154
stats: users 238 238
stats: {load,"tsung_controller@ip-172-30-3-241"} 1 0.0 0.0 0.01171875 0.0 0.0018028846153846155 13
stats: {freemem,"tsung_controller@ip-172-30-3-241"} 1 29395.64453125 0.0 29462.8515625 29395.64453125 29445.82001201923 13
stats: {recvpackets,"tsung_controller@ip-172-30-3-241"} 1 7148.0 0.0 7148 225 1697.5833333333333 12
stats: {sentpackets,"tsung_controller@ip-172-30-3-241"} 1 4836.0 0.0 4836 149 1129.1666666666667 12
stats: {cpu,"tsung_controller@ip-172-30-3-241"} 1 2.5140012445550712 0.0 3.761327450664573 0.13662899018755434 0.7309003631309713 13
stats: session 126 11924.711842370412 7996.629677882188 60732.2529296875 338.862060546875 13864.86299832662 384
stats: users_count 151 748
stats: finish_users_count 126 510
stats: request 1234 49.844333642499 61.815498053746985 623.76318359375 5.69287109375 49.174062736420765 4048
stats: connect 153 1.198923547283497 0.2233847413038296 73.669921875 0.701904296875 1.3990864761791455 591
stats: page 1191 51.64687918175377 63.040276057417124 623.76318359375 5.69287109375 51.16182846583062 3891
stats: 302 251 1055
stats: 200 632 2796
stats: size_rcv 7846978 33334581
stats: newphase 0 4
stats: size_sent 1125686 4738491
stats: connected 27 238
stats: 404 351 1431
# stats: dump at 1448942164
stats: users 228 257
stats: {load,"tsung_controller@ip-172-30-3-241"} 1 0.078125 0.0 0.078125 0.0 0.0016741071428571428 14
stats: {freemem,"tsung_controller@ip-172-30-3-241"} 1 29377.44921875 0.0 29462.8515625 29377.44921875 29442.23604910714 14
stats: {recvpackets,"tsung_controller@ip-172-30-3-241"} 1 8423.0 0.0 8423 225 2116.846153846154 13
stats: {sentpackets,"tsung_controller@ip-172-30-3-241"} 1 5547.0 0.0 5547 149 1414.3076923076924 13
stats: {cpu,"tsung_controller@ip-172-30-3-241"} 1 1.6558764940239044 0.0 3.761327450664573 0.13662899018755434 0.8582647118041213 14
stats: session 174 14984.042643229166 9413.33172263966 60732.2529296875 338.862060546875 13385.53153626685 510
stats: users_count 164 912
stats: finish_users_count 174 684
stats: request 1410 47.58484198387633 68.27764559873778 786.303955078125 5.69287109375 49.330653856848734 5282
stats: connect 168 1.192388625372024 0.2240588388569841 73.669921875 0.701904296875 1.3579239383820565 744
stats: page 1340 50.07458222802008 70.34019401003 798.14990234375 5.69287109375 51.27550327942064 5082
stats: 302 314 1369
stats: 200 705 3501
stats: size_rcv 8618971 41953552
stats: newphase 0 4
stats: size_sent 1304044 6042535
stats: connected -6 232
stats: 404 391 1822
# stats: dump at 1448942174
stats: users 277 277
stats: {load,"tsung_controller@ip-172-30-3-241"} 1 0.1484375 0.0 0.1484375 0.0 0.0067708333333333336 15
stats: {freemem,"tsung_controller@ip-172-30-3-241"} 1 29366.35546875 0.0 29462.8515625 29366.35546875 29437.916927083334 15
stats: {recvpackets,"tsung_controller@ip-172-30-3-241"} 1 8406.0 0.0 8423 225 2567.285714285714 14
stats: {sentpackets,"tsung_controller@ip-172-30-3-241"} 1 5695.0 0.0 5695 149 1709.5 14
stats: {cpu,"tsung_controller@ip-172-30-3-241"} 1 1.6652168510003729 0.0 3.761327450664573 0.13662899018755434 0.9114388306187735 15
stats: session 139 14784.820324794855 9387.272385785183 60732.2529296875 231.912109375 13792.170326634458 684
stats: users_count 188 1100
stats: finish_users_count 139 823
stats: request 1326 47.161768756480924 63.98733634483873 786.303955078125 5.639892578125 48.96281244308736 6692
stats: connect 180 1.2056342230902777 0.5385006512405304 73.669921875 0.677978515625 1.3274305912486293 912
stats: page 1278 48.93611424405806 65.41000948819311 798.14990234375 5.639892578125 51.02492180809134 6422
stats: 302 280 1649
stats: 200 679 4180
stats: size_rcv 8134594 50088146
stats: newphase 1 5
stats: size_sent 1203071 7245606
stats: connected 40 272
stats: 404 367 2189
# stats: dump at 1448942184
stats: users 295 302
stats: {load,"tsung_controller@ip-172-30-3-241"} 1 0.12890625 0.0 0.1484375 0.0 0.015625 16
stats: {freemem,"tsung_controller@ip-172-30-3-241"} 1 29373.74609375 0.0 29462.8515625 29366.35546875 29433.4443359375 16
stats: {recvpackets,"tsung_controller@ip-172-30-3-241"} 1 8723.0 0.0 8723 225 2956.5333333333333 15
stats: {sentpackets,"tsung_controller@ip-172-30-3-241"} 1 5963.0 0.0 5963 149 1975.2 15
stats: {cpu,"tsung_controller@ip-172-30-3-241"} 1 1.6904909881914232 0.0 3.761327450664573 0.13662899018755434 0.9585499568926235 16
stats: session 173 14192.27564323293 9625.82619188243 60732.2529296875 231.912109375 13959.823242484148 823
stats: users_count 191 1291
stats: finish_users_count 173 996
stats: request 1559 49.40943056195883 64.18421325729722 786.303955078125 5.424072265625 48.66495962088231 8018
stats: connect 192 1.1817372639973958 0.2355778859812728 73.669921875 0.677978515625 1.3073542668269231 1092
stats: page 1495 51.52803371263587 66.02074095019903 798.14990234375 5.424072265625 50.67823400720374 7700
stats: 302 320 1969
stats: 200 798 4978
stats: size_rcv 9717663 59805809
stats: newphase 0 5
stats: size_sent 1421592 8667198
stats: connected 19 291
stats: 404 441 2630
# stats: dump at 1448942194
stats: users 361 361
stats: {load,"tsung_controller@ip-172-30-3-241"} 1 0.19140625 0.0 0.19140625 0.0 0.02228860294117647 17
stats: {freemem,"tsung_controller@ip-172-30-3-241"} 1 29372.41015625 0.0 29462.8515625 29366.35546875 29429.932674632353 17
stats: {recvpackets,"tsung_controller@ip-172-30-3-241"} 1 10305.0 0.0 10305 225 3316.9375 16
stats: {sentpackets,"tsung_controller@ip-172-30-3-241"} 1 7070.0 0.0 7070 149 2224.4375 16
stats: {cpu,"tsung_controller@ip-172-30-3-241"} 1 2.0719602977667493 0.0 3.761327450664573 0.13662899018755434 1.001605311674906 17
stats: session 183 14336.48478857155 9269.45284837479 60732.2529296875 231.912109375 14000.1990108873 996
stats: users_count 249 1540
stats: finish_users_count 183 1179
stats: request 1723 47.994633015407324 62.564971535513486 786.303955078125 5.424072265625 48.786148949183264 9577
stats: connect 253 1.181651239809783 0.25018784874542865 73.669921875 0.674072265625 1.2885704159365265 1284
stats: page 1663 49.728895856039536 63.954536331914674 798.14990234375 5.424072265625 50.81640155039254 9195
stats: 302 361 2330
stats: 200 905 5883
stats: size_rcv 10452946 70258755
stats: newphase 0 5
stats: size_sent 1539632 10206830
stats: connected 67 358
stats: 404 457 3087
# stats: dump at 1448942204
stats: users 331 362
stats: {load,"tsung_controller@ip-172-30-3-241"} 1 0.16015625 0.0 0.19140625 0.0 0.031684027777777776 18
stats: {freemem,"tsung_controller@ip-172-30-3-241"} 1 29364.42578125 0.0 29462.8515625 29364.42578125 29426.736979166668 18
stats: {recvpackets,"tsung_controller@ip-172-30-3-241"} 1 11572.0 0.0 11572 225 3728.0 17
stats: {sentpackets,"tsung_controller@ip-172-30-3-241"} 1 7.9e3 0.0 7900 149 2509.470588235294 17
stats: {cpu,"tsung_controller@ip-172-30-3-241"} 1 2.3241362167536663 0.0 3.761327450664573 0.13662899018755434 1.0610694775688974 18
stats: session 232 16269.29483453159 8984.592934245165 60732.2529296875 231.912109375 14052.396039993506 1179
stats: users_count 202 1742
stats: finish_users_count 232 1411
stats: request 1765 46.845156886287164 64.67644080137764 786.303955078125 5.424072265625 48.665460280696905 11300
stats: connect 198 1.1985997672032833 0.2871104765772535 73.669921875 0.674072265625 1.2709708378232758 1537
stats: page 1686 49.04360907612321 66.89356628111993 798.14990234375 5.424072265625 50.64984030801742 10858
stats: 302 396 2726
stats: 200 863 6746
stats: size_rcv 10832232 81090987
stats: newphase 1 6
stats: size_sent 1656593 11863423
stats: connected -27 331
stats: 404 506 3593
# stats: dump at 1448942214
stats: users 497 497
stats: {load,"tsung_controller@ip-172-30-3-241"} 1 0.2109375 0.0 0.2109375 0.0 0.03844572368421053 19
stats: {freemem,"tsung_controller@ip-172-30-3-241"} 1 29364.13671875 0.0 29462.8515625 29364.13671875 29423.45744243421 19
stats: {recvpackets,"tsung_controller@ip-172-30-3-241"} 1 10951.0 0.0 11572 225 4163.777777777777 18
stats: {sentpackets,"tsung_controller@ip-172-30-3-241"} 1 7558.0 0.0 7900 149 2808.9444444444443 18
stats: {cpu,"tsung_controller@ip-172-30-3-241"} 1 2.189327030725215 0.0 3.761327450664573 0.13662899018755434 1.1275466743680957 19
stats: session 214 13581.616711768034 9138.362446135003 60732.2529296875 231.912109375 14416.903850293176 1411
stats: users_count 380 2122
stats: finish_users_count 214 1625
stats: request 2398 50.03248546558978 65.05389914140889 786.303955078125 5.424072265625 48.419548647238564 13065
stats: connect 381 1.169826397432742 0.2425554406036994 73.669921875 0.674072265625 1.2627117761617435 1735
stats: page 2321 51.68517671952418 66.2983694328788 798.14990234375 5.424072265625 50.433951767123474 12544
stats: 302 469 3195
stats: 200 1304 8050
stats: size_rcv 14708488 95799475
stats: newphase 0 6
stats: size_sent 2093248 13956671
stats: connected 161 492
stats: 404 625 4218
# stats: dump at 1448942224
stats: users 577 591
stats: {load,"tsung_controller@ip-172-30-3-241"} 1 0.1796875 0.0 0.2109375 0.0 0.0470703125 20
stats: {freemem,"tsung_controller@ip-172-30-3-241"} 1 29337.62890625 0.0 29462.8515625 29337.62890625 29420.49140625 20
stats: {recvpackets,"tsung_controller@ip-172-30-3-241"} 1 16814.0 0.0 16814 225 4521.0 19
stats: {sentpackets,"tsung_controller@ip-172-30-3-241"} 1 11497.0 0.0 11497 149 3058.8947368421054 19
stats: {cpu,"tsung_controller@ip-172-30-3-241"} 1 3.140578265204387 0.0 3.761327450664573 0.13662899018755434 1.1806356921859518 20
stats: session 298 13215.553164488512 8735.168992601151 60732.2529296875 231.912109375 14306.902959435096 1625
stats: users_count 378 2500
stats: finish_users_count 298 1923
stats: connect 381 1.2034550063566267 0.546917996809425 73.669921875 0.669921875 1.2459871403887048 2116
stats: request 2931 52.60884940213457 68.0224390215538 786.303955078125 5.424072265625 48.66968267623722 15463
stats: page 2834 54.420244150962624 69.46814357434906 798.14990234375 5.424072265625 50.62931625515052 14865
stats: 302 593 3788
stats: 200 1527 9577
stats: size_rcv 18255087 114054562
stats: newphase 0 6
stats: size_sent 2672054 16628725
stats: connected 86 578
stats: 404 811 5029
# stats: dump at 1448942234
stats: users 639 639
stats: {load,"tsung_controller@ip-172-30-3-241"} 1 0.1484375 0.0 0.2109375 0.0 0.053385416666666664 21
stats: {freemem,"tsung_controller@ip-172-30-3-241"} 1 29310.8359375 0.0 29462.8515625 29310.8359375 29416.545572916668 21
stats: {recvpackets,"tsung_controller@ip-172-30-3-241"} 1 19555.0 0.0 19555 225 5135.65 20
stats: {sentpackets,"tsung_controller@ip-172-30-3-241"} 1 13181.0 0.0 13181 149 3480.8 20
stats: {cpu,"tsung_controller@ip-172-30-3-241"} 1 4.834478450968145 0.0 4.834478450968145 0.13662899018755434 1.2739662909011154 21
stats: session 353 13991.142852005138 8914.600369429962 60732.2529296875 231.912109375 14137.78063031701 1923
stats: users_count 415 2915
stats: finish_users_count 353 2276
stats: request 3239 52.22952625713951 68.96257847119217 786.303955078125 5.424072265625 49.29737092640603 18394
stats: connect 417 1.172380845323743 0.22867318567553166 73.669921875 0.669921875 1.2394974555403981 2497
stats: 302 673 4461
stats: page 3124 54.152178150133 70.49775995879861 798.14990234375 5.424072265625 51.23632736632808 17699
stats: 200 1644 11221
stats: size_rcv 19510593 133565155
stats: newphase 0 6
stats: size_sent 2954721 19583446
stats: connected 60 638
stats: 404 922 5951
# stats: dump at 1448942244
stats: users 667 684
stats: {load,"tsung_controller@ip-172-30-3-241"} 1 0.12890625 0.0 0.2109375 0.0 0.05770596590909091 22
stats: {freemem,"tsung_controller@ip-172-30-3-241"} 1 29282.4296875 0.0 29462.8515625 29282.4296875 29411.740589488636 22
stats: {recvpackets,"tsung_controller@ip-172-30-3-241"} 1 20839.0 0.0 20839 225 5822.285714285715 21
stats: {sentpackets,"tsung_controller@ip-172-30-3-241"} 1 14129.0 0.0 14129 149 3942.714285714286 21
stats: {cpu,"tsung_controller@ip-172-30-3-241"} 1 5.428392745465916 0.0 5.428392745465916 0.13662899018755434 1.4358077527223438 22
stats: session 428 15921.110777667749 10222.511500949684 60732.2529296875 231.912109375 14115.03760055247 2276
stats: users_count 456 3371
stats: finish_users_count 428 2704
stats: request 3540 53.79704493290966 71.53122872690051 786.303955078125 5.424072265625 49.73638775792482 21633
stats: connect 456 1.1921729372258776 0.5602297754335445 73.669921875 0.669921875 1.2298929166041095 2914
stats: page 3404 55.95202486103205 73.2976116317376 798.14990234375 5.424072265625 51.67378200055977 20823
stats: 302 768 5229
stats: 200 1801 13022
stats: size_rcv 21514329 155079484
stats: newphase 1 7
stats: size_sent 3237771 22821217
stats: connected 29 667
stats: 404 971 6922
# stats: dump at 1448942254
stats: users 752 753
stats: {load,"tsung_controller@ip-172-30-3-241"} 1 0.26171875 0.0 0.26171875 0.0 0.06080163043478261 23
stats: {freemem,"tsung_controller@ip-172-30-3-241"} 1 29259.33203125 0.0 29462.8515625 29259.33203125 29406.118376358696 23
stats: {recvpackets,"tsung_controller@ip-172-30-3-241"} 1 23009.0 0.0 23009 225 6504.863636363636 22
stats: {sentpackets,"tsung_controller@ip-172-30-3-241"} 1 15716.0 0.0 15716 149 4405.727272727273 22
stats: {cpu,"tsung_controller@ip-172-30-3-241"} 1 5.105217283028265 0.0 5.428392745465916 0.13662899018755434 1.6093984045807601 23
stats: session 416 15279.132712144115 9402.506123159174 60732.2529296875 231.912109375 14400.910130066279 2704
stats: users_count 501 3872
stats: finish_users_count 416 3120
stats: request 3864 56.7249905604013 74.8601282089945 786.303955078125 5.424072265625 50.30742523456433 25173
stats: 302 838 6067
stats: connect 501 1.1418120789670672 0.2569786452293805 73.669921875 0.658935546875 1.224788966872218 3370
stats: page 3713 59.03502402085996 76.92233982767834 798.14990234375 5.424072265625 52.27489392927763 24227
stats: 200 1985 15007
stats: size_rcv 23801845 178881329
stats: newphase 0 7
stats: size_sent 3522400 26343617
stats: connected 85 752
stats: 404 1041 7963
# stats: dump at 1448942264
stats: users 776 791
stats: {load,"tsung_controller@ip-172-30-3-241"} 1 0.21875 0.0 0.26171875 0.0 0.06917317708333333 24
stats: {freemem,"tsung_controller@ip-172-30-3-241"} 1 29232.72265625 0.0 29462.8515625 29232.72265625 29400.002278645832 24
stats: {recvpackets,"tsung_controller@ip-172-30-3-241"} 1 25461.0 0.0 25461 225 7222.434782608696 23
stats: {sentpackets,"tsung_controller@ip-172-30-3-241"} 1 17261.0 0.0 17261 149 4897.478260869565 23
stats: {cpu,"tsung_controller@ip-172-30-3-241"} 1 4.93672472121288 0.0 5.428392745465916 0.13662899018755434 1.7550575245160729 24
stats: session 467 15077.149108233238 9272.503803168804 60732.2529296875 231.912109375 14518.006474343325 3120
stats: users_count 491 4363
stats: finish_users_count 467 3587
stats: connect 468 1.1944861778846139 0.6183613841486107 73.669921875 0.658935546875 1.2140497726483792 3871
stats: 302 811 6878
stats: page 3697 64.51650349681728 84.41088372900238 798.14990234375 5.424072265625 53.173260537368 27940
stats: request 3875 61.54934141885073 82.09302680114773 786.303955078125 5.424072265625 51.16142090970411 29037
stats: 200 1940 16947
stats: size_rcv 23790294 202671623
stats: newphase 0 7
stats: size_sent 3582521 29926138
stats: connected 31 783
stats: 404 1124 9087
# stats: dump at 1448942274
stats: users 625 794
stats: {load,"tsung_controller@ip-172-30-3-241"} 1 0.19140625 0.0 0.26171875 0.0 0.07515625 25
stats: {freemem,"tsung_controller@ip-172-30-3-241"} 1 29207.265625 0.0 29462.8515625 29207.265625 29393.31109375 25
stats: {recvpackets,"tsung_controller@ip-172-30-3-241"} 1 26351.0 0.0 26351 225 7982.375 24
stats: {sentpackets,"tsung_controller@ip-172-30-3-241"} 1 17919.0 0.0 17919 149 5412.625 24
stats: {cpu,"tsung_controller@ip-172-30-3-241"} 1 5.341023069207623 0.0 5.428392745465916 0.13662899018755434 1.8823242123839452 25
stats: session 503 15498.493314041532 9098.277253469168 60732.2529296875 231.912109375 14590.802574155588 3587
stats: users_count 352 4715
stats: finish_users_count 503 4090
stats: request 3939 63.24875035204842 83.0341187140106 786.303955078125 5.424072265625 52.384476086324895 32912
stats: connect 371 1.168051665683964 0.23698086344507407 73.669921875 0.658935546875 1.211939663787019 4339
stats: page 3765 66.17529082887233 85.33229131259985 798.14990234375 5.424072265625 54.49879611978998 31637
stats: 302 892 7770
stats: 200 1896 18843
stats: size_rcv 24260871 226932494
stats: newphase 1 8
stats: size_sent 3724418 33650556
stats: connected -137 646
stats: 404 1151 10238
# stats: dump at 1448942284
stats: users 343 794
stats: {load,"tsung_controller@ip-172-30-3-241"} 1 0.16015625 0.0 0.26171875 0.0 0.07962740384615384 26
stats: {freemem,"tsung_controller@ip-172-30-3-241"} 1 29205.55859375 0.0 29462.8515625 29205.55859375 29386.155498798078 26
stats: {recvpackets,"tsung_controller@ip-172-30-3-241"} 1 23375.0 0.0 26351 225 8717.12 25
stats: {sentpackets,"tsung_controller@ip-172-30-3-241"} 1 15303.0 0.0 17919 149 5912.88 25
stats: {cpu,"tsung_controller@ip-172-30-3-241"} 1 4.310883418717981 0.0 5.428392745465916 0.13662899018755434 2.015351091492548 26
stats: session 375 18775.402011718747 8808.21542035932 60732.2529296875 231.912109375 14702.433000112222 4090
stats: users_count 93 4808
stats: finish_users_count 375 4465
stats: request 2303 48.686147844693046 69.46747316168603 786.303955078125 5.424072265625 53.54575736316094 36851
stats: connect 96 1.2301101684570315 0.22548150994538116 73.669921875 0.658935546875 1.2084826686073518 4710
stats: page 2185 51.31953538418905 71.760523874432 798.14990234375 5.424072265625 55.74059044157109 35402
stats: 302 653 8423
stats: 200 926 19769
stats: size_rcv 13928845 240861339
stats: newphase 0 8
stats: size_sent 2405787 36056343
stats: connected -287 359
stats: 404 724 10962
# stats: dump at 1448942294
stats: users 226 794
stats: {load,"tsung_controller@ip-172-30-3-241"} 1 0.12890625 0.0 0.26171875 0.0 0.0826099537037037 27
stats: {freemem,"tsung_controller@ip-172-30-3-241"} 1 29224.89453125 0.0 29462.8515625 29205.55859375 29379.466724537036 27
stats: {recvpackets,"tsung_controller@ip-172-30-3-241"} 1 11825.0 0.0 26351 225 9280.884615384617 26
stats: {sentpackets,"tsung_controller@ip-172-30-3-241"} 1 7721.0 0.0 17919 149 6274.038461538462 26
stats: {cpu,"tsung_controller@ip-172-30-3-241"} 1 2.332543345391044 0.0 5.428392745465916 0.13662899018755434 2.1003708073157124 27
stats: session 231 21957.07154482887 9785.005620893826 60732.2529296875 231.912109375 15044.507665140765 4465
stats: users_count 114 4922
stats: finish_users_count 231 4696
stats: page 1214 38.58959277182858 54.3394486742693 798.14990234375 5.424072265625 55.4835865492578 37587
stats: request 1248 37.54359103471808 53.16535367404256 786.303955078125 5.424072265625 53.25991988241743 39154
stats: connect 112 1.2673536028180803 0.41593151168159653 73.669921875 0.658935546875 1.2089146785918647 4806
stats: 302 386 8809
stats: 200 536 20305
stats: size_rcv 6902316 247763655
stats: newphase 0 8
stats: size_sent 1229909 37286252
stats: connected -133 226
stats: 404 326 11288
# stats: dump at 1448942304
stats: users 179 794
stats: {load,"tsung_controller@ip-172-30-3-241"} 1 0.109375 0.0 0.26171875 0.0 0.08426339285714286 28
stats: {freemem,"tsung_controller@ip-172-30-3-241"} 1 29253.71875 0.0 29462.8515625 29205.55859375 29373.9462890625 28
stats: {recvpackets,"tsung_controller@ip-172-30-3-241"} 1 6401.0 0.0 26351 225 9375.111111111113 27
stats: {sentpackets,"tsung_controller@ip-172-30-3-241"} 1 4484.0 0.0 17919 149 6327.62962962963 27
stats: {cpu,"tsung_controller@ip-172-30-3-241"} 1 1.4189693801344287 0.0 5.428392745465916 0.13662899018755434 2.1086626836755458 28
stats: session 144 19876.308441162102 11446.459580260052 60732.2529296875 231.912109375 15384.542217144162 4696
stats: users_count 97 5019
stats: finish_users_count 144 4840
stats: connect 91 1.3953763521634612 1.491189244843951 73.669921875 0.658935546875 1.2102455365652962 4918
stats: request 954 47.11442671481918 62.79171955592826 786.303955078125 5.424072265625 52.77444940071036 40402
stats: page 911 49.352460004888194 64.54572193235991 798.14990234375 5.424072265625 54.95500974851041 38801
stats: 302 232 9041
stats: 200 449 20754
stats: size_rcv 5726261 253489916
stats: newphase 0 8
stats: size_sent 912965 38199217
stats: connected -50 176
stats: 404 273 11561
# stats: dump at 1448942314
stats: users 166 794
stats: {load,"tsung_controller@ip-172-30-3-241"} 1 0.1015625 0.0 0.26171875 0.0 0.08512931034482758 29
stats: {freemem,"tsung_controller@ip-172-30-3-241"} 1 29302.078125 0.0 29462.8515625 29205.55859375 29369.80051185345 29
stats: {recvpackets,"tsung_controller@ip-172-30-3-241"} 1 5754.0 0.0 26351 225 9268.892857142859 28
stats: {sentpackets,"tsung_controller@ip-172-30-3-241"} 1 3955.0 0.0 17919 149 6261.785714285715 28
stats: {cpu,"tsung_controller@ip-172-30-3-241"} 1 1.1572921851667497 0.0 5.428392745465916 0.13662899018755434 2.084880155967231 29
stats: session 116 18517.602503283277 12319.527579044023 60732.2529296875 231.912109375 15518.181542817423 4840
stats: users_count 103 5122
stats: finish_users_count 116 4956
stats: request 847 43.90911886852498 56.81433653700832 786.303955078125 5.424072265625 52.64388402585931 41356
stats: connect 111 1.3318442954673422 0.7131962263582904 73.669921875 0.658935546875 1.2136088634208428 5009
stats: page 824 45.13731962037318 57.93499588583294 798.14990234375 5.424072265625 54.826486309337376 39712
stats: 302 199 9240
stats: 200 428 21182
stats: size_rcv 5128733 258618649
stats: newphase 1 9
stats: size_sent 777222 38976439
stats: connected -6 170
stats: 404 220 11781
# stats: dump at 1448942324
stats: users 152 794
stats: {load,"tsung_controller@ip-172-30-3-241"} 1 0.078125 0.0 0.26171875 0.0 0.08567708333333333 30
stats: {freemem,"tsung_controller@ip-172-30-3-241"} 1 29324.56640625 0.0 29462.8515625 29205.55859375 29367.543098958333 30
stats: {recvpackets,"tsung_controller@ip-172-30-3-241"} 1 5415.0 0.0 26351 225 9147.689655172417 29
stats: {sentpackets,"tsung_controller@ip-172-30-3-241"} 1 3.7e3 0.0 17919 149 6182.241379310345 29
stats: {cpu,"tsung_controller@ip-172-30-3-241"} 1 1.2551261339629676 0.0 5.428392745465916 0.13662899018755434 2.0539605569405484 30
stats: session 121 15679.515193214102 11357.422431015246 60858.18896484375 231.912109375 15588.38590750952 4956
stats: users_count 107 5229
stats: finish_users_count 121 5077
stats: page 878 51.47625496067057 68.86243259546029 798.14990234375 5.424072265625 54.62952870741053 40536
stats: request 929 48.64576036270521 66.6239700201102 786.303955078125 5.424072265625 52.468580230198754 42203
stats: connect 106 1.2887400501179243 0.2957969429171746 73.669921875 0.658935546875 1.2161721706390385 5120
stats: 302 207 9447
stats: 200 467 21649
stats: size_rcv 5853464 264472113
stats: newphase 0 9
stats: size_sent 860979 39837418
stats: connected -18 152
stats: 404 255 12036
# stats: dump at 1448942334
stats: users 154 794
stats: {load,"tsung_controller@ip-172-30-3-241"} 1 0.0703125 0.0 0.26171875 0.0 0.08543346774193548 31
stats: {freemem,"tsung_controller@ip-172-30-3-241"} 1 29347.76953125 0.0 29462.8515625 29205.55859375 29366.156754032258 31
stats: {recvpackets,"tsung_controller@ip-172-30-3-241"} 1 6111.0 0.0 26351 225 9023.266666666668 30
stats: {sentpackets,"tsung_controller@ip-172-30-3-241"} 1 4115.0 0.0 17919 149 6099.5 30
stats: {cpu,"tsung_controller@ip-172-30-3-241"} 1 3.1965174129353233 0.0 5.428392745465916 0.13662899018755434 2.028191704586433 31
stats: session 100 15555.343134765624 11028.864887509215 65439.327880859375 231.912109375 15590.557789244847 5077
stats: users_count 102 5331
stats: finish_users_count 100 5177
stats: request 761 47.65938051802725 63.09815627676759 786.303955078125 5.424072265625 52.3862422988044 43132
stats: connect 103 1.3164346935679607 0.23299917272767479 73.669921875 0.658935546875 1.2176440794076495 5226
stats: page 731 49.618962946733966 64.77104308454066 798.14990234375 5.424072265625 54.56267753752504 41414
stats: 302 160 9607
stats: 200 393 22042
stats: size_rcv 4794252 269266365
stats: newphase 0 9
stats: size_sent 683322 40520740
stats: connected 2 154
stats: 404 208 12244
# stats: dump at 1448942344
stats: users 185 794
stats: {load,"tsung_controller@ip-172-30-3-241"} 1 0.05859375 0.0 0.26171875 0.0 0.0849609375 32
stats: {freemem,"tsung_controller@ip-172-30-3-241"} 1 29357.765625 0.0 29462.8515625 29205.55859375 29365.582153320313 32
stats: {recvpackets,"tsung_controller@ip-172-30-3-241"} 1 5258.0 0.0 26351 225 8929.322580645163 31
stats: {sentpackets,"tsung_controller@ip-172-30-3-241"} 1 3620.0 0.0 17919 149 6035.4838709677415 31
stats: {cpu,"tsung_controller@ip-172-30-3-241"} 1 1.0197736599925382 0.0 5.428392745465916 0.13662899018755434 2.0647018829723356 32
stats: session 92 15284.496380349865 8950.62252511304 65439.327880859375 231.912109375 15589.877575714247 5177
stats: users_count 123 5454
stats: finish_users_count 92 5269
stats: page 794 48.68607974112484 66.3169449266155 798.14990234375 5.424072265625 54.476929397392915 42145
stats: request 834 46.347156844836576 64.37562901292907 786.303955078125 5.424072265625 52.30428978211218 43893
stats: connect 122 1.2811999711834017 0.24442204887026542 73.669921875 0.658935546875 1.2195535245678133 5329
stats: 302 169 9776
stats: 200 429 22471
stats: size_rcv 5007521 274273886
stats: newphase 1 10
stats: size_sent 753005 41273745
stats: connected 33 187
stats: 404 236 12480
# stats: dump at 1448942354
stats: users 275 794
stats: {load,"tsung_controller@ip-172-30-3-241"} 1 0.05078125 0.0 0.26171875 0.0 0.08416193181818182 33
stats: {freemem,"tsung_controller@ip-172-30-3-241"} 1 29362.61328125 0.0 29462.8515625 29205.55859375 29365.345288825756 33
stats: {recvpackets,"tsung_controller@ip-172-30-3-241"} 1 5609.0 0.0 26351 225 8814.593750000002 32
stats: {sentpackets,"tsung_controller@ip-172-30-3-241"} 1 3925.0 0.0 17919 149 5960.0 32
stats: {cpu,"tsung_controller@ip-172-30-3-241"} 1 1.1926947446887812 0.0 5.428392745465916 0.13662899018755434 2.033037391366887 33
stats: session 117 13835.038027510684 10720.345069104565 65439.327880859375 231.912109375 15584.5454310998 5269
stats: users_count 207 5661
stats: finish_users_count 117 5386
stats: request 1206 44.655719814015875 55.216290026569894 786.303955078125 5.424072265625 52.1932103699073 44727
stats: connect 205 1.262233231707317 0.2518520785939508 73.669921875 0.658935546875 1.220933246909971 5451
stats: page 1176 45.79087839969973 56.13697539656176 798.14990234375 5.424072265625 54.36984878007354 42939
stats: 302 226 10002
stats: 200 667 23138
stats: size_rcv 7300638 281574524
stats: newphase 0 10
stats: size_sent 1034606 42308351
stats: connected 86 273
stats: 404 313 12793
# stats: dump at 1448942364
stats: users 307 794
stats: {load,"tsung_controller@ip-172-30-3-241"} 1 0.0390625 0.0 0.26171875 0.0 0.08318014705882353 34
stats: {freemem,"tsung_controller@ip-172-30-3-241"} 1 29362.3515625 0.0 29462.8515625 29205.55859375 29365.264935661766 34
stats: {recvpackets,"tsung_controller@ip-172-30-3-241"} 1 8565.0 0.0 26351 225 8717.454545454548 33
stats: {sentpackets,"tsung_controller@ip-172-30-3-241"} 1 5814.0 0.0 17919 149 5898.333333333333 33
stats: {cpu,"tsung_controller@ip-172-30-3-241"} 1 1.7419435112604205 0.0 5.428392745465916 0.13662899018755434 2.0083214311704722 34
stats: session 162 13580.08961015866 9135.078919558906 65439.327880859375 231.912109375 15546.540907107983 5386
stats: users_count 194 5855
stats: finish_users_count 162 5548
stats: request 1582 50.417679701080516 65.5193719403633 786.303955078125 5.424072265625 51.99530878258653 45933
stats: connect 191 1.2760962041884814 0.24617337542491163 73.669921875 0.658935546875 1.2224301522995495 5656
stats: 302 316 10318
stats: page 1520 52.48210160104849 67.16202779230542 798.14990234375 5.424072265625 54.14115402392893 44115
stats: 200 801 23939
stats: size_rcv 9820665 291395189
stats: newphase 0 10
stats: size_sent 1447787 43756138
stats: connected 30 303
stats: 404 465 13258
# stats: dump at 1448942374
stats: users 303 794
stats: {load,"tsung_controller@ip-172-30-3-241"} 1 0.12109375 0.0 0.26171875 0.0 0.08191964285714286 35
stats: {freemem,"tsung_controller@ip-172-30-3-241"} 1 29363.4453125 0.0 29462.8515625 29205.55859375 29365.18169642857 35
stats: {recvpackets,"tsung_controller@ip-172-30-3-241"} 1 10799.0 0.0 26351 225 8712.970588235296 34
stats: {sentpackets,"tsung_controller@ip-172-30-3-241"} 1 7268.0 0.0 17919 149 5895.85294117647 34
stats: {cpu,"tsung_controller@ip-172-30-3-241"} 1 2.068278096187391 0.0 5.428392745465916 0.13662899018755434 2.0007106334587563 35
stats: session 206 14359.28993239912 8602.714443191804 65439.327880859375 231.912109375 15489.121096346304 5548
stats: users_count 202 6057
stats: finish_users_count 206 5754
stats: request 1731 50.25153226097635 66.30932358062992 786.303955078125 5.424072265625 51.94278201826068 47515
stats: connect 205 1.2415277248475614 0.2359155252167122 73.669921875 0.658935546875 1.2241832249711393 5847
stats: page 1647 52.814181709405325 68.27907324480894 798.14990234375 5.424072265625 54.08589469046167 45635
stats: 302 368 10686
stats: 200 874 24813
stats: size_rcv 10940889 302336078
stats: newphase 0 10
stats: size_sent 1601555 45357693
stats: connected 1 304
stats: 404 489 13747
# stats: dump at 1448942384
stats: users 4020 4021
stats: {load,"tsung_controller@ip-172-30-3-241"} 1 0.1796875 0.0 0.26171875 0.0 0.0830078125 36
stats: {freemem,"tsung_controller@ip-172-30-3-241"} 1 29309.63671875 0.0 29462.8515625 29205.55859375 29365.133463541668 36
stats: {recvpackets,"tsung_controller@ip-172-30-3-241"} 1 16538.0 0.0 26351 225 8772.57142857143 35
stats: {sentpackets,"tsung_controller@ip-172-30-3-241"} 1 12659.0 0.0 17919 149 5935.057142857143 35
stats: {cpu,"tsung_controller@ip-172-30-3-241"} 1 3.6885245901639343 0.0 5.428392745465916 0.13662899018755434 2.0025875074234403 36
stats: session 470 8469.080159678348 8606.134593608318 65439.327880859375 156.932861328125 15448.671805457685 5754
stats: users_count 4187 10244
stats: finish_users_count 470 6224
stats: request 10312 401.98784477050265 528.7327359700879 1954.717041015625 0.922119140625 51.88333448282919 49246
stats: page 10227 405.1125235952475 532.5346862832772 3102.5380859375 0.922119140625 54.04159641035931 47282
stats: 302 702 11388
stats: connect 4073 1.169681151025042 0.3979376634983097 73.669921875 0.550048828125 1.2247707369464642 6052
stats: 504 1 1
stats: 200 4756 29569
stats: size_rcv 33419808 335755886
stats: newphase 1 11
stats: size_sent 6435743 51793436
stats: connected 3625 3929
stats: 503 4141 4141
stats: 404 713 14460
# stats: dump at 1448942394
stats: users 6650 6650
stats: {load,"tsung_controller@ip-172-30-3-241"} 1 0.4609375 0.0 0.4609375 0.0 0.08562077702702703 37
stats: {freemem,"tsung_controller@ip-172-30-3-241"} 1 28856.96875 0.0 29462.8515625 28856.96875 29363.63355152027 37
stats: {recvpackets,"tsung_controller@ip-172-30-3-241"} 1 60080.0 0.0 60080 225 8988.277777777777 36
stats: {sentpackets,"tsung_controller@ip-172-30-3-241"} 1 59259.0 0.0 59259 149 6121.833333333333 36
stats: {cpu,"tsung_controller@ip-172-30-3-241"} 1 17.761989342806395 0.0 17.761989342806395 0.13662899018755434 2.048153374524535 37
stats: session 2010 8710.90865727517 5669.252037498871 65439.327880859375 61.968017578125 14921.613953028975 6224
stats: users_count 4640 14884
stats: finish_users_count 2010 8234
stats: page 27495 306.87257602412086 624.1768184020988 4126.419921875 0.733154296875 116.47360483199508 57509
stats: connect 4671 1.1988550740272401 0.8772957949490862 73.669921875 0.550048828125 1.202609760802469 10125
stats: 302 1853 13241
stats: request 28533 296.6122269779976 607.3111714965186 2807.112060546875 0.733154296875 112.50118112117313 59558
stats: 504 2 3
stats: 200 2904 32473
stats: size_rcv 35654063 371409949
stats: newphase 0 11
stats: size_sent 18121371 69914807
stats: connected 2701 6630
stats: 503 22921 27062
stats: 404 852 15312
# stats: dump at 1448942404
stats: users 7770 7784
stats: {load,"tsung_controller@ip-172-30-3-241"} 1 0.5390625 0.0 0.5390625 0.0 0.09549753289473684 38
stats: {freemem,"tsung_controller@ip-172-30-3-241"} 1 28624.10546875 0.0 29462.8515625 28624.10546875 29350.300267269737 38
stats: {recvpackets,"tsung_controller@ip-172-30-3-241"} 1 71899.0 0.0 71899 225 10369.135135135135 37
stats: {sentpackets,"tsung_controller@ip-172-30-3-241"} 1 88911.0 0.0 88911 149 7557.972972972973 37
stats: {cpu,"tsung_controller@ip-172-30-3-241"} 1 25.828236493374106 0.0 25.828236493374106 0.13662899018755434 2.4616753736898467 38
stats: session 3598 13052.707836819061 7146.760051652237 65439.327880859375 61.968017578125 13405.51999572206 8234
stats: users_count 4718 19602
stats: finish_users_count 3598 11832
stats: request 37290 234.1060008966884 540.7167395514888 2807.112060546875 0.733154296875 172.13542833635714 88091
stats: connect 4714 1.1958931755807178 0.5149130121324037 73.669921875 0.550048828125 1.2014244308533548 14796
stats: page 35754 244.3432264025538 564.795680918212 4126.419921875 0.733154296875 178.05917389848017 85004
stats: 302 2839 16080
stats: 504 3 6
stats: 200 2346 34819
stats: size_rcv 37275823 408685772
stats: newphase 0 11
stats: size_sent 23773702 93688509
stats: connected 1150 7780
stats: 503 31202 58264
stats: 404 900 16212
# stats: dump at 1448942414
stats: users 10534 10534
stats: {load,"tsung_controller@ip-172-30-3-241"} 1 0.609375 0.0 0.609375 0.0 0.10687099358974358 39
stats: {freemem,"tsung_controller@ip-172-30-3-241"} 1 28496.84375 0.0 29462.8515625 28496.84375 29331.67988782051 39
stats: {recvpackets,"tsung_controller@ip-172-30-3-241"} 1 79898.0 0.0 79898 225 11988.342105263158 38
stats: {sentpackets,"tsung_controller@ip-172-30-3-241"} 1 103310.0 0.0 103310 149 9698.842105263158 38
stats: {cpu,"tsung_controller@ip-172-30-3-241"} 1 27.368828155214647 0.0 27.368828155214647 0.13662899018755434 3.0608179665022637 39
stats: session 4605 15471.287477149923 8875.267000382908 65439.327880859375 61.968017578125 13298.233134013728 11832
stats: users_count 7369 26971
stats: finish_users_count 4605 16437
stats: request 44083 194.97691738254346 460.09136402385843 2807.112060546875 0.67578125 190.56631220851287 125381
stats: 302 3310 19390
stats: connect 7192 1.1837614778682077 0.33632300865202236 73.669921875 0.550048828125 1.2000879707121344 19510
stats: page 42432 202.68367003243873 477.5554880202437 4126.419921875 0.733154296875 197.68454044339356 120758
stats: 504 2 8
stats: 200 2694 37513
stats: size_rcv 42580760 451266532
stats: newphase 1 12
stats: size_sent 26295952 119984461
stats: connected 2577 10357
stats: 503 37136 95400
stats: 404 941 17153
# stats: dump at 1448942424
stats: users 11118 13732
stats: {load,"tsung_controller@ip-172-30-3-241"} 1 0.98046875 0.0 0.98046875 0.0 0.11943359375 40
stats: {freemem,"tsung_controller@ip-172-30-3-241"} 1 28196.3828125 0.0 29462.8515625 28196.3828125 29310.808984375 40
stats: {recvpackets,"tsung_controller@ip-172-30-3-241"} 1 106970.0 0.0 106970 225 13729.615384615385 39
stats: {sentpackets,"tsung_controller@ip-172-30-3-241"} 1 144479.0 0.0 144479 149 12099.128205128205 39
stats: {cpu,"tsung_controller@ip-172-30-3-241"} 1 37.45445407714537 0.0 37.45445407714537 0.13662899018755434 3.6685182212200735 40
stats: session 6599 13293.246328049514 10164.710956564864 65439.327880859375 61.968017578125 13907.037371413628 16437
stats: users_count 7183 34154
stats: finish_users_count 6599 23036
stats: request 62466 149.12046466168042 420.16008902443025 2807.112060546875 0.67578125 191.71365151294796 169464
stats: page 60114 155.31984528062233 432.11191047011664 4126.419921875 0.733154296875 198.98439378442157 163190
stats: 302 3000 22390
stats: connect 7077 2.4132756061669856 12.128627506234558 283.93603515625 0.550048828125 1.195690542184926 26702
stats: 504 28 36
stats: 200 2391 39904
stats: size_rcv 49087937 500354469
stats: newphase 0 12
stats: error_connect_eaddrinuse 1465 1465
stats: size_sent 34572976 154557437
stats: connected 722 11079
stats: error_abort_max_conn_retries 333 333
stats: 503 56301 151701
stats: 404 753 17906
# stats: dump at 1448942434
stats: users 5821 13732
stats: {load,"tsung_controller@ip-172-30-3-241"} 1 2.33984375 0.0 2.33984375 0.0 0.1404344512195122 41
stats: {freemem,"tsung_controller@ip-172-30-3-241"} 1 27900.5859375 0.0 29462.8515625 27900.5859375 29283.627858231706 41
stats: {recvpackets,"tsung_controller@ip-172-30-3-241"} 1 92520.0 0.0 106970 225 16060.625 40
stats: {sentpackets,"tsung_controller@ip-172-30-3-241"} 1 135223.0 0.0 144479 149 15408.625 40
stats: {cpu,"tsung_controller@ip-172-30-3-241"} 1 87.17388666423977 0.0 87.17388666423977 0.13662899018755434 4.492565437218251 41
stats: session 6575 15533.185822466136 10061.688424615684 65439.327880859375 61.968017578125 13731.20792640756 23036
stats: users_count 1278 35432
stats: finish_users_count 6575 29611
stats: 302 4451 26841
stats: connect 200 79.13133056640626 43.44662860728683 283.93603515625 0.550048828125 1.4507854087529428 33779
stats: 504 24 60
stats: page 32119 292.86955438479407 558.446586484086 4126.419921875 0.733154296875 187.22978719986693 223304
stats: request 34191 274.89267759921944 536.8772492001598 2973.9638671875 0.67578125 180.24197467143856 231930
stats: 200 1124 41028
stats: size_rcv 30952932 531307401
stats: newphase 0 12
stats: error_connect_eaddrinuse 4464 5929
stats: size_sent 24176599 178734036
stats: connected -5210 5869
stats: error_abort_max_conn_retries 1034 1367
stats: 503 27719 179420
stats: 404 866 18772
# stats: dump at 1448942444
stats: users 2377 13732
stats: {load,"tsung_controller@ip-172-30-3-241"} 1 3.2109375 0.0 3.2109375 0.0 0.19280133928571427 42
stats: {freemem,"tsung_controller@ip-172-30-3-241"} 1 27907.44921875 0.0 29462.8515625 27900.5859375 29250.698288690477 42
stats: {recvpackets,"tsung_controller@ip-172-30-3-241"} 1 55880.0 0.0 106970 225 17925.48780487805 41
stats: {sentpackets,"tsung_controller@ip-172-30-3-241"} 1 63752.0 0.0 144479 149 18330.926829268294 41
stats: {cpu,"tsung_controller@ip-172-30-3-241"} 1 99.56474428726877 0.0 99.56474428726877 0.13662899018755434 6.461168323575905 42
stats: session 5006 19302.537384581836 11691.771858152002 65439.327880859375 61.968017578125 14131.329660445084 29611
stats: users_count 1562 36994
stats: finish_users_count 5006 34617
stats: page 13455 421.7904276371183 406.6082483893682 4126.419921875 0.733154296875 200.51380501428721 255423
stats: request 13965 403.70187020634745 375.93284440796424 2973.9638671875 0.67578125 192.40261657419614 266121
stats: connect 417 57.40415928975569 28.897237925192172 283.93603515625 0.550048828125 1.9080121968141177 33979
stats: 302 7928 34769
stats: 504 2 62
stats: 200 1817 42845
stats: size_rcv 30867726 562175127
stats: newphase 0 12
stats: error_connect_eaddrinuse 4983 10912
stats: size_sent 11858905 190592941
stats: connected -3431 2438
stats: error_abort_max_conn_retries 1098 2465
stats: 503 2692 182112
stats: 404 1527 20299
# stats: dump at 1448942454
stats: users 2750 13732
stats: {load,"tsung_controller@ip-172-30-3-241"} 1 3.94921875 0.0 3.94921875 0.0 0.2629905523255814 43
stats: {freemem,"tsung_controller@ip-172-30-3-241"} 1 28232.91015625 0.0 29462.8515625 27900.5859375 29219.459938226744 43
stats: {recvpackets,"tsung_controller@ip-172-30-3-241"} 1 45423.0 0.0 106970 225 18829.166666666668 42
stats: {sentpackets,"tsung_controller@ip-172-30-3-241"} 1 34465.0 0.0 144479 149 19412.380952380954 42
stats: {cpu,"tsung_controller@ip-172-30-3-241"} 1 99.90369567834357 0.0 99.90369567834357 0.13662899018755434 8.626367764592018 43
stats: session 2276 20607.88352389742 15767.488428812232 67824.40698242188 61.968017578125 14879.143331965684 34617
stats: users_count 2649 39643
stats: finish_users_count 2276 36893
stats: 302 2951 37720
stats: 504 0 62
stats: 200 3631 46476
stats: size_rcv 34048364 596223491
stats: newphase 1 13
stats: error_connect_eaddrinuse 4750 15662
stats: size_sent 7271457 197864398
stats: connected 235 2673
stats: error_abort_max_conn_retries 656 3121
stats: 503 678 182790
stats: 404 1103 21402
stats: page 8244 432.13474753063747 456.9546892247345 4126.419921875 0.733154296875 211.58677103378378 268878
stats: connect 1983 60.223694001552154 36.45001223637614 291.2841796875 0.550048828125 2.580819887759479 34396
stats: request 8359 427.4071169197305 448.80728553139085 2973.9638671875 0.67578125 202.9379310025253 280086
# stats: dump at 1448942464
stats: users 4838 13732
stats: {load,"tsung_controller@ip-172-30-3-241"} 1 4.5703125 0.0 4.5703125 0.0 0.3467684659090909 44
stats: {freemem,"tsung_controller@ip-172-30-3-241"} 1 28322.0234375 0.0 29462.8515625 27900.5859375 29197.038352272728 44
stats: {recvpackets,"tsung_controller@ip-172-30-3-241"} 1 47985.0 0.0 106970 225 19447.627906976744 43
stats: {sentpackets,"tsung_controller@ip-172-30-3-241"} 1 34735.0 0.0 144479 149 19762.44186046512 43
stats: {cpu,"tsung_controller@ip-172-30-3-241"} 1 99.65724078834619 0.0 99.90369567834357 0.13662899018755434 10.700852489904554 44
stats: session 1791 15715.898370705536 15943.478115168376 71660.28002929688 61.968017578125 15232.560312879046 36893
stats: users_count 3879 43522
stats: finish_users_count 1791 38684
stats: page 17103 522.5617698192591 698.5287146740839 4345.41796875 0.733154296875 218.1477713088975 277122
stats: request 17564 508.47791626837954 681.8819757382006 2973.9638671875 0.67578125 209.44294209677867 288445
stats: connect 3658 44.61276180044168 25.138146815947422 291.2841796875 0.550048828125 5.7229023905124645 36379
stats: 302 1634 39354
stats: 504 5 67
stats: 200 3614 50090
stats: size_rcv 35721273 631944764
stats: newphase 0 13
stats: error_connect_eaddrinuse 3922 19584
stats: size_sent 12046252 209910650
stats: connected 2127 4800
stats: error_abort_max_conn_retries 312 3433
stats: 503 11383 194173
stats: 404 923 22325
# stats: dump at 1448942474
stats: users 6932 13732
stats: {load,"tsung_controller@ip-172-30-3-241"} 1 5.1015625 0.0 5.1015625 0.0 0.440625 45
stats: {freemem,"tsung_controller@ip-172-30-3-241"} 1 28386.3984375 0.0 29462.8515625 27900.5859375 29177.59357638889 45
stats: {recvpackets,"tsung_controller@ip-172-30-3-241"} 1 63437.0 0.0 106970 225 20096.204545454544 44
stats: {sentpackets,"tsung_controller@ip-172-30-3-241"} 1 63291.0 0.0 144479 149 20102.727272727276 44
stats: {cpu,"tsung_controller@ip-172-30-3-241"} 1 99.33831638279622 0.0 99.90369567834357 0.13662899018755434 12.677661118758811 45
stats: session 2629 12826.524413691048 10321.853451707362 80193.73291015625 61.968017578125 15254.938000335545 38684
stats: users_count 4723 48245
stats: finish_users_count 2629 41313
stats: connect 4398 41.842687671864354 23.10102884137951 291.2841796875 0.550048828125 9.276093331929681 40037
stats: 302 2329 41683
stats: page 27527 321.0496592337174 586.4101895429786 4345.41796875 0.733154296875 235.84304742929078 294225
stats: request 28721 307.6837557510435 570.6614471201615 2973.9638671875 0.67578125 226.60665390378432 306009
stats: 504 23 90
stats: 200 2950 53040
stats: size_rcv 36024163 667968927
stats: newphase 0 13
stats: error_connect_eaddrinuse 3027 22611
stats: size_sent 19251932 229162582
stats: connected 2014 6814
stats: error_abort_max_conn_retries 119 3552
stats: 503 22603 216776
stats: 404 816 23141
# stats: dump at 1448942484
stats: users 9226 13732
stats: {load,"tsung_controller@ip-172-30-3-241"} 1 5.62109375 0.0 5.62109375 0.0 0.5419497282608695 46
stats: {freemem,"tsung_controller@ip-172-30-3-241"} 1 28333.671875 0.0 29462.8515625 27900.5859375 29160.393682065216 46
stats: {recvpackets,"tsung_controller@ip-172-30-3-241"} 1 79202.0 0.0 106970 225 21059.333333333332 45
stats: {sentpackets,"tsung_controller@ip-172-30-3-241"} 1 93845.0 0.0 144479 149 21062.46666666667 45
stats: {cpu,"tsung_controller@ip-172-30-3-241"} 1 99.4186046511628 0.0 99.90369567834357 0.13662899018755434 14.561588407107449 46
stats: session 4012 14032.616279579228 8906.886707777241 80193.73291015625 61.968017578125 15100.403124647786 41313
stats: users_count 6306 54551
stats: finish_users_count 4012 45325
stats: page 39844 228.75256222657006 486.40307202978335 4345.41796875 0.733154296875 243.13276871506505 321752
stats: connect 6278 36.98517924852905 25.207819266473614 291.2841796875 0.550048828125 12.499405628700982 44435
stats: request 41386 219.93614312178755 474.0173725247922 2973.9638671875 0.67578125 233.56335166662342 334730
stats: 302 2847 44530
stats: 504 26 116
stats: 200 3104 56144
stats: size_rcv 42327831 710296758
stats: newphase 1 14
stats: error_connect_eaddrinuse 2252 24863
stats: size_sent 26111301 255273883
stats: connected 2292 9106
stats: error_abort_max_conn_retries 28 3580
stats: 503 34586 251362
stats: 404 826 23967
# stats: dump at 1448942494
stats: users 9639 13732
stats: {load,"tsung_controller@ip-172-30-3-241"} 1 5.98046875 0.0 5.98046875 0.0 0.6500166223404255 47
stats: {freemem,"tsung_controller@ip-172-30-3-241"} 1 28228.15234375 0.0 29462.8515625 27900.5859375 29142.80385638298 47
stats: {recvpackets,"tsung_controller@ip-172-30-3-241"} 1 93825.0 0.0 106970 225 22323.304347826088 46
stats: {sentpackets,"tsung_controller@ip-172-30-3-241"} 1 118752.0 0.0 144479 149 22644.69565217392 46
stats: {cpu,"tsung_controller@ip-172-30-3-241"} 1 98.97984267453293 0.0 99.90369567834357 0.13662899018755434 16.36705683783203 47
stats: session 5142 15281.892121797584 9473.633925293192 80193.73291015625 61.968017578125 15005.886614500736 45325
stats: users_count 5555 60106
stats: finish_users_count 5142 50467
stats: connect 5715 58.23295556683348 46.41160949748907 1027.507080078125 0.550048828125 15.530614328349605 50713
stats: request 48885 204.46735064996315 443.5773033370445 2973.9638671875 0.67578125 232.06387902298002 376116
stats: 302 3351 47881
stats: page 46841 213.5291838920081 454.7487981518809 4345.41796875 0.733154296875 241.54822423081302 361596
stats: 504 59 175
stats: 200 3246 59390
stats: size_rcv 46856118 757152876
stats: newphase 0 14
stats: error_connect_eaddrinuse 2369 27232
stats: size_sent 30898401 286172284
stats: connected 486 9592
stats: error_abort_max_conn_retries 44 3624
stats: 503 41441 292803
stats: 404 785 24752
# stats: dump at 1448942504
stats: users 8203 13732
stats: {load,"tsung_controller@ip-172-30-3-241"} 1 6.2890625 0.0 6.2890625 0.0 0.7610677083333334 48
stats: {freemem,"tsung_controller@ip-172-30-3-241"} 1 28182.35546875 0.0 29462.8515625 27900.5859375 29123.748616536457 48
stats: {recvpackets,"tsung_controller@ip-172-30-3-241"} 1 89566.0 0.0 106970 225 23844.617021276597 47
stats: {sentpackets,"tsung_controller@ip-172-30-3-241"} 1 114144.0 0.0 144479 149 24689.53191489362 47
stats: {cpu,"tsung_controller@ip-172-30-3-241"} 1 98.86629698089958 0.0 99.90369567834357 0.13662899018755434 18.0881565427633 48
stats: session 5464 16795.779938190863 9585.821527431823 80193.73291015625 61.968017578125 15034.008363733312 50467
stats: users_count 4028 64134
stats: finish_users_count 5464 55931
stats: connect 3767 91.50883974420124 86.67840652044273 1027.507080078125 0.550048828125 19.85548638084013 56428
stats: page 38223 246.11944913653306 463.78940323127256 4345.41796875 0.733154296875 238.33490156780755 408437
stats: 302 3571 51452
stats: request 39999 234.63069609577173 452.43134539850615 2973.9638671875 0.67578125 228.8896363988099 425001
stats: 504 47 222
stats: 200 2872 62262
stats: size_rcv 40440938 797593814
stats: newphase 0 14
stats: error_connect_eaddrinuse 2650 29882
stats: size_sent 27220037 313392321
stats: connected -1336 8256
stats: error_abort_max_conn_retries 121 3745
stats: 503 32788 325591
stats: 404 722 25474
# stats: dump at 1448942514
stats: users 5527 13732
stats: {load,"tsung_controller@ip-172-30-3-241"} 1 6.55859375 0.0 6.55859375 0.0 0.8738839285714286 49
stats: {freemem,"tsung_controller@ip-172-30-3-241"} 1 28163.5078125 0.0 29462.8515625 27900.5859375 29104.536511479593 49
stats: {recvpackets,"tsung_controller@ip-172-30-3-241"} 1 74244.0 0.0 106970 225 25213.8125 48
stats: {sentpackets,"tsung_controller@ip-172-30-3-241"} 1 89715.0 0.0 144479 149 26553.16666666667 48
stats: {cpu,"tsung_controller@ip-172-30-3-241"} 1 99.73239265296193 0.0 99.90369567834357 0.13662899018755434 19.736690021092613 49
stats: session 5005 17459.214814775085 10818.513042412806 80193.73291015625 61.968017578125 15206.118997958269 55931
stats: users_count 2329 66463
stats: finish_users_count 5005 60936
stats: 302 4475 55927
stats: connect 1790 130.047081223813 115.85332828809922 1132.673828125 0.550048828125 24.33954954422216 60195
stats: request 29448 338.8595538358271 513.8784123512655 2973.9638671875 0.67578125 229.38347865003308 465000
stats: page 28151 355.1285448479841 529.5683775373948 4345.41796875 0.733154296875 239.00106545470004 446660
stats: 504 27 249
stats: 200 2435 64697
stats: size_rcv 36014599 833608413
stats: newphase 0 14
stats: error_connect_eaddrinuse 4462 34344
stats: size_sent 22506161 335898482
stats: connected -2803 5453
stats: error_abort_max_conn_retries 650 4395
stats: 503 21529 347120
stats: 404 983 26457
# stats: dump at 1448942524
stats: users 4303 13732
stats: {load,"tsung_controller@ip-172-30-3-241"} 1 6.78125 0.0 6.78125 0.0 0.987578125 50
stats: {freemem,"tsung_controller@ip-172-30-3-241"} 1 28143.59765625 0.0 29462.8515625 27900.5859375 29085.7159375 50
stats: {recvpackets,"tsung_controller@ip-172-30-3-241"} 1 60322.0 0.0 106970 225 26214.428571428572 49
stats: {sentpackets,"tsung_controller@ip-172-30-3-241"} 1 59482.0 0.0 144479 149 27842.183673469393 49
stats: {cpu,"tsung_controller@ip-172-30-3-241"} 1 99.96815962640628 0.0 99.96815962640628 0.13662899018755434 21.33660407373 50
stats: session 3510 19654.332641462468 12330.65168500648 80193.73291015625 61.968017578125 15391.17782300698 60936
stats: users_count 2286 68749
stats: finish_users_count 3510 64446
stats: 302 3812 59739
stats: page 14904 650.2680303027907 713.281610815154 5550.06103515625 0.733154296875 245.8861306119949 474811
stats: connect 1375 619.675930930398 788.2409260863071 3850.0751953125 0.550048828125 27.39216681786042 61985
stats: request 15596 618.2769666438373 686.9664241903231 5550.06103515625 0.67578125 235.90358078831915 494448
stats: 504 6 255
stats: 200 2428 67125
stats: size_rcv 29550420 863158833
stats: newphase 1 15
stats: error_connect_eaddrinuse 4516 38860
stats: size_sent 13063920 348962402
stats: connected -1326 4127
stats: error_abort_max_conn_retries 701 5096
stats: 503 8367 355487
stats: 404 984 27441
# stats: dump at 1448942534
stats: users 4451 13732
stats: {load,"tsung_controller@ip-172-30-3-241"} 1 7.05078125 0.0 7.05078125 0.0 1.1011795343137254 51
stats: {freemem,"tsung_controller@ip-172-30-3-241"} 1 28149.73828125 0.0 29462.8515625 27900.5859375 29067.24303002451 51
stats: {recvpackets,"tsung_controller@ip-172-30-3-241"} 1 57264.0 0.0 106970 225 26896.58 50
stats: {sentpackets,"tsung_controller@ip-172-30-3-241"} 1 4.97e4 0.0 144479 149 28474.980000000003 50
stats: {cpu,"tsung_controller@ip-172-30-3-241"} 1 99.78201009637448 0.0 99.96815962640628 0.13662899018755434 22.878399280645223 51
stats: session 2899 19882.494556817837 13647.065795255356 80193.73291015625 61.968017578125 15623.367150704258 64446
stats: users_count 3047 71796
stats: finish_users_count 2899 67345
stats: request 17022 558.6984894691655 590.8882542739607 5550.06103515625 0.67578125 247.5957001462621 510044
stats: connect 2566 207.43942001473596 181.7087366428871 3850.0751953125 0.550048828125 40.24554711544153 63360
stats: 302 3113 62852
stats: page 16432 580.2166818917768 607.9500587630932 5550.06103515625 0.733154296875 258.1931006516948 489715
stats: 504 9 264
stats: 200 3480 70605
stats: size_rcv 35948715 899107548
stats: newphase 0 15
stats: error_connect_eaddrinuse 4540 43400
stats: size_sent 13657283 362619685
stats: connected 152 4279
stats: error_abort_max_conn_retries 573 5669
stats: 503 9447 364934
stats: 404 970 28411
# stats: dump at 1448942545
stats: users 7708 13732
stats: {load,"tsung_controller@ip-172-30-3-241"} 1 7.33984375 0.0 7.33984375 0.0 1.2155949519230769 52
stats: {freemem,"tsung_controller@ip-172-30-3-241"} 1 28044.59375 0.0 29462.8515625 27900.5859375 29049.59870793269 52
stats: {recvpackets,"tsung_controller@ip-172-30-3-241"} 1 55763.0 0.0 106970 225 27492.019607843136 51
stats: {sentpackets,"tsung_controller@ip-172-30-3-241"} 1 46282.0 0.0 144479 149 28891.1568627451 51
stats: {cpu,"tsung_controller@ip-172-30-3-241"} 1 99.11042580951252 0.0 99.96815962640628 0.13662899018755434 24.3573148732554 52
stats: session 1751 20653.87400405686 13617.576206733596 80193.73291015625 61.968017578125 15806.709794557897 67345
stats: users_count 5008 76804
stats: finish_users_count 1751 69096
stats: request 15474 1158.3019052056559 1645.24222175638 7956.94384765625 0.67578125 257.64300291262236 527066
stats: connect 4177 2441.193176430265 2289.692280564672 7542.534912109375 0.550048828125 46.75313862500664 65926
stats: page 15090 1194.3850648226535 1664.179675345028 7956.94384765625 0.733154296875 268.6475565448188 506147
stats: 302 2070 64922
stats: 504 13 277
stats: 200 5040 75645
stats: size_rcv 36993049 936100597
stats: newphase 0 15
stats: error_connect_eaddrinuse 3932 47332
stats: size_sent 10892266 373511951
stats: connected 2509 6788
stats: error_abort_max_conn_retries 90 5759
stats: 503 7906 372840
stats: 404 509 28920
# stats: dump at 1448942554
stats: users 6832 13732
stats: {load,"tsung_controller@ip-172-30-3-241"} 1 7.19921875 0.0 7.33984375 0.0 1.3311468160377358 53
stats: {freemem,"tsung_controller@ip-172-30-3-241"} 1 27929.203125 0.0 29462.8515625 27900.5859375 29030.63635023585 53
stats: {recvpackets,"tsung_controller@ip-172-30-3-241"} 1 80181.0 0.0 106970 225 28035.69230769231 52
stats: {sentpackets,"tsung_controller@ip-172-30-3-241"} 1 87133.0 0.0 144479 149 29225.59615384616 52
stats: {cpu,"tsung_controller@ip-172-30-3-241"} 1 81.1554673939995 0.0 99.96815962640628 0.13662899018755434 25.767750928656476 53
stats: session 3125 18725.707560625036 10853.247854643889 80193.73291015625 61.968017578125 15929.54446705461 69096
stats: users_count 2249 79053
stats: finish_users_count 3125 72221
stats: request 32702 331.35889756629217 596.5016852667273 8524.044189453125 0.67578125 283.331055137495 542540
stats: connect 3042 465.08747056187315 500.23462534209136 8486.656005859375 0.550048828125 189.4228679934012 70103
stats: page 31410 347.5774197670423 614.5615724498873 8524.044189453125 0.733154296875 295.44799281452435 521237
stats: 302 2258 67180
stats: 504 41 318
stats: 200 4081 79726
stats: size_rcv 42845968 978946565
stats: newphase 0 15
stats: error_connect_eaddrinuse 1634 48966
stats: size_sent 25344097 398856048
stats: connected 165 6953
stats: error_abort_max_conn_retries 149 5908
stats: 503 25547 398387
stats: 404 711 29631
# stats: dump at 1448942564
stats: users 3711 13732
stats: {load,"tsung_controller@ip-172-30-3-241"} 1 6.08984375 0.0 7.33984375 0.0 1.4398148148148149 54
stats: {freemem,"tsung_controller@ip-172-30-3-241"} 1 28059.859375 0.0 29462.8515625 27900.5859375 29010.23943865741 54
stats: {recvpackets,"tsung_controller@ip-172-30-3-241"} 1 46483.0 0.0 106970 225 29019.56603773585 53
stats: {sentpackets,"tsung_controller@ip-172-30-3-241"} 1 56549.0 0.0 144479 149 30318.188679245286 53
stats: {cpu,"tsung_controller@ip-172-30-3-241"} 1 20.10076217542953 0.0 99.96815962640628 0.13662899018755434 26.793449381718386 54
stats: session 3121 23339.31011272551 8974.548396978136 80193.73291015625 61.968017578125 16050.534340739652 72221
stats: users_count 0 79053
stats: finish_users_count 3121 75342
stats: request 21874 406.79442930783875 695.914992473807 8524.044189453125 0.67578125 286.06139559091554 575242
stats: connect 0 0 0 8486.656005859375 0.550048828125 200.8873798672585 73145
stats: page 20450 434.81305228310214 746.716861748014 8524.044189453125 0.733154296875 298.41079782491727 552647
stats: 302 3617 70797
stats: 504 3 321
stats: 200 1149 80875
stats: size_rcv 26227062 1005173627
stats: newphase 0 15
stats: error_connect_eaddrinuse 0 48966
stats: size_sent 19593277 418449325
stats: connected -3172 3781
stats: error_abort_max_conn_retries 0 5908
stats: 503 15964 414351
stats: 404 1141 30772
# stats: dump at 1448942574
stats: users 1178 13732
stats: {load,"tsung_controller@ip-172-30-3-241"} 1 5.30078125 0.0 7.33984375 0.0 1.5243607954545455 55
stats: {freemem,"tsung_controller@ip-172-30-3-241"} 1 28332.0625 0.0 29462.8515625 27900.5859375 28992.959801136363 55
stats: {recvpackets,"tsung_controller@ip-172-30-3-241"} 1 32378.0 0.0 106970 225 29342.962962962964 54
stats: {sentpackets,"tsung_controller@ip-172-30-3-241"} 1 30505.0 0.0 144479 149 30803.94444444445 54
stats: {cpu,"tsung_controller@ip-172-30-3-241"} 1 8.267767315877725 0.0 99.96815962640628 0.13662899018755434 26.67176415978586 55
stats: session 2533 30006.486413810355 7205.27893193184 80193.73291015625 61.968017578125 16352.467780047979 75342
stats: users_count 0 79053
stats: finish_users_count 2533 77875
stats: connect 0 0 0 8486.656005859375 0.550048828125 200.8873798672585 73145
stats: page 8904 355.87103663578904 436.2819311179474 8524.044189453125 0.733154296875 303.27808225263175 573097
stats: 302 6357 77154
stats: request 9291 336.0486670725957 390.3708914666723 8524.044189453125 0.67578125 290.4841783994887 597116
stats: 504 0 321
stats: 200 1034 81909
stats: size_rcv 22701034 1027874661
stats: newphase 0 15
stats: error_connect_eaddrinuse 0 48966
stats: size_sent 8673412 427122737
stats: connected -2550 1231
stats: error_abort_max_conn_retries 0 5908
stats: 503 581 414932
stats: 404 1319 32091
# stats: dump at 1448942584
stats: users 269 13732
stats: {load,"tsung_controller@ip-172-30-3-241"} 1 4.48828125 0.0 7.33984375 0.0 1.591796875 56
stats: {freemem,"tsung_controller@ip-172-30-3-241"} 1 28824.13671875 0.0 29462.8515625 27900.5859375 28981.158063616072 56
stats: {recvpackets,"tsung_controller@ip-172-30-3-241"} 1 5326.0 0.0 106970 225 29398.145454545454 55
stats: {sentpackets,"tsung_controller@ip-172-30-3-241"} 1 6635.0 0.0 144479 149 30798.509090909094 55
stats: {cpu,"tsung_controller@ip-172-30-3-241"} 1 2.3767825869402053 0.0 99.96815962640628 0.13662899018755434 26.34312135900179 56
stats: session 909 37212.05355542875 6876.188231947681 80193.73291015625 61.968017578125 16796.585008931703 77875
stats: users_count 0 79053
stats: finish_users_count 909 78784
stats: request 1758 10.039816863978912 18.56505700038825 8524.044189453125 0.67578125 291.18228983992697 606407
stats: connect 0 0 0 8486.656005859375 0.550048828125 200.8873798672585 73145
stats: page 1748 10.097715888470749 18.817977081503198 8524.044189453125 0.733154296875 304.08269885265076 582001
stats: 302 1450 78604
stats: 504 0 321
stats: 200 157 82066
stats: size_rcv 3974010 1031848671
stats: newphase 0 15
stats: error_connect_eaddrinuse 0 48966
stats: size_sent 1903937 429026674
stats: connected -945 286
stats: error_abort_max_conn_retries 0 5908
stats: 503 0 414932
stats: 404 151 32242
# stats: dump at 1448942594
stats: users 38 13732
stats: {load,"tsung_controller@ip-172-30-3-241"} 1 3.80078125 0.0 7.33984375 0.0 1.6426123903508771 57
stats: {freemem,"tsung_controller@ip-172-30-3-241"} 1 29162.0625 0.0 29462.8515625 27900.5859375 28978.403303179824 57
stats: {recvpackets,"tsung_controller@ip-172-30-3-241"} 1 791.0 0.0 106970 225 28968.285714285714 56
stats: {sentpackets,"tsung_controller@ip-172-30-3-241"} 1 1190.0 0.0 144479 149 30367.017857142862 56
stats: {cpu,"tsung_controller@ip-172-30-3-241"} 1 0.4727544165215228 0.0 99.96815962640628 0.13662899018755434 25.922659275281408 57
stats: session 231 46190.83678829311 6961.9676131402275 80193.73291015625 61.968017578125 17032.13614759902 78784
stats: users_count 0 79053
stats: finish_users_count 231 79015
stats: request 292 8.247983331549658 12.790216044962877 8524.044189453125 0.67578125 290.3696017248731 608165
stats: connect 0 0 0 8486.656005859375 0.550048828125 200.8873798672585 73145
stats: page 292 8.247983331549658 12.790216044962877 8524.044189453125 0.733154296875 303.2023791429444 583749
stats: 302 267 78871
stats: 504 0 321
stats: 200 14 82080
stats: size_rcv 519885 1032368556
stats: newphase 0 15
stats: error_connect_eaddrinuse 0 48966
stats: size_sent 319910 429346584
stats: connected -246 40
stats: error_abort_max_conn_retries 0 5908
stats: 503 0 414932
stats: 404 11 32253
# stats: dump at 1448942604
stats: users 4 13732
stats: {load,"tsung_controller@ip-172-30-3-241"} 1 3.2109375 0.0 7.33984375 0.0 1.679822198275862 58
stats: {freemem,"tsung_controller@ip-172-30-3-241"} 1 29240.109375 0.0 29462.8515625 27900.5859375 28981.569841056036 58
stats: {recvpackets,"tsung_controller@ip-172-30-3-241"} 1 94.0 0.0 106970 94 28473.947368421053 57
stats: {sentpackets,"tsung_controller@ip-172-30-3-241"} 1 157.0 0.0 144479 149 29855.1403508772 57
stats: {cpu,"tsung_controller@ip-172-30-3-241"} 1 0.19870839542970692 0.0 99.96815962640628 0.13662899018755434 25.48386781219934 58
stats: session 34 54899.50950712316 6379.850100158818 80193.73291015625 61.968017578125 17117.38147883993 79015
stats: users_count 0 79053
stats: finish_users_count 34 79049
stats: request 38 7.6041709498355265 3.5263618725762518 8524.044189453125 0.67578125 290.2342108713356 608457
stats: connect 0 0 0 8486.656005859375 0.550048828125 200.8873798672585 73145
stats: page 38 7.6041709498355265 3.5263618725762518 8524.044189453125 0.733154296875 303.05491229801925 584041
stats: 302 37 78908
stats: 504 0 321
stats: 200 1 82081
stats: size_rcv 58062 1032426618
stats: newphase 0 15
stats: error_connect_eaddrinuse 0 48966
stats: size_sent 42283 429388867
stats: connected -36 4
stats: error_abort_max_conn_retries 0 5908
stats: 503 0 414932
stats: 404 0 32253
# stats: dump at 1448942614
stats: users 1 13732
stats: {load,"tsung_controller@ip-172-30-3-241"} 1 2.71875 0.0 7.33984375 0.0 1.7057733050847457 59
stats: {freemem,"tsung_controller@ip-172-30-3-241"} 1 29260.05859375 0.0 29462.8515625 27900.5859375 28985.951867055086 59
stats: {recvpackets,"tsung_controller@ip-172-30-3-241"} 1 15.0 0.0 106970 15 27984.637931034482 58
stats: {sentpackets,"tsung_controller@ip-172-30-3-241"} 1 24.0 0.0 144479 24 29343.103448275866 58
stats: {cpu,"tsung_controller@ip-172-30-3-241"} 1 0.2111276701440636 0.0 99.96815962640628 0.13662899018755434 25.055305788186296 59
stats: session 3 65733.14111328125 5363.006764916609 80193.73291015625 61.968017578125 17133.632062059976 79049
stats: users_count 0 79053
stats: finish_users_count 3 79052
stats: connect 0 0 0 8486.656005859375 0.550048828125 200.8873798672585 73145
stats: 302 3 78911
stats: request 3 6.948893229166667 1.8184309236367837 8524.044189453125 0.67578125 290.2165608635015 608495
stats: page 3 6.948893229166667 1.8184309236367837 8524.044189453125 0.733154296875 303.03569036370686 584079
stats: 504 0 321
stats: 200 0 82081
stats: size_rcv 3720 1032430338
stats: newphase 0 15
stats: error_connect_eaddrinuse 0 48966
stats: size_sent 3368 429392235
stats: connected -3 1
stats: error_abort_max_conn_retries 0 5908
stats: 503 0 414932
stats: 404 0 32253
# stats: dump at 1448942624
stats: users 0 13732
stats: {load,"tsung_controller@ip-172-30-3-241"} 1 2.30078125 0.0 7.33984375 0.0 1.72265625 60
stats: {freemem,"tsung_controller@ip-172-30-3-241"} 1 29263.35546875 0.0 29462.8515625 27900.5859375 28990.5203125 60
stats: {recvpackets,"tsung_controller@ip-172-30-3-241"} 1 2.0 0.0 106970 2 27510.57627118644 59
stats: {sentpackets,"tsung_controller@ip-172-30-3-241"} 1 4.0 0.0 144479 4 28846.169491525427 59
stats: {cpu,"tsung_controller@ip-172-30-3-241"} 1 0.11175959269837327 0.0 99.96815962640628 0.11175959269837327 24.641236152885593 60
stats: session 1 72981.2080078125 0.0 80193.73291015625 61.968017578125 17135.47639904264 79052
stats: users_count 0 79053
stats: finish_users_count 1 79053
stats: request 1 9.767822265625 0.0 8524.044189453125 0.67578125 290.2151643050857 608498
stats: page 1 9.767822265625 0.0 8524.044189453125 0.733154296875 303.0341695834202 584082
stats: connect 0 0 0 8486.656005859375 0.550048828125 200.8873798672585 73145
stats: 302 1 78912
stats: 504 0 321
stats: 200 0 82081
stats: size_rcv 1164 1032431502
stats: newphase 0 15
stats: error_connect_eaddrinuse 0 48966
stats: size_sent 1202 429393437
stats: connected -1 0
stats: error_abort_max_conn_retries 0 5908
stats: 503 0 414932
stats: 404 0 32253
# stats: dump at 1448942626
stats: users 0 13732
stats: {load,"tsung_controller@ip-172-30-3-241"} 0 0 0 7.33984375 0.0 1.7321337090163935 61
stats: {freemem,"tsung_controller@ip-172-30-3-241"} 0 0 0 29462.8515625 27900.5859375 28994.99301997951 61
stats: {recvpackets,"tsung_controller@ip-172-30-3-241"} 0 0 0 106970 2 27052.1 60
stats: {sentpackets,"tsung_controller@ip-172-30-3-241"} 0 0 0 144479 4 28365.46666666667 60
stats: {cpu,"tsung_controller@ip-172-30-3-241"} 0 0 0 99.96815962640628 0.11175959269837327 24.239113586325146 61
stats: session 0 0 0 80193.73291015625 61.968017578125 17136.182833100913 79053
stats: users_count 0 79053
stats: finish_users_count 0 79053
stats: request 0 0 0 8524.044189453125 0.67578125 290.21470342126827 608499
stats: connect 0 0 0 8486.656005859375 0.550048828125 200.8873798672585 73145
stats: page 0 0 0 8524.044189453125 0.733154296875 303.03366748637694 584083
stats: 302 0 78912
stats: 504 0 321
stats: 200 0 82081
stats: size_rcv 0 1032431502
stats: newphase 0 15
stats: error_connect_eaddrinuse 0 48966
stats: size_sent 0 429393437
stats: connected 0 0
stats: error_abort_max_conn_retries 0 5908
stats: 503 0 414932
stats: 404 0 32253
EndMonitor:{1448,942626,467757}
