
=INFO REPORT==== 1-Dec-2015::03:53:34 ===
    ts_config_server:(5:<0.72.0>) Config server started, logdir is "/home/ec2-user/.tsung/log/20151201-0353"
 
=INFO REPORT==== 1-Dec-2015::03:53:34 ===
              ts_mon:(5:<0.54.0>) starting monitor, global 

=INFO REPORT==== 1-Dec-2015::03:53:34 ===
           ts_config:(5:<0.72.0>) Reading config file: simple.xml

=INFO REPORT==== 1-Dec-2015::03:53:34 ===
      ts_config_http:(4:<0.72.0>) Get user agent: 100 "Mozilla/5.0 (Windows; U; Windows NT 5.2; fr-FR; rv:1.7.8) Gecko/20050511 Firefox/1.0.4" 

=INFO REPORT==== 1-Dec-2015::03:53:34 ===
           ts_config:(5:<0.72.0>) Session name for id 1 is "probable-note-creator-navigation"

=INFO REPORT==== 1-Dec-2015::03:53:34 ===
           ts_config:(5:<0.72.0>) Session name for id 2 is "probable-user-navigation-1"

=INFO REPORT==== 1-Dec-2015::03:53:34 ===
           ts_config:(5:<0.72.0>) Session name for id 3 is "probable-user-navigation-2"

=INFO REPORT==== 1-Dec-2015::03:53:34 ===
    ts_config_server:(4:<0.72.0>) SYSINFO:Tsung version: 1.6.0

=INFO REPORT==== 1-Dec-2015::03:53:34 ===
    ts_config_server:(4:<0.72.0>) SYSINFO:Erlang version: Erlang R14B04 (erts-5.8.5) [source] [64-bit] [smp:8:8] [rq:8] [async-threads:8] [kernel-poll:true]


=INFO REPORT==== 1-Dec-2015::03:53:34 ===
    ts_config_server:(4:<0.72.0>) SYSINFO:System architecture x86_64-redhat-linux-gnu

=INFO REPORT==== 1-Dec-2015::03:53:34 ===
    ts_config_server:(4:<0.72.0>) SYSINFO:Current path: /usr/lib/erlang/lib/tsung-1.6.0/ebin/tsung.beam

=INFO REPORT==== 1-Dec-2015::03:53:34 ===
              ts_mon:(5:<0.73.0>) Activate clients with text backend

=INFO REPORT==== 1-Dec-2015::03:53:34 ===
              ts_mon:(5:<0.73.0>) Starting tsung clients on hosts: [localhost]

=INFO REPORT==== 1-Dec-2015::03:53:34 ===
    ts_config_server:(5:<0.72.0>) Start a launcher on the controller beam localhost

=INFO REPORT==== 1-Dec-2015::03:53:34 ===
  ts_launcher_static:(5:<0.128.0>) Launch msg receive ("localhost")

=INFO REPORT==== 1-Dec-2015::03:53:34 ===
         ts_launcher:(5:<0.129.0>) Launch msg receive ("localhost")

=INFO REPORT==== 1-Dec-2015::03:53:34 ===
    ts_config_server:(5:<0.72.0>) All remote beams started, syncing 

=INFO REPORT==== 1-Dec-2015::03:53:34 ===
    ts_config_server:(5:<0.72.0>) Undefined ports_range config 

=INFO REPORT==== 1-Dec-2015::03:53:34 ===
    ts_config_server:(5:<0.72.0>) New arrival phase 1 for client "localhost" (last ? true): will start 30 users

=INFO REPORT==== 1-Dec-2015::03:53:34 ===
    ts_config_server:(5:<0.72.0>) New arrival phase 2 for client "localhost" (last ? true): will start 60 users

=INFO REPORT==== 1-Dec-2015::03:53:34 ===
    ts_config_server:(5:<0.72.0>) New arrival phase 3 for client "localhost" (last ? true): will start 120 users

=INFO REPORT==== 1-Dec-2015::03:53:34 ===
    ts_config_server:(5:<0.72.0>) New arrival phase 4 for client "localhost" (last ? true): will start 240 users

=INFO REPORT==== 1-Dec-2015::03:53:34 ===
    ts_config_server:(5:<0.72.0>) New arrival phase 5 for client "localhost" (last ? true): will start 480 users

=INFO REPORT==== 1-Dec-2015::03:53:34 ===
    ts_config_server:(5:<0.72.0>) New arrival phase 6 for client "localhost" (last ? true): will start 700 users

=INFO REPORT==== 1-Dec-2015::03:53:34 ===
    ts_config_server:(5:<0.72.0>) New arrival phase 7 for client "localhost" (last ? true): will start 1400 users

=INFO REPORT==== 1-Dec-2015::03:53:34 ===
    ts_config_server:(5:<0.72.0>) New arrival phase 8 for client "localhost" (last ? true): will start 1750 users

=INFO REPORT==== 1-Dec-2015::03:53:34 ===
    ts_config_server:(5:<0.72.0>) New arrival phase 9 for client "localhost" (last ? true): will start 350 users

=INFO REPORT==== 1-Dec-2015::03:53:34 ===
    ts_config_server:(5:<0.72.0>) New arrival phase 10 for client "localhost" (last ? true): will start 350 users

=INFO REPORT==== 1-Dec-2015::03:53:34 ===
    ts_config_server:(5:<0.72.0>) New arrival phase 11 for client "localhost" (last ? true): will start 700 users

=INFO REPORT==== 1-Dec-2015::03:53:34 ===
    ts_config_server:(5:<0.72.0>) New arrival phase 12 for client "localhost" (last ? true): will start 16800 users

=INFO REPORT==== 1-Dec-2015::03:53:34 ===
    ts_config_server:(5:<0.72.0>) New arrival phase 13 for client "localhost" (last ? true): will start 35000 users

=INFO REPORT==== 1-Dec-2015::03:53:34 ===
    ts_config_server:(5:<0.72.0>) New arrival phase 14 for client "localhost" (last ? true): will start 52500 users

=INFO REPORT==== 1-Dec-2015::03:53:34 ===
    ts_config_server:(5:<0.72.0>) New arrival phase 15 for client "localhost" (last ? true): will start 70000 users

=INFO REPORT==== 1-Dec-2015::03:53:34 ===
    ts_config_server:(5:<0.72.0>) New arrival phase 16 for client "localhost" (last ? true): will start 140000 users

=INFO REPORT==== 1-Dec-2015::03:53:34 ===
         ts_launcher:(5:<0.129.0>) Expected duration of first phase: 30.0 sec (30 users) 

=INFO REPORT==== 1-Dec-2015::03:53:34 ===
         ts_launcher:(5:<0.129.0>) Activate launcher (30 users) in 946 msec 

=INFO REPORT==== 1-Dec-2015::03:54:05 ===
         ts_launcher:(5:<0.129.0>) Phase duration exceeded, but not all users were launched (9 users, 30.0% of phase)

=INFO REPORT==== 1-Dec-2015::03:54:05 ===
         ts_launcher:(5:<0.129.0>) Start a new arrival phase (60 users, 0.002); expected duration=30.0 sec

=INFO REPORT==== 1-Dec-2015::03:54:35 ===
         ts_launcher:(4:<0.129.0>) Need to wait 0.052 sec before changing phase, going to sleep

=INFO REPORT==== 1-Dec-2015::03:54:35 ===
         ts_launcher:(5:<0.129.0>) Waking up

=INFO REPORT==== 1-Dec-2015::03:54:35 ===
         ts_launcher:(5:<0.129.0>) Start a new arrival phase (120 users, 0.004); expected duration=30.0 sec

=INFO REPORT==== 1-Dec-2015::03:55:05 ===
         ts_launcher:(5:<0.129.0>) Phase duration exceeded, but not all users were launched (6 users, 5.0% of phase)

=INFO REPORT==== 1-Dec-2015::03:55:05 ===
         ts_launcher:(5:<0.129.0>) Start a new arrival phase (240 users, 0.008); expected duration=30.0 sec

=INFO REPORT==== 1-Dec-2015::03:55:35 ===
         ts_launcher:(5:<0.129.0>) Phase duration exceeded, but not all users were launched (3 users, 1.3% of phase)

=INFO REPORT==== 1-Dec-2015::03:55:35 ===
         ts_launcher:(5:<0.129.0>) Start a new arrival phase (480 users, 0.016); expected duration=30.0 sec

=INFO REPORT==== 1-Dec-2015::03:56:04 ===
         ts_launcher:(4:<0.129.0>) Need to wait 1.281 sec before changing phase, going to sleep

=INFO REPORT==== 1-Dec-2015::03:56:05 ===
         ts_launcher:(5:<0.129.0>) Waking up

=INFO REPORT==== 1-Dec-2015::03:56:05 ===
         ts_launcher:(5:<0.129.0>) Start a new arrival phase (700 users, 0.02); expected duration=35.0 sec

=INFO REPORT==== 1-Dec-2015::03:56:38 ===
         ts_launcher:(4:<0.129.0>) Need to wait 2.048 sec before changing phase, going to sleep

=INFO REPORT==== 1-Dec-2015::03:56:40 ===
         ts_launcher:(5:<0.129.0>) Waking up

=INFO REPORT==== 1-Dec-2015::03:56:40 ===
         ts_launcher:(5:<0.129.0>) Start a new arrival phase (1400 users, 0.04); expected duration=35.0 sec

=INFO REPORT==== 1-Dec-2015::03:57:15 ===
         ts_launcher:(5:<0.129.0>) Phase duration exceeded, but not all users were launched (58 users, 4.1% of phase)

=INFO REPORT==== 1-Dec-2015::03:57:15 ===
         ts_launcher:(5:<0.129.0>) Start a new arrival phase (1750 users, 0.05); expected duration=35.0 sec

=INFO REPORT==== 1-Dec-2015::03:57:50 ===
         ts_launcher:(5:<0.129.0>) Phase duration exceeded, but not all users were launched (31 users, 1.8% of phase)

=INFO REPORT==== 1-Dec-2015::03:57:50 ===
         ts_launcher:(5:<0.129.0>) Start a new arrival phase (350 users, 0.01); expected duration=35.0 sec

=INFO REPORT==== 1-Dec-2015::03:58:25 ===
         ts_launcher:(4:<0.129.0>) Need to wait 0.758 sec before changing phase, going to sleep

=INFO REPORT==== 1-Dec-2015::03:58:25 ===
         ts_launcher:(5:<0.129.0>) Waking up

=INFO REPORT==== 1-Dec-2015::03:58:25 ===
         ts_launcher:(5:<0.129.0>) Start a new arrival phase (350 users, 0.01); expected duration=35.0 sec

=INFO REPORT==== 1-Dec-2015::03:58:59 ===
         ts_launcher:(4:<0.129.0>) Need to wait 1.826 sec before changing phase, going to sleep

=INFO REPORT==== 1-Dec-2015::03:59:00 ===
         ts_launcher:(5:<0.129.0>) Waking up

=INFO REPORT==== 1-Dec-2015::03:59:00 ===
         ts_launcher:(5:<0.129.0>) Start a new arrival phase (700 users, 0.02); expected duration=35.0 sec

=INFO REPORT==== 1-Dec-2015::03:59:35 ===
         ts_launcher:(4:<0.129.0>) Need to wait 0.347 sec before changing phase, going to sleep

=INFO REPORT==== 1-Dec-2015::03:59:35 ===
         ts_launcher:(5:<0.129.0>) Waking up

=INFO REPORT==== 1-Dec-2015::03:59:35 ===
         ts_launcher:(5:<0.129.0>) Start a new arrival phase (16800 users, 0.48); expected duration=35.0 sec

=INFO REPORT==== 1-Dec-2015::04:00:10 ===
         ts_launcher:(5:<0.129.0>) Phase duration exceeded, but not all users were launched (335 users, 2.0% of phase)

=INFO REPORT==== 1-Dec-2015::04:00:10 ===
         ts_launcher:(5:<0.129.0>) Start a new arrival phase (35000 users, 1.0); expected duration=35.0 sec

=INFO REPORT==== 1-Dec-2015::04:00:45 ===
         ts_launcher:(4:<0.129.0>) Phase duration exceeded, more than 20% (57.9%) of users were not launched in time (20281 users), tsung may be overloaded !

=INFO REPORT==== 1-Dec-2015::04:00:45 ===
         ts_launcher:(5:<0.129.0>) Start a new arrival phase (52500 users, 1.5); expected duration=35.0 sec

=INFO REPORT==== 1-Dec-2015::04:01:20 ===
         ts_launcher:(4:<0.129.0>) Phase duration exceeded, more than 20% (71.9%) of users were not launched in time (37753 users), tsung may be overloaded !

=INFO REPORT==== 1-Dec-2015::04:01:20 ===
         ts_launcher:(5:<0.129.0>) Start a new arrival phase (70000 users, 2.0); expected duration=35.0 sec

=INFO REPORT==== 1-Dec-2015::04:01:55 ===
         ts_launcher:(4:<0.129.0>) Phase duration exceeded, more than 20% (78.9%) of users were not launched in time (55239 users), tsung may be overloaded !

=INFO REPORT==== 1-Dec-2015::04:01:55 ===
         ts_launcher:(5:<0.129.0>) Start a new arrival phase (140000 users, 4.0); expected duration=35.0 sec

=INFO REPORT==== 1-Dec-2015::04:02:30 ===
         ts_launcher:(4:<0.129.0>) Phase duration exceeded, more than 20% (91.2%) of users were not launched in time (127712 users), tsung may be overloaded !

=INFO REPORT==== 1-Dec-2015::04:02:30 ===
         ts_launcher:(5:<0.129.0>) This was the last phase, wait for connected users to finish their session

=INFO REPORT==== 1-Dec-2015::04:02:30 ===
     ts_launcher_mgr:(5:<0.123.0>) Still 8145 active client(s)

=INFO REPORT==== 1-Dec-2015::04:03:45 ===
     ts_launcher_mgr:(5:<0.123.0>) No more active users 'tsung_controller@ip-172-30-3-241' "10675"
