# stats: dump at 1449023036
stats: users 9 11
stats: {freemem,"tsung_controller@ip-172-30-3-91"} 1 29466.77734375 0 29466.77734375 29466.77734375 0 0
stats: {load,"tsung_controller@ip-172-30-3-91"} 1 0.0 0 0.0 0.0 0 0
stats: {cpu,"tsung_controller@ip-172-30-3-91"} 1 0.0726961205025934 0 0.0726961205025934 0.0726961205025934 0 0
stats: session 2 3544.3839111328125 1555.4869384765625 5099.870849609375 1988.89697265625 0 0
stats: users_count 11 11
stats: finish_users_count 2 2
stats: request 48 78.09555053710938 87.44155966834417 374.2900390625 9.8251953125 0 0
stats: connect 11 9.035000887784092 20.67086617531643 73.546875 0.989013671875 0 0
stats: page 48 78.09555053710938 87.44155966834417 374.2900390625 9.8251953125 0 0
stats: 302 8 8
stats: 200 40 40
stats: size_rcv 347460 347460
stats: size_sent 38121 38121
stats: connected 9 9
# stats: dump at 1449023046
stats: users 7 12
stats: {freemem,"tsung_controller@ip-172-30-3-91"} 1 29461.203125 0.0 29466.77734375 29461.203125 29466.77734375 1
stats: {load,"tsung_controller@ip-172-30-3-91"} 1 0.0 0.0 0.0 0.0 0.0 1
stats: {recvpackets,"tsung_controller@ip-172-30-3-91"} 1 400 0 400 400 0 0
stats: {sentpackets,"tsung_controller@ip-172-30-3-91"} 1 227 0 227 227 0 0
stats: {cpu,"tsung_controller@ip-172-30-3-91"} 1 0.2731561956791656 0.0 0.2731561956791656 0.0726961205025934 0.0726961205025934 1
stats: session 7 10660.758893694196 5180.850029647417 16938.054931640625 1436.9150390625 3544.3839111328125 2
stats: users_count 5 16
stats: finish_users_count 7 9
stats: request 66 46.907470703125 44.01308687244262 374.2900390625 8.85400390625 78.09555053710938 48
stats: connect 5 1.425439453125 0.26110428830514804 73.546875 0.989013671875 9.035000887784092 11
stats: page 63 49.14931330605159 45.50340631297327 374.2900390625 8.85400390625 78.09555053710938 48
stats: 302 24 32
stats: 200 42 82
stats: size_rcv 464216 811676
stats: size_sent 66402 104523
stats: connected -1 8
# stats: dump at 1449023056
stats: users 8 12
stats: {freemem,"tsung_controller@ip-172-30-3-91"} 1 29459.66796875 0.0 29466.77734375 29459.66796875 29463.990234375 2
stats: {load,"tsung_controller@ip-172-30-3-91"} 1 0.0 0.0 0.0 0.0 0.0 2
stats: {recvpackets,"tsung_controller@ip-172-30-3-91"} 1 444.0 0.0 444 400 400.0 1
stats: {sentpackets,"tsung_controller@ip-172-30-3-91"} 1 226.0 0.0 227 226 227.0 1
stats: {cpu,"tsung_controller@ip-172-30-3-91"} 1 0.23579051873914122 0.0 0.2731561956791656 0.0726961205025934 0.1729261580908795 2
stats: session 8 12966.262115478516 6667.547813146106 20687.85205078125 1436.9150390625 9079.342230902777 9
stats: users_count 9 25
stats: finish_users_count 8 17
stats: request 55 49.59183682528409 60.321427801003786 374.2900390625 8.02099609375 60.03929379111842 114
stats: page 52 52.46127084585336 65.6382903405651 374.2900390625 8.02099609375 61.66660508164414 111
stats: connect 9 1.4588758680555556 0.26438479924938313 73.546875 0.989013671875 6.657012939453126 16
stats: 302 15 47
stats: 200 40 122
stats: size_rcv 362603 1174279
stats: size_sent 45877 150400
stats: connected 0 8
# stats: dump at 1449023066
stats: users 24 24
stats: {freemem,"tsung_controller@ip-172-30-3-91"} 1 29460.01171875 0.0 29466.77734375 29459.66796875 29462.549479166668 3
stats: {load,"tsung_controller@ip-172-30-3-91"} 1 0.0 0.0 0.0 0.0 0.0 3
stats: {recvpackets,"tsung_controller@ip-172-30-3-91"} 1 375.0 0.0 444 375 422.0 2
stats: {sentpackets,"tsung_controller@ip-172-30-3-91"} 1 228.0 0.0 228 226 226.5 2
stats: {cpu,"tsung_controller@ip-172-30-3-91"} 1 0.19865905140302956 0.0 0.2731561956791656 0.0726961205025934 0.1938809449736334 3
stats: session 5 8582.7439453125 4461.642465573953 20687.85205078125 1436.9150390625 10908.481000114889 17
stats: users_count 21 46
stats: finish_users_count 5 22
stats: page 94 43.056664000166215 48.079244129150595 374.2900390625 7.903076171875 58.729934037097394 163
stats: request 96 42.15671030680338 46.52583602330895 374.2900390625 7.903076171875 56.639233831823226 169
stats: connect 21 1.3897530691964286 0.2936156727290916 73.546875 0.958984375 4.785683593750001 25
stats: 302 21 68
stats: 200 75 197
stats: size_rcv 643869 1818148
stats: newphase 1 1
stats: size_sent 77035 227435
stats: connected 16 24
# stats: dump at 1449023076
stats: users 38 38
stats: {freemem,"tsung_controller@ip-172-30-3-91"} 1 29456.26953125 0.0 29466.77734375 29456.26953125 29461.9150390625 4
stats: {load,"tsung_controller@ip-172-30-3-91"} 1 0.0 0.0 0.0 0.0 0.0 4
stats: {recvpackets,"tsung_controller@ip-172-30-3-91"} 1 698.0 0.0 698 375 406.3333333333333 3
stats: {sentpackets,"tsung_controller@ip-172-30-3-91"} 1 409.0 0.0 409 226 227.0 3
stats: {cpu,"tsung_controller@ip-172-30-3-91"} 1 0.2731561956791656 0.0 0.2731561956791656 0.0726961205025934 0.19507547158098243 4
stats: session 13 13183.68008188101 5946.6199662601975 23424.663818359375 1436.9150390625 10379.90439675071 22
stats: users_count 27 73
stats: finish_users_count 13 35
stats: page 161 62.23209281589674 85.9286878413076 521.7080078125 7.903076171875 52.99729830374513 257
stats: request 169 59.27960457886462 80.39091529392687 521.7080078125 7.903076171875 51.392734743514154 265
stats: connect 26 1.3955359825721154 0.2557469686273155 73.546875 0.958984375 3.2353674847146747 46
stats: 302 40 108
stats: 200 129 326
stats: size_rcv 1244147 3062295
stats: newphase 0 1
stats: size_sent 146656 374091
stats: connected 13 37
# stats: dump at 1449023086
stats: users 26 41
stats: {freemem,"tsung_controller@ip-172-30-3-91"} 1 29447.5546875 0.0 29466.77734375 29447.5546875 29460.7859375 5
stats: {load,"tsung_controller@ip-172-30-3-91"} 1 0.0 0.0 0.0 0.0 0.0 5
stats: {recvpackets,"tsung_controller@ip-172-30-3-91"} 1 1289.0 0.0 1289 375 479.25 4
stats: {sentpackets,"tsung_controller@ip-172-30-3-91"} 1 740.0 0.0 740 226 272.5 4
stats: {cpu,"tsung_controller@ip-172-30-3-91"} 1 0.37257824143070045 0.0 0.37257824143070045 0.0726961205025934 0.2106916164006191 5
stats: session 27 13979.801549840857 6046.297038155943 26029.01708984375 1436.9150390625 11421.306794084821 35
stats: users_count 15 88
stats: finish_users_count 27 62
stats: request 224 68.47626168387266 97.96831743315585 564.41796875 7.64599609375 54.463889126404084 434
stats: connect 16 1.3923492431640625 0.25602846846131144 73.546875 0.9580078125 2.5709838867187504 72
stats: page 212 72.35896272479366 103.60221332592435 564.41796875 7.64599609375 56.55424068761214 418
stats: 302 75 183
stats: 200 149 475
stats: size_rcv 1664163 4726458
stats: newphase 0 1
stats: size_sent 221050 595141
stats: connected -11 26
# stats: dump at 1449023096
stats: users 41 42
stats: {freemem,"tsung_controller@ip-172-30-3-91"} 1 29444.21484375 0.0 29466.77734375 29444.21484375 29458.580729166668 6
stats: {load,"tsung_controller@ip-172-30-3-91"} 1 0.0703125 0.0 0.0703125 0.0 0.0 6
stats: {recvpackets,"tsung_controller@ip-172-30-3-91"} 1 1576.0 0.0 1576 375 641.2 5
stats: {sentpackets,"tsung_controller@ip-172-30-3-91"} 1 807.0 0.0 807 226 366.0 5
stats: {cpu,"tsung_controller@ip-172-30-3-91"} 1 0.4715225214046408 0.0 0.4715225214046408 0.0726961205025934 0.2376727205722993 6
stats: session 21 13996.900960286459 8344.237267365903 28662.875 1436.9150390625 12535.489994172127 62
stats: users_count 36 124
stats: finish_users_count 21 83
stats: request 170 44.22616325827204 59.930771318754374 564.41796875 7.64599609375 59.23405850766998 658
stats: connect 35 1.5587960379464285 0.6002593396361647 73.546875 0.9580078125 2.3566866787997163 88
stats: page 158 47.59579583662975 64.77332209079636 564.41796875 7.64599609375 61.872655087425606 630
stats: 302 43 226
stats: 200 127 602
stats: size_rcv 1141005 5867463
stats: newphase 1 2
stats: size_sent 142198 737339
stats: connected 15 41
# stats: dump at 1449023106
stats: users 52 53
stats: {freemem,"tsung_controller@ip-172-30-3-91"} 1 29445.609375 0.0 29466.77734375 29444.21484375 29456.528459821428 7
stats: {load,"tsung_controller@ip-172-30-3-91"} 1 0.05859375 0.0 0.0703125 0.0 0.010044642857142858 7
stats: {recvpackets,"tsung_controller@ip-172-30-3-91"} 1 1229.0 0.0 1576 375 797.0 6
stats: {sentpackets,"tsung_controller@ip-172-30-3-91"} 1 705.0 0.0 807 226 439.5 6
stats: {cpu,"tsung_controller@ip-172-30-3-91"} 1 0.36020370140355235 0.0 0.4715225214046408 0.0726961205025934 0.2710798349769195 7
stats: session 21 15029.092726934521 9327.941538409743 32357.554931640625 1436.9150390625 12905.24457596009 83
stats: users_count 32 156
stats: finish_users_count 21 104
stats: request 242 49.32992276278411 47.88394052557211 564.41796875 7.64599609375 56.152727357431274 828
stats: connect 32 1.3980178833007813 0.27862983514292555 73.546875 0.919921875 2.1296446265243905 123
stats: page 236 50.58742924059852 49.47968913661367 564.41796875 7.64599609375 59.0100361005909 788
stats: 302 66 292
stats: 200 176 778
stats: size_rcv 1739675 7607138
stats: newphase 0 2
stats: size_sent 215043 952382
stats: connected 11 52
# stats: dump at 1449023116
stats: users 58 60
stats: {freemem,"tsung_controller@ip-172-30-3-91"} 1 29440.73046875 0.0 29466.77734375 29440.73046875 29455.16357421875 8
stats: {load,"tsung_controller@ip-172-30-3-91"} 1 0.05078125 0.0 0.0703125 0.0 0.01611328125 8
stats: {recvpackets,"tsung_controller@ip-172-30-3-91"} 1 1832.0 0.0 1832 375 858.7142857142857 7
stats: {sentpackets,"tsung_controller@ip-172-30-3-91"} 1 1023.0 0.0 1023 226 477.42857142857144 7
stats: {cpu,"tsung_controller@ip-172-30-3-91"} 1 0.4596844328488011 0.0 0.4715225214046408 0.0726961205025934 0.2822203182802486 8
stats: session 28 12905.918770926339 9315.242955119667 42017.198974609375 1436.9150390625 13334.098529522236 104
stats: users_count 34 190
stats: finish_users_count 28 132
stats: request 307 47.61706026058631 52.19896001890973 564.41796875 7.635009765625 54.60962575752042 1070
stats: connect 35 1.408021763392857 0.2656878635348572 73.546875 0.919921875 1.9785991053427419 155
stats: page 295 49.55930382680086 54.54682308205557 564.41796875 7.635009765625 57.06888842582703 1024
stats: 302 87 379
stats: 200 220 998
stats: size_rcv 2306116 9913254
stats: newphase 0 2
stats: size_sent 290441 1242823
stats: connected 8 60
# stats: dump at 1449023126
stats: users 89 89
stats: {freemem,"tsung_controller@ip-172-30-3-91"} 1 29436.1484375 0.0 29466.77734375 29436.1484375 29453.559895833332 9
stats: {load,"tsung_controller@ip-172-30-3-91"} 1 0.0390625 0.0 0.0703125 0.0 0.019965277777777776 9
stats: {recvpackets,"tsung_controller@ip-172-30-3-91"} 1 2259.0 0.0 2259 375 980.375 8
stats: {sentpackets,"tsung_controller@ip-172-30-3-91"} 1 1245.0 0.0 1245 226 545.625 8
stats: {cpu,"tsung_controller@ip-172-30-3-91"} 1 0.4972032318210068 0.0 0.4972032318210068 0.0726961205025934 0.30193855323231 9
stats: session 44 13033.389803799719 10034.390768368821 42017.198974609375 431.8662109375 13243.272520123106 132
stats: users_count 75 265
stats: finish_users_count 44 176
stats: request 377 43.98558987483424 49.1956091701231 564.41796875 7.635009765625 53.050644197927994 1377
stats: page 365 45.435682657320186 51.876435675812566 564.41796875 7.635009765625 55.38933766258767 1319
stats: connect 68 1.4042322495404411 0.27524787859657573 73.546875 0.787109375 1.8734927528782894 190
stats: 302 97 476
stats: 200 280 1278
stats: size_rcv 2560313 12473567
stats: newphase 1 3
stats: size_sent 318967 1561790
stats: connected 25 85
# stats: dump at 1449023136
stats: users 129 131
stats: {freemem,"tsung_controller@ip-172-30-3-91"} 1 29431.30078125 0.0 29466.77734375 29431.30078125 29451.81875 10
stats: {load,"tsung_controller@ip-172-30-3-91"} 1 0.0390625 0.0 0.0703125 0.0 0.021875 10
stats: {recvpackets,"tsung_controller@ip-172-30-3-91"} 1 2849.0 0.0 2849 375 1122.4444444444443 9
stats: {sentpackets,"tsung_controller@ip-172-30-3-91"} 1 1751.0 0.0 1751 226 623.3333333333334 9
stats: {cpu,"tsung_controller@ip-172-30-3-91"} 1 0.6217358865953743 0.0 0.6217358865953743 0.0726961205025934 0.3214650210911797 10
stats: session 51 13429.63099341299 11077.392688337968 42028.390869140625 431.8662109375 13190.80184104226 176
stats: users_count 91 356
stats: finish_users_count 51 227
stats: request 588 51.777296416613524 64.0115214168963 650.912109375 7.635009765625 51.102226022439766 1754
stats: connect 97 1.3262423485824746 0.27900624017498593 73.546875 0.694091796875 1.7498116899830427 258
stats: page 570 53.416287606222575 65.94796787511659 650.912109375 7.635009765625 53.23192431524644 1684
stats: 302 143 619
stats: 200 445 1723
stats: size_rcv 4241969 16715536
stats: newphase 0 3
stats: size_sent 509986 2071776
stats: connected 45 130
# stats: dump at 1449023146
stats: users 141 144
stats: {freemem,"tsung_controller@ip-172-30-3-91"} 1 29413.59375 0.0 29466.77734375 29413.59375 29449.953480113636 11
stats: {load,"tsung_controller@ip-172-30-3-91"} 1 0.109375 0.0 0.109375 0.0 0.0234375 11
stats: {recvpackets,"tsung_controller@ip-172-30-3-91"} 1 4554.0 0.0 4554 375 1295.1 10
stats: {sentpackets,"tsung_controller@ip-172-30-3-91"} 1 2791.0 0.0 2791 226 736.1 10
stats: {cpu,"tsung_controller@ip-172-30-3-91"} 1 0.945038547624969 0.0 0.945038547624969 0.0726961205025934 0.34876237250065195 11
stats: session 70 15290.040987723214 9201.294427118844 45399.261962890625 431.8662109375 13244.459492015418 227
stats: users_count 82 438
stats: finish_users_count 70 297
stats: request 694 49.66518399900941 60.5108221825549 650.912109375 7.635009765625 51.27171423412813 2342
stats: page 666 51.758188241952894 63.21130560995133 650.912109375 7.635009765625 53.27854679788016 2254
stats: connect 77 1.3373230773133118 0.2702680051911641 73.546875 0.694091796875 1.6340758417693662 355
stats: 302 208 827
stats: 200 486 2209
stats: size_rcv 5110665 21826201
stats: newphase 0 3
stats: size_sent 648916 2720692
stats: connected 7 137
# stats: dump at 1449023156
stats: users 208 208
stats: {freemem,"tsung_controller@ip-172-30-3-91"} 1 29400.9140625 0.0 29466.77734375 29400.9140625 29446.923502604168 12
stats: {load,"tsung_controller@ip-172-30-3-91"} 1 0.08984375 0.0 0.109375 0.0 0.030598958333333332 12
stats: {recvpackets,"tsung_controller@ip-172-30-3-91"} 1 5135.0 0.0 5135 375 1591.3636363636363 11
stats: {sentpackets,"tsung_controller@ip-172-30-3-91"} 1 3036.0 0.0 3036 226 922.9090909090909 11
stats: {cpu,"tsung_controller@ip-172-30-3-91"} 1 1.1677018633540373 0.0 1.1677018633540373 0.0726961205025934 0.39845205376101167 12
stats: session 78 15101.819708408453 8764.91670748425 45399.261962890625 393.964111328125 13726.583076862375 297
stats: users_count 145 583
stats: finish_users_count 78 375
stats: connect 150 1.3585791015624997 0.3437023654994154 73.546875 0.694091796875 1.5811824092158564 432
stats: request 878 44.39757855878066 49.76166810659793 650.912109375 7.635009765625 50.904477085520625 3036
stats: page 859 45.382194048311945 51.269992723305194 650.912109375 7.635009765625 52.93178008615154 2920
stats: 302 228 1055
stats: 200 650 2859
stats: size_rcv 6152776 27978977
stats: newphase 1 4
stats: size_sent 757828 3478520
stats: connected 71 208
# stats: dump at 1449023166
stats: users 241 241
stats: {freemem,"tsung_controller@ip-172-30-3-91"} 1 29345.796875 0.0 29466.77734375 29345.796875 29443.384314903848 13
stats: {load,"tsung_controller@ip-172-30-3-91"} 1 0.078125 0.0 0.109375 0.0 0.03515625 13
stats: {recvpackets,"tsung_controller@ip-172-30-3-91"} 1 6546.0 0.0 6546 375 1886.6666666666667 12
stats: {sentpackets,"tsung_controller@ip-172-30-3-91"} 1 4138.0 0.0 4138 226 1099.0 12
stats: {cpu,"tsung_controller@ip-172-30-3-91"} 1 1.4656564401937646 0.0 1.4656564401937646 0.0726961205025934 0.45762511603739825 13
stats: session 126 13654.466343470982 8727.976481180798 45399.261962890625 393.964111328125 14012.63229622396 375
stats: users_count 159 742
stats: finish_users_count 126 501
stats: request 1154 50.41578163927102 56.80808366940398 650.912109375 7.635009765625 49.44483045637457 3914
stats: connect 155 1.3422457787298385 0.2825516002407381 73.546875 0.694091796875 1.5238104227072595 582
stats: page 1113 52.2772746535967 59.308352170894786 650.912109375 7.635009765625 51.21569265389322 3779
stats: 302 324 1379
stats: 200 830 3689
stats: size_rcv 8429128 36408105
stats: newphase 0 4
stats: size_sent 1044070 4522590
stats: connected 30 238
# stats: dump at 1449023176
stats: users 237 265
stats: {freemem,"tsung_controller@ip-172-30-3-91"} 1 29331.33203125 0.0 29466.77734375 29331.33203125 29436.41378348214 14
stats: {load,"tsung_controller@ip-172-30-3-91"} 1 0.0703125 0.0 0.109375 0.0 0.03822544642857143 14
stats: {recvpackets,"tsung_controller@ip-172-30-3-91"} 1 8796.0 0.0 8796 375 2245.076923076923 13
stats: {sentpackets,"tsung_controller@ip-172-30-3-91"} 1 5280.0 0.0 5280 226 1332.7692307692307 13
stats: {cpu,"tsung_controller@ip-172-30-3-91"} 1 1.8136645962732918 0.0 1.8136645962732918 0.0726961205025934 0.5296273534771387 14
stats: session 155 14372.949529044852 8360.758442647064 45399.261962890625 393.964111328125 13922.554631459736 501
stats: users_count 151 893
stats: finish_users_count 155 656
stats: request 1408 54.19817959178576 67.25416068200256 650.912109375 7.635009765625 49.66591918270892 5068
stats: connect 154 1.3321121017654227 0.2871021722532552 73.546875 0.694091796875 1.4856251855071234 737
stats: page 1333 57.25433903641926 70.766391788199 650.912109375 7.635009765625 51.45721774908332 4892
stats: 302 404 1783
stats: 200 1004 4693
stats: size_rcv 10547113 46955218
stats: newphase 0 4
stats: size_sent 1311716 5834306
stats: connected 0 238
# stats: dump at 1449023186
stats: users 265 265
stats: {freemem,"tsung_controller@ip-172-30-3-91"} 1 29331.0703125 0.0 29466.77734375 29331.0703125 29429.408333333333 15
stats: {load,"tsung_controller@ip-172-30-3-91"} 1 0.12890625 0.0 0.12890625 0.0 0.040364583333333336 15
stats: {recvpackets,"tsung_controller@ip-172-30-3-91"} 1 10606.0 0.0 10606 375 2713.0 14
stats: {sentpackets,"tsung_controller@ip-172-30-3-91"} 1 6477.0 0.0 6477 226 1614.7142857142858 14
stats: {cpu,"tsung_controller@ip-172-30-3-91"} 1 2.223050173869846 0.0 2.223050173869846 0.0726961205025934 0.6152298363302156 15
stats: session 154 15842.120323280235 9497.43878369801 58154.509033203125 393.964111328125 14028.974157565977 656
stats: users_count 182 1075
stats: finish_users_count 154 810
stats: page 1253 48.358215283320014 54.480541413044676 650.912109375 7.635009765625 52.69859327936747 6225
stats: request 1300 46.859994178185076 52.51500056115715 650.912109375 7.635009765625 50.651314898579855 6476
stats: connect 181 1.4116156983770718 0.4043285552483607 73.546875 0.694091796875 1.459092059922138 891
stats: 302 395 2178
stats: 200 905 5598
stats: size_rcv 9088006 56043224
stats: newphase 1 5
stats: size_sent 1176690 7010996
stats: connected 25 263
# stats: dump at 1449023196
stats: users 290 304
stats: {freemem,"tsung_controller@ip-172-30-3-91"} 1 29316.48046875 0.0 29466.77734375 29316.48046875 29423.26220703125 16
stats: {load,"tsung_controller@ip-172-30-3-91"} 1 0.109375 0.0 0.12890625 0.0 0.0458984375 16
stats: {recvpackets,"tsung_controller@ip-172-30-3-91"} 1 9931.0 0.0 10606 375 3239.2 15
stats: {sentpackets,"tsung_controller@ip-172-30-3-91"} 1 6305.0 0.0 6477 226 1938.8666666666666 15
stats: {cpu,"tsung_controller@ip-172-30-3-91"} 1 2.2515238213708173 0.0 2.2515238213708173 0.0726961205025934 0.7157186074264424 16
stats: session 171 14713.12728150128 10463.034545485434 58154.509033203125 393.964111328125 14373.69577425733 810
stats: users_count 196 1271
stats: finish_users_count 171 981
stats: request 1550 48.48645618069562 52.87948126942733 650.912109375 7.635009765625 50.01747784398711 7776
stats: connect 198 1.3628250276199487 0.26637890392457253 73.546875 0.694091796875 1.4510759951463386 1072
stats: page 1504 50.19283716729349 55.63107286429032 650.912109375 7.635009765625 51.9713274824903 7478
stats: 302 436 2614
stats: 200 1114 6712
stats: size_rcv 11328286 67371510
stats: newphase 0 5
stats: size_sent 1409494 8420490
stats: connected 30 293
# stats: dump at 1449023206
stats: users 280 307
stats: {freemem,"tsung_controller@ip-172-30-3-91"} 1 29302.19921875 0.0 29466.77734375 29302.19921875 29416.980928308825 17
stats: {load,"tsung_controller@ip-172-30-3-91"} 1 0.25 0.0 0.25 0.0 0.04963235294117647 17
stats: {recvpackets,"tsung_controller@ip-172-30-3-91"} 1 11203.0 0.0 11203 375 3657.4375 16
stats: {sentpackets,"tsung_controller@ip-172-30-3-91"} 1 7026.0 0.0 7026 226 2211.75 16
stats: {cpu,"tsung_controller@ip-172-30-3-91"} 1 2.5497512437810945 0.0 2.5497512437810945 0.0726961205025934 0.806060090599641 17
stats: session 187 14984.326337681734 8542.164602730616 58154.509033203125 393.964111328125 14432.862734235634 981
stats: users_count 177 1448
stats: finish_users_count 187 1168
stats: request 1533 51.65584532855303 57.95856524869409 650.912109375 7.551025390625 49.76301895720802 9326
stats: connect 175 1.334563337053571 0.27191012855996877 73.546875 0.694091796875 1.4373171828863187 1270
stats: page 1459 54.281608095227895 61.333358271953045 650.912109375 7.551025390625 51.67352638762769 8982
stats: 302 455 3069
stats: 200 1078 7790
stats: size_rcv 11325156 78696666
stats: newphase 0 5
stats: size_sent 1426920 9847410
stats: connected -15 278
# stats: dump at 1449023216
stats: users 349 353
stats: {freemem,"tsung_controller@ip-172-30-3-91"} 1 29290.703125 0.0 29466.77734375 29290.703125 29410.604166666668 18
stats: {load,"tsung_controller@ip-172-30-3-91"} 1 0.2109375 0.0 0.25 0.0 0.06076388888888889 18
stats: {recvpackets,"tsung_controller@ip-172-30-3-91"} 1 11856.0 0.0 11856 375 4101.294117647059 17
stats: {sentpackets,"tsung_controller@ip-172-30-3-91"} 1 7350.0 0.0 7350 226 2494.9411764705883 17
stats: {cpu,"tsung_controller@ip-172-30-3-91"} 1 2.5015556938394523 0.0 2.5497512437810945 0.0726961205025934 0.9029318213319439 18
stats: session 191 16016.481715017586 9504.759734908497 58154.509033203125 393.964111328125 14521.15356800654 1168
stats: users_count 260 1708
stats: finish_users_count 191 1359
stats: connect 259 1.3310094413610043 0.40348271567416877 73.546875 0.694091796875 1.4248729455017297 1445
stats: request 1675 47.436386864505565 53.57273623416203 650.912109375 7.546142578125 50.03023535165243 10859
stats: page 1608 49.417377528859646 56.54072142551336 650.912109375 7.546142578125 52.03797339571012 10441
stats: 302 465 3534
stats: 200 1210 9000
stats: size_rcv 11893720 90590386
stats: newphase 1 6
stats: size_sent 1479005 11326415
stats: connected 70 348
# stats: dump at 1449023226
stats: users 491 492
stats: {freemem,"tsung_controller@ip-172-30-3-91"} 1 29276.28515625 0.0 29466.77734375 29276.28515625 29404.293585526317 19
stats: {load,"tsung_controller@ip-172-30-3-91"} 1 0.1796875 0.0 0.25 0.0 0.06866776315789473 19
stats: {recvpackets,"tsung_controller@ip-172-30-3-91"} 1 12830.0 0.0 12830 375 4532.111111111111 18
stats: {sentpackets,"tsung_controller@ip-172-30-3-91"} 1 8324.0 0.0 8324 226 2764.6666666666665 18
stats: {cpu,"tsung_controller@ip-172-30-3-91"} 1 2.894409937888199 0.0 2.894409937888199 0.0726961205025934 0.9870699198849707 19
stats: session 243 12815.401110990548 9166.524961152896 58154.509033203125 393.964111328125 14731.313741721855 1359
stats: users_count 385 2093
stats: finish_users_count 243 1602
stats: request 2365 51.54243607954549 59.67981323228694 650.912109375 7.546142578125 49.68360249574283 12534
stats: connect 385 1.3074770444399362 0.3663699431887572 73.546875 0.694091796875 1.4106061335460678 1704
stats: page 2288 53.280672940340914 62.101210716864 650.912109375 7.546142578125 51.68824162096569 12049
stats: 302 592 4126
stats: 200 1773 10773
stats: size_rcv 16923427 107513813
stats: newphase 0 6
stats: size_sent 2046480 13372895
stats: connected 141 489
# stats: dump at 1449023236
stats: users 581 583
stats: {freemem,"tsung_controller@ip-172-30-3-91"} 1 29246.046875 0.0 29466.77734375 29246.046875 29397.8931640625 20
stats: {load,"tsung_controller@ip-172-30-3-91"} 1 0.1484375 0.0 0.25 0.0 0.07421875 20
stats: {recvpackets,"tsung_controller@ip-172-30-3-91"} 1 19031.0 0.0 19031 375 4968.8421052631575 19
stats: {sentpackets,"tsung_controller@ip-172-30-3-91"} 1 12693.0 0.0 12693 226 3057.2631578947367 19
stats: {cpu,"tsung_controller@ip-172-30-3-91"} 1 3.904690618762475 0.0 3.904690618762475 0.0726961205025934 1.082436920785132 20
stats: session 305 12568.098190957999 8182.04399330545 58154.509033203125 393.964111328125 14440.69778088059 1602
stats: users_count 395 2488
stats: finish_users_count 305 1907
stats: connect 396 1.3143384528882585 0.2642182684218492 73.546875 0.691162109375 1.391599575716551 2089
stats: request 2994 54.58092780613308 60.45847539884256 650.912109375 7.5458984375 49.97866534732302 14899
stats: page 2840 57.41742244236904 63.792760969635104 650.912109375 7.5458984375 51.942373089106205 14337
stats: 302 797 4923
stats: 200 2197 12970
stats: size_rcv 22305294 129819107
stats: newphase 0 6
stats: size_sent 2698861 16071756
stats: connected 93 582
# stats: dump at 1449023246
stats: users 573 617
stats: {freemem,"tsung_controller@ip-172-30-3-91"} 1 29198.0078125 0.0 29466.77734375 29198.0078125 29390.66238839286 21
stats: {load,"tsung_controller@ip-172-30-3-91"} 1 0.12890625 0.0 0.25 0.0 0.07775297619047619 21
stats: {recvpackets,"tsung_controller@ip-172-30-3-91"} 1 22892.0 0.0 22892 375 5671.949999999999 20
stats: {sentpackets,"tsung_controller@ip-172-30-3-91"} 1 14561.0 0.0 14561 226 3539.05 20
stats: {cpu,"tsung_controller@ip-172-30-3-91"} 1 4.349451645064805 0.0 4.349451645064805 0.0726961205025934 1.2168299540221486 21
stats: session 390 14602.381460336534 9087.32037545634 58154.509033203125 393.964111328125 14141.19968181064 1907
stats: users_count 382 2870
stats: finish_users_count 390 2297
stats: connect 382 1.3113202000163622 0.2674455532676312 73.546875 0.68798828125 1.3792875416561874 2485
stats: request 3195 52.52551189297242 60.06585462305051 650.912109375 7.5458984375 50.74875274472297 17893
stats: page 3054 55.07484708834729 64.02073828323778 650.912109375 7.5458984375 52.84760334836373 17177
stats: 302 955 5878
stats: 200 2240 15210
stats: size_rcv 23198982 153018089
stats: newphase 0 6
stats: size_sent 2954078 19025834
stats: connected -9 573
# stats: dump at 1449023256
stats: users 678 683
stats: {freemem,"tsung_controller@ip-172-30-3-91"} 1 29178.47265625 0.0 29466.77734375 29178.47265625 29381.905362215908 22
stats: {load,"tsung_controller@ip-172-30-3-91"} 1 0.109375 0.0 0.25 0.0 0.080078125 22
stats: {recvpackets,"tsung_controller@ip-172-30-3-91"} 1 24504.0 0.0 24504 375 6491.95238095238 21
stats: {sentpackets,"tsung_controller@ip-172-30-3-91"} 1 15670.0 0.0 15670 226 4063.904761904762 21
stats: {cpu,"tsung_controller@ip-172-30-3-91"} 1 4.780876494023905 0.0 4.780876494023905 0.0726961205025934 1.3592218490695418 22
stats: session 351 14741.276758090722 9288.076478972533 58154.509033203125 191.883056640625 14219.502204067976 2297
stats: users_count 456 3326
stats: finish_users_count 351 2648
stats: request 3333 51.594811165686885 56.1361138579211 650.912109375 7.5458984375 51.01794591044077 21088
stats: connect 458 1.301972634927675 0.3755766521659056 73.546875 0.68017578125 1.3702315512458583 2867
stats: 302 939 6817
stats: page 3207 53.625894344890085 58.899088733281125 650.912109375 7.5458984375 53.183820163247304 20231
stats: 200 2394 17604
stats: size_rcv 23908023 176926112
stats: newphase 1 7
stats: size_sent 2996943 22022777
stats: connected 105 678
# stats: dump at 1449023266
stats: users 781 783
stats: {freemem,"tsung_controller@ip-172-30-3-91"} 1 29138.05859375 0.0 29466.77734375 29138.05859375 29373.06046195652 23
stats: {load,"tsung_controller@ip-172-30-3-91"} 1 0.08984375 0.0 0.25 0.0 0.08135190217391304 23
stats: {recvpackets,"tsung_controller@ip-172-30-3-91"} 1 2.62e4 0.0 26200 375 7310.681818181817 22
stats: {sentpackets,"tsung_controller@ip-172-30-3-91"} 1 17255.0 0.0 17255 226 4591.454545454545 22
stats: {cpu,"tsung_controller@ip-172-30-3-91"} 1 5.1717676452217365 0.0 5.1717676452217365 0.0726961205025934 1.507989442328427 23
stats: session 424 15078.940123360113 9282.929560549188 58154.509033203125 191.883056640625 14288.664918743953 2648
stats: users_count 527 3853
stats: finish_users_count 424 3072
stats: request 3898 53.41522470457602 58.614521154083405 650.912109375 7.5458984375 51.09667699826417 24421
stats: page 3738 55.70574307837163 61.78750028961799 650.912109375 7.5458984375 53.2443087672463 23438
stats: connect 527 1.3156409363140404 0.5660346366785837 73.546875 0.68017578125 1.3608292704417295 3325
stats: 302 1099 7916
stats: 200 2799 20403
stats: size_rcv 28230810 205156922
stats: newphase 0 7
stats: size_sent 3546667 25569444
stats: connected 103 781
# stats: dump at 1449023276
stats: users 803 813
stats: {freemem,"tsung_controller@ip-172-30-3-91"} 1 29097.328125 0.0 29466.77734375 29097.328125 29363.268717447918 24
stats: {load,"tsung_controller@ip-172-30-3-91"} 1 0.078125 0.0 0.25 0.0 0.08170572916666667 24
stats: {recvpackets,"tsung_controller@ip-172-30-3-91"} 1 30267.0 0.0 30267 375 8131.956521739129 23
stats: {sentpackets,"tsung_controller@ip-172-30-3-91"} 1 19755.0 0.0 19755 226 5142.043478260869 23
stats: {cpu,"tsung_controller@ip-172-30-3-91"} 1 5.888972243060765 0.0 5.888972243060765 0.0726961205025934 1.6606468674489816 24
stats: session 481 14768.016689371916 9441.315146882287 58154.509033203125 191.883056640625 14397.739361047745 3072
stats: users_count 503 4356
stats: finish_users_count 481 3553
stats: request 3918 58.089885935605686 61.053962033498415 650.912109375 7.5458984375 51.41581605540615 28319
stats: connect 479 1.3057700776356989 0.32317012474507734 73.546875 0.68017578125 1.3546469620083723 3852
stats: page 3774 60.22155988134273 64.25165520893712 650.912109375 7.5458984375 53.58287373100058 27176
stats: 302 1138 9054
stats: 200 2780 23183
stats: size_rcv 28477677 233634599
stats: newphase 0 7
stats: size_sent 3582040 29151484
stats: connected 19 800
# stats: dump at 1449023286
stats: users 820 822
stats: {freemem,"tsung_controller@ip-172-30-3-91"} 1 29086.75390625 0.0 29466.77734375 29086.75390625 29352.63109375 25
stats: {load,"tsung_controller@ip-172-30-3-91"} 1 0.0703125 0.0 0.25 0.0 0.0815625 25
stats: {recvpackets,"tsung_controller@ip-172-30-3-91"} 1 31096.0 0.0 31096 375 9054.249999999998 24
stats: {sentpackets,"tsung_controller@ip-172-30-3-91"} 1 20112.0 0.0 20112 226 5750.916666666667 24
stats: {cpu,"tsung_controller@ip-172-30-3-91"} 1 6.242962592268235 0.0 6.242962592268235 0.0726961205025934 1.8297798824734528 25
stats: session 472 16095.352770271944 8994.208204129724 58154.509033203125 191.883056640625 14447.866970089097 3553
stats: users_count 489 4845
stats: finish_users_count 472 4025
stats: connect 486 1.3490593050733024 0.5761188985732575 73.546875 0.68017578125 1.3492412756508312 4331
stats: page 3976 56.60596802249038 62.67065346855716 650.912109375 7.373046875 54.392385896796746 30950
stats: request 4138 54.31699070070836 59.196384472501315 650.912109375 7.373046875 52.22696491512082 32237
stats: 302 1239 10293
stats: 200 2899 26082
stats: size_rcv 30119757 263754356
stats: newphase 1 8
stats: size_sent 3847451 32998935
stats: connected 14 814
# stats: dump at 1449023296
stats: users 921 924
stats: {freemem,"tsung_controller@ip-172-30-3-91"} 1 29077.8046875 0.0 29466.77734375 29077.8046875 29342.405048076922 26
stats: {load,"tsung_controller@ip-172-30-3-91"} 1 0.140625 0.0 0.25 0.0 0.0811298076923077 26
stats: {recvpackets,"tsung_controller@ip-172-30-3-91"} 1 32362.0 0.0 32362 375 9935.919999999998 25
stats: {sentpackets,"tsung_controller@ip-172-30-3-91"} 1 21361.0 0.0 21361 226 6325.36 25
stats: {cpu,"tsung_controller@ip-172-30-3-91"} 1 6.162324649298597 0.0 6.242962592268235 0.0726961205025934 1.9995176790040214 26
stats: session 514 15829.835496241947 9960.099620499539 58154.509033203125 191.883056640625 14641.062820445943 4025
stats: users_count 615 5460
stats: finish_users_count 514 4539
stats: request 4509 55.73303241607064 116.34585387581566 6813.200927734375 7.373046875 52.46472509933419 36375
stats: connect 615 1.2875520039380073 0.2659726479881004 73.546875 0.68017578125 1.3492229161530775 4817
stats: 302 1309 11602
stats: page 4351 57.75902753587539 119.37708441148631 6813.200927734375 7.373046875 54.64438161722732 34926
stats: 200 3201 29283
stats: size_rcv 31922626 295676982
stats: newphase 0 8
stats: size_sent 4074670 37073605
stats: connected 104 918
# stats: dump at 1449023306
stats: users 975 983
stats: {freemem,"tsung_controller@ip-172-30-3-91"} 1 29035.48828125 0.0 29466.77734375 29035.48828125 29332.605034722223 27
stats: {load,"tsung_controller@ip-172-30-3-91"} 1 0.12109375 0.0 0.25 0.0 0.08333333333333333 27
stats: {recvpackets,"tsung_controller@ip-172-30-3-91"} 1 35448.0 0.0 35448 375 10798.461538461535 26
stats: {sentpackets,"tsung_controller@ip-172-30-3-91"} 1 23577.0 0.0 23577 226 6903.653846153846 26
stats: {cpu,"tsung_controller@ip-172-30-3-91"} 1 6.793817003241087 0.0 6.793817003241087 0.0726961205025934 2.1536957149408575 27
stats: session 568 15773.542511845979 10143.698160155885 62504.23291015625 191.883056640625 14775.68039157596 4539
stats: users_count 622 6082
stats: finish_users_count 568 5107
stats: connect 616 1.3225145216112018 0.5551040688818973 73.546875 0.64697265625 1.3422406608120854 5432
stats: page 4754 63.5927312238707 68.47214615947678 6813.200927734375 7.331787109375 54.98941368159164 39277
stats: request 4956 61.07914363192971 64.37052482333553 6813.200927734375 7.331787109375 52.82517901018354 40884
stats: 302 1424 13026
stats: 200 3531 32814
stats: size_rcv 36145371 331822353
stats: newphase 0 8
stats: size_sent 4561717 41635322
stats: connected 51 969
# stats: dump at 1449023316
stats: users 911 983
stats: {freemem,"tsung_controller@ip-172-30-3-91"} 1 29009.01953125 0.0 29466.77734375 29009.01953125 29321.993722098214 28
stats: {load,"tsung_controller@ip-172-30-3-91"} 1 0.1015625 0.0 0.25 0.0 0.08468191964285714 28
stats: {recvpackets,"tsung_controller@ip-172-30-3-91"} 1 38466.0 0.0 38466 375 11711.407407407405 27
stats: {sentpackets,"tsung_controller@ip-172-30-3-91"} 1 25352.0 0.0 25352 226 7521.185185185185 27
stats: {cpu,"tsung_controller@ip-172-30-3-91"} 1 9.658451144751657 0.0 9.658451144751657 0.0726961205025934 2.3194143323801515 28
stats: session 624 15526.177976950625 9648.795558570522 62504.23291015625 191.883056640625 14886.662511081222 5107
stats: users_count 560 6642
stats: finish_users_count 624 5731
stats: request 5146 59.50446332330329 64.92307743833965 6813.200927734375 7.331787109375 53.717557907770235 45840
stats: connect 573 1.3301066719840766 0.31729721263537025 73.546875 0.64697265625 1.340231517004588 6048
stats: page 4932 62.15404298261035 69.18557375351774 6813.200927734375 7.331787109375 55.91830858736245 44031
stats: 302 1582 14608
stats: 200 3565 36379
stats: size_rcv 37112071 368934424
stats: newphase 0 8
stats: size_sent 4795121 46430443
stats: connected -53 916
# stats: dump at 1449023326
stats: users 998 1000
stats: {freemem,"tsung_controller@ip-172-30-3-91"} 1 28979.87109375 0.0 29466.77734375 28979.87109375 29311.20150862069 29
stats: {load,"tsung_controller@ip-172-30-3-91"} 1 0.078125 0.0 0.25 0.0 0.08526400862068965 29
stats: {recvpackets,"tsung_controller@ip-172-30-3-91"} 1 38664.0 0.0 38664 375 12666.928571428569 28
stats: {sentpackets,"tsung_controller@ip-172-30-3-91"} 1 25571.0 0.0 25571 226 8158.0 28
stats: {cpu,"tsung_controller@ip-172-30-3-91"} 1 7.736461192912403 0.0 9.658451144751657 0.0726961205025934 2.5724845672895134 29
stats: session 586 15396.880031963257 9485.773373760676 62504.23291015625 191.883056640625 14956.293928059498 5731
stats: users_count 673 7315
stats: finish_users_count 586 6317
stats: page 4807 63.362807037181945 69.14495770753511 6813.200927734375 6.113037109375 56.54642863795908 48963
stats: request 4989 61.01851059635897 65.1112930419705 6813.200927734375 6.113037109375 54.30162834413184 50986
stats: connect 658 1.3139900740881465 0.3177998874924562 73.546875 0.64697265625 1.3393552843816077 6621
stats: 302 1469 16077
stats: 200 3519 39898
stats: size_rcv 35567674 404502098
stats: newphase 1 9
stats: size_sent 4534994 50965437
stats: connected 64 980
# stats: dump at 1449023336
stats: users 1062 1062
stats: {freemem,"tsung_controller@ip-172-30-3-91"} 1 28972.4140625 0.0 29466.77734375 28972.4140625 29300.157161458334 30
stats: {load,"tsung_controller@ip-172-30-3-91"} 1 0.0703125 0.0 0.25 0.0 0.08502604166666666 30
stats: {recvpackets,"tsung_controller@ip-172-30-3-91"} 1 38432.0 0.0 38664 375 13563.379310344826 29
stats: {sentpackets,"tsung_controller@ip-172-30-3-91"} 1 25199.0 0.0 25571 226 8758.448275862069 29
stats: {cpu,"tsung_controller@ip-172-30-3-91"} 1 7.137471726564463 0.0 9.658451144751657 0.0726961205025934 2.744617121476943 30
stats: session 645 15195.395849987888 9749.921936342764 62504.23291015625 191.883056640625 14997.165141750744 6317
stats: users_count 709 8024
stats: finish_users_count 645 6962
stats: page 5182 63.05445028501605 70.59275276508947 6813.200927734375 5.001220703125 57.15580804962105 53770
stats: request 5378 60.7531280233852 65.66534443345358 6813.200927734375 5.001220703125 54.90029784938171 55975
stats: 302 1537 17614
stats: connect 716 1.3046987522913747 0.3121633724456075 73.546875 0.64697265625 1.3370623446408332 7279
stats: 200 3841 43739
stats: size_rcv 38683975 443186073
stats: newphase 0 9
stats: size_sent 4888615 55854052
stats: connected 76 1056
# stats: dump at 1449023346
stats: users 1088 1093
stats: {freemem,"tsung_controller@ip-172-30-3-91"} 1 28942.046875 0.0 29466.77734375 28942.046875 29289.58480342742 31
stats: {load,"tsung_controller@ip-172-30-3-91"} 1 0.05859375 0.0 0.25 0.0 0.08455141129032258 31
stats: {recvpackets,"tsung_controller@ip-172-30-3-91"} 1 41839.0 0.0 41839 375 14392.333333333332 30
stats: {sentpackets,"tsung_controller@ip-172-30-3-91"} 1 27460.0 0.0 27460 226 9306.466666666667 30
stats: {cpu,"tsung_controller@ip-172-30-3-91"} 1 7.9599499374217775 0.0 9.658451144751657 0.0726961205025934 2.886322108737831 31
stats: session 655 15236.929175736519 9544.943540476337 62504.23291015625 191.883056640625 15015.530382602936 6962
stats: users_count 681 8705
stats: finish_users_count 655 7617
stats: request 5602 69.6485029586253 70.40834226514883 6813.200927734375 5.001220703125 55.41333748356082 61353
stats: connect 686 1.2856078745672366 0.31634126997453943 73.546875 0.64697265625 1.3341639916549406 7995
stats: page 5378 72.55324058773897 75.94450449414013 6813.200927734375 5.001220703125 57.674310629072416 58952
stats: 302 1653 19267
stats: 200 3950 47689
stats: size_rcv 40139087 483325160
stats: newphase 0 9
stats: size_sent 5133914 60987966
stats: connected 29 1085
# stats: dump at 1449023356
stats: users 1103 1112
stats: {freemem,"tsung_controller@ip-172-30-3-91"} 1 28925.9296875 0.0 29466.77734375 28925.9296875 29278.724243164063 32
stats: {load,"tsung_controller@ip-172-30-3-91"} 1 0.12890625 0.0 0.25 0.0 0.083740234375 32
stats: {recvpackets,"tsung_controller@ip-172-30-3-91"} 1 44051.0 0.0 44051 375 15277.709677419352 31
stats: {sentpackets,"tsung_controller@ip-172-30-3-91"} 1 28590.0 0.0 28590 226 9892.064516129032 31
stats: {cpu,"tsung_controller@ip-172-30-3-91"} 1 8.12773951158422 0.0 9.658451144751657 0.0726961205025934 3.0448729783842046 32
stats: session 647 15496.887283254444 9355.102682904562 62504.23291015625 191.883056640625 15034.568876695426 7617
stats: users_count 662 9367
stats: finish_users_count 647 8264
stats: request 5768 69.36406154341562 69.56550507669384 6813.200927734375 5.001220703125 56.60436723475656 66955
stats: 302 1729 20996
stats: connect 663 1.2925143464837845 0.31830131506513615 73.546875 0.64697265625 1.3303269341359722 8681
stats: page 5552 72.00483620063729 74.48964982925118 6813.200927734375 5.001220703125 58.9181919491052 64330
stats: 200 4038 51727
stats: size_rcv 41884138 525209298
stats: newphase 1 10
stats: size_sent 5379602 66367568
stats: connected 16 1101
# stats: dump at 1449023366
stats: users 1116 1142
stats: {freemem,"tsung_controller@ip-172-30-3-91"} 1 28899.90234375 0.0 29466.77734375 28899.90234375 29268.033499053032 33
stats: {load,"tsung_controller@ip-172-30-3-91"} 1 0.19140625 0.0 0.25 0.0 0.08510890151515152 33
stats: {recvpackets,"tsung_controller@ip-172-30-3-91"} 1 44667.0 0.0 44667 375 16176.874999999998 32
stats: {sentpackets,"tsung_controller@ip-172-30-3-91"} 1 28932.0 0.0 28932 226 10476.375 32
stats: {cpu,"tsung_controller@ip-172-30-3-91"} 1 8.445225247835362 0.0 9.658451144751657 0.0726961205025934 3.198899236966023 33
stats: session 730 15653.952828352418 9698.293825363698 62504.23291015625 191.883056640625 15070.764424740402 8264
stats: users_count 743 10110
stats: finish_users_count 730 8994
stats: request 5910 67.18285393367981 67.8546344419288 6813.200927734375 5.001220703125 57.61639804718654 72723
stats: connect 750 1.3056018880208324 0.6066001689860521 73.546875 0.64697265625 1.3276439562235793 9344
stats: 302 1746 22742
stats: page 5689 69.78701466268501 72.8173139677549 6813.200927734375 5.001220703125 59.95790244514862 69882
stats: 200 4164 55891
stats: size_rcv 42113610 567322908
stats: newphase 0 10
stats: size_sent 5397362 71764930
stats: connected 21 1122
# stats: dump at 1449023376
stats: users 1165 1176
stats: {freemem,"tsung_controller@ip-172-30-3-91"} 1 28895.44921875 0.0 29466.77734375 28895.44921875 29257.206112132353 34
stats: {load,"tsung_controller@ip-172-30-3-91"} 1 0.16015625 0.0 0.25 0.0 0.08823529411764706 34
stats: {recvpackets,"tsung_controller@ip-172-30-3-91"} 1 45420.0 0.0 45420 375 17040.21212121212 33
stats: {sentpackets,"tsung_controller@ip-172-30-3-91"} 1 29890.0 0.0 29890 226 11035.636363636364 33
stats: {cpu,"tsung_controller@ip-172-30-3-91"} 1 9.772355678531003 0.0 9.772355678531003 0.0726961205025934 3.3532029431680628 34
stats: session 713 15531.423300123817 9924.497564833046 62504.23291015625 191.883056640625 15118.099040555031 8994
stats: users_count 762 10872
stats: finish_users_count 713 9707
stats: request 6114 72.86694056417635 72.72509597784209 6813.200927734375 5.001220703125 58.33540602461555 78633
stats: connect 753 1.2977662916044141 0.5290120538640385 73.546875 0.64697265625 1.3260061960539677 10094
stats: page 5883 75.79851156802445 79.3465740687705 6813.200927734375 5.001220703125 60.69783997946158 75571
stats: 302 1815 24557
stats: 200 4299 60190
stats: size_rcv 43876626 611199534
stats: newphase 0 10
stats: size_sent 5631001 77395931
stats: connected 39 1161
# stats: dump at 1449023386
stats: users 1230 1248
stats: {freemem,"tsung_controller@ip-172-30-3-91"} 1 28897.0 0.0 29466.77734375 28895.44921875 29246.870200892856 35
stats: {load,"tsung_controller@ip-172-30-3-91"} 1 0.21875 0.0 0.25 0.0 0.09029017857142857 35
stats: {recvpackets,"tsung_controller@ip-172-30-3-91"} 1 4.77e4 0.0 47700 375 17874.91176470588 34
stats: {sentpackets,"tsung_controller@ip-172-30-3-91"} 1 30898.0 0.0 30898 226 11590.176470588236 34
stats: {cpu,"tsung_controller@ip-172-30-3-91"} 1 10.182504719949653 0.0 10.182504719949653 0.0726961205025934 3.5366073070355752 35
stats: session 723 14964.526786244922 9962.728100781394 62504.23291015625 191.883056640625 15148.458595213788 9707
stats: users_count 788 11660
stats: finish_users_count 723 10430
stats: request 6205 72.1708162441454 70.57388617992072 6813.200927734375 5.001220703125 59.38377118414774 84747
stats: page 5991 74.72515768281303 76.65224959909524 6813.200927734375 5.001220703125 61.78848317630292 81454
stats: connect 791 1.3879085883177948 0.9800393143197539 73.546875 0.64697265625 1.3240457786067 10847
stats: 302 1810 26367
stats: 200 4395 64585
stats: size_rcv 44377082 655576616
stats: newphase 0 10
stats: size_sent 5659321 83055252
stats: connected 69 1230
# stats: dump at 1449023396
stats: users 1253 1254
stats: {freemem,"tsung_controller@ip-172-30-3-91"} 1 28854.65234375 0.0 29466.77734375 28854.65234375 29237.15158420139 36
stats: {load,"tsung_controller@ip-172-30-3-91"} 1 0.328125 0.0 0.328125 0.0 0.09385850694444445 36
stats: {recvpackets,"tsung_controller@ip-172-30-3-91"} 1 49263.0 0.0 49263 375 18727.057142857142 35
stats: {sentpackets,"tsung_controller@ip-172-30-3-91"} 1 32264.0 0.0 32264 226 12141.828571428572 35
stats: {cpu,"tsung_controller@ip-172-30-3-91"} 1 9.331826174328059 0.0 10.182504719949653 0.0726961205025934 3.721215568505411 36
stats: session 782 16129.441019433845 9844.251718687106 62504.23291015625 191.883056640625 15135.70857624116 10430
stats: users_count 805 12465
stats: finish_users_count 782 11212
stats: 302 1857 28224
stats: request 6254 79.30979637875494 77.28269081089921 6813.200927734375 5.001220703125 60.25613918702052 90952
stats: connect 805 1.3427503881987572 0.7594960008890179 73.546875 0.64697265625 1.3283863424906555 11638
stats: page 6002 82.50209630643953 83.56205099260997 6813.200927734375 5.001220703125 62.67479590966105 87445
stats: 200 4397 68982
stats: size_rcv 44485668 700062284
stats: newphase 1 11
stats: size_sent 5746263 88801515
stats: connected 17 1247
# stats: dump at 1449023406
stats: users 1366 1370
stats: {freemem,"tsung_controller@ip-172-30-3-91"} 1 28848.10546875 0.0 29466.77734375 28848.10546875 29226.813766891893 37
stats: {load,"tsung_controller@ip-172-30-3-91"} 1 0.4296875 0.0 0.4296875 0.0 0.10019003378378379 37
stats: {recvpackets,"tsung_controller@ip-172-30-3-91"} 1 49557.0 0.0 49557 375 19575.277777777777 36
stats: {sentpackets,"tsung_controller@ip-172-30-3-91"} 1 32182.0 0.0 32264 226 12700.777777777777 36
stats: {cpu,"tsung_controller@ip-172-30-3-91"} 1 9.269521410579346 0.0 10.182504719949653 0.0726961205025934 3.8728536929871042 37
stats: session 752 15190.373960779067 9443.856610878089 62504.23291015625 191.883056640625 15205.018134801336 11212
stats: users_count 865 13330
stats: finish_users_count 752 11964
stats: connect 868 1.2980307302167329 0.29649054655468016 73.546875 0.64697265625 1.3293156245604956 12443
stats: page 6455 116.26098099523145 115.02812347952569 6813.200927734375 5.001220703125 63.94828202458678 93447
stats: request 6744 111.69512577441522 104.16379956021545 6813.200927734375 5.001220703125 61.48200561581203 97206
stats: 302 1915 30139
stats: 200 4829 73811
stats: size_rcv 48901888 748964172
stats: newphase 0 11
stats: size_sent 6213215 95014730
stats: connected 115 1362
# stats: dump at 1449023416
stats: users 1487 1497
stats: {freemem,"tsung_controller@ip-172-30-3-91"} 1 28754.51953125 0.0 29466.77734375 28754.51953125 29216.847759046053 38
stats: {load,"tsung_controller@ip-172-30-3-91"} 1 0.44921875 0.0 0.44921875 0.0 0.1088610197368421 38
stats: {recvpackets,"tsung_controller@ip-172-30-3-91"} 1 54497.0 0.0 54497 375 20385.594594594593 37
stats: {sentpackets,"tsung_controller@ip-172-30-3-91"} 1 35161.0 0.0 35161 226 13227.297297297297 37
stats: {cpu,"tsung_controller@ip-172-30-3-91"} 1 9.448423168739792 0.0 10.182504719949653 0.0726961205025934 4.01487126450269 38
stats: session 789 15849.63411551163 9622.410327579628 62504.23291015625 191.883056640625 15204.09767184039 11964
stats: users_count 910 14240
stats: finish_users_count 789 12753
stats: page 6817 226.23416824866842 212.59684435706956 6813.200927734375 5.001220703125 67.32837923841144 99902
stats: request 7121 216.68400122245157 183.3723392636985 6813.200927734375 5.001220703125 64.73969952970928 103950
stats: connect 917 1.2723094478428318 0.29001864164604974 73.546875 0.64697265625 1.3272755608319715 13311
stats: 302 2068 32207
stats: 200 5054 78865
stats: size_rcv 51361670 800325842
stats: newphase 0 11
stats: size_sent 6531085 101545815
stats: connected 128 1490
# stats: dump at 1449023426
stats: users 1559 1562
stats: {freemem,"tsung_controller@ip-172-30-3-91"} 1 28755.78125 0.0 29466.77734375 28754.51953125 29204.993189102563 39
stats: {load,"tsung_controller@ip-172-30-3-91"} 1 0.6796875 0.0 0.6796875 0.0 0.11758814102564102 39
stats: {recvpackets,"tsung_controller@ip-172-30-3-91"} 1 55944.0 0.0 55944 375 21283.263157894737 38
stats: {sentpackets,"tsung_controller@ip-172-30-3-91"} 1 36110.0 0.0 36110 226 13804.5 38
stats: {cpu,"tsung_controller@ip-172-30-3-91"} 1 9.761306532663315 0.0 10.182504719949653 0.0726961205025934 4.154193108201078 39
stats: session 833 16950.06772836089 9718.3546840145 62504.23291015625 191.883056640625 15244.03558872713 12753
stats: users_count 905 15145
stats: finish_users_count 833 13586
stats: connect 899 1.28816279155659 0.3905227532334766 73.546875 0.64697265625 1.3237329739883503 14228
stats: request 7011 348.6845827093146 196.62619304533283 6813.200927734375 5.001220703125 74.48117455337899 111071
stats: page 6747 362.2446502916227 225.56022154450156 6813.200927734375 5.001220703125 77.47896876495238 106719
stats: 302 2061 34268
stats: 200 4951 83816
stats: size_rcv 50403227 850729069
stats: newphase 1 12
stats: size_sent 6545626 108091441
stats: connected 66 1556
# stats: dump at 1449023436
stats: users 1571 1614
stats: {freemem,"tsung_controller@ip-172-30-3-91"} 1 28773.859375 0.0 29466.77734375 28754.51953125 29193.762890625 40
stats: {load,"tsung_controller@ip-172-30-3-91"} 1 0.80078125 0.0 0.80078125 0.0 0.131640625 40
stats: {recvpackets,"tsung_controller@ip-172-30-3-91"} 1 57170.0 0.0 57170 375 22172.0 39
stats: {sentpackets,"tsung_controller@ip-172-30-3-91"} 1 36407.0 0.0 36407 226 14376.435897435897 39
stats: {cpu,"tsung_controller@ip-172-30-3-91"} 1 10.042896795357052 0.0 10.182504719949653 0.0726961205025934 4.294370943812634 40
stats: session 906 17092.53180187637 9916.948385891426 62504.23291015625 191.883056640625 15348.637735960674 13586
stats: users_count 918 16063
stats: finish_users_count 906 14492
stats: request 7538 302.37075468019094 174.36215978503205 6813.200927734375 5.001220703125 90.76172615803732 118082
stats: connect 922 1.3177564376864144 0.7645822719876127 73.546875 0.64697265625 1.3216190324264974 15127
stats: page 7242 314.5694894608912 197.86270578495322 6813.200927734375 5.001220703125 94.41191831160464 113466
stats: 302 2221 36489
stats: 200 5315 89131
stats: size_rcv 53459936 904189005
stats: newphase 0 12
stats: size_sent 6770950 114862391
stats: connected 13 1569
# stats: dump at 1449023446
stats: users 1684 1686
stats: {freemem,"tsung_controller@ip-172-30-3-91"} 1 28715.18359375 0.0 29466.77734375 28715.18359375 29183.521341463416 41
stats: {load,"tsung_controller@ip-172-30-3-91"} 1 0.8984375 0.0 0.8984375 0.0 0.14796112804878048 41
stats: {recvpackets,"tsung_controller@ip-172-30-3-91"} 1 59017.0 0.0 59017 375 23046.95 40
stats: {sentpackets,"tsung_controller@ip-172-30-3-91"} 1 37702.0 0.0 37702 226 14927.2 40
stats: {cpu,"tsung_controller@ip-172-30-3-91"} 1 10.813880126182966 0.0 10.813880126182966 0.0726961205025934 4.434578891411278 41
stats: session 856 17451.228718980452 10129.227003357577 62504.23291015625 191.883056640625 15457.661198817397 14492
stats: users_count 969 17032
stats: finish_users_count 856 15348
stats: connect 970 1.2942214179284812 0.31939710653382386 73.546875 0.64697265625 1.32139712998084 16049
stats: request 7453 361.79889730854995 213.42662360107718 6813.200927734375 5.001220703125 103.45961548298553 125620
stats: page 7148 376.8099046225785 244.16063908706147 6813.200927734375 5.001220703125 107.62049711552096 120708
stats: 302 2184 38673
stats: 200 5269 94400
stats: size_rcv 53586152 957775157
stats: newphase 0 12
stats: size_sent 6890678 121753069
stats: connected 108 1677
# stats: dump at 1449023456
stats: users 1774 1777
stats: {freemem,"tsung_controller@ip-172-30-3-91"} 1 28662.12109375 0.0 29466.77734375 28662.12109375 29172.370442708332 42
stats: {load,"tsung_controller@ip-172-30-3-91"} 1 0.91015625 0.0 0.91015625 0.0 0.16582961309523808 42
stats: {recvpackets,"tsung_controller@ip-172-30-3-91"} 1 60087.0 0.0 60087 375 23924.268292682926 41
stats: {sentpackets,"tsung_controller@ip-172-30-3-91"} 1 38516.0 0.0 38516 226 15482.682926829268 41
stats: {cpu,"tsung_controller@ip-172-30-3-91"} 1 10.06066734074823 0.0 10.813880126182966 0.0726961205025934 4.586467016048699 42
stats: session 879 16981.24499997779 10139.212317685524 62504.23291015625 191.883056640625 15568.847920035769 15348
stats: users_count 969 18001
stats: finish_users_count 879 16227
stats: connect 967 1.3392683658382876 0.9654375675450796 73.546875 0.6298828125 1.3198482469271475 17019
stats: page 7275 481.5716966682776 316.75981379332404 6813.200927734375 5.001220703125 122.66997375220949 127856
stats: 302 2151 40824
stats: request 7557 464.23944657969207 279.26192736913384 6813.200927734375 5.001220703125 117.92838576280135 133073
stats: 200 5406 99806
stats: size_rcv 54943282 1012718439
stats: newphase 0 12
stats: size_sent 6972507 128725576
stats: connected 95 1772
# stats: dump at 1449023466
stats: users 2245 2245
stats: {freemem,"tsung_controller@ip-172-30-3-91"} 1 28613.39453125 0.0 29466.77734375 28613.39453125 29160.50417877907 43
stats: {load,"tsung_controller@ip-172-30-3-91"} 1 0.83984375 0.0 0.91015625 0.0 0.18313953488372092 43
stats: {recvpackets,"tsung_controller@ip-172-30-3-91"} 1 60471.0 0.0 60471 375 24785.285714285714 42
stats: {sentpackets,"tsung_controller@ip-172-30-3-91"} 1 39376.0 0.0 39376 226 16031.095238095239 42
stats: {cpu,"tsung_controller@ip-172-30-3-91"} 1 11.01876337992696 0.0 11.01876337992696 0.0726961205025934 4.713774000344037 43
stats: session 905 18319.48670067554 10733.978508770315 62504.23291015625 191.883056640625 15645.35602586365 16227
stats: users_count 1376 19377
stats: finish_users_count 905 17132
stats: request 8062 607.1072345753497 313.5461372924154 6813.200927734375 1.036865234375 136.53801874718053 140630
stats: page 7802 626.2466320046641 349.11289100751145 6813.200927734375 1.036865234375 141.99203926060056 135131
stats: 302 2200 43024
stats: connect 1371 1.2525746062408851 0.2846175901766374 73.546875 0.6298828125 1.320892350951782 17986
stats: 200 5676 105482
stats: size_rcv 54361283 1067079722
stats: newphase 1 13
stats: size_sent 7327682 136053258
stats: connected 462 2234
stats: 503 186 186
# stats: dump at 1449023476
stats: users 2728 2730
stats: {freemem,"tsung_controller@ip-172-30-3-91"} 1 28545.703125 0.0 29466.77734375 28545.703125 29148.069868607956 44
stats: {load,"tsung_controller@ip-172-30-3-91"} 1 0.87109375 0.0 0.91015625 0.0 0.19806463068181818 44
stats: {recvpackets,"tsung_controller@ip-172-30-3-91"} 1 64187.0 0.0 64187 375 25615.18604651163 43
stats: {sentpackets,"tsung_controller@ip-172-30-3-91"} 1 42958.0 0.0 42958 226 16574.0 43
stats: {cpu,"tsung_controller@ip-172-30-3-91"} 1 12.591471107746658 0.0 12.591471107746658 0.0726961205025934 4.857069213516376 44
stats: session 977 17851.20288135915 10781.940577670583 62504.23291015625 191.883056640625 15786.617306549197 17132
stats: users_count 1460 20837
stats: finish_users_count 977 18109
stats: request 9542 799.7024362788379 456.3092017378473 6813.200927734375 0.860107421875 162.05202769188972 148692
stats: connect 1467 1.261512886364605 0.4136434650054404 73.546875 0.6298828125 1.3160536038319472 19357
stats: page 9185 828.1751687321391 504.45303094450907 6813.200927734375 1.008056640625 168.42508364215826 142933
stats: 302 2077 45101
stats: 504 1 1
stats: 200 5524 111006
stats: size_rcv 53397049 1120476771
stats: newphase 0 13
stats: size_sent 8378838 144432096
stats: connected 491 2725
stats: 503 1940 2126
# stats: dump at 1449023486
stats: users 3021 3022
stats: {freemem,"tsung_controller@ip-172-30-3-91"} 1 28439.06640625 0.0 29466.77734375 28439.06640625 29134.683940972223 45
stats: {load,"tsung_controller@ip-172-30-3-91"} 1 0.96875 0.0 0.96875 0.0 0.21302083333333333 45
stats: {recvpackets,"tsung_controller@ip-172-30-3-91"} 1 65007.0 0.0 65007 375 26491.81818181818 44
stats: {sentpackets,"tsung_controller@ip-172-30-3-91"} 1 46436.0 0.0 46436 226 17173.636363636364 44
stats: {cpu,"tsung_controller@ip-172-30-3-91"} 1 14.6913423754595 0.0 14.6913423754595 0.0726961205025934 5.028944811165938 45
stats: session 1176 18947.056752937988 10858.154395285821 64082.5068359375 191.883056640625 15898.003915781586 18109
stats: users_count 1469 22306
stats: finish_users_count 1176 19285
stats: connect 1470 1.2907958984374976 0.5299883837350152 73.546875 0.6298828125 1.3122113433380656 20824
stats: page 11279 739.1360058308046 519.2566479893582 6813.200927734375 0.958984375 208.26129323965148 152118
stats: request 11740 708.1926085489979 473.0381160432256 6813.200927734375 0.860107421875 200.50432112273683 158234
stats: 302 2697 47798
stats: 504 0 1
stats: 200 5563 116569
stats: size_rcv 54842177 1175318948
stats: newphase 0 13
stats: size_sent 10355441 154787537
stats: connected 294 3019
stats: 503 3480 5606
# stats: dump at 1449023496
stats: users 3241 3248
stats: {freemem,"tsung_controller@ip-172-30-3-91"} 1 28392.0234375 0.0 29466.77734375 28392.0234375 29119.561820652172 46
stats: {load,"tsung_controller@ip-172-30-3-91"} 1 0.96875 0.0 0.96875 0.0 0.22944972826086957 46
stats: {recvpackets,"tsung_controller@ip-172-30-3-91"} 1 68246.0 0.0 68246 375 27347.71111111111 45
stats: {sentpackets,"tsung_controller@ip-172-30-3-91"} 1 49897.0 0.0 49897 226 17823.911111111112 45
stats: {cpu,"tsung_controller@ip-172-30-3-91"} 1 15.76467592003056 0.0 15.76467592003056 0.0726961205025934 5.238996932128841 46
stats: session 1428 19805.132462701884 10568.760493846894 64082.5068359375 191.883056640625 16083.935268464807 19285
stats: users_count 1648 23954
stats: finish_users_count 1428 20713
stats: request 12825 654.646210766175 470.1264691229424 6813.200927734375 0.860107421875 235.5700399643497 169974
stats: connect 1649 1.3268795718996367 0.9566124336283001 73.546875 0.6298828125 1.3107992726462276 22294
stats: page 12322 681.377156093398 505.18575304387366 6813.200927734375 0.958984375 244.90661649109194 163397
stats: 302 3171 50969
stats: 504 0 1
stats: 200 5450 122019
stats: size_rcv 54567657 1229886605
stats: newphase 1 14
stats: size_sent 11308048 166095585
stats: connected 224 3243
stats: 503 4204 9810
# stats: dump at 1449023506
stats: users 3498 3499
stats: {freemem,"tsung_controller@ip-172-30-3-91"} 1 28369.47265625 0.0 29466.77734375 28369.47265625 29104.082280585106 47
stats: {load,"tsung_controller@ip-172-30-3-91"} 1 0.8203125 0.0 0.96875 0.0 0.24517952127659576 47
stats: {recvpackets,"tsung_controller@ip-172-30-3-91"} 1 71493.0 0.0 71493 375 28236.804347826088 46
stats: {sentpackets,"tsung_controller@ip-172-30-3-91"} 1 53583.0 0.0 53583 226 18521.152173913044 46
stats: {cpu,"tsung_controller@ip-172-30-3-91"} 1 17.00497893527384 0.0 17.00497893527384 0.0726961205025934 5.462947548892708 47
stats: session 1620 19870.61787184726 11236.201522656247 66314.18408203125 191.883056640625 16340.482827648439 20713
stats: users_count 1877 25831
stats: finish_users_count 1620 22333
stats: request 14174 589.5582982974727 459.7650229108835 6813.200927734375 0.860107421875 264.9720164003992 182799
stats: connect 1874 1.240334558639609 0.33079973034361 73.546875 0.6298828125 1.3119067534743976 23943
stats: page 13643 613.066586237277 493.86757941824925 6813.200927734375 0.958984375 275.51338063714115 175719
stats: 302 3285 54254
stats: 504 0 1
stats: 200 5700 127719
stats: size_rcv 55550054 1285436659
stats: newphase 0 14
stats: size_sent 12229473 178325058
stats: connected 248 3491
stats: 503 5189 14999
# stats: dump at 1449023516
stats: users 3675 3685
stats: {freemem,"tsung_controller@ip-172-30-3-91"} 1 28355.5 0.0 29466.77734375 28355.5 29088.777913411457 48
stats: {load,"tsung_controller@ip-172-30-3-91"} 1 0.8515625 0.0 0.96875 0.0 0.2571614583333333 48
stats: {recvpackets,"tsung_controller@ip-172-30-3-91"} 1 73323.0 0.0 73323 375 29157.14893617021 47
stats: {sentpackets,"tsung_controller@ip-172-30-3-91"} 1 56892.0 0.0 56892 226 19267.14893617021 47
stats: {cpu,"tsung_controller@ip-172-30-3-91"} 1 16.24553343542624 0.0 17.00497893527384 0.0726961205025934 5.703406536108981 48
stats: session 1736 18936.30268107471 11132.608559619388 66314.18408203125 191.883056640625 16596.55316175501 22333
stats: users_count 1913 27744
stats: finish_users_count 1736 24069
stats: connect 1925 1.2226140168425315 0.2746456635166969 73.546875 0.6298828125 1.306711483182714 25817
stats: request 15191 551.8771452746482 472.37609602598553 6813.200927734375 0.860107421875 288.3289534405474 196973
stats: 302 3368 57622
stats: page 14567 573.9179720014105 507.13835098483605 6813.200927734375 0.958984375 299.83314058899344 189362
stats: 504 0 1
stats: 200 5550 133269
stats: size_rcv 54662774 1340099433
stats: newphase 0 14
stats: size_sent 13069170 191394228
stats: connected 185 3676
stats: 503 6274 21273
# stats: dump at 1449023526
stats: users 3723 3751
stats: {freemem,"tsung_controller@ip-172-30-3-91"} 1 28346.76171875 0.0 29466.77734375 28346.76171875 29073.813058035714 49
stats: {load,"tsung_controller@ip-172-30-3-91"} 1 1.1015625 0.0 1.1015625 0.0 0.2692920918367347 49
stats: {recvpackets,"tsung_controller@ip-172-30-3-91"} 1 74118.0 0.0 74118 375 30077.270833333332 48
stats: {sentpackets,"tsung_controller@ip-172-30-3-91"} 1 58855.0 0.0 58855 226 20051.0 48
stats: {cpu,"tsung_controller@ip-172-30-3-91"} 1 16.719846841097638 0.0 17.00497893527384 0.0726961205025934 5.918551983033823 49
stats: session 1851 19420.68691662131 11069.86713718898 66913.47583007813 105.910888671875 16765.309868121665 24069
stats: users_count 1899 29643
stats: finish_users_count 1851 25920
stats: request 14747 537.033840354057 450.96774595117165 6813.200927734375 0.860107421875 307.1990755260653 212164
stats: connect 1793 1.2496580941944357 0.28874350546229616 73.546875 0.6298828125 1.300876012679331 27742
stats: 302 3602 61224
stats: page 14128 562.0462465210605 490.58999535421054 6813.200927734375 0.958984375 319.4114925604378 203929
stats: 504 0 1
stats: 200 5188 138457
stats: size_rcv 50774348 1390873781
stats: newphase 0 14
stats: size_sent 12781430 204175658
stats: connected 40 3716
stats: 503 5956 27229
# stats: dump at 1449023536
stats: users 5247 5247
stats: {freemem,"tsung_controller@ip-172-30-3-91"} 1 28322.67578125 0.0 29466.77734375 28322.67578125 29059.27203125 50
stats: {load,"tsung_controller@ip-172-30-3-91"} 1 0.9296875 0.0 1.1015625 0.0 0.2859375 50
stats: {recvpackets,"tsung_controller@ip-172-30-3-91"} 1 75828.0 0.0 75828 375 30976.061224489797 49
stats: {sentpackets,"tsung_controller@ip-172-30-3-91"} 1 60701.0 0.0 60701 226 20842.918367346938 49
stats: {cpu,"tsung_controller@ip-172-30-3-91"} 1 17.937960844139333 0.0 17.937960844139333 0.0726961205025934 6.134577880195099 50
stats: session 2040 18324.053198361875 11367.700788499496 70443.54809570313 105.910888671875 16954.93575225642 25920
stats: users_count 3564 33207
stats: finish_users_count 2040 27960
stats: connect 3478 1.225492436835109 0.4360745190056278 73.546875 0.627197265625 1.2977666939780135 29535
stats: page 19696 432.3025688586635 467.5816756803363 6813.200927734375 0.89697265625 335.1318950421544 218057
stats: 302 3515 64739
stats: request 20395 417.56887830101493 445.4563614997124 6813.200927734375 0.860107421875 322.1360916994478 226911
stats: 504 2 3
stats: 200 6222 144679
stats: size_rcv 58052158 1448925939
stats: newphase 1 15
stats: size_sent 16084532 220260190
stats: connected 1459 5175
stats: 503 10656 37885
# stats: dump at 1449023546
stats: users 6254 6275
stats: {freemem,"tsung_controller@ip-172-30-3-91"} 1 28223.96484375 0.0 29466.77734375 28223.96484375 29044.82896752451 51
stats: {load,"tsung_controller@ip-172-30-3-91"} 1 0.7890625 0.0 1.1015625 0.0 0.29856004901960786 51
stats: {recvpackets,"tsung_controller@ip-172-30-3-91"} 1 90817.0 0.0 90817 375 31873.1 50
stats: {sentpackets,"tsung_controller@ip-172-30-3-91"} 1 83293.0 0.0 83293 226 21640.08 50
stats: {cpu,"tsung_controller@ip-172-30-3-91"} 1 22.706363404037823 0.0 22.706363404037823 0.0726961205025934 6.366016761841065 51
stats: session 2903 15932.190889879543 10679.707011646375 70443.54809570313 105.910888671875 17054.828441457248 27960
stats: users_count 3910 37117
stats: finish_users_count 2903 30863
stats: connect 3951 1.1914618628986324 0.2696300343740719 73.546875 0.595947265625 1.290152424861513 33013
stats: request 28192 300.20640486025405 418.5010811808327 6813.200927734375 0.614013671875 330.00630787996494 247306
stats: 302 3966 68705
stats: page 27111 312.27836138532587 437.77551864013884 6813.200927734375 0.614013671875 343.18173496631925 237753
stats: 504 2 5
stats: 200 5747 150426
stats: size_rcv 58376692 1507302631
stats: newphase 0 15
stats: size_sent 21551988 241812178
stats: connected 1087 6262
stats: 503 18477 56362
# stats: dump at 1449023556
stats: users 6673 6702
stats: {freemem,"tsung_controller@ip-172-30-3-91"} 1 28136.53125 0.0 29466.77734375 28136.53125 29029.043118990383 52
stats: {load,"tsung_controller@ip-172-30-3-91"} 1 1.19921875 0.0 1.19921875 0.0 0.30799278846153844 52
stats: {recvpackets,"tsung_controller@ip-172-30-3-91"} 1 96786.0 0.0 96786 375 33028.86274509804 51
stats: {sentpackets,"tsung_controller@ip-172-30-3-91"} 1 94559.0 0.0 94559 226 22848.960784313724 51
stats: {cpu,"tsung_controller@ip-172-30-3-91"} 1 24.50992953235106 0.0 24.50992953235106 0.0726961205025934 6.680254197267926 52
stats: session 3469 15931.66922999074 9729.513101796203 72564.205078125 105.910888671875 16949.23219960681 30863
stats: users_count 3888 41005
stats: finish_users_count 3469 34332
stats: request 31646 271.13346762790434 401.69915899718956 6813.200927734375 0.614013671875 326.95685247218813 275498
stats: connect 3885 1.2217168270390948 0.3714907374668832 73.546875 0.595947265625 1.2796036095191436 36964
stats: 302 4510 73215
stats: page 30231 283.9688080733427 422.9266513169923 6813.200927734375 0.614013671875 340.01852153922334 264864
stats: 504 3 8
stats: 200 5519 155945
stats: size_rcv 58505302 1565807933
stats: newphase 0 15
stats: size_sent 24357206 266169384
stats: connected 416 6678
stats: 503 21614 77976
# stats: dump at 1449023566
stats: users 5633 6810
stats: {freemem,"tsung_controller@ip-172-30-3-91"} 1 28083.5 0.0 29466.77734375 28083.5 29012.20327240566 53
stats: {load,"tsung_controller@ip-172-30-3-91"} 1 1.328125 0.0 1.328125 0.0 0.3248083726415094 53
stats: {recvpackets,"tsung_controller@ip-172-30-3-91"} 1 97258.0 0.0 97258 375 34254.961538461546 52
stats: {sentpackets,"tsung_controller@ip-172-30-3-91"} 1 97873.0 0.0 97873 226 24228.0 52
stats: {cpu,"tsung_controller@ip-172-30-3-91"} 1 25.414293112377006 0.0 25.414293112377006 0.0726961205025934 7.0166631658544 53
stats: session 3729 17106.508383078075 10067.73167746124 88370.15307617188 105.910888671875 16846.41482975949 34332
stats: users_count 2689 43694
stats: finish_users_count 3729 38061
stats: request 30271 278.9418713035712 396.11209669999545 6813.200927734375 0.614013671875 321.2051958004569 307144
stats: page 28995 290.6350653887653 413.8597672626757 6813.200927734375 0.614013671875 334.27651002500915 295095
stats: connect 2845 1.2233345232864676 0.41036419684023645 73.546875 0.595947265625 1.2740982079197167 40849
stats: 302 5016 78231
stats: 504 3 11
stats: 200 5201 161146
stats: size_rcv 55865825 1621673758
stats: newphase 0 15
stats: size_sent 24014166 290183550
stats: connected -916 5762
stats: 503 20053 98029
# stats: dump at 1449023576
stats: users 2923 6810
stats: {freemem,"tsung_controller@ip-172-30-3-91"} 1 28062.6875 0.0 29466.77734375 28062.6875 28995.00506365741 54
stats: {load,"tsung_controller@ip-172-30-3-91"} 1 1.26953125 0.0 1.328125 0.0 0.3433883101851852 54
stats: {recvpackets,"tsung_controller@ip-172-30-3-91"} 1 79697.0 0.0 97258 375 35443.69811320755 53
stats: {sentpackets,"tsung_controller@ip-172-30-3-91"} 1 73182.0 0.0 97873 226 25617.528301886792 53
stats: {cpu,"tsung_controller@ip-172-30-3-91"} 1 20.300655274315815 0.0 25.414293112377006 0.0726961205025934 7.357360016715929 54
stats: session 2710 20957.803753999953 8860.261701647709 88370.15307617188 105.910888671875 16871.897314726386 38061
stats: users_count 0 43694
stats: finish_users_count 2710 40771
stats: request 16154 513.2612359095468 405.4143795265916 6813.200927734375 0.614013671875 317.41356503168487 337415
stats: connect 0 0 0 73.546875 0.595947265625 1.2707928872170666 43694
stats: page 15213 544.7057419731015 449.4621221925973 6813.200927734375 0.614013671875 330.37208937880627 324090
stats: 302 6306 84537
stats: 504 0 11
stats: 200 3983 165129
stats: size_rcv 51201479 1672875237
stats: newphase 0 15
stats: size_sent 15820602 306004152
stats: connected -2748 3014
stats: 503 5863 103892
# stats: dump at 1449023586
stats: users 841 6810
stats: {freemem,"tsung_controller@ip-172-30-3-91"} 1 28255.43359375 0.0 29466.77734375 28062.6875 28978.053835227274 55
stats: {load,"tsung_controller@ip-172-30-3-91"} 1 1.23046875 0.0 1.328125 0.0 0.36022727272727273 55
stats: {recvpackets,"tsung_controller@ip-172-30-3-91"} 1 60732.0 0.0 97258 375 36263.20370370371 54
stats: {sentpackets,"tsung_controller@ip-172-30-3-91"} 1 44699.0 0.0 97873 226 26498.35185185185 54
stats: {cpu,"tsung_controller@ip-172-30-3-91"} 1 12.357846853677028 0.0 25.414293112377006 0.0726961205025934 7.5926926577632 55
stats: session 2082 26584.753886667182 7227.279604135151 88370.15307617188 105.910888671875 17143.482668297096 40771
stats: users_count 0 43694
stats: finish_users_count 2082 42853
stats: connect 0 0 0 73.546875 0.595947265625 1.2707928872170666 43694
stats: page 6920 205.21192792771052 289.0344685460256 6813.200927734375 0.614013671875 339.9819597805328 339303
stats: request 7233 191.39502108392037 248.22240494899623 6813.200927734375 0.614013671875 326.36153070560135 353569
stats: 302 5038 89575
stats: 504 0 11
stats: 200 2181 167310
stats: size_rcv 29647183 1702522420
stats: newphase 0 15
stats: size_sent 7132654 313136806
stats: connected -2117 897
stats: 503 14 103906
# stats: dump at 1449023596
stats: users 159 6810
stats: {freemem,"tsung_controller@ip-172-30-3-91"} 1 28832.8515625 0.0 29466.77734375 28062.6875 28965.14990234375 56
stats: {load,"tsung_controller@ip-172-30-3-91"} 1 1.12109375 0.0 1.328125 0.0 0.37576729910714285 56
stats: {recvpackets,"tsung_controller@ip-172-30-3-91"} 1 13805.0 0.0 97258 375 36708.09090909091 55
stats: {sentpackets,"tsung_controller@ip-172-30-3-91"} 1 12451.0 0.0 97873 226 26829.272727272728 55
stats: {cpu,"tsung_controller@ip-172-30-3-91"} 1 4.261719729255453 0.0 25.414293112377006 0.0726961205025934 7.677784696975947 56
stats: session 682 33762.59798379936 6618.294372731062 88370.15307617188 105.910888671875 17602.18396521088 42853
stats: users_count 0 43694
stats: finish_users_count 682 43535
stats: connect 0 0 0 73.546875 0.595947265625 1.2707928872170666 43694
stats: request 1269 14.9154034457496 22.781475477413796 6813.200927734375 0.614013671875 323.6558562246018 360802
stats: page 1264 14.974737239789354 23.472342160121094 6813.200927734375 0.614013671875 337.2882952336323 346223
stats: 302 1037 90612
stats: 504 0 11
stats: 200 232 167542
stats: size_rcv 3870507 1706392927
stats: newphase 0 15
stats: size_sent 1385561 314522367
stats: connected -722 175
stats: 503 0 103906
# stats: dump at 1449023606
stats: users 28 6810
stats: {freemem,"tsung_controller@ip-172-30-3-91"} 1 29181.8515625 0.0 29466.77734375 28062.6875 28962.828878837718 57
stats: {load,"tsung_controller@ip-172-30-3-91"} 1 0.94921875 0.0 1.328125 0.0 0.38884320175438597 57
stats: {recvpackets,"tsung_controller@ip-172-30-3-91"} 1 1560.0 0.0 97258 375 36299.107142857145 56
stats: {sentpackets,"tsung_controller@ip-172-30-3-91"} 1 1836.0 0.0 97873 226 26572.51785714286 56
stats: {cpu,"tsung_controller@ip-172-30-3-91"} 1 0.8087594873709094 0.0 25.414293112377006 0.0726961205025934 7.617853732629973 57
stats: session 131 41687.63176325441 4766.694138952649 88370.15307617188 105.910888671875 17855.345843255607 43535
stats: users_count 0 43694
stats: finish_users_count 131 43666
stats: request 186 10.998633600050402 12.739100252427583 6813.200927734375 0.614013671875 322.57377112367857 362071
stats: page 186 10.998633600050402 12.739100252427583 6813.200927734375 0.614013671875 336.11586479075464 347487
stats: connect 0 0 0 73.546875 0.595947265625 1.2707928872170666 43694
stats: 302 164 90776
stats: 504 0 11
stats: 200 22 167564
stats: size_rcv 449246 1706842173
stats: newphase 0 15
stats: size_sent 202448 314724815
stats: connected -146 29
stats: 503 0 103906
# stats: dump at 1449023616
stats: users 4 6810
stats: {freemem,"tsung_controller@ip-172-30-3-91"} 1 29264.9296875 0.0 29466.77734375 28062.6875 28966.60513200431 58
stats: {load,"tsung_controller@ip-172-30-3-91"} 1 0.80078125 0.0 1.328125 0.0 0.39850484913793105 58
stats: {recvpackets,"tsung_controller@ip-172-30-3-91"} 1 163.0 0.0 97258 163 35689.649122807015 57
stats: {sentpackets,"tsung_controller@ip-172-30-3-91"} 1 242.0 0.0 97873 226 26138.543859649122 57
stats: {cpu,"tsung_controller@ip-172-30-3-91"} 1 0.18642803877703207 0.0 25.414293112377006 0.0726961205025934 7.5004555559875765 58
stats: session 24 54717.78857421875 6518.952978481131 88370.15307617188 105.910888671875 17926.843792587348 43666
stats: users_count 0 43694
stats: finish_users_count 24 43690
stats: connect 0 0 0 73.546875 0.595947265625 1.2707928872170666 43694
stats: request 28 11.442269461495536 9.153978105556835 6813.200927734375 0.614013671875 322.41379360611677 362257
stats: page 28 11.442269461495536 9.153978105556835 6813.200927734375 0.614013671875 335.94193179911747 347673
stats: 302 26 90802
stats: 504 0 11
stats: 200 2 167566
stats: size_rcv 58770 1706900943
stats: newphase 0 15
stats: size_sent 30912 314755727
stats: connected -24 5
stats: 503 0 103906
# stats: dump at 1449023626
stats: users 1 6810
stats: {freemem,"tsung_controller@ip-172-30-3-91"} 1 29281.1328125 0.0 29466.77734375 28062.6875 28971.66148040254 59
stats: {load,"tsung_controller@ip-172-30-3-91"} 1 0.6796875 0.0 1.328125 0.0 0.405323093220339 59
stats: {recvpackets,"tsung_controller@ip-172-30-3-91"} 1 255.0 0.0 97258 163 35077.12068965517 58
stats: {sentpackets,"tsung_controller@ip-172-30-3-91"} 1 201.0 0.0 97873 201 25692.05172413793 58
stats: {cpu,"tsung_controller@ip-172-30-3-91"} 1 1.2802983219390927 0.0 25.414293112377006 0.0726961205025934 7.376488987899261 59
stats: session 3 59878.698079427086 3816.4049685186606 88370.15307617188 105.910888671875 17947.05397054018 43690
stats: users_count 0 43694
stats: finish_users_count 3 43693
stats: request 4 9.65325927734375 2.3263676390440478 6813.200927734375 0.614013671875 322.3897594819437 362285
stats: page 4 9.65325927734375 2.3263676390440478 6813.200927734375 0.614013671875 335.9158001787153 347701
stats: connect 0 0 0 73.546875 0.595947265625 1.2707928872170666 43694
stats: 302 4 90806
stats: 504 0 11
stats: 200 0 167566
stats: size_rcv 4894 1706905837
stats: newphase 0 15
stats: size_sent 4400 314760127
stats: connected -4 1
stats: 503 0 103906
# stats: dump at 1449023628
stats: users 0 6810
stats: {freemem,"tsung_controller@ip-172-30-3-91"} 0 0 0 29466.77734375 28062.6875 28976.8193359375 60
stats: {load,"tsung_controller@ip-172-30-3-91"} 0 0 0 1.328125 0.0 0.40989583333333335 60
stats: {recvpackets,"tsung_controller@ip-172-30-3-91"} 0 0 0 97258 163 34486.91525423728 59
stats: {sentpackets,"tsung_controller@ip-172-30-3-91"} 0 0 0 97873 201 25260.0 59
stats: {cpu,"tsung_controller@ip-172-30-3-91"} 0 0 0 25.414293112377006 0.0726961205025934 7.2748858101332585 60
stats: session 1 65252.067138671875 0.0 88370.15307617188 105.910888671875 17949.933034287842 43693
stats: users_count 0 43694
stats: finish_users_count 1 43694
stats: connect 0 0 0 73.546875 0.595947265625 1.2707928872170666 43694
stats: request 1 5.85791015625 0.0 6813.200927734375 0.614013671875 322.386306586601 362289
stats: page 1 5.85791015625 0.0 6813.200927734375 0.614013671875 335.91204685286834 347705
stats: 302 1 90807
stats: 504 0 11
stats: 200 0 167566
stats: size_rcv 1310 1706907147
stats: newphase 0 15
stats: size_sent 1100 314761227
stats: connected -1 0
stats: 503 0 103906
EndMonitor:{1449,23628,784311}
