# stats: dump at 1448599045
stats: users 10 10
stats: {load,"tsung_controller@ip-172-30-3-124"} 1 0.0 0 0.0 0.0 0 0
stats: {freemem,"tsung_controller@ip-172-30-3-124"} 1 29465.72265625 0 29465.72265625 29465.72265625 0 0
stats: {cpu,"tsung_controller@ip-172-30-3-124"} 1 0.1864404975131712 0 0.1864404975131712 0.1864404975131712 0 0
stats: session 1 5070.9599609375 0 5070.9599609375 5070.9599609375 0 0
stats: users_count 11 11
stats: finish_users_count 1 1
stats: request 20 209.8078125 234.12115423798076 769.864990234375 6.831787109375 0 0
stats: 302 3 3
stats: connect 10 8.6607666015625 20.371196376362814 69.341064453125 0.553955078125 0 0
stats: page 20 209.8078125 234.12115423798076 769.864990234375 6.831787109375 0 0
stats: 200 17 17
stats: size_rcv 81172 81172
stats: size_sent 9154 9154
stats: connected 9 9
# stats: dump at 1448599055
stats: users 19 19
stats: {load,"tsung_controller@ip-172-30-3-124"} 1 0.0 0.0 0.0 0.0 0.0 1
stats: {freemem,"tsung_controller@ip-172-30-3-124"} 1 29465.1640625 0.0 29465.72265625 29465.1640625 29465.72265625 1
stats: {recvpackets,"tsung_controller@ip-172-30-3-124"} 1 163 0 163 163 0 0
stats: {sentpackets,"tsung_controller@ip-172-30-3-124"} 1 156 0 156 156 0 0
stats: {cpu,"tsung_controller@ip-172-30-3-124"} 1 0.260772382962871 0.0 0.260772382962871 0.1864404975131712 0.1864404975131712 1
stats: session 2 7209.4219970703125 3848.4849853515625 11057.906982421875 3360.93701171875 5070.9599609375 1
stats: users_count 11 22
stats: finish_users_count 2 3
stats: page 41 906.358809308308 620.4286653488772 2360.117919921875 6.831787109375 209.8078125 20
stats: request 45 861.6208279079862 587.2817542943716 2360.117919921875 6.831787109375 209.8078125 20
stats: connect 11 3.6812855113636362 2.450740732054086 69.341064453125 0.553955078125 8.6607666015625 10
stats: 302 8 11
stats: 200 37 54
stats: size_rcv 302715 383887
stats: size_sent 34093 43247
stats: connected 9 18
# stats: dump at 1448599065
stats: users 20 23
stats: {load,"tsung_controller@ip-172-30-3-124"} 1 0.0 0.0 0.0 0.0 0.0 2
stats: {freemem,"tsung_controller@ip-172-30-3-124"} 1 29462.0 0.0 29465.72265625 29462.0 29465.443359375 2
stats: {recvpackets,"tsung_controller@ip-172-30-3-124"} 1 425.0 0.0 425 163 163.0 1
stats: {sentpackets,"tsung_controller@ip-172-30-3-124"} 1 340.0 0.0 340 156 156.0 1
stats: {cpu,"tsung_controller@ip-172-30-3-124"} 1 0.14893881097182574 0.0 0.260772382962871 0.14893881097182574 0.2236064402380211 2
stats: session 7 15181.184884207589 5563.162883559261 23146.702880859375 3360.93701171875 6496.601318359375 3
stats: users_count 8 30
stats: finish_users_count 7 10
stats: request 72 1284.3408949110244 1616.1793317661409 7969.738037109375 6.831787109375 661.0629770132211 65
stats: connect 9 4.269612630208333 4.563676531448274 69.341064453125 0.553955078125 6.052466982886905 21
stats: page 72 1306.7369791666667 1643.1156777202636 7969.738037109375 6.831787109375 677.981433305584 61
stats: 302 17 28
stats: 200 55 109
stats: size_rcv 424241 808128
stats: size_sent 46391 89638
stats: connected 2 20
# stats: dump at 1448599075
stats: users 31 35
stats: {load,"tsung_controller@ip-172-30-3-124"} 1 0.0 0.0 0.0 0.0 0.0 3
stats: {freemem,"tsung_controller@ip-172-30-3-124"} 1 29460.765625 0.0 29465.72265625 29460.765625 29464.295572916668 3
stats: {recvpackets,"tsung_controller@ip-172-30-3-124"} 1 594.0 0.0 594 163 294.0 2
stats: {sentpackets,"tsung_controller@ip-172-30-3-124"} 1 472.0 0.0 472 156 248.0 2
stats: {cpu,"tsung_controller@ip-172-30-3-124"} 1 0.21099664887675312 0.0 0.260772382962871 0.14893881097182574 0.19871723048262266 3
stats: session 13 16529.923978365383 10228.588148769364 35222.573974609375 3315.95703125 12575.809814453125 10
stats: users_count 24 54
stats: finish_users_count 13 23
stats: request 130 334.6317608173077 346.1346839499508 7969.738037109375 6.831787109375 988.625094448563 137
stats: connect 22 2.3985484730113638 2.5831647157344717 69.341064453125 0.551025390625 5.517610677083334 30
stats: page 124 350.82660699659766 355.1957764596114 7969.738037109375 6.831787109375 1018.3603754258694 133
stats: 302 26 54
stats: 200 104 213
stats: size_rcv 899715 1707843
stats: newphase 1 1
stats: size_sent 93348 182986
stats: connected 13 33
# stats: dump at 1448599085
stats: users 44 44
stats: {load,"tsung_controller@ip-172-30-3-124"} 1 0.0 0.0 0.0 0.0 0.0 4
stats: {freemem,"tsung_controller@ip-172-30-3-124"} 1 29459.8203125 0.0 29465.72265625 29459.8203125 29463.4130859375 4
stats: {recvpackets,"tsung_controller@ip-172-30-3-124"} 1 1123.0 0.0 1123 163 394.0 3
stats: {sentpackets,"tsung_controller@ip-172-30-3-124"} 1 894.0 0.0 894 156 322.6666666666667 3
stats: {cpu,"tsung_controller@ip-172-30-3-124"} 1 0.1987577639751553 0.0 0.260772382962871 0.14893881097182574 0.20178708508115528 4
stats: session 10 20075.873486328124 10342.490079038223 36318.714111328125 3315.95703125 14810.743907099184 23
stats: users_count 23 77
stats: finish_users_count 10 33
stats: request 140 671.2412632533482 518.5395718593674 7969.738037109375 6.831787109375 670.2013739539443 267
stats: connect 24 2.667694091796875 2.973971058410632 69.341064453125 0.551025390625 4.198007436899038 52
stats: page 135 696.1044885706018 559.175641127526 7969.738037109375 6.831787109375 696.281825677894 257
stats: 302 39 93
stats: 200 101 314
stats: size_rcv 860283 2568126
stats: newphase 0 1
stats: size_sent 100101 283087
stats: connected 10 43
# stats: dump at 1448599095
stats: users 45 54
stats: {load,"tsung_controller@ip-172-30-3-124"} 1 0.0 0.0 0.0 0.0 0.0 5
stats: {freemem,"tsung_controller@ip-172-30-3-124"} 1 29458.22265625 0.0 29465.72265625 29458.22265625 29462.69453125 5
stats: {recvpackets,"tsung_controller@ip-172-30-3-124"} 1 1071.0 0.0 1123 163 576.25 4
stats: {sentpackets,"tsung_controller@ip-172-30-3-124"} 1 836.0 0.0 894 156 465.5 4
stats: {cpu,"tsung_controller@ip-172-30-3-124"} 1 0.3227408142999007 0.0 0.3227408142999007 0.14893881097182574 0.20118122085995527 5
stats: session 12 17910.429728190105 11727.050982328064 41282.858154296875 3315.95703125 16406.237718986744 33
stats: users_count 13 90
stats: finish_users_count 12 45
stats: request 127 1447.8883412278544 517.7520719325657 7969.738037109375 6.831787109375 670.5590754328547 407
stats: connect 14 2.8309151785714284 2.669191330035403 69.341064453125 0.549072265625 3.7147505910773027 76
stats: page 121 1519.687917662061 693.9335523187893 7969.738037109375 6.831787109375 696.2207529496173 392
stats: 302 37 130
stats: 200 90 404
stats: size_rcv 742709 3310835
stats: newphase 0 1
stats: size_sent 96230 379317
stats: connected 2 45
# stats: dump at 1448599105
stats: users 63 63
stats: {load,"tsung_controller@ip-172-30-3-124"} 1 0.0 0.0 0.0 0.0 0.0 6
stats: {freemem,"tsung_controller@ip-172-30-3-124"} 1 29456.41015625 0.0 29465.72265625 29456.41015625 29461.94921875 6
stats: {recvpackets,"tsung_controller@ip-172-30-3-124"} 1 1093.0 0.0 1123 163 675.2 5
stats: {sentpackets,"tsung_controller@ip-172-30-3-124"} 1 834.0 0.0 894 156 539.6 5
stats: {cpu,"tsung_controller@ip-172-30-3-124"} 1 0.2855014895729891 0.0 0.3227408142999007 0.14893881097182574 0.22144115309994616 6
stats: session 15 29032.518196614583 7265.566087553392 43659.675048828125 3315.95703125 16807.35558810764 45
stats: users_count 33 123
stats: finish_users_count 15 60
stats: request 138 1909.8389751047328 624.7952259808326 7969.738037109375 6.831787109375 855.429518796085 534
stats: connect 32 3.1206893920898438 2.9410140006558145 69.341064453125 0.5400390625 3.577265082465278 90
stats: page 126 2041.4398619636656 827.3117229467961 7969.738037109375 6.831787109375 890.449850279453 513
stats: 302 38 168
stats: 200 100 504
stats: size_rcv 910111 4220946
stats: newphase 1 2
stats: size_sent 103526 482843
stats: connected 18 63
# stats: dump at 1448599115
stats: users 102 102
stats: {load,"tsung_controller@ip-172-30-3-124"} 1 0.0 0.0 0.0 0.0 0.0 7
stats: {freemem,"tsung_controller@ip-172-30-3-124"} 1 29455.87890625 0.0 29465.72265625 29455.87890625 29461.15792410714 7
stats: {recvpackets,"tsung_controller@ip-172-30-3-124"} 1 1228.0 0.0 1228 163 744.8333333333334 6
stats: {sentpackets,"tsung_controller@ip-172-30-3-124"} 1 967.0 0.0 967 156 588.6666666666666 6
stats: {cpu,"tsung_controller@ip-172-30-3-124"} 1 0.29795158286778395 0.0 0.3227408142999007 0.14893881097182574 0.23059262973895228 7
stats: session 8 25523.794464111328 8057.42393316475 43659.675048828125 3315.95703125 19863.646240234375 60
stats: users_count 47 170
stats: finish_users_count 8 68
stats: request 124 3427.8356992660033 1322.6896515918963 7969.738037109375 6.831787109375 1071.9600321451824 672
stats: connect 45 2.556700303819444 2.5299796707459214 69.341064453125 0.504150390625 3.4575075243340163 122
stats: page 121 3565.197697410898 1575.967607591546 9370.3349609375 6.831787109375 1117.4056272312696 639
stats: 302 28 196
stats: 200 96 600
stats: size_rcv 715233 4936179
stats: newphase 0 2
stats: size_sent 95021 577864
stats: connected 36 99
# stats: dump at 1448599125
stats: users 126 126
stats: {load,"tsung_controller@ip-172-30-3-124"} 1 0.0 0.0 0.0 0.0 0.0 8
stats: {freemem,"tsung_controller@ip-172-30-3-124"} 1 29453.25390625 0.0 29465.72265625 29453.25390625 29460.498046875 8
stats: {recvpackets,"tsung_controller@ip-172-30-3-124"} 1 1094.0 0.0 1228 163 813.8571428571429 7
stats: {sentpackets,"tsung_controller@ip-172-30-3-124"} 1 958.0 0.0 967 156 642.7142857142857 7
stats: {cpu,"tsung_controller@ip-172-30-3-124"} 1 0.33519553072625696 0.0 0.33519553072625696 0.14893881097182574 0.23901249888005624 8
stats: session 13 26188.08582481971 13382.241459879067 56588.974853515625 3315.95703125 20529.54603127872 68
stats: users_count 37 207
stats: finish_users_count 13 81
stats: request 165 4484.6464266690355 580.6965596705618 7969.738037109375 6.831787109375 1438.9557390836017 796
stats: connect 40 3.26658935546875 2.9273855631152843 69.341064453125 0.504150390625 3.2147750397642216 167
stats: page 161 4538.585406759511 744.6189187035617 9370.3349609375 6.831787109375 1507.1198910361843 760
stats: 302 30 226
stats: 200 135 735
stats: size_rcv 956799 5892978
stats: newphase 0 2
stats: size_sent 122331 700195
stats: connected 27 126
# stats: dump at 1448599135
stats: users 175 175
stats: {load,"tsung_controller@ip-172-30-3-124"} 1 0.0 0.0 0.0 0.0 0.0 9
stats: {freemem,"tsung_controller@ip-172-30-3-124"} 1 29449.98046875 0.0 29465.72265625 29449.98046875 29459.69314236111 9
stats: {recvpackets,"tsung_controller@ip-172-30-3-124"} 1 1308.0 0.0 1308 163 848.875 8
stats: {sentpackets,"tsung_controller@ip-172-30-3-124"} 1 1.1e3 0.0 1100 156 682.125 8
stats: {cpu,"tsung_controller@ip-172-30-3-124"} 1 0.29806259314456035 0.0 0.33519553072625696 0.14893881097182574 0.249699502418523 9
stats: session 19 23718.21400853207 15440.64767970156 56588.974853515625 928.958984375 21437.706738884066 81
stats: users_count 68 275
stats: finish_users_count 19 100
stats: request 324 2409.7107054157027 3296.3859698333117 9612.505126953125 0.077880859375 1961.8891037574795 961
stats: connect 75 3.054596354166666 2.9946738086735865 69.341064453125 0.504150390625 3.224787467919686 207
stats: page 318 2428.4870897209144 3326.7238198209434 11539.715087890625 0.51904296875 2037.050344924844 921
stats: 302 31 257
stats: 200 85 820
stats: size_rcv 790924 6683902
stats: newphase 1 3
stats: size_sent 184824 885019
stats: connected 42 168
stats: 503 207 207
# stats: dump at 1448599145
stats: users 216 218
stats: {load,"tsung_controller@ip-172-30-3-124"} 1 0.0 0.0 0.0 0.0 0.0 10
stats: {freemem,"tsung_controller@ip-172-30-3-124"} 1 29446.96875 0.0 29465.72265625 29446.96875 29458.721875 10
stats: {recvpackets,"tsung_controller@ip-172-30-3-124"} 1 1364.0 0.0 1364 163 899.8888888888889 9
stats: {sentpackets,"tsung_controller@ip-172-30-3-124"} 1 1375.0 0.0 1375 156 728.5555555555555 9
stats: {cpu,"tsung_controller@ip-172-30-3-124"} 1 0.4347286051422184 0.0 0.4347286051422184 0.14893881097182574 0.25453581149112675 10
stats: session 46 24946.0626114555 18858.861282212332 65553.09887695313 512.963134765625 21871.003120117188 100
stats: users_count 87 362
stats: finish_users_count 46 146
stats: request 521 2096.90030861999 3797.3739032042645 11800.775146484375 0.077880859375 2074.802877249514 1285
stats: connect 111 3.3450388865427927 3.169042185624019 69.341064453125 0.504150390625 3.179523873836436 282
stats: page 507 2131.9942634176223 3891.2093258084924 18123.949951171875 0.51904296875 2137.5159501267412 1239
stats: 302 23 280
stats: 200 99 919
stats: size_rcv 861837 7545739
stats: newphase 0 3
stats: size_sent 259602 1144621
stats: connected 44 212
stats: 503 399 606
# stats: dump at 1448599155
stats: users 236 238
stats: {load,"tsung_controller@ip-172-30-3-124"} 1 0.0 0.0 0.0 0.0 0.0 11
stats: {freemem,"tsung_controller@ip-172-30-3-124"} 1 29444.30078125 0.0 29465.72265625 29444.30078125 29457.653409090908 11
stats: {recvpackets,"tsung_controller@ip-172-30-3-124"} 1 1765.0 0.0 1765 163 946.3 10
stats: {sentpackets,"tsung_controller@ip-172-30-3-124"} 1 1956.0 0.0 1956 156 793.2 10
stats: {cpu,"tsung_controller@ip-172-30-3-124"} 1 0.5470595548924531 0.0 0.5470595548924531 0.14893881097182574 0.2709169745503169 11
stats: session 55 23934.8072265625 17778.547629712568 65553.09887695313 384.949951171875 22839.85748040186 146
stats: users_count 75 437
stats: finish_users_count 55 201
stats: request 611 1886.4311899038462 3529.4506101273946 11800.775146484375 0.077880859375 2081.1776068973645 1806
stats: connect 113 3.4317508123617255 3.3211468286858796 69.341064453125 0.504150390625 3.226272388875636 393
stats: page 601 1943.8850934477662 3697.4024328563223 20557.623046875 0.506103515625 2135.9125737455706 1746
stats: 302 50 330
stats: 200 87 1006
stats: size_rcv 863703 8409442
stats: newphase 0 3
stats: size_sent 315301 1459922
stats: connected 17 229
stats: 503 473 1079
# stats: dump at 1448599165
stats: users 301 304
stats: {load,"tsung_controller@ip-172-30-3-124"} 1 0.0 0.0 0.0 0.0 0.0 12
stats: {freemem,"tsung_controller@ip-172-30-3-124"} 1 29442.21484375 0.0 29465.72265625 29442.21484375 29456.540690104168 12
stats: {recvpackets,"tsung_controller@ip-172-30-3-124"} 1 1904.0 0.0 1904 163 1020.7272727272727 11
stats: {sentpackets,"tsung_controller@ip-172-30-3-124"} 1 2140.0 0.0 2140 156 898.9090909090909 11
stats: {cpu,"tsung_controller@ip-172-30-3-124"} 1 0.658794282162834 0.0 0.658794282162834 0.14893881097182574 0.2939288562454949 12
stats: session 105 25404.84144112723 18727.02948092741 66522.40991210938 111.903076171875 23139.470595022933 201
stats: users_count 170 607
stats: finish_users_count 105 306
stats: request 981 1122.5947260647629 2729.4565767612085 11800.775146484375 0.077880859375 2031.947130776951 2417
stats: connect 204 3.003238453584559 2.925039355439841 69.341064453125 0.504150390625 3.272159862895257 506
stats: page 951 1136.290268570093 2775.28161555223 20557.623046875 0.506103515625 2086.739793319929 2347
stats: 302 69 399
stats: 200 73 1079
stats: size_rcv 967152 9376594
stats: newphase 1 4
stats: size_sent 427771 1887693
stats: connected 65 294
stats: 503 839 1918
# stats: dump at 1448599175
stats: users 325 334
stats: {load,"tsung_controller@ip-172-30-3-124"} 1 0.0 0.0 0.0 0.0 0.0 13
stats: {freemem,"tsung_controller@ip-172-30-3-124"} 1 29439.81640625 0.0 29465.72265625 29439.81640625 29455.438701923078 13
stats: {recvpackets,"tsung_controller@ip-172-30-3-124"} 1 2692.0 0.0 2692 163 1094.3333333333333 12
stats: {sentpackets,"tsung_controller@ip-172-30-3-124"} 1 3294.0 0.0 3294 156 1002.3333333333334 12
stats: {cpu,"tsung_controller@ip-172-30-3-124"} 1 1.1047666335650446 0.0 1.1047666335650446 0.14893881097182574 0.3219954274699056 13
stats: session 135 23552.77214626736 18055.81202869024 78207.64111328125 111.903076171875 23916.803728490093 306
stats: users_count 159 766
stats: finish_users_count 135 441
stats: request 1207 807.38328095873 2260.5975769977 11800.775146484375 0.077880859375 1769.4177873329672 3398
stats: connect 202 2.9769202506188117 3.502732785150829 69.341064453125 0.49609375 3.194892303036972 710
stats: page 1164 861.446172235757 2419.6596787924873 20557.623046875 0.484130859375 1812.67141914252 3298
stats: 302 52 451
stats: 200 85 1164
stats: size_rcv 1047062 10423656
stats: newphase 0 4
stats: size_sent 489803 2377496
stats: connected 22 316
stats: 503 1070 2988
# stats: dump at 1448599185
stats: users 356 357
stats: {load,"tsung_controller@ip-172-30-3-124"} 1 0.0 0.0 0.0 0.0 0.0 14
stats: {freemem,"tsung_controller@ip-172-30-3-124"} 1 29437.69921875 0.0 29465.72265625 29437.69921875 29454.322823660714 14
stats: {recvpackets,"tsung_controller@ip-172-30-3-124"} 1 2768.0 0.0 2768 163 1217.2307692307693 13
stats: {sentpackets,"tsung_controller@ip-172-30-3-124"} 1 3566.0 0.0 3566 156 1178.6153846153845 13
stats: {cpu,"tsung_controller@ip-172-30-3-124"} 1 1.1317000373087924 0.0 1.1317000373087924 0.14893881097182574 0.37790765647670127 14
stats: session 128 23048.17180633545 18514.069592162487 78207.64111328125 111.903076171875 23805.365489034157 441
stats: users_count 159 925
stats: finish_users_count 128 569
stats: request 1287 989.1638416921618 2503.1179994880417 11800.775146484375 0.077880859375 1517.2623803419347 4605
stats: connect 184 3.0541872770889946 3.3603064338583546 69.341064453125 0.49609375 3.146613405461897 912
stats: page 1233 1021.1279865150414 2584.2584194488845 20557.623046875 0.484130859375 1564.525702558147 4462
stats: 302 96 547
stats: 200 78 1242
stats: size_rcv 1049181 11472837
stats: newphase 0 4
stats: size_sent 546476 2923972
stats: connected 30 346
stats: 503 1113 4101
# stats: dump at 1448599195
stats: users 383 387
stats: {load,"tsung_controller@ip-172-30-3-124"} 1 0.0 0.0 0.0 0.0 0.0 15
stats: {freemem,"tsung_controller@ip-172-30-3-124"} 1 29435.24609375 0.0 29465.72265625 29435.24609375 29453.214583333334 15
stats: {recvpackets,"tsung_controller@ip-172-30-3-124"} 1 3032.0 0.0 3032 163 1328.0 14
stats: {sentpackets,"tsung_controller@ip-172-30-3-124"} 1 3823.0 0.0 3823 156 1349.142857142857 14
stats: {cpu,"tsung_controller@ip-172-30-3-124"} 1 1.180417495029821 0.0 1.180417495029821 0.14893881097182574 0.42816048186550737 15
stats: session 158 22045.087405434137 14242.925636510168 78207.64111328125 111.903076171875 23635.03017904218 569
stats: users_count 185 1110
stats: finish_users_count 158 727
stats: request 1430 712.0506236683241 1943.3335699750903 11800.775146484375 0.077880859375 1401.9088808099834 5892
stats: connect 208 2.9745424710787267 3.1693000378517944 69.341064453125 0.49609375 3.131096610187614 1096
stats: 302 83 630
stats: page 1376 733.1139858157131 2050.1279494460846 20557.623046875 0.484130859375 1446.8769959942929 5695
stats: 200 85 1327
stats: size_rcv 1194643 12667480
stats: newphase 1 5
stats: size_sent 581729 3505701
stats: connected 29 375
stats: 503 1260 5361
# stats: dump at 1448599205
stats: users 378 391
stats: {load,"tsung_controller@ip-172-30-3-124"} 1 0.0 0.0 0.0 0.0 0.0 16
stats: {freemem,"tsung_controller@ip-172-30-3-124"} 1 29431.953125 0.0 29465.72265625 29431.953125 29452.091552734375 16
stats: {recvpackets,"tsung_controller@ip-172-30-3-124"} 1 3340.0 0.0 3340 163 1441.6 15
stats: {sentpackets,"tsung_controller@ip-172-30-3-124"} 1 4306.0 0.0 4306 156 1514.0666666666666 15
stats: {cpu,"tsung_controller@ip-172-30-3-124"} 1 1.406522280308688 0.0 1.406522280308688 0.14893881097182574 0.47517654518827696 16
stats: session 183 22794.946506521097 14439.360145053324 78207.64111328125 89.889892578125 23289.48553223328 727
stats: users_count 178 1288
stats: finish_users_count 183 910
stats: request 1430 756.2631569602273 1997.9026511330394 11800.775146484375 0.077880859375 1267.1783006798862 7322
stats: connect 213 3.0604597637910804 3.1822503786703003 69.341064453125 0.49609375 3.1061247843174846 1304
stats: page 1400 784.7610543387284 2109.484484226051 20557.623046875 0.484130859375 1307.9803898557375 7071
stats: 302 98 728
stats: 200 80 1407
stats: size_rcv 1135528 13803008
stats: newphase 0 5
stats: size_sent 585774 4091475
stats: connected -5 370
stats: 503 1251 6612
# stats: dump at 1448599215
stats: users 387 392
stats: {load,"tsung_controller@ip-172-30-3-124"} 1 0.0 0.0 0.0 0.0 0.0 17
stats: {freemem,"tsung_controller@ip-172-30-3-124"} 1 29425.859375 0.0 29465.72265625 29425.859375 29450.906939338234 17
stats: {recvpackets,"tsung_controller@ip-172-30-3-124"} 1 3247.0 0.0 3340 163 1560.25 16
stats: {sentpackets,"tsung_controller@ip-172-30-3-124"} 1 4239.0 0.0 4306 156 1688.5625 16
stats: {cpu,"tsung_controller@ip-172-30-3-124"} 1 1.4581256231306081 0.0 1.4581256231306081 0.14893881097182574 0.5299615884306541 17
stats: session 171 21092.837806389343 13301.004397825938 78207.64111328125 89.889892578125 23190.034277612038 910
stats: users_count 180 1468
stats: finish_users_count 171 1081
stats: connect 198 2.677411320233586 2.790212814858919 69.341064453125 0.49609375 3.099713018086684 1517
stats: page 1293 777.3589798056239 2212.8037059943454 20557.623046875 0.484130859375 1221.5080643069462 8471
stats: request 1344 749.8388615562801 2156.333955851104 11800.775146484375 0.077880859375 1183.6992495465324 8752
stats: 302 71 799
stats: 200 75 1482
stats: size_rcv 1083977 14886985
stats: newphase 0 5
stats: size_sent 532844 4624319
stats: connected 6 376
stats: 503 1198 7810
# stats: dump at 1448599225
stats: users 501 501
stats: {load,"tsung_controller@ip-172-30-3-124"} 1 0.0 0.0 0.0 0.0 0.0 18
stats: {freemem,"tsung_controller@ip-172-30-3-124"} 1 29421.41015625 0.0 29465.72265625 29421.41015625 29449.51540798611 18
stats: {recvpackets,"tsung_controller@ip-172-30-3-124"} 1 3207.0 0.0 3340 163 1659.4705882352941 17
stats: {sentpackets,"tsung_controller@ip-172-30-3-124"} 1 4164.0 0.0 4306 156 1838.5882352941176 17
stats: {cpu,"tsung_controller@ip-172-30-3-124"} 1 2.344724370167124 0.0 2.344724370167124 0.14893881097182574 0.581526257025096 18
stats: session 187 20333.47497623871 13286.729030845661 78207.64111328125 89.889892578125 22858.28534460641 1081
stats: users_count 301 1769
stats: finish_users_count 187 1268
stats: connect 330 2.943084161931817 2.9961881740974983 69.341064453125 0.491943359375 3.0509574867893585 1715
stats: page 1766 591.4322791785374 1921.9316581896705 20557.623046875 0.48388671875 1162.6915171684568 9764
stats: request 1847 564.0659399110044 1853.8062751706684 11800.775146484375 0.070068359375 1125.942874600128 10096
stats: 302 82 881
stats: 200 74 1556
stats: size_rcv 1282557 16169542
stats: newphase 1 6
stats: size_sent 666796 5291115
stats: connected 113 489
stats: error_connection_closed 2 2
stats: 503 1690 9500
# stats: dump at 1448599235
stats: users 649 649
stats: {load,"tsung_controller@ip-172-30-3-124"} 1 0.078125 0.0 0.078125 0.0 0.0 19
stats: {freemem,"tsung_controller@ip-172-30-3-124"} 1 29415.9296875 0.0 29465.72265625 29415.9296875 29448.036184210527 19
stats: {recvpackets,"tsung_controller@ip-172-30-3-124"} 1 4143.0 0.0 4143 163 1745.4444444444443 18
stats: {sentpackets,"tsung_controller@ip-172-30-3-124"} 1 5639.0 0.0 5639 156 1967.7777777777778 18
stats: {cpu,"tsung_controller@ip-172-30-3-124"} 1 1.8365817091454275 0.0 2.344724370167124 0.14893881097182574 0.6743261577167816 19
stats: session 263 17984.115849832146 13237.901322519923 78207.64111328125 89.889892578125 22485.935550533257 1268
stats: users_count 411 2180
stats: finish_users_count 263 1531
stats: connect 439 3.029072755018509 3.1699312767750576 69.341064453125 0.491943359375 3.0335500553942545 2045
stats: request 2630 416.88518725493145 1624.9534818911734 11800.775146484375 0.070068359375 1039.0478985998925 11943
stats: page 2548 420.6164720376586 1656.5651291833358 20557.623046875 0.48388671875 1075.1942219134526 11530
stats: 302 71 952
stats: 200 83 1639
stats: size_rcv 1694105 17863647
stats: newphase 0 6
stats: size_sent 853834 6144949
stats: connected 148 637
stats: error_connection_closed 0 2
stats: 503 2476 11976
# stats: dump at 1448599245
stats: users 671 696
stats: {load,"tsung_controller@ip-172-30-3-124"} 1 0.0703125 0.0 0.078125 0.0 0.00390625 20
stats: {freemem,"tsung_controller@ip-172-30-3-124"} 1 29410.1953125 0.0 29465.72265625 29410.1953125 29446.430859375 20
stats: {recvpackets,"tsung_controller@ip-172-30-3-124"} 1 5837.0 0.0 5837 163 1871.6315789473683 19
stats: {sentpackets,"tsung_controller@ip-172-30-3-124"} 1 7765.0 0.0 7765 156 2161.0 19
stats: {cpu,"tsung_controller@ip-172-30-3-124"} 1 2.7618095476130966 0.0 2.7618095476130966 0.14893881097182574 0.7324389352882139 20
stats: session 361 16751.668129030684 11082.744853443774 78207.64111328125 89.889892578125 21712.59878940694 1531
stats: users_count 383 2563
stats: finish_users_count 361 1892
stats: request 3278 331.2578182348461 1415.5712706824431 11800.775146484375 0.070068359375 926.7657376970415 14573
stats: connect 430 2.866832644440408 2.976848677125337 69.341064453125 0.47607421875 3.032758777268267 2484
stats: page 3137 354.0910656205175 1516.2224027261977 20557.623046875 0.48388671875 956.7211357731256 14078
stats: 302 77 1029
stats: 200 86 1725
stats: size_rcv 2029566 19893213
stats: newphase 0 6
stats: size_sent 1013672 7158621
stats: connected 33 670
stats: error_connection_closed 0 2
stats: 503 3114 15090
# stats: dump at 1448599255
stats: users 705 714
stats: {load,"tsung_controller@ip-172-30-3-124"} 1 0.05859375 0.0 0.078125 0.0 0.007068452380952381 21
stats: {freemem,"tsung_controller@ip-172-30-3-124"} 1 29407.390625 0.0 29465.72265625 29407.390625 29444.70535714286 21
stats: {recvpackets,"tsung_controller@ip-172-30-3-124"} 1 6330.0 0.0 6330 163 2069.9 20
stats: {sentpackets,"tsung_controller@ip-172-30-3-124"} 1 8889.0 0.0 8889 156 2441.2 20
stats: {cpu,"tsung_controller@ip-172-30-3-124"} 1 3.3316695782380834 0.0 3.3316695782380834 0.14893881097182574 0.8290756311132084 21
stats: session 355 17397.23193565692 10334.81147861598 78207.64111328125 89.889892578125 20766.036438246356 1892
stats: users_count 389 2952
stats: finish_users_count 355 2247
stats: connect 406 2.9316009371151477 3.1352879032912977 69.341064453125 0.47607421875 3.008274138587423 2914
stats: request 3214 389.7008816256758 1585.9427557850495 11800.775146484375 0.070068359375 817.4119222246827 17851
stats: page 3079 399.8567542348362 1630.8715626545034 20557.623046875 0.48388671875 846.9069893851655 17215
stats: 302 87 1116
stats: 200 84 1809
stats: size_rcv 1966804 21860017
stats: newphase 0 6
stats: size_sent 964473 8123094
stats: connected 32 702
stats: error_connection_closed 0 2
stats: 503 3043 18133
# stats: dump at 1448599265
stats: users 421 722
stats: {load,"tsung_controller@ip-172-30-3-124"} 1 0.05078125 0.0 0.078125 0.0 0.009410511363636364 22
stats: {freemem,"tsung_controller@ip-172-30-3-124"} 1 29401.5078125 0.0 29465.72265625 29401.5078125 29443.009232954544 22
stats: {recvpackets,"tsung_controller@ip-172-30-3-124"} 1 6462.0 0.0 6462 163 2272.7619047619046 21
stats: {sentpackets,"tsung_controller@ip-172-30-3-124"} 1 8633.0 0.0 8889 156 2748.2380952380954 21
stats: {cpu,"tsung_controller@ip-172-30-3-124"} 1 3.257328990228013 0.0 3.3316695782380834 0.14893881097182574 0.9428299014370665 22
stats: session 339 19291.463609363498 10408.305262716494 78207.64111328125 89.889892578125 20233.804307218652 2247
stats: users_count 55 3007
stats: finish_users_count 339 2586
stats: request 2201 483.3192996658122 1505.2814293881904 11800.775146484375 0.070068359375 752.1537553846538 21065
stats: page 2093 512.1513824681601 1619.7514992582035 20557.623046875 0.48388671875 779.0806528311168 20294
stats: connect 73 2.637160209760274 2.85705988238955 69.341064453125 0.47607421875 2.9988978374435242 3320
stats: 302 126 1242
stats: 200 75 1884
stats: size_rcv 1424122 23284139
stats: newphase 0 6
stats: size_sent 790898 8913992
stats: connected -283 419
stats: error_connection_closed 0 2
stats: 503 2000 20133
# stats: dump at 1448599275
stats: users 227 722
stats: {load,"tsung_controller@ip-172-30-3-124"} 1 0.0390625 0.0 0.078125 0.0 0.011209239130434782 23
stats: {freemem,"tsung_controller@ip-172-30-3-124"} 1 29400.0859375 0.0 29465.72265625 29400.0859375 29441.204823369564 23
stats: {recvpackets,"tsung_controller@ip-172-30-3-124"} 1 3840.0 0.0 6462 163 2463.181818181818 22
stats: {sentpackets,"tsung_controller@ip-172-30-3-124"} 1 5168.0 0.0 8889 156 3015.7272727272725 22
stats: {cpu,"tsung_controller@ip-172-30-3-124"} 1 1.5615240474703311 0.0 3.3316695782380834 0.14893881097182574 1.0434602966018902 23
stats: session 194 25792.086535266993 8826.741459340426 78207.64111328125 89.889892578125 20110.2724059917 2586
stats: users_count 0 3007
stats: finish_users_count 194 2780
stats: request 948 1146.6785929877046 2048.1122492959817 11800.775146484375 0.070068359375 726.721595278182 23266
stats: connect 14 2.8398611886160707 2.9057446206865 69.341064453125 0.47607421875 2.9911150944960214 3393
stats: page 890 1210.343160496401 2217.588337909177 20557.623046875 0.48388671875 754.1249659204245 22387
stats: 302 166 1408
stats: 200 62 1946
stats: size_rcv 819871 24104010
stats: newphase 0 6
stats: size_sent 532601 9446593
stats: connected -194 225
stats: error_connection_closed 0 2
stats: 503 721 20854
# stats: dump at 1448599285
stats: users 129 722
stats: {load,"tsung_controller@ip-172-30-3-124"} 1 0.0390625 0.0 0.078125 0.0 0.012369791666666666 24
stats: {freemem,"tsung_controller@ip-172-30-3-124"} 1 29400.4765625 0.0 29465.72265625 29400.0859375 29439.491536458332 24
stats: {recvpackets,"tsung_controller@ip-172-30-3-124"} 1 2339.0 0.0 6462 163 2523.0434782608695 23
stats: {sentpackets,"tsung_controller@ip-172-30-3-124"} 1 2593.0 0.0 8889 156 3109.304347826087 23
stats: {cpu,"tsung_controller@ip-172-30-3-124"} 1 0.6851874922137785 0.0 3.3316695782380834 0.14893881097182574 1.0650462862214087 24
stats: session 98 33322.902366171074 7311.483057249565 78207.64111328125 89.889892578125 20506.773104221702 2780
stats: users_count 0 3007
stats: finish_users_count 98 2878
stats: request 361 2701.5620333600264 916.9232430126426 11800.775146484375 0.070068359375 743.1632915625063 24214
stats: connect 4 1.482666015625 1.3497342329331998 69.341064453125 0.47607421875 2.990493563917119 3407
stats: page 339 2942.6296141857947 1345.0984916516022 20557.623046875 0.48388671875 771.5685451261907 23277
stats: 302 279 1687
stats: 200 61 2007
stats: size_rcv 570951 24674961
stats: newphase 0 6
stats: size_sent 253585 9700178
stats: connected -88 137
stats: error_connection_closed 0 2
stats: 503 21 20875
# stats: dump at 1448599295
stats: users 32 722
stats: {load,"tsung_controller@ip-172-30-3-124"} 1 0.03125 0.0 0.078125 0.0 0.0134375 25
stats: {freemem,"tsung_controller@ip-172-30-3-124"} 1 29402.296875 0.0 29465.72265625 29400.0859375 29437.9309375 25
stats: {recvpackets,"tsung_controller@ip-172-30-3-124"} 1 1858.0 0.0 6462 163 2515.375 24
stats: {sentpackets,"tsung_controller@ip-172-30-3-124"} 1 1701.0 0.0 8889 156 3087.7916666666665 24
stats: {cpu,"tsung_controller@ip-172-30-3-124"} 1 0.4722843649018146 0.0 3.3316695782380834 0.14893881097182574 1.0498519344611035 25
stats: session 97 39250.266616663954 5316.033016930353 78207.64111328125 89.889892578125 20943.180563454167 2878
stats: users_count 0 3007
stats: finish_users_count 97 2975
stats: page 270 937.6729003906248 1184.2592434821697 20557.623046875 0.48388671875 802.7334207364213 23616
stats: request 273 880.027948288691 996.1171963165491 11800.775146484375 0.070068359375 771.9316311673447 24575
stats: connect 0 0 0 69.341064453125 0.47607421875 2.988725369782505 3411
stats: 302 220 1907
stats: 200 52 2059
stats: size_rcv 534536 25209497
stats: newphase 0 6
stats: size_sent 178776 9878954
stats: connected -105 32
stats: error_connection_closed 0 2
stats: 503 0 20875
# stats: dump at 1448599305
stats: users 7 722
stats: {load,"tsung_controller@ip-172-30-3-124"} 1 0.03125 0.0 0.078125 0.0 0.014122596153846154 26
stats: {freemem,"tsung_controller@ip-172-30-3-124"} 1 29411.5703125 0.0 29465.72265625 29400.0859375 29436.560396634617 26
stats: {recvpackets,"tsung_controller@ip-172-30-3-124"} 1 996.0 0.0 6462 163 2489.08 25
stats: {sentpackets,"tsung_controller@ip-172-30-3-124"} 1 979.0 0.0 8889 156 3032.32 25
stats: {cpu,"tsung_controller@ip-172-30-3-124"} 1 0.3104047678172337 0.0 3.3316695782380834 0.14893881097182574 1.0276377971703616 26
stats: session 25 47603.17572265624 6437.069288849838 78207.64111328125 89.889892578125 21540.08387342437 2975
stats: users_count 0 3007
stats: finish_users_count 25 3000
stats: request 45 10.711545138888889 10.57345703305368 11800.775146484375 0.070068359375 773.1192637564516 24848
stats: connect 0 0 0 69.341064453125 0.47607421875 2.988725369782505 3411
stats: page 45 10.711545138888889 10.57345703305368 20557.623046875 0.48388671875 804.258735125881 23886
stats: 302 37 1944
stats: 200 8 2067
stats: size_rcv 94312 25303809
stats: newphase 0 6
stats: size_sent 40421 9919375
stats: connected -24 8
stats: error_connection_closed 0 2
stats: 503 0 20875
# stats: dump at 1448599315
stats: users 1 722
stats: {load,"tsung_controller@ip-172-30-3-124"} 1 0.01953125 0.0 0.078125 0.0 0.014756944444444444 27
stats: {freemem,"tsung_controller@ip-172-30-3-124"} 1 29416.0078125 0.0 29465.72265625 29400.0859375 29435.634837962964 27
stats: {recvpackets,"tsung_controller@ip-172-30-3-124"} 1 176.0 0.0 6462 163 2431.653846153846 26
stats: {sentpackets,"tsung_controller@ip-172-30-3-124"} 1 206.0 0.0 8889 156 2953.346153846154 26
stats: {cpu,"tsung_controller@ip-172-30-3-124"} 1 0.12423903590508137 0.0 3.3316695782380834 0.12423903590508137 1.0010736108980236 27
stats: session 6 53703.54032389323 3714.9743521524033 78207.64111328125 89.889892578125 21757.276305501302 3000
stats: users_count 0 3007
stats: finish_users_count 6 3006
stats: connect 0 0 0 69.341064453125 0.47607421875 2.988725369782505 3411
stats: request 7 5.384905133928571 1.6535186396632087 11800.775146484375 0.070068359375 771.7410310268573 24893
stats: page 7 5.384905133928571 1.6535186396632087 20557.623046875 0.48388671875 802.7665440954429 23931
stats: 302 7 1951
stats: 200 0 2067
stats: size_rcv 668 25304477
stats: newphase 0 6
stats: size_sent 6304 9925679
stats: connected -7 1
stats: error_connection_closed 0 2
stats: 503 0 20875
# stats: dump at 1448599322
stats: users 0 722
stats: {load,"tsung_controller@ip-172-30-3-124"} 1 0.01953125 0.0 0.078125 0.0 0.014927455357142858 28
stats: {freemem,"tsung_controller@ip-172-30-3-124"} 1 29418.109375 0.0 29465.72265625 29400.0859375 29434.93387276786 28
stats: {recvpackets,"tsung_controller@ip-172-30-3-124"} 1 24.0 0.0 6462 24 2348.1111111111113 27
stats: {sentpackets,"tsung_controller@ip-172-30-3-124"} 1 30.0 0.0 8889 30 2851.5925925925926 27
stats: {cpu,"tsung_controller@ip-172-30-3-124"} 1 0.0868917576961271 0.0 3.3316695782380834 0.0868917576961271 0.9697580903625613 28
stats: session 1 62858.886962890625 0.0 78207.64111328125 89.889892578125 21821.041303542006 3006
stats: users_count 0 3007
stats: finish_users_count 1 3007
stats: request 1 7.864990234375 0.0 11800.775146484375 0.070068359375 771.5255895456826 24900
stats: connect 0 0 0 69.341064453125 0.47607421875 2.988725369782505 3411
stats: page 1 7.864990234375 0.0 20557.623046875 0.48388671875 802.533372089731 23938
stats: 302 1 1952
stats: 200 0 2067
stats: size_rcv 96 25304573
stats: newphase 0 6
stats: size_sent 903 9926582
stats: connected -1 0
stats: error_connection_closed 0 2
stats: 503 0 20875
EndMonitor:{1448,599322,178703}
