
=INFO REPORT==== 27-Nov-2015::04:37:15 ===
    ts_config_server:(5:<0.72.0>) Config server started, logdir is "/home/ec2-user/.tsung/log/20151127-0437"
 
=INFO REPORT==== 27-Nov-2015::04:37:15 ===
              ts_mon:(5:<0.54.0>) starting monitor, global 

=INFO REPORT==== 27-Nov-2015::04:37:15 ===
           ts_config:(5:<0.72.0>) Reading config file: simple.xml

=INFO REPORT==== 27-Nov-2015::04:37:15 ===
      ts_config_http:(4:<0.72.0>) Get user agent: 100 "Mozilla/5.0 (Windows; U; Windows NT 5.2; fr-FR; rv:1.7.8) Gecko/20050511 Firefox/1.0.4" 

=INFO REPORT==== 27-Nov-2015::04:37:15 ===
           ts_config:(5:<0.72.0>) Session name for id 1 is "probable-note-creator-navigation"

=INFO REPORT==== 27-Nov-2015::04:37:15 ===
           ts_config:(5:<0.72.0>) Session name for id 2 is "probable-user-navigation-1"

=INFO REPORT==== 27-Nov-2015::04:37:15 ===
           ts_config:(5:<0.72.0>) Session name for id 3 is "probable-user-navigation-2"

=INFO REPORT==== 27-Nov-2015::04:37:15 ===
    ts_config_server:(4:<0.72.0>) SYSINFO:Tsung version: 1.6.0

=INFO REPORT==== 27-Nov-2015::04:37:15 ===
    ts_config_server:(4:<0.72.0>) SYSINFO:Erlang version: Erlang R14B04 (erts-5.8.5) [source] [64-bit] [smp:8:8] [rq:8] [async-threads:8] [kernel-poll:true]


=INFO REPORT==== 27-Nov-2015::04:37:15 ===
    ts_config_server:(4:<0.72.0>) SYSINFO:System architecture x86_64-redhat-linux-gnu

=INFO REPORT==== 27-Nov-2015::04:37:15 ===
    ts_config_server:(4:<0.72.0>) SYSINFO:Current path: /usr/lib/erlang/lib/tsung-1.6.0/ebin/tsung.beam

=INFO REPORT==== 27-Nov-2015::04:37:15 ===
              ts_mon:(5:<0.73.0>) Activate clients with text backend

=INFO REPORT==== 27-Nov-2015::04:37:15 ===
              ts_mon:(5:<0.73.0>) Starting tsung clients on hosts: [localhost]

=INFO REPORT==== 27-Nov-2015::04:37:15 ===
    ts_config_server:(5:<0.72.0>) Start a launcher on the controller beam localhost

=INFO REPORT==== 27-Nov-2015::04:37:15 ===
  ts_launcher_static:(5:<0.128.0>) Launch msg receive ("localhost")

=INFO REPORT==== 27-Nov-2015::04:37:15 ===
         ts_launcher:(5:<0.129.0>) Launch msg receive ("localhost")

=INFO REPORT==== 27-Nov-2015::04:37:15 ===
    ts_config_server:(5:<0.72.0>) All remote beams started, syncing 

=INFO REPORT==== 27-Nov-2015::04:37:15 ===
    ts_config_server:(5:<0.72.0>) Undefined ports_range config 

=INFO REPORT==== 27-Nov-2015::04:37:15 ===
    ts_config_server:(5:<0.72.0>) New arrival phase 1 for client "localhost" (last ? true): will start 30 users

=INFO REPORT==== 27-Nov-2015::04:37:15 ===
    ts_config_server:(5:<0.72.0>) New arrival phase 2 for client "localhost" (last ? true): will start 60 users

=INFO REPORT==== 27-Nov-2015::04:37:15 ===
    ts_config_server:(5:<0.72.0>) New arrival phase 3 for client "localhost" (last ? true): will start 120 users

=INFO REPORT==== 27-Nov-2015::04:37:15 ===
    ts_config_server:(5:<0.72.0>) New arrival phase 4 for client "localhost" (last ? true): will start 240 users

=INFO REPORT==== 27-Nov-2015::04:37:15 ===
    ts_config_server:(5:<0.72.0>) New arrival phase 5 for client "localhost" (last ? true): will start 480 users

=INFO REPORT==== 27-Nov-2015::04:37:15 ===
    ts_config_server:(5:<0.72.0>) New arrival phase 6 for client "localhost" (last ? true): will start 700 users

=INFO REPORT==== 27-Nov-2015::04:37:15 ===
    ts_config_server:(5:<0.72.0>) New arrival phase 7 for client "localhost" (last ? true): will start 1400 users

=INFO REPORT==== 27-Nov-2015::04:37:15 ===
         ts_launcher:(5:<0.129.0>) Expected duration of first phase: 30.0 sec (30 users) 

=INFO REPORT==== 27-Nov-2015::04:37:15 ===
         ts_launcher:(5:<0.129.0>) Activate launcher (30 users) in 1260 msec 

=INFO REPORT==== 27-Nov-2015::04:37:43 ===
         ts_launcher:(4:<0.129.0>) Need to wait 3.512 sec before changing phase, going to sleep

=INFO REPORT==== 27-Nov-2015::04:37:46 ===
         ts_launcher:(5:<0.129.0>) Waking up

=INFO REPORT==== 27-Nov-2015::04:37:46 ===
         ts_launcher:(5:<0.129.0>) Start a new arrival phase (60 users, 0.002); expected duration=30.0 sec

=INFO REPORT==== 27-Nov-2015::04:38:10 ===
         ts_launcher:(4:<0.129.0>) Need to wait 6.01 sec before changing phase, going to sleep

=INFO REPORT==== 27-Nov-2015::04:38:16 ===
         ts_launcher:(5:<0.129.0>) Waking up

=INFO REPORT==== 27-Nov-2015::04:38:16 ===
         ts_launcher:(5:<0.129.0>) Start a new arrival phase (120 users, 0.004); expected duration=30.0 sec

=INFO REPORT==== 27-Nov-2015::04:38:46 ===
         ts_launcher:(4:<0.129.0>) Need to wait 0.515 sec before changing phase, going to sleep

=INFO REPORT==== 27-Nov-2015::04:38:46 ===
         ts_launcher:(5:<0.129.0>) Waking up

=INFO REPORT==== 27-Nov-2015::04:38:46 ===
         ts_launcher:(5:<0.129.0>) Start a new arrival phase (240 users, 0.008); expected duration=30.0 sec

=INFO REPORT==== 27-Nov-2015::04:39:16 ===
         ts_launcher:(4:<0.129.0>) Need to wait 0.022 sec before changing phase, going to sleep

=INFO REPORT==== 27-Nov-2015::04:39:16 ===
         ts_launcher:(5:<0.129.0>) Waking up

=INFO REPORT==== 27-Nov-2015::04:39:16 ===
         ts_launcher:(5:<0.129.0>) Start a new arrival phase (480 users, 0.016); expected duration=30.0 sec

=INFO REPORT==== 27-Nov-2015::04:39:45 ===
         ts_launcher:(4:<0.129.0>) Need to wait 0.902 sec before changing phase, going to sleep

=INFO REPORT==== 27-Nov-2015::04:39:46 ===
         ts_launcher:(5:<0.129.0>) Waking up

=INFO REPORT==== 27-Nov-2015::04:39:46 ===
         ts_launcher:(5:<0.129.0>) Start a new arrival phase (700 users, 0.02); expected duration=35.0 sec

=INFO REPORT==== 27-Nov-2015::04:40:18 ===
           ts_client:(5:<0.983.0>) connection close while sending message!

=INFO REPORT==== 27-Nov-2015::04:40:18 ===
           ts_client:(5:<0.983.0>) Server must have closed connection upon us, waiting 10 msec

=INFO REPORT==== 27-Nov-2015::04:40:20 ===
           ts_client:(5:<0.1336.0>) connection close while sending message!

=INFO REPORT==== 27-Nov-2015::04:40:20 ===
           ts_client:(5:<0.1336.0>) Server must have closed connection upon us, waiting 10 msec

=INFO REPORT==== 27-Nov-2015::04:40:21 ===
         ts_launcher:(5:<0.129.0>) Phase duration exceeded, but not all users were launched (9 users, 1.3% of phase)

=INFO REPORT==== 27-Nov-2015::04:40:21 ===
         ts_launcher:(5:<0.129.0>) Start a new arrival phase (1400 users, 0.04); expected duration=35.0 sec

=INFO REPORT==== 27-Nov-2015::04:40:56 ===
         ts_launcher:(5:<0.129.0>) Phase duration exceeded, but not all users were launched (14 users, 1.0% of phase)

=INFO REPORT==== 27-Nov-2015::04:40:56 ===
         ts_launcher:(5:<0.129.0>) This was the last phase, wait for connected users to finish their session

=INFO REPORT==== 27-Nov-2015::04:42:01 ===
     ts_launcher_mgr:(5:<0.123.0>) No more active users 'tsung_controller@ip-172-30-3-124' "29801"
