# stats: dump at 1449371575
stats: users 6 6
stats: {load,"tsung_controller@ip-172-30-3-28"} 1 0.0 0 0.0 0.0 0 0
stats: {cpu,"tsung_controller@ip-172-30-3-28"} 1 1.4062392786363838 0 1.4062392786363838 1.4062392786363838 0 0
stats: {freemem,"tsung_controller@ip-172-30-3-28"} 1 29462.671875 0 29462.671875 29462.671875 0 0
stats: session 2 3904.9029541015625 1656.0970458984375 5561.0 2248.805908203125 0 0
stats: users_count 8 8
stats: finish_users_count 2 2
stats: page 17 95.95693072150735 114.55598122273278 494.85107421875 7.541015625 0 0
stats: request 21 77.66545758928571 109.05234362018366 494.85107421875 5.91796875 0 0
stats: connect 5 28.21982421875 33.692969426556594 69.501953125 0.60498046875 0 0
stats: 302 7 7
stats: 200 14 14
stats: size_rcv 139754 139754
stats: size_sent 13830 13830
stats: connected 3 3
# stats: dump at 1449371585
stats: users 5 8
stats: {load,"tsung_controller@ip-172-30-3-28"} 1 0.0 0.0 0.0 0.0 0.0 1
stats: {recvpackets,"tsung_controller@ip-172-30-3-28"} 1 207 0 207 207 0 0
stats: {sentpackets,"tsung_controller@ip-172-30-3-28"} 1 146 0 146 146 0 0
stats: {cpu,"tsung_controller@ip-172-30-3-28"} 1 0.22349143282840825 0.0 1.4062392786363838 0.22349143282840825 1.4062392786363838 1
stats: {freemem,"tsung_controller@ip-172-30-3-28"} 1 29461.64453125 0.0 29462.671875 29461.64453125 29462.671875 1
stats: session 7 2815.994559151786 1043.2842877127162 5561.0 1144.925048828125 3904.9029541015625 2
stats: users_count 6 14
stats: finish_users_count 7 9
stats: request 50 47.77982421875001 46.827703539157675 494.85107421875 5.91796875 77.66545758928571 21
stats: page 43 55.568336664244185 51.018499626391275 494.85107421875 7.541015625 95.95693072150735 17
stats: connect 9 0.6746961805555556 0.04321926740664899 69.501953125 0.574951171875 28.21982421875 5
stats: error_unknown 3 3
stats: 302 20 27
stats: 200 30 44
stats: size_rcv 306303 446057
stats: size_sent 36302 50132
stats: connected 2 5
# stats: dump at 1449371595
stats: users 4 8
stats: {load,"tsung_controller@ip-172-30-3-28"} 1 0.0 0.0 0.0 0.0 0.0 2
stats: {recvpackets,"tsung_controller@ip-172-30-3-28"} 1 367.0 0.0 367 207 207.0 1
stats: {sentpackets,"tsung_controller@ip-172-30-3-28"} 1 235.0 0.0 235 146 146.0 1
stats: {cpu,"tsung_controller@ip-172-30-3-28"} 1 0.1366120218579235 0.0 1.4062392786363838 0.1366120218579235 0.814865355732396 2
stats: {freemem,"tsung_controller@ip-172-30-3-28"} 1 29459.20703125 0.0 29462.671875 29459.20703125 29462.158203125 2
stats: session 9 10103.243435329861 7576.1202119928685 23935.62109375 1144.925048828125 3057.9742024739585 9
stats: users_count 8 22
stats: finish_users_count 9 18
stats: request 53 39.221467791863205 49.784428681040175 494.85107421875 5.91796875 56.619236905809856 71
stats: connect 8 0.749969482421875 0.08909581193006427 69.501953125 0.574951171875 10.512241908482142 14
stats: page 42 49.51263718377975 59.29582041915017 494.85107421875 6.04296875 67.01177164713542 60
stats: error_unknown 0 3
stats: 302 22 49
stats: 200 31 75
stats: size_rcv 280931 726988
stats: size_sent 37311 87443
stats: connected -1 4
# stats: dump at 1449371605
stats: users 12 14
stats: {load,"tsung_controller@ip-172-30-3-28"} 1 0.0 0.0 0.0 0.0 0.0 3
stats: {recvpackets,"tsung_controller@ip-172-30-3-28"} 1 379.0 0.0 379 207 287.0 2
stats: {sentpackets,"tsung_controller@ip-172-30-3-28"} 1 255.0 0.0 255 146 190.5 2
stats: {cpu,"tsung_controller@ip-172-30-3-28"} 1 0.14899428855227217 0.0 1.4062392786363838 0.1366120218579235 0.5887809111075718 3
stats: {freemem,"tsung_controller@ip-172-30-3-28"} 1 29459.23046875 0.0 29462.671875 29459.20703125 29461.174479166668 3
stats: session 13 4673.284160907452 2701.24423886383 23935.62109375 1144.925048828125 6580.60881890191 18
stats: users_count 21 43
stats: finish_users_count 13 31
stats: page 75 58.039140625 68.57836206586144 494.85107421875 6.04296875 59.80624569163603 102
stats: request 92 47.30412491508152 62.687608570054415 494.85107421875 5.846923828125 49.18309365549395 124
stats: connect 20 0.66326904296875 0.04173568631835977 69.501953125 0.574951171875 6.962324662642046 22
stats: error_unknown 1 4
stats: 302 30 79
stats: 200 60 135
stats: size_rcv 521237 1248225
stats: 406 2 2
stats: newphase 1 1
stats: size_sent 62532 149975
stats: connected 8 12
# stats: dump at 1449371615
stats: users 15 19
stats: {load,"tsung_controller@ip-172-30-3-28"} 1 0.0 0.0 0.0 0.0 0.0 4
stats: {recvpackets,"tsung_controller@ip-172-30-3-28"} 1 666.0 0.0 666 207 317.6666666666667 3
stats: {sentpackets,"tsung_controller@ip-172-30-3-28"} 1 464.0 0.0 464 146 212.0 3
stats: {cpu,"tsung_controller@ip-172-30-3-28"} 1 0.19858508129576763 0.0 1.4062392786363838 0.1366120218579235 0.47883425546874686 4
stats: {freemem,"tsung_controller@ip-172-30-3-28"} 1 29458.734375 0.0 29462.671875 29458.734375 29460.6884765625 4
stats: session 20 4775.668725585938 1967.720564047577 23935.62109375 287.717041015625 5780.762994581653 31
stats: users_count 23 66
stats: finish_users_count 20 51
stats: request 131 44.8458932192271 60.390576391684036 522.2109375 5.846923828125 48.382792154947914 216
stats: connect 24 0.7266947428385416 0.14427807222549102 69.501953125 0.557861328125 3.9627743675595237 42
stats: page 104 56.503382756159844 81.19068699165122 627.89404296875 6.04296875 59.05747235831568 177
stats: error_unknown 2 6
stats: 302 41 120
stats: 200 86 221
stats: size_rcv 767989 2016214
stats: 406 4 6
stats: newphase 0 1
stats: size_sent 89235 239210
stats: connected 4 16
# stats: dump at 1449371625
stats: users 18 20
stats: {load,"tsung_controller@ip-172-30-3-28"} 1 0.0 0.0 0.0 0.0 0.0 5
stats: {recvpackets,"tsung_controller@ip-172-30-3-28"} 1 973.0 0.0 973 207 404.75 4
stats: {sentpackets,"tsung_controller@ip-172-30-3-28"} 1 666.0 0.0 666 146 275.0 4
stats: {cpu,"tsung_controller@ip-172-30-3-28"} 1 0.21123260437375746 0.0 1.4062392786363838 0.1366120218579235 0.422784420634151 5
stats: {freemem,"tsung_controller@ip-172-30-3-28"} 1 29457.91015625 0.0 29462.671875 29457.91015625 29460.29765625 5
stats: session 16 8290.321594238281 8120.475941873775 28552.549072265625 200.903076171875 5386.608379289216 51
stats: users_count 19 85
stats: finish_users_count 16 67
stats: request 105 53.07363513764879 66.08670243253087 522.2109375 5.846923828125 47.04753636077089 347
stats: connect 17 0.7346478630514706 0.08428811989323008 69.501953125 0.557861328125 2.786018140388258 66
stats: page 91 61.246624957074175 79.78366043689171 627.89404296875 6.04296875 58.11218652691281 281
stats: error_unknown 3 9
stats: 302 38 158
stats: 200 64 285
stats: size_rcv 643063 2659277
stats: 406 3 9
stats: newphase 0 1
stats: size_sent 76030 315240
stats: connected 2 18
# stats: dump at 1449371635
stats: users 23 24
stats: {load,"tsung_controller@ip-172-30-3-28"} 1 0.0 0.0 0.0 0.0 0.0 6
stats: {recvpackets,"tsung_controller@ip-172-30-3-28"} 1 917.0 0.0 973 207 518.4 5
stats: {sentpackets,"tsung_controller@ip-172-30-3-28"} 1 603.0 0.0 666 146 353.2 5
stats: {cpu,"tsung_controller@ip-172-30-3-28"} 1 0.2110752421157189 0.0 1.4062392786363838 0.1366120218579235 0.3875257845907521 6
stats: {freemem,"tsung_controller@ip-172-30-3-28"} 1 29456.0625 0.0 29462.671875 29456.0625 29459.899739583332 6
stats: session 22 5765.142600319602 4733.871435794361 28552.549072265625 200.903076171875 6080.032430620336 67
stats: users_count 27 112
stats: finish_users_count 22 89
stats: request 171 47.121836165935676 58.83224746496752 522.2109375 5.846923828125 48.44740443947041 452
stats: connect 26 2.4274902343750004 8.697676625212848 69.501953125 0.557861328125 2.3658579631024095 83
stats: error_unknown 0 9
stats: page 135 59.702374493634245 71.16335706838169 627.89404296875 6.04296875 58.878944314936156 372
stats: 302 65 223
stats: 200 104 389
stats: size_rcv 996153 3655430
stats: 406 2 11
stats: newphase 1 2
stats: size_sent 123137 438377
stats: connected 4 22
# stats: dump at 1449371645
stats: users 32 32
stats: {load,"tsung_controller@ip-172-30-3-28"} 1 0.0 0.0 0.0 0.0 0.0 7
stats: {recvpackets,"tsung_controller@ip-172-30-3-28"} 1 1406.0 0.0 1406 207 584.8333333333334 6
stats: {sentpackets,"tsung_controller@ip-172-30-3-28"} 1 983.0 0.0 983 146 394.8333333333333 6
stats: {cpu,"tsung_controller@ip-172-30-3-28"} 1 0.2856433184302037 0.0 1.4062392786363838 0.1366120218579235 0.3623185642371759 7
stats: {freemem,"tsung_controller@ip-172-30-3-28"} 1 29454.1953125 0.0 29462.671875 29454.1953125 29459.3515625 7
stats: session 42 6266.954932803199 5843.600185965633 30986.947021484375 200.903076171875 6002.1944950403795 89
stats: users_count 51 163
stats: finish_users_count 42 131
stats: request 238 38.65596995634187 43.78094744314451 522.2109375 5.846923828125 48.083564672577246 623
stats: error_unknown 8 17
stats: connect 51 0.6556228936887256 0.04992209646011942 69.501953125 0.557861328125 2.3805592388188073 109
stats: page 196 46.95080940090878 52.60670012653703 627.89404296875 5.945068359375 59.09820087139423 507
stats: 302 75 298
stats: 200 156 545
stats: size_rcv 1319079 4974509
stats: 406 7 18
stats: newphase 0 2
stats: size_sent 161797 600174
stats: connected 7 29
# stats: dump at 1449371655
stats: users 32 41
stats: {load,"tsung_controller@ip-172-30-3-28"} 1 0.0 0.0 0.0 0.0 0.0 8
stats: {recvpackets,"tsung_controller@ip-172-30-3-28"} 1 1815.0 0.0 1815 207 702.1428571428571 7
stats: {sentpackets,"tsung_controller@ip-172-30-3-28"} 1 1278.0 0.0 1278 146 478.85714285714283 7
stats: {cpu,"tsung_controller@ip-172-30-3-28"} 1 0.31086794329768713 0.0 1.4062392786363838 0.1366120218579235 0.3527341585113044 8
stats: {freemem,"tsung_controller@ip-172-30-3-28"} 1 29454.30078125 0.0 29462.671875 29454.1953125 29458.70703125 8
stats: session 43 7070.210193722747 8673.99049111844 43034.131103515625 200.903076171875 6087.079520888001 131
stats: users_count 43 206
stats: finish_users_count 43 174
stats: request 269 43.60282949000929 48.94231019255121 522.2109375 5.846923828125 45.477562881097555 861
stats: connect 46 0.6586860988451086 0.05210400158050042 69.501953125 0.557861328125 1.8307357788085938 160
stats: page 220 53.326544744318184 61.68986550834578 627.89404296875 5.945068359375 55.71144592371977 703
stats: error_unknown 7 24
stats: 302 95 393
stats: 200 168 713
stats: size_rcv 1586870 6561379
stats: 406 6 24
stats: newphase 0 2
stats: size_sent 187836 788010
stats: connected 6 35
# stats: dump at 1449371665
stats: users 50 50
stats: {load,"tsung_controller@ip-172-30-3-28"} 1 0.0 0.0 0.0 0.0 0.0 9
stats: {recvpackets,"tsung_controller@ip-172-30-3-28"} 1 2072.0 0.0 2072 207 841.25 8
stats: {sentpackets,"tsung_controller@ip-172-30-3-28"} 1 1385.0 0.0 1385 146 578.75 8
stats: {cpu,"tsung_controller@ip-172-30-3-28"} 1 0.28599850783387215 0.0 1.4062392786363838 0.1366120218579235 0.3480823568209025 9
stats: {freemem,"tsung_controller@ip-172-30-3-28"} 1 29452.78515625 0.0 29462.671875 29452.78515625 29458.217447916668 9
stats: session 37 6628.21789880701 5260.310278279141 43034.131103515625 200.903076171875 6330.037100956358 174
stats: users_count 55 261
stats: finish_users_count 37 211
stats: request 287 44.814816358612816 54.965392971599876 522.2109375 5.846923828125 45.03127679065265 1130
stats: connect 51 0.6903435202205882 0.10739321210782826 69.501953125 0.557861328125 1.5690159473604368 206
stats: page 243 52.93893671231997 64.59933128193872 627.89404296875 5.945068359375 55.14299710522752 923
stats: error_unknown 5 29
stats: 302 98 491
stats: 200 185 898
stats: size_rcv 1739709 8301088
stats: 406 4 28
stats: newphase 1 3
stats: size_sent 203280 991290
stats: connected 13 48
# stats: dump at 1449371675
stats: users 64 64
stats: {load,"tsung_controller@ip-172-30-3-28"} 1 0.0 0.0 0.0 0.0 0.0 10
stats: {recvpackets,"tsung_controller@ip-172-30-3-28"} 1 2107.0 0.0 2107 207 978.0 9
stats: {sentpackets,"tsung_controller@ip-172-30-3-28"} 1 1492.0 0.0 1492 146 668.3333333333334 9
stats: {cpu,"tsung_controller@ip-172-30-3-28"} 1 0.3606516602412635 0.0 1.4062392786363838 0.1366120218579235 0.3418739719221994 10
stats: {freemem,"tsung_controller@ip-172-30-3-28"} 1 29451.11328125 0.0 29462.671875 29451.11328125 29457.67421875 10
stats: session 76 6036.967066714638 6306.136502593872 43034.131103515625 200.903076171875 6382.324729015477 211
stats: users_count 90 351
stats: finish_users_count 76 287
stats: request 503 49.58994956044981 54.43576148075639 522.2109375 5.56396484375 44.98743476948439 1417
stats: connect 88 0.7302384810014204 0.7214085845842214 69.501953125 0.546875 1.3946490454766538 257
stats: page 416 59.97260871300334 67.7565210401796 627.89404296875 5.943115234375 54.68366033380682 1166
stats: error_unknown 9 38
stats: 302 171 662
stats: 200 317 1215
stats: size_rcv 3008918 11310006
stats: 406 15 43
stats: newphase 0 3
stats: size_sent 352337 1343627
stats: connected 11 59
# stats: dump at 1449371685
stats: users 64 67
stats: {load,"tsung_controller@ip-172-30-3-28"} 1 0.0 0.0 0.0 0.0 0.0 11
stats: {recvpackets,"tsung_controller@ip-172-30-3-28"} 1 4156.0 0.0 4156 207 1090.9 10
stats: {sentpackets,"tsung_controller@ip-172-30-3-28"} 1 2697.0 0.0 2697 146 750.7 10
stats: {cpu,"tsung_controller@ip-172-30-3-28"} 1 0.7083385112464272 0.0 1.4062392786363838 0.1366120218579235 0.3435810344966598 11
stats: {freemem,"tsung_controller@ip-172-30-3-28"} 1 29447.26171875 0.0 29462.671875 29447.26171875 29457.077769886364 11
stats: session 79 6169.60263177413 6034.838912443403 43034.131103515625 176.68310546875 6290.871132029889 287
stats: users_count 79 430
stats: finish_users_count 79 366
stats: page 450 58.11250488281241 66.89970961241895 627.89404296875 5.943115234375 56.074433106086055 1582
stats: request 535 49.03255284389603 53.696153693524 522.2109375 5.56396484375 46.19319775899251 1920
stats: connect 82 0.6200100038109758 0.052077018351928926 69.501953125 0.512939453125 1.2251762058423914 345
stats: error_unknown 14 52
stats: 302 185 847
stats: 200 336 1551
stats: size_rcv 3357658 14667664
stats: 406 14 57
stats: newphase 0 3
stats: size_sent 384653 1728280
stats: connected 4 63
# stats: dump at 1449371695
stats: users 101 102
stats: {load,"tsung_controller@ip-172-30-3-28"} 1 0.0 0.0 0.0 0.0 0.0 12
stats: {recvpackets,"tsung_controller@ip-172-30-3-28"} 1 3963.0 0.0 4156 207 1369.5454545454545 11
stats: {sentpackets,"tsung_controller@ip-172-30-3-28"} 1 2590.0 0.0 2697 146 927.6363636363636 11
stats: {cpu,"tsung_controller@ip-172-30-3-28"} 1 0.5600497822028625 0.0 1.4062392786363838 0.1366120218579235 0.37397749089247373 12
stats: {freemem,"tsung_controller@ip-172-30-3-28"} 1 29442.59375 0.0 29462.671875 29442.59375 29456.259765625 12
stats: session 93 7081.410284883232 7778.931477407034 43034.131103515625 176.68310546875 6264.695690717854 366
stats: users_count 130 560
stats: finish_users_count 93 459
stats: connect 128 0.6227035522460935 0.15014047513737303 69.501953125 0.496826171875 1.1089616190354217 427
stats: error_unknown 18 70
stats: page 512 51.81361198425294 62.19489734972219 627.89404296875 5.851806640625 56.52577774167998 2032
stats: request 601 43.98900960963496 51.75747144306294 522.2109375 5.56396484375 46.81195742107943 2455
stats: 302 199 1046
stats: 200 391 1942
stats: size_rcv 3427807 18095471
stats: 406 11 68
stats: newphase 1 4
stats: size_sent 406699 2134979
stats: connected 36 99
# stats: dump at 1449371705
stats: users 120 128
stats: {load,"tsung_controller@ip-172-30-3-28"} 1 0.0 0.0 0.0 0.0 0.0 13
stats: {recvpackets,"tsung_controller@ip-172-30-3-28"} 1 4863.0 0.0 4863 207 1585.6666666666667 12
stats: {sentpackets,"tsung_controller@ip-172-30-3-28"} 1 3425.0 0.0 3425 146 1066.1666666666667 12
stats: {cpu,"tsung_controller@ip-172-30-3-28"} 1 0.8829747543837831 0.0 1.4062392786363838 0.1366120218579235 0.3882907440701959 13
stats: {freemem,"tsung_controller@ip-172-30-3-28"} 1 29439.59765625 0.0 29462.671875 29439.59765625 29455.208533653848 13
stats: session 143 6084.274808443512 6726.720943823306 43034.131103515625 161.14990234375 6430.173811104303 459
stats: users_count 162 722
stats: finish_users_count 143 602
stats: request 960 91.58588307698565 75.9110868465554 522.2109375 5.56396484375 46.256790001354915 3056
stats: connect 164 0.6519194812309452 0.19142104844591828 69.501953125 0.496826171875 0.9968156144425676 555
stats: page 791 111.16590852411908 99.55174546698235 627.89404296875 5.851806640625 55.5774173376695 2544
stats: error_unknown 27 97
stats: 302 347 1393
stats: 200 596 2538
stats: size_rcv 5864239 23959710
stats: 406 17 85
stats: newphase 0 4
stats: size_sent 680014 2814993
stats: connected 20 119
# stats: dump at 1449371715
stats: users 109 128
stats: {load,"tsung_controller@ip-172-30-3-28"} 1 0.0 0.0 0.0 0.0 0.0 14
stats: {recvpackets,"tsung_controller@ip-172-30-3-28"} 1 7838.0 0.0 7838 207 1837.7692307692307 13
stats: {sentpackets,"tsung_controller@ip-172-30-3-28"} 1 4940.0 0.0 4940 146 1247.6153846153845 13
stats: {cpu,"tsung_controller@ip-172-30-3-28"} 1 1.4282165921510184 0.0 1.4282165921510184 0.1366120218579235 0.42362531623545213 14
stats: {freemem,"tsung_controller@ip-172-30-3-28"} 1 29425.8671875 0.0 29462.671875 29425.8671875 29454.09347098214 14
stats: session 154 6981.56028371043 6713.02154739968 43034.131103515625 118.63818359375 6348.008433395842 602
stats: users_count 143 865
stats: finish_users_count 154 756
stats: request 936 65.60378428402103 66.95013872593576 712.10302734375 5.56396484375 57.09242978039015 4016
stats: connect 145 0.6589860587284483 0.1507371228144797 69.501953125 0.496826171875 0.9181466772426982 719
stats: page 785 78.12417956309702 83.01135551362162 712.10302734375 5.851806640625 68.76197401787388 3335
stats: error_unknown 28 125
stats: 302 332 1725
stats: 200 577 3115
stats: size_rcv 5740769 29700479
stats: 406 27 112
stats: newphase 0 4
stats: size_sent 679730 3494723
stats: connected -8 111
# stats: dump at 1449371725
stats: users 131 145
stats: {load,"tsung_controller@ip-172-30-3-28"} 1 0.1484375 0.0 0.1484375 0.0 0.0 15
stats: {recvpackets,"tsung_controller@ip-172-30-3-28"} 1 7557.0 0.0 7838 207 2266.3571428571427 14
stats: {sentpackets,"tsung_controller@ip-172-30-3-28"} 1 5059.0 0.0 5059 146 1511.357142857143 14
stats: {cpu,"tsung_controller@ip-172-30-3-28"} 1 3.4037267080745344 0.0 3.4037267080745344 0.1366120218579235 0.4905980679631566 15
stats: {freemem,"tsung_controller@ip-172-30-3-28"} 1 29421.15625 0.0 29462.671875 29421.15625 29452.21171875 15
stats: session 158 8327.704115469242 8680.023976867998 57294.3779296875 118.63818359375 6477.065291793258 756
stats: users_count 180 1045
stats: finish_users_count 158 914
stats: request 1002 105.66961438451223 91.98057793640803 712.10302734375 5.56396484375 58.701199533095824 4952
stats: connect 175 0.627364676339286 0.08190807351412209 69.501953125 0.496826171875 0.8746532864040799 864
stats: error_unknown 20 145
stats: page 835 126.91881607877966 121.5558829015196 722.7470703125 5.851806640625 70.54579230743703 4120
stats: 302 349 2074
stats: 200 628 3743
stats: size_rcv 6009981 35710460
stats: 406 25 137
stats: newphase 1 5
stats: size_sent 706787 4201510
stats: connected 19 130
# stats: dump at 1449371735
stats: users 136 162
stats: {load,"tsung_controller@ip-172-30-3-28"} 1 0.19921875 0.0 0.19921875 0.0 0.00927734375 16
stats: {recvpackets,"tsung_controller@ip-172-30-3-28"} 1 8060.0 0.0 8060 207 2619.0666666666666 15
stats: {sentpackets,"tsung_controller@ip-172-30-3-28"} 1 5365.0 0.0 5365 146 1747.8666666666666 15
stats: {cpu,"tsung_controller@ip-172-30-3-28"} 1 1.7708978328173375 0.0 3.4037267080745344 0.1366120218579235 0.6726686079701177 16
stats: {freemem,"tsung_controller@ip-172-30-3-28"} 1 29423.8359375 0.0 29462.671875 29421.15625 29450.270751953125 16
stats: session 159 7559.3713639937105 6400.641253913352 57294.3779296875 118.63818359375 6796.978786476853 914
stats: users_count 164 1209
stats: finish_users_count 159 1073
stats: request 1080 287.74917715567204 160.69154146750608 985.634033203125 5.56396484375 66.60552463909502 5954
stats: page 879 352.5447521708797 271.91658652395523 1437.859130859375 5.851806640625 80.04558541522131 4955
stats: connect 170 0.6302662568933822 0.10988090846917706 69.501953125 0.496826171875 0.8330021730630414 1039
stats: error_unknown 19 164
stats: 302 393 2467
stats: 200 664 4407
stats: size_rcv 6403282 42113742
stats: 406 23 160
stats: newphase 0 5
stats: size_sent 791647 4993157
stats: connected 10 140
# stats: dump at 1449371745
stats: users 160 162
stats: {load,"tsung_controller@ip-172-30-3-28"} 1 0.171875 0.0 0.19921875 0.0 0.020450367647058824 17
stats: {recvpackets,"tsung_controller@ip-172-30-3-28"} 1 8485.0 0.0 8485 207 2959.125 16
stats: {sentpackets,"tsung_controller@ip-172-30-3-28"} 1 5417.0 0.0 5417 146 1973.9375 16
stats: {cpu,"tsung_controller@ip-172-30-3-28"} 1 1.8350898946063237 0.0 3.4037267080745344 0.1366120218579235 0.7372703270787778 17
stats: {freemem,"tsung_controller@ip-172-30-3-28"} 1 29419.1328125 0.0 29462.671875 29419.1328125 29448.715762867647 17
stats: session 174 7665.692013795351 7022.441498223911 57294.3779296875 118.63818359375 6909.952150712808 1073
stats: users_count 198 1407
stats: finish_users_count 174 1247
stats: connect 197 0.6666513820590102 0.20454629611208416 69.501953125 0.496826171875 0.8044950549912118 1209
stats: request 1079 168.37059732318693 108.7949182781943 985.634033203125 5.56396484375 100.5599097283619 7034
stats: page 893 201.4222276779463 155.02151633671357 1437.859130859375 5.851806640625 121.10262476699087 5834
stats: error_unknown 31 195
stats: 302 394 2861
stats: 200 667 5074
stats: size_rcv 6467441 48581183
stats: 406 18 178
stats: newphase 0 5
stats: size_sent 764926 5758083
stats: connected 20 160
# stats: dump at 1449371755
stats: users 236 240
stats: {load,"tsung_controller@ip-172-30-3-28"} 1 0.21875 0.0 0.21875 0.0 0.028862847222222224 18
stats: {recvpackets,"tsung_controller@ip-172-30-3-28"} 1 8587.0 0.0 8587 207 3284.176470588235 17
stats: {sentpackets,"tsung_controller@ip-172-30-3-28"} 1 5607.0 0.0 5607 146 2176.470588235294 17
stats: {cpu,"tsung_controller@ip-172-30-3-28"} 1 1.7123712619431692 0.0 3.4037267080745344 0.1366120218579235 0.7982603030525303 18
stats: {freemem,"tsung_controller@ip-172-30-3-28"} 1 29417.51953125 0.0 29462.671875 29417.51953125 29447.072265625 18
stats: session 156 9798.730485965038 8506.103108030149 57294.3779296875 118.63818359375 7015.404224631303 1247
stats: users_count 232 1639
stats: finish_users_count 156 1403
stats: request 1158 548.3473648835545 149.71073136609616 985.821044921875 0.720947265625 109.57848878848962 8113
stats: connect 230 0.6473303753396741 0.17921398865039007 69.501953125 0.496826171875 0.7851812544452347 1406
stats: page 959 653.7910767238021 322.33508581349827 2045.266845703125 0.720947265625 131.76494160948874 6727
stats: error_unknown 15 210
stats: 302 387 3248
stats: 200 733 5807
stats: size_rcv 6944855 55526038
stats: 406 27 205
stats: newphase 1 6
stats: size_sent 837934 6596017
stats: connected 76 236
stats: 503 11 11
# stats: dump at 1449371765
stats: users 336 339
stats: {load,"tsung_controller@ip-172-30-3-28"} 1 0.19140625 0.0 0.21875 0.0 0.03885690789473684 19
stats: {recvpackets,"tsung_controller@ip-172-30-3-28"} 1 9397.0 0.0 9397 207 3578.777777777778 18
stats: {sentpackets,"tsung_controller@ip-172-30-3-28"} 1 6285.0 0.0 6285 146 2367.0555555555557 18
stats: {cpu,"tsung_controller@ip-172-30-3-28"} 1 1.921408206272468 0.0 3.4037267080745344 0.1366120218579235 0.8463714061520375 19
stats: {freemem,"tsung_controller@ip-172-30-3-28"} 1 29405.17578125 0.0 29462.671875 29405.17578125 29445.51685855263 19
stats: session 306 8411.095222024362 6735.564945733856 57294.3779296875 118.63818359375 7324.883124679815 1403
stats: users_count 406 2045
stats: finish_users_count 306 1709
stats: request 1989 518.7050165068032 477.8974631441281 1690.4189453125 0.046142578125 164.38318715091924 9271
stats: connect 421 1.1205300809085514 3.5574526804800604 69.501953125 0.45703125 0.7658012408790495 1636
stats: page 1635 628.652837705466 646.2309681127556 3254.072998046875 0.072021484375 196.89935008914352 7686
stats: error_unknown 52 262
stats: 401 6 6
stats: 302 410 3658
stats: 200 668 6475
stats: size_rcv 6337809 61863847
stats: 406 16 221
stats: newphase 0 6
stats: size_sent 1197313 7793330
stats: connected 92 328
stats: error_connection_closed 3 3
stats: 503 873 884
# stats: dump at 1449371775
stats: users 345 379
stats: {load,"tsung_controller@ip-172-30-3-28"} 1 0.30859375 0.0 0.30859375 0.0 0.046484375 20
stats: {recvpackets,"tsung_controller@ip-172-30-3-28"} 1 10032.0 0.0 10032 207 3885.0 19
stats: {sentpackets,"tsung_controller@ip-172-30-3-28"} 1 8040.0 0.0 8040 146 2573.2631578947367 19
stats: {cpu,"tsung_controller@ip-172-30-3-28"} 1 3.0689271129810667 0.0 3.4037267080745344 0.1366120218579235 0.900123246158059 20
stats: {freemem,"tsung_controller@ip-172-30-3-28"} 1 29402.6328125 0.0 29462.671875 29402.6328125 29443.4998046875 20
stats: session 401 7694.227189594373 6276.121626565259 57294.3779296875 118.63818359375 7519.371657030565 1709
stats: users_count 410 2455
stats: finish_users_count 401 2110
stats: connect 463 1.3691532802375812 5.469781842493147 69.501953125 0.45703125 0.838402525104825 2057
stats: page 2021 520.7783965384951 658.6688867386277 3254.072998046875 0.070068359375 272.63338637845663 9321
stats: request 2475 425.1659928385417 468.287728588562 1690.4189453125 0.0439453125 226.97165238971616 11260
stats: error_unknown 83 345
stats: 401 15 21
stats: 302 467 4125
stats: 200 641 7116
stats: size_rcv 6419037 68282884
stats: 406 7 228
stats: newphase 0 6
stats: size_sent 1406714 9200044
stats: connected 5 333
stats: error_connection_closed 9 12
stats: 503 1325 2209
# stats: dump at 1449371785
stats: users 367 382
stats: {load,"tsung_controller@ip-172-30-3-28"} 1 0.421875 0.0 0.421875 0.0 0.05896577380952381 21
stats: {recvpackets,"tsung_controller@ip-172-30-3-28"} 1 10880.0 0.0 10880 207 4192.35 20
stats: {sentpackets,"tsung_controller@ip-172-30-3-28"} 1 9003.0 0.0 9003 146 2846.6 20
stats: {cpu,"tsung_controller@ip-172-30-3-28"} 1 3.6114877357327746 0.0 3.6114877357327746 0.1366120218579235 1.0033996207686786 21
stats: {freemem,"tsung_controller@ip-172-30-3-28"} 1 29403.3515625 0.0 29462.671875 29402.6328125 29441.553757440477 21
stats: session 345 8855.765624292344 6941.667752143191 57294.3779296875 15.949951171875 7552.602495209753 2110
stats: users_count 367 2822
stats: finish_users_count 345 2455
stats: connect 408 0.6699422200520837 0.7881899357231372 69.501953125 0.45703125 0.935917445591518 2520
stats: request 2265 467.025681761348 452.2450460194262 1690.4189453125 0.0439453125 262.6855943344445 13735
stats: page 1887 559.0494750264958 615.6530741786773 3254.072998046875 0.06982421875 316.8496679455028 11342
stats: error_unknown 55 400
stats: 401 14 35
stats: 302 517 4642
stats: 200 655 7771
stats: size_rcv 6523373 74806257
stats: 406 13 241
stats: newphase 0 6
stats: size_sent 1338305 10538349
stats: connected 31 364
stats: error_connection_closed 8 20
stats: 503 1052 3261
# stats: dump at 1449371795
stats: users 410 416
stats: {load,"tsung_controller@ip-172-30-3-28"} 1 0.359375 0.0 0.421875 0.0 0.07546164772727272 22
stats: {recvpackets,"tsung_controller@ip-172-30-3-28"} 1 10306.0 0.0 10880 207 4510.809523809524 21
stats: {sentpackets,"tsung_controller@ip-172-30-3-28"} 1 8380.0 0.0 9003 146 3139.7619047619046 21
stats: {cpu,"tsung_controller@ip-172-30-3-28"} 1 3.346505309953075 0.0 3.6114877357327746 0.1366120218579235 1.1219490805397738 22
stats: {freemem,"tsung_controller@ip-172-30-3-28"} 1 29399.4765625 0.0 29462.671875 29399.4765625 29439.817294034092 22
stats: session 378 9631.44333999876 8146.584429736294 57294.3779296875 15.949951171875 7735.7353992967155 2455
stats: users_count 421 3243
stats: finish_users_count 378 2833
stats: request 2451 429.41121528840233 478.3095908890509 1690.4189453125 0.0390625 291.61248796081554 16000
stats: connect 465 0.680715515793011 0.3261341696991008 69.501953125 0.45703125 0.8988553239999575 2928
stats: page 2068 508.26059969343095 617.2844648355233 3254.072998046875 0.06982421875 351.39733110687814 13229
stats: error_unknown 66 466
stats: 401 9 44
stats: 302 461 5103
stats: 200 651 8422
stats: size_rcv 6503528 81309785
stats: 406 7 248
stats: newphase 1 7
stats: size_sent 1431312 11969661
stats: connected 31 395
stats: error_connection_closed 5 25
stats: 503 1298 4559
# stats: dump at 1449371805
stats: users 447 453
stats: {load,"tsung_controller@ip-172-30-3-28"} 1 0.30078125 0.0 0.421875 0.0 0.08780570652173914 23
stats: {recvpackets,"tsung_controller@ip-172-30-3-28"} 1 11077.0 0.0 11077 207 4774.227272727273 22
stats: {sentpackets,"tsung_controller@ip-172-30-3-28"} 1 9398.0 0.0 9398 146 3377.9545454545455 22
stats: {cpu,"tsung_controller@ip-172-30-3-28"} 1 3.9215686274509802 0.0 3.9215686274509802 0.1366120218579235 1.2186689166012215 23
stats: {freemem,"tsung_controller@ip-172-30-3-28"} 1 29398.515625 0.0 29462.671875 29398.515625 29438.063349184784 23
stats: session 461 8580.87884322888 7807.068456656036 57294.3779296875 12.866943359375 7988.674898620886 2833
stats: users_count 498 3741
stats: finish_users_count 461 3294
stats: request 3024 352.1715988078439 433.70662417791453 1690.4189453125 0.0390625 309.91744057476143 18451
stats: connect 564 0.6097273589871454 0.10793642865834539 69.501953125 0.45703125 0.8689599479857428 3393
stats: page 2513 425.3434346476446 567.2795792750654 3254.072998046875 0.06982421875 372.6036617231422 15297
stats: error_unknown 73 539
stats: 401 14 58
stats: 302 531 5634
stats: 200 657 9079
stats: size_rcv 6638056 87947841
stats: 406 16 264
stats: newphase 0 7
stats: size_sent 1673851 13643512
stats: connected 44 439
stats: error_connection_closed 6 31
stats: 503 1786 6345
# stats: dump at 1449371815
stats: users 450 461
stats: {load,"tsung_controller@ip-172-30-3-28"} 1 0.26171875 0.0 0.421875 0.0 0.0966796875 24
stats: {recvpackets,"tsung_controller@ip-172-30-3-28"} 1 11988.0 0.0 11988 207 5048.260869565217 23
stats: {sentpackets,"tsung_controller@ip-172-30-3-28"} 1 10545.0 0.0 10545 146 3639.695652173913 23
stats: {cpu,"tsung_controller@ip-172-30-3-28"} 1 3.955011741441107 0.0 3.955011741441107 0.1366120218579235 1.331289737886628 24
stats: {freemem,"tsung_controller@ip-172-30-3-28"} 1 29395.19140625 0.0 29462.671875 29395.19140625 29436.41552734375 24
stats: session 477 9038.757913841395 7841.944547812656 57294.3779296875 12.866943359375 8071.554685647081 3294
stats: users_count 480 4221
stats: finish_users_count 477 3771
stats: connect 499 0.5895824852830661 0.08100147817349343 69.501953125 0.45703125 0.8320109512217274 3957
stats: request 2941 340.4021407007072 449.2104698418347 1690.4189453125 0.0390625 315.86745568520803 21475
stats: page 2422 413.09286385622045 594.4706593823333 3254.072998046875 0.06982421875 380.04527033399427 17810
stats: error_unknown 56 595
stats: 401 11 69
stats: 302 487 6121
stats: 200 586 9665
stats: size_rcv 6245488 94193329
stats: 406 5 269
stats: newphase 0 7
stats: size_sent 1583645 15227157
stats: connected 5 444
stats: error_connection_closed 4 35
stats: 503 1831 8176
# stats: dump at 1449371825
stats: users 455 461
stats: {load,"tsung_controller@ip-172-30-3-28"} 1 0.2890625 0.0 0.421875 0.0 0.10328125 25
stats: {recvpackets,"tsung_controller@ip-172-30-3-28"} 1 11647.0 0.0 11988 207 5337.416666666666 24
stats: {sentpackets,"tsung_controller@ip-172-30-3-28"} 1 10365.0 0.0 10545 146 3927.4166666666665 24
stats: {cpu,"tsung_controller@ip-172-30-3-28"} 1 3.9041265134667658 0.0 3.955011741441107 0.1366120218579235 1.436238618028807 25
stats: {freemem,"tsung_controller@ip-172-30-3-28"} 1 29394.00390625 0.0 29462.671875 29394.00390625 29434.7665625 25
stats: session 483 9606.721953650676 8574.76012860354 57294.3779296875 12.866943359375 8193.897814750419 3771
stats: users_count 488 4709
stats: finish_users_count 483 4254
stats: request 2958 360.1740424702343 427.4502003472632 1690.4189453125 0.0390625 318.8227517464213 24416
stats: connect 522 0.6029221107219823 0.09314696558759887 69.501953125 0.45703125 0.8048628801931386 4456
stats: page 2439 435.52461345902515 576.6704362857723 3254.072998046875 0.0419921875 384.00144231456125 20232
stats: error_unknown 66 661
stats: 401 16 85
stats: 302 534 6655
stats: 200 681 10346
stats: size_rcv 6827784 101021113
stats: 406 11 280
stats: newphase 1 8
stats: size_sent 1648406 16875563
stats: connected -16 428
stats: error_connection_closed 7 42
stats: 503 1694 9870
# stats: dump at 1449371835
stats: users 485 500
stats: {load,"tsung_controller@ip-172-30-3-28"} 1 0.25 0.0 0.421875 0.0 0.1104266826923077 26
stats: {recvpackets,"tsung_controller@ip-172-30-3-28"} 1 12048.0 0.0 12048 207 5589.8 25
stats: {sentpackets,"tsung_controller@ip-172-30-3-28"} 1 10575.0 0.0 10575 146 4184.92 25
stats: {cpu,"tsung_controller@ip-172-30-3-28"} 1 4.430223972434162 0.0 4.430223972434162 0.1366120218579235 1.5311573832379592 26
stats: {freemem,"tsung_controller@ip-172-30-3-28"} 1 29393.6640625 0.0 29462.671875 29393.6640625 29433.198768028848 26
stats: session 576 7963.749162038167 7369.221569710004 57294.3779296875 12.866943359375 8354.310146459122 4254
stats: users_count 606 5315
stats: finish_users_count 576 4830
stats: connect 662 0.6114291741408611 0.2559654893244099 69.501953125 0.4560546875 0.7836870903851949 4978
stats: request 3638 292.803392440687 414.27842154737306 1690.4189453125 0.0390625 323.2911201968136 27374
stats: error_unknown 90 751
stats: page 3001 356.2811064931487 548.2316912361064 3254.072998046875 0.0419921875 389.5444273801229 22671
stats: 401 24 109
stats: 302 535 7190
stats: 200 656 11002
stats: size_rcv 6979531 108000644
stats: 406 10 290
stats: newphase 0 8
stats: size_sent 1877601 18753164
stats: connected 45 473
stats: error_connection_closed 3 45
stats: 503 2395 12265
# stats: dump at 1449371845
stats: users 495 524
stats: {load,"tsung_controller@ip-172-30-3-28"} 1 0.359375 0.0 0.421875 0.0 0.11559606481481481 27
stats: {recvpackets,"tsung_controller@ip-172-30-3-28"} 1 13225.0 0.0 13225 207 5838.192307692308 26
stats: {sentpackets,"tsung_controller@ip-172-30-3-28"} 1 12216.0 0.0 12216 146 4430.692307692308 26
stats: {cpu,"tsung_controller@ip-172-30-3-28"} 1 7.169253510716925 0.0 7.169253510716925 0.1366120218579235 1.6385302198748557 27
stats: {freemem,"tsung_controller@ip-172-30-3-28"} 1 29391.3671875 0.0 29462.671875 29391.3671875 29431.734519675927 27
stats: session 568 8237.076471892884 7310.268322365561 57294.3779296875 4.7978515625 8307.733929683454 4830
stats: users_count 578 5893
stats: finish_users_count 568 5398
stats: connect 614 0.6246302104539905 0.43451065257294497 69.501953125 0.4560546875 0.7634681647550975 5640
stats: request 3668 285.796872870092 409.4859616152577 1690.4189453125 0.0390625 319.7146222741776 31012
stats: page 3038 345.5641088529658 527.7220064060726 3254.072998046875 0.0419921875 385.65601876444003 25672
stats: error_unknown 68 819
stats: 401 16 125
stats: 302 536 7726
stats: 200 650 11652
stats: size_rcv 6914070 114914714
stats: 406 12 302
stats: newphase 0 8
stats: size_sent 1853557 20606721
stats: connected 15 488
stats: error_connection_closed 5 50
stats: 503 2432 14697
# stats: dump at 1449371855
stats: users 505 530
stats: {load,"tsung_controller@ip-172-30-3-28"} 1 0.30859375 0.0 0.421875 0.0 0.12430245535714286 28
stats: {recvpackets,"tsung_controller@ip-172-30-3-28"} 1 12682.0 0.0 13225 207 6111.777777777777 27
stats: {sentpackets,"tsung_controller@ip-172-30-3-28"} 1 11807.0 0.0 12216 146 4719.037037037037 27
stats: {cpu,"tsung_controller@ip-172-30-3-28"} 1 5.380174425746223 0.0 7.169253510716925 0.1366120218579235 1.836056051690644 28
stats: {freemem,"tsung_controller@ip-172-30-3-28"} 1 29384.65625 0.0 29462.671875 29384.65625 29430.292829241072 28
stats: session 582 8265.957815688082 7880.824180724613 57294.3779296875 4.7978515625 8300.299058244951 5398
stats: users_count 592 6485
stats: finish_users_count 582 5980
stats: request 3614 292.22276710632707 414.9701126509552 1690.4189453125 0.0390625 316.12724324262666 34680
stats: connect 639 0.6224275448699145 0.19914147533927454 69.501953125 0.4560546875 0.7498374477834187 6254
stats: page 3007 349.8833389409081 523.9424888829444 3254.072998046875 0.0419921875 381.41362160975325 28710
stats: error_unknown 103 922
stats: 401 15 140
stats: 302 533 8259
stats: 200 660 12312
stats: size_rcv 6804081 121718795
stats: 406 9 311
stats: newphase 0 8
stats: size_sent 1834775 22441496
stats: connected 3 491
stats: error_connection_closed 9 59
stats: 503 2378 17075
# stats: dump at 1449371865
stats: users 557 572
stats: {load,"tsung_controller@ip-172-30-3-28"} 1 0.41015625 0.0 0.421875 0.0 0.1306573275862069 29
stats: {recvpackets,"tsung_controller@ip-172-30-3-28"} 1 12961.0 0.0 13225 207 6346.428571428572 28
stats: {sentpackets,"tsung_controller@ip-172-30-3-28"} 1 12051.0 0.0 12216 146 4972.178571428572 28
stats: {cpu,"tsung_controller@ip-172-30-3-28"} 1 5.319410319410319 0.0 7.169253510716925 0.1366120218579235 1.9582670301063536 29
stats: {freemem,"tsung_controller@ip-172-30-3-28"} 1 29380.41015625 0.0 29462.671875 29380.41015625 29428.719154094826 29
stats: session 619 8231.062817106733 7874.278168403043 57294.3779296875 4.7978515625 8296.956816912492 5980
stats: users_count 671 7156
stats: finish_users_count 619 6599
stats: request 3961 265.2191358420379 393.34074170644334 1690.4189453125 0.03515625 313.8712559663801 38294
stats: connect 727 0.5954092831198419 0.08428491675286322 69.501953125 0.4560546875 0.7380262004365842 6893
stats: page 3288 321.49430034108445 505.01382069352474 3254.072998046875 0.0419921875 378.42432375733284 31717
stats: error_unknown 93 1015
stats: 401 20 160
stats: 302 553 8812
stats: 200 678 12990
stats: size_rcv 7096122 128814917
stats: 406 12 323
stats: newphase 1 9
stats: size_sent 1994562 24436058
stats: connected 63 554
stats: error_connection_closed 14 73
stats: 503 2676 19751
# stats: dump at 1449371875
stats: users 625 630
stats: {load,"tsung_controller@ip-172-30-3-28"} 1 0.3515625 0.0 0.421875 0.0 0.13997395833333334 30
stats: {recvpackets,"tsung_controller@ip-172-30-3-28"} 1 14229.0 0.0 14229 207 6574.517241379311 29
stats: {sentpackets,"tsung_controller@ip-172-30-3-28"} 1 13850.0 0.0 13850 146 5216.275862068966 29
stats: {cpu,"tsung_controller@ip-172-30-3-28"} 1 6.246172688303735 0.0 7.169253510716925 0.1366120218579235 2.070305139749819 30
stats: {freemem,"tsung_controller@ip-172-30-3-28"} 1 29366.23828125 0.0 29462.671875 29366.23828125 29427.108854166665 30
stats: session 676 8076.996381951507 7688.480467453443 57294.3779296875 4.7978515625 8290.775821931471 6599
stats: users_count 744 7900
stats: finish_users_count 676 7275
stats: connect 809 15.409402703472612 69.87140876761107 515.547119140625 0.434814453125 0.7244195732857611 7620
stats: error_unknown 104 1119
stats: request 4307 260.06457703756126 416.8206265177427 1690.4189453125 0.03515625 309.3105874582149 42255
stats: page 3578 313.2606353333302 508.1546781652942 3254.072998046875 0.0419921875 373.076918615421 35005
stats: 401 28 188
stats: 302 521 9333
stats: error_send_einval 1 1
stats: 200 657 13647
stats: size_rcv 7183426 135998343
stats: 406 11 334
stats: newphase 0 9
stats: size_sent 2113642 26549700
stats: connected 57 611
stats: error_connection_closed 15 88
stats: 503 3073 22824
# stats: dump at 1449371885
stats: users 587 646
stats: {load,"tsung_controller@ip-172-30-3-28"} 1 0.609375 0.0 0.609375 0.0 0.1467993951612903 31
stats: {recvpackets,"tsung_controller@ip-172-30-3-28"} 1 18393.0 0.0 18393 207 6829.666666666667 30
stats: {sentpackets,"tsung_controller@ip-172-30-3-28"} 1 19404.0 0.0 19404 146 5504.066666666667 30
stats: {cpu,"tsung_controller@ip-172-30-3-28"} 1 7.164690059909525 0.0 7.169253510716925 0.1366120218579235 2.2050105445418806 31
stats: {freemem,"tsung_controller@ip-172-30-3-28"} 1 29360.8984375 0.0 29462.671875 29360.8984375 29425.145287298386 31
stats: session 725 8334.69813779635 7731.4585660348885 57294.3779296875 4.7978515625 8270.911230670103 7275
stats: users_count 687 8587
stats: finish_users_count 725 8000
stats: request 4479 237.22523092792412 382.2804529938981 1690.4189453125 0.03515625 304.7553156296475 46562
stats: connect 782 0.6519247772138738 0.703191363872893 515.547119140625 0.434814453125 2.133857389434908 8429
stats: page 3700 286.3001968301303 484.9114650509985 3254.072998046875 0.0419921875 367.5298470662071 38583
stats: error_unknown 108 1227
stats: 401 19 207
stats: 302 578 9911
stats: error_send_einval 0 1
stats: 200 655 14302
stats: size_rcv 7097197 143095540
stats: 406 7 341
stats: newphase 0 9
stats: size_sent 2153504 28703204
stats: connected -34 577
stats: error_connection_closed 17 105
stats: 503 3205 26029
# stats: dump at 1449371895
stats: users 600 646
stats: {load,"tsung_controller@ip-172-30-3-28"} 1 0.51953125 0.0 0.609375 0.0 0.1612548828125 32
stats: {recvpackets,"tsung_controller@ip-172-30-3-28"} 1 16358.0 0.0 18393 207 7202.677419354839 31
stats: {sentpackets,"tsung_controller@ip-172-30-3-28"} 1 15978.0 0.0 19404 146 5952.451612903225 31
stats: {cpu,"tsung_controller@ip-172-30-3-28"} 1 7.0748963161746765 0.0 7.169253510716925 0.1366120218579235 2.3600005293971194 32
stats: {freemem,"tsung_controller@ip-172-30-3-28"} 1 29351.9921875 0.0 29462.671875 29351.9921875 29423.137573242188 32
stats: session 684 8234.607518603221 7648.924268812206 57294.3779296875 4.7978515625 8276.69191912842 8000
stats: users_count 697 9284
stats: finish_users_count 684 8684
stats: request 4319 242.75854865266479 400.13120902461367 1690.4189453125 0.03515625 298.82934926184475 51041
stats: error_unknown 89 1316
stats: page 3549 296.33346727016084 509.7458884267584 3254.072998046875 0.0419921875 360.4217964105421 42283
stats: connect 761 0.6616470798086399 0.5896248226376322 515.547119140625 0.434814453125 2.0080435469903475 9211
stats: 401 18 225
stats: 302 551 10462
stats: error_send_einval 0 1
stats: 200 617 14919
stats: size_rcv 7012343 150107883
stats: 406 2 343
stats: newphase 1 10
stats: size_sent 2150384 30853588
stats: connected -1 576
stats: error_connection_closed 18 123
stats: 503 3109 29138
# stats: dump at 1449371905
stats: users 641 648
stats: {load,"tsung_controller@ip-172-30-3-28"} 1 0.44140625 0.0 0.609375 0.0 0.17211174242424243 33
stats: {recvpackets,"tsung_controller@ip-172-30-3-28"} 1 16025.0 0.0 18393 207 7488.78125 32
stats: {sentpackets,"tsung_controller@ip-172-30-3-28"} 1 15904.0 0.0 19404 146 6265.75 32
stats: {cpu,"tsung_controller@ip-172-30-3-28"} 1 7.5652701882210085 0.0 7.5652701882210085 0.1366120218579235 2.5028761592994693 33
stats: {freemem,"tsung_controller@ip-172-30-3-28"} 1 29352.44140625 0.0 29462.671875 29351.9921875 29420.98165246212 33
stats: session 731 8234.542934015903 8359.572713667761 63598.8701171875 4.7978515625 8273.377118350065 8684
stats: users_count 772 10056
stats: finish_users_count 731 9415
stats: request 4597 231.62713013624736 398.78646428012877 1690.4189453125 0.03515625 294.45489500189086 55360
stats: connect 857 0.6191708220901401 0.3743692158462628 515.547119140625 0.434814453125 1.9052950801306126 9972
stats: page 3807 278.4647394114674 499.25047283632165 3254.072998046875 0.0419921875 355.45911793002165 45832
stats: error_unknown 105 1421
stats: 401 16 241
stats: 302 507 10969
stats: error_send_einval 0 1
stats: 200 642 15561
stats: size_rcv 7220302 157328185
stats: 406 5 348
stats: newphase 0 10
stats: size_sent 2138771 32992359
stats: connected 57 633
stats: error_connection_closed 14 137
stats: 503 3400 32538
