# stats: dump at 1449434150
stats: users 5 5
stats: {load,"tsung_controller@ip-172-30-3-165"} 1 0.05078125 0 0.05078125 0.05078125 0 0
stats: {freemem,"tsung_controller@ip-172-30-3-165"} 1 29458.20703125 0 29458.20703125 29458.20703125 0 0
stats: {cpu,"tsung_controller@ip-172-30-3-165"} 1 0.4166053526283671 0 0.4166053526283671 0.4166053526283671 0 0
stats: session 2 1326.8546142578125 720.1444091796875 2046.9990234375 606.710205078125 0 0
stats: users_count 7 7
stats: finish_users_count 2 2
stats: request 11 280.383544921875 170.3337983486436 461.791015625 48.845947265625 0 0
stats: page 11 280.383544921875 170.3337983486436 461.791015625 48.845947265625 0 0
stats: connect 7 11.470458984375 25.06302071775477 72.860107421875 1.02587890625 0 0
stats: error_unknown 2 2
stats: 302 4 4
stats: 200 7 7
stats: size_rcv 44944 44944
stats: size_sent 5216 5216
stats: connected 5 5
# stats: dump at 1449434160
stats: users 10 10
stats: {load,"tsung_controller@ip-172-30-3-165"} 1 0.0390625 0.0 0.05078125 0.0390625 0.05078125 1
stats: {freemem,"tsung_controller@ip-172-30-3-165"} 1 29458.8125 0.0 29458.8125 29458.20703125 29458.20703125 1
stats: {recvpackets,"tsung_controller@ip-172-30-3-165"} 1 69 0 69 69 0 0
stats: {sentpackets,"tsung_controller@ip-172-30-3-165"} 1 62 0 62 62 0 0
stats: {cpu,"tsung_controller@ip-172-30-3-165"} 1 0.2482005460412013 0.0 0.4166053526283671 0.2482005460412013 0.4166053526283671 1
stats: session 7 3775.40771484375 2454.523602743865 7039.445068359375 606.710205078125 1326.8546142578125 2
stats: users_count 12 19
stats: finish_users_count 7 9
stats: request 36 111.12500000000001 168.25149199212328 593.8349609375 8.788818359375 280.383544921875 11
stats: error_unknown 3 5
stats: connect 9 1.209228515625 0.21255329560782657 72.860107421875 0.760986328125 11.470458984375 7
stats: page 29 137.96510472790948 183.61098474243127 593.8349609375 11.136962890625 280.383544921875 11
stats: 302 12 16
stats: 200 23 30
stats: size_rcv 231783 276727
stats: 406 1 1
stats: size_sent 30369 35585
stats: connected 2 7
# stats: dump at 1449434170
stats: users 7 10
stats: {load,"tsung_controller@ip-172-30-3-165"} 1 0.0390625 0.0 0.05078125 0.0390625 0.044921875 2
stats: {freemem,"tsung_controller@ip-172-30-3-165"} 1 29456.6875 0.0 29458.8125 29456.6875 29458.509765625 2
stats: {recvpackets,"tsung_controller@ip-172-30-3-165"} 1 332.0 0.0 332 69 69.0 1
stats: {sentpackets,"tsung_controller@ip-172-30-3-165"} 1 214.0 0.0 214 62 62.0 1
stats: {cpu,"tsung_controller@ip-172-30-3-165"} 1 0.19858508129576763 0.0 0.4166053526283671 0.19858508129576763 0.3324029493347842 2
stats: session 7 6659.244419642857 6025.34301077583 18437.85302734375 606.710205078125 3231.2848036024307 9
stats: users_count 4 23
stats: finish_users_count 7 16
stats: request 58 134.54152495285558 173.60590940583913 593.8349609375 8.788818359375 150.73870200299203 47
stats: connect 5 1.278125 0.2849528969773576 72.860107421875 0.760986328125 5.698516845703125 16
stats: page 48 162.58330790201822 185.084457525379 593.8349609375 10.385986328125 177.13017578125 40
stats: error_unknown 0 5
stats: 302 24 40
stats: 200 33 63
stats: size_rcv 468400 745127
stats: 406 1 2
stats: size_sent 54578 90163
stats: connected -2 5
# stats: dump at 1449434180
stats: users 11 11
stats: {load,"tsung_controller@ip-172-30-3-165"} 1 0.03125 0.0 0.05078125 0.03125 0.04296875 3
stats: {freemem,"tsung_controller@ip-172-30-3-165"} 1 29456.4765625 0.0 29458.8125 29456.4765625 29457.90234375 3
stats: {recvpackets,"tsung_controller@ip-172-30-3-165"} 1 357.0 0.0 357 69 200.5 2
stats: {sentpackets,"tsung_controller@ip-172-30-3-165"} 1 209.0 0.0 214 62 138.0 2
stats: {cpu,"tsung_controller@ip-172-30-3-165"} 1 0.14892032762472077 0.0 0.4166053526283671 0.14892032762472077 0.2877969933217787 3
stats: session 9 7727.950873480902 6739.461764594692 23877.1328125 606.710205078125 4731.017135620117 16
stats: users_count 13 36
stats: finish_users_count 9 25
stats: request 67 93.6471293435168 145.48048293105032 593.8349609375 8.788818359375 141.79168991815476 105
stats: connect 14 1.2064034598214286 0.23718678095550286 72.860107421875 0.760986328125 4.646042596726191 21
stats: page 59 106.35275009931144 155.41099488702932 593.8349609375 9.1611328125 169.1955205743963 88
stats: error_unknown 2 7
stats: 302 25 65
stats: 200 42 105
stats: size_rcv 473329 1218456
stats: 406 0 2
stats: newphase 1 1
stats: size_sent 59577 149740
stats: connected 6 11
# stats: dump at 1449434190
stats: users 13 14
stats: {load,"tsung_controller@ip-172-30-3-165"} 1 0.03125 0.0 0.05078125 0.03125 0.0400390625 4
stats: {freemem,"tsung_controller@ip-172-30-3-165"} 1 29455.90625 0.0 29458.8125 29455.90625 29457.5458984375 4
stats: {recvpackets,"tsung_controller@ip-172-30-3-165"} 1 441.0 0.0 441 69 252.66666666666666 3
stats: {sentpackets,"tsung_controller@ip-172-30-3-165"} 1 301.0 0.0 301 62 161.66666666666666 3
stats: {cpu,"tsung_controller@ip-172-30-3-165"} 1 0.19858508129576763 0.0 0.4166053526283671 0.14892032762472077 0.25307782689751424 4
stats: session 15 5949.981656901042 6761.584904394246 27302.644775390625 606.710205078125 5809.91328125 25
stats: users_count 17 53
stats: finish_users_count 15 40
stats: request 97 87.3234989126933 154.76247341844004 1020.887939453125 8.340087890625 123.03770411291788 172
stats: connect 17 1.2207318474264706 0.23368555850374714 72.860107421875 0.760986328125 3.2701869419642855 35
stats: page 79 107.23240024228639 175.49686265718856 1020.887939453125 8.340087890625 143.97291201636904 147
stats: error_unknown 0 7
stats: 302 35 100
stats: 200 58 163
stats: size_rcv 646261 1864717
stats: 406 4 6
stats: newphase 0 1
stats: size_sent 84242 233982
stats: connected 2 13
# stats: dump at 1449434200
stats: users 13 19
stats: {load,"tsung_controller@ip-172-30-3-165"} 1 0.01953125 0.0 0.05078125 0.01953125 0.03828125 5
stats: {freemem,"tsung_controller@ip-172-30-3-165"} 1 29455.3046875 0.0 29458.8125 29455.3046875 29457.21796875 5
stats: {recvpackets,"tsung_controller@ip-172-30-3-165"} 1 623.0 0.0 623 69 299.75 4
stats: {sentpackets,"tsung_controller@ip-172-30-3-165"} 1 399.0 0.0 399 62 196.5 4
stats: {cpu,"tsung_controller@ip-172-30-3-165"} 1 0.24816974810770567 0.0 0.4166053526283671 0.14892032762472077 0.24217927777716491 5
stats: session 21 5630.148135230655 3974.719589131533 27302.644775390625 424.469970703125 5862.43892211914 40
stats: users_count 21 74
stats: finish_users_count 21 61
stats: request 145 124.36285863415948 189.0388233393055 1020.887939453125 7.56201171875 110.1593475909038 269
stats: connect 21 1.2659505208333333 0.23135789852134547 72.860107421875 0.760986328125 2.6001727764423075 52
stats: page 114 158.1977667557565 206.55287353732078 1020.887939453125 8.340087890625 131.12998975905697 226
stats: error_unknown 2 9
stats: 302 57 157
stats: 200 87 250
stats: size_rcv 1134293 2999010
stats: 406 1 7
stats: newphase 0 1
stats: size_sent 132185 366167
stats: connected 0 13
# stats: dump at 1449434210
stats: users 20 20
stats: {load,"tsung_controller@ip-172-30-3-165"} 1 0.01953125 0.0 0.05078125 0.01953125 0.03515625 6
stats: {freemem,"tsung_controller@ip-172-30-3-165"} 1 29453.8515625 0.0 29458.8125 29453.8515625 29456.899088541668 6
stats: {recvpackets,"tsung_controller@ip-172-30-3-165"} 1 1020.0 0.0 1020 69 364.4 5
stats: {sentpackets,"tsung_controller@ip-172-30-3-165"} 1 630.0 0.0 630 62 237.0 5
stats: {cpu,"tsung_controller@ip-172-30-3-165"} 1 0.22354694485842028 0.0 0.4166053526283671 0.14892032762472077 0.2431776894989217 6
stats: session 19 7206.189915707237 6395.432517439242 27302.644775390625 424.469970703125 5782.469962698515 61
stats: users_count 26 100
stats: finish_users_count 19 80
stats: request 142 97.46923312334947 158.72271735110886 1020.887939453125 7.52294921875 115.1340072558122 414
stats: connect 26 1.2532489483173077 0.42316157321116776 72.860107421875 0.760009765625 2.2163554152397262 73
stats: page 115 119.57337805706521 173.07529439474902 1020.887939453125 8.298095703125 140.20565616383269 340
stats: error_unknown 2 11
stats: 302 51 208
stats: 200 89 339
stats: size_rcv 965500 3964510
stats: 406 2 9
stats: newphase 1 2
stats: size_sent 124016 490183
stats: connected 6 19
# stats: dump at 1449434220
stats: users 26 35
stats: {load,"tsung_controller@ip-172-30-3-165"} 1 0.01953125 0.0 0.05078125 0.01953125 0.032924107142857144 7
stats: {freemem,"tsung_controller@ip-172-30-3-165"} 1 29451.23046875 0.0 29458.8125 29451.23046875 29456.463727678572 7
stats: {recvpackets,"tsung_controller@ip-172-30-3-165"} 1 999.0 0.0 1020 69 473.6666666666667 6
stats: {sentpackets,"tsung_controller@ip-172-30-3-165"} 1 684.0 0.0 684 62 302.5 6
stats: {cpu,"tsung_controller@ip-172-30-3-165"} 1 0.3225806451612903 0.0 0.4166053526283671 0.14892032762472077 0.2403732974074215 7
stats: session 39 5987.353340344552 5984.2626574817505 37282.802978515625 189.494873046875 6120.603451538086 80
stats: users_count 45 145
stats: finish_users_count 39 119
stats: request 246 101.62033850196903 150.31207679791515 1020.887939453125 7.52294921875 110.62250019320481 556
stats: connect 43 1.1147971929505813 0.22020675231636727 72.860107421875 0.724853515625 1.9634183633207074 99
stats: page 212 118.35750709389738 165.37629070215456 1020.887939453125 7.948974609375 134.9909045544299 455
stats: error_unknown 8 19
stats: 302 85 293
stats: 200 153 492
stats: size_rcv 1733715 5698225
stats: 406 8 17
stats: newphase 0 2
stats: size_sent 216263 706446
stats: connected 5 24
# stats: dump at 1449434230
stats: users 30 36
stats: {load,"tsung_controller@ip-172-30-3-165"} 1 0.01171875 0.0 0.05078125 0.01171875 0.03125 8
stats: {freemem,"tsung_controller@ip-172-30-3-165"} 1 29448.7421875 0.0 29458.8125 29448.7421875 29455.8095703125 8
stats: {recvpackets,"tsung_controller@ip-172-30-3-165"} 1 1636.0 0.0 1636 69 548.7142857142857 7
stats: {sentpackets,"tsung_controller@ip-172-30-3-165"} 1 1088.0 0.0 1088 62 357.0 7
stats: {cpu,"tsung_controller@ip-172-30-3-165"} 1 0.4591710101762224 0.0 0.4591710101762224 0.14892032762472077 0.2506492158766551 8
stats: session 34 7361.890222886031 7291.42510357345 37282.802978515625 189.494873046875 6076.93324702928 119
stats: users_count 38 183
stats: finish_users_count 34 153
stats: request 238 102.1461314994748 162.32670614034146 1020.887939453125 7.52294921875 107.86123862706515 802
stats: connect 41 1.1565298685213414 0.22935625175853544 72.860107421875 0.718017578125 1.706441530039613 142
stats: page 201 120.9599512204602 175.6597655229629 1020.887939453125 7.948974609375 129.70412755048253 667
stats: error_unknown 3 22
stats: 302 85 378
stats: 200 151 643
stats: size_rcv 1719399 7417624
stats: 406 2 19
stats: newphase 0 2
stats: size_sent 211308 917754
stats: connected 9 33
# stats: dump at 1449434240
stats: users 44 44
stats: {load,"tsung_controller@ip-172-30-3-165"} 1 0.01171875 0.0 0.05078125 0.01171875 0.029079861111111112 9
stats: {freemem,"tsung_controller@ip-172-30-3-165"} 1 29446.4375 0.0 29458.8125 29446.4375 29455.024305555555 9
stats: {recvpackets,"tsung_controller@ip-172-30-3-165"} 1 1670.0 0.0 1670 69 684.625 8
stats: {sentpackets,"tsung_controller@ip-172-30-3-165"} 1 1103.0 0.0 1103 62 448.375 8
stats: {cpu,"tsung_controller@ip-172-30-3-165"} 1 0.44620723847297966 0.0 0.4591710101762224 0.14892032762472077 0.2738183041321626 9
stats: session 47 6517.689769988365 6466.038387036054 37282.802978515625 189.494873046875 6362.479241664114 153
stats: users_count 61 244
stats: finish_users_count 47 200
stats: request 354 99.09705072607696 163.55906217122086 1020.887939453125 7.52294921875 106.55335834209735 1040
stats: connect 60 1.1132731119791666 0.2312697847454415 72.860107421875 0.700927734375 1.5832372780054644 183
stats: page 286 120.86950171410618 188.51462380312913 1020.887939453125 7.65185546875 127.67926644180224 868
stats: error_unknown 3 25
stats: 302 130 508
stats: 200 215 858
stats: size_rcv 2554877 9972501
stats: 406 9 28
stats: newphase 1 3
stats: size_sent 316093 1233847
stats: connected 10 43
# stats: dump at 1449434250
stats: users 48 55
stats: {load,"tsung_controller@ip-172-30-3-165"} 1 0.01171875 0.0 0.05078125 0.01171875 0.02734375 10
stats: {freemem,"tsung_controller@ip-172-30-3-165"} 1 29449.25390625 0.0 29458.8125 29446.4375 29454.165625 10
stats: {recvpackets,"tsung_controller@ip-172-30-3-165"} 1 2399.0 0.0 2399 69 794.1111111111111 9
stats: {sentpackets,"tsung_controller@ip-172-30-3-165"} 1 1589.0 0.0 1589 62 521.1111111111111 9
stats: {cpu,"tsung_controller@ip-172-30-3-165"} 1 0.5213505461767627 0.0 0.5213505461767627 0.14892032762472077 0.2910571975662443 10
stats: session 75 5348.6335286458325 5722.012547734501 37282.802978515625 189.494873046875 6398.953715820313 200
stats: users_count 79 323
stats: finish_users_count 75 275
stats: connect 76 1.0966700503700657 0.23327542563074163 72.860107421875 0.700927734375 1.4671967431841564 243
stats: request 460 95.98108918563173 156.74149481364665 1020.887939453125 7.44189453125 104.65986272081241 1394
stats: page 371 120.40975022637296 178.5812118891019 1020.887939453125 7.65185546875 125.99157778311847 1154
stats: error_unknown 11 36
stats: 302 170 678
stats: 200 281 1139
stats: size_rcv 3145123 13117624
stats: 406 9 37
stats: newphase 0 3
stats: size_sent 401522 1635369
stats: connected 2 45
# stats: dump at 1449434260
stats: users 63 74
stats: {load,"tsung_controller@ip-172-30-3-165"} 1 0.01171875 0.0 0.05078125 0.01171875 0.025923295454545456 11
stats: {freemem,"tsung_controller@ip-172-30-3-165"} 1 29439.8671875 0.0 29458.8125 29439.8671875 29453.719105113636 11
stats: {recvpackets,"tsung_controller@ip-172-30-3-165"} 1 3056.0 0.0 3056 69 954.6 10
stats: {sentpackets,"tsung_controller@ip-172-30-3-165"} 1 2177.0 0.0 2177 62 627.9 10
stats: {cpu,"tsung_controller@ip-172-30-3-165"} 1 2.4584057611124908 0.0 2.4584057611124908 0.14892032762472077 0.31199295653083686 11
stats: session 71 5929.032364106514 4542.506736394185 37282.802978515625 189.494873046875 6112.502755681819 275
stats: users_count 86 409
stats: finish_users_count 71 346
stats: connect 88 1.0984275124289766 0.23573481211083241 72.860107421875 0.697021484375 1.3789207912911443 319
stats: error_unknown 5 41
stats: request 516 96.67588155583817 166.3403276261331 1068.086181640625 7.41796875 102.50655321370178 1854
stats: page 431 115.53528710031179 186.0555062579284 1068.086181640625 7.65185546875 124.63363809554302 1525
stats: 302 173 851
stats: 200 332 1471
stats: size_rcv 3631398 16749022
stats: 406 11 48
stats: newphase 0 3
stats: size_sent 454420 2089789
stats: connected 19 64
# stats: dump at 1449434270
stats: users 99 100
stats: {load,"tsung_controller@ip-172-30-3-165"} 1 0.01171875 0.0 0.05078125 0.01171875 0.024739583333333332 12
stats: {freemem,"tsung_controller@ip-172-30-3-165"} 1 29439.70703125 0.0 29458.8125 29439.70703125 29452.564778645832 12
stats: {recvpackets,"tsung_controller@ip-172-30-3-165"} 1 4104.0 0.0 4104 69 1145.6363636363637 11
stats: {sentpackets,"tsung_controller@ip-172-30-3-165"} 1 2841.0 0.0 2841 62 768.7272727272727 11
stats: {cpu,"tsung_controller@ip-172-30-3-165"} 1 2.157470551766894 0.0 2.4584057611124908 0.14892032762472077 0.4908606902459747 12
stats: session 79 7671.452849955498 7510.065903344247 37937.111083984375 119.367919921875 6074.854207121568 346
stats: users_count 115 524
stats: finish_users_count 79 425
stats: request 582 89.25327198775771 150.1377112638588 1068.086181640625 7.41796875 101.23709052363527 2370
stats: connect 111 1.1018990181587842 0.31994709160871676 72.860107421875 0.683837890625 1.3182735958614864 407
stats: page 505 102.96583723313738 166.08646471083247 1068.086181640625 7.43896484375 122.62883785068378 1956
stats: error_unknown 13 54
stats: 302 188 1039
stats: 200 378 1849
stats: size_rcv 4162155 20911177
stats: 406 16 64
stats: newphase 1 4
stats: size_sent 499276 2589065
stats: connected 34 98
# stats: dump at 1449434280
stats: users 129 129
stats: {load,"tsung_controller@ip-172-30-3-165"} 1 0.01171875 0.0 0.05078125 0.01171875 0.023737980769230768 13
stats: {freemem,"tsung_controller@ip-172-30-3-165"} 1 29432.0703125 0.0 29458.8125 29432.0703125 29451.575721153848 13
stats: {recvpackets,"tsung_controller@ip-172-30-3-165"} 1 4096.0 0.0 4104 69 1392.1666666666667 12
stats: {sentpackets,"tsung_controller@ip-172-30-3-165"} 1 2888.0 0.0 2888 62 941.4166666666666 12
stats: {cpu,"tsung_controller@ip-172-30-3-165"} 1 1.005711447727837 0.0 2.4584057611124908 0.14892032762472077 0.6190614488245069 13
stats: session 136 5908.177217371323 5254.013347995135 37937.111083984375 119.367919921875 6371.633719554228 425
stats: users_count 166 690
stats: finish_users_count 136 561
stats: request 932 105.98543695932806 195.91712700381763 1330.970947265625 7.41796875 98.87442711310656 2952
stats: page 768 128.30673535664894 217.84727007516364 1330.970947265625 7.43896484375 118.59396775240629 2461
stats: connect 167 1.0671021238772465 0.21659346014303046 72.860107421875 0.683837890625 1.271907614925193 518
stats: error_unknown 20 74
stats: 302 333 1372
stats: 200 577 2426
stats: size_rcv 6488785 27399962
stats: 406 22 86
stats: newphase 0 4
stats: size_sent 821815 3410880
stats: connected 29 127
# stats: dump at 1449434290
stats: users 144 154
stats: {load,"tsung_controller@ip-172-30-3-165"} 1 0.078125 0.0 0.078125 0.01171875 0.022879464285714284 14
stats: {freemem,"tsung_controller@ip-172-30-3-165"} 1 29425.51171875 0.0 29458.8125 29425.51171875 29450.182477678572 14
stats: {recvpackets,"tsung_controller@ip-172-30-3-165"} 1 6288.0 0.0 6288 69 1600.1538461538462 13
stats: {sentpackets,"tsung_controller@ip-172-30-3-165"} 1 4352.0 0.0 4352 62 1091.1538461538462 13
stats: {cpu,"tsung_controller@ip-172-30-3-165"} 1 1.404075546719682 0.0 2.4584057611124908 0.14892032762472077 0.6466793058890304 14
stats: session 182 7473.657320462742 7759.356874211638 46601.89794921875 119.367919921875 6259.280628115948 561
stats: users_count 197 887
stats: finish_users_count 182 743
stats: request 1187 149.3436706080192 279.47829389232714 1457.52294921875 7.41796875 100.58077654067567 3884
stats: connect 198 1.0867919921875007 0.24332953320396536 72.860107421875 0.680908203125 1.2219769331660588 685
stats: page 998 177.75092249929543 310.5389935626047 1556.448974609375 7.43896484375 120.90409643622739 3229
stats: error_unknown 23 97
stats: 302 389 1761
stats: 200 764 3190
stats: size_rcv 8463474 35863436
stats: 406 34 120
stats: newphase 0 4
stats: size_sent 1043329 4454209
stats: connected 21 148
# stats: dump at 1449434300
stats: users 148 154
stats: {load,"tsung_controller@ip-172-30-3-165"} 1 0.0703125 0.0 0.078125 0.01171875 0.0265625 15
stats: {freemem,"tsung_controller@ip-172-30-3-165"} 1 29415.8359375 0.0 29458.8125 29415.8359375 29448.537760416668 15
stats: {recvpackets,"tsung_controller@ip-172-30-3-165"} 1 7854.0 0.0 7854 69 1935.0 14
stats: {sentpackets,"tsung_controller@ip-172-30-3-165"} 1 5349.0 0.0 5349 62 1324.0714285714287 14
stats: {cpu,"tsung_controller@ip-172-30-3-165"} 1 1.675977653631285 0.0 2.4584057611124908 0.14892032762472077 0.6971723886110739 15
stats: session 138 8405.604656717049 7266.781022514446 46601.89794921875 119.367919921875 6556.745712916912 743
stats: users_count 142 1029
stats: finish_users_count 138 881
stats: connect 143 1.0912078644012237 0.35215215467698746 72.860107421875 0.680908203125 1.1916636621425543 883
stats: request 911 155.23983051119993 312.6600989033044 1733.36181640625 7.41796875 111.99500554046601 5071
stats: page 763 185.60460865825678 342.28887240386786 1733.36181640625 7.43896484375 134.32570334678854 4227
stats: error_unknown 20 117
stats: 302 321 2082
stats: 200 572 3762
stats: size_rcv 6681937 42545373
stats: 406 18 138
stats: newphase 1 5
stats: size_sent 808587 5262796
stats: connected -1 147
# stats: dump at 1449434310
stats: users 175 175
stats: {load,"tsung_controller@ip-172-30-3-165"} 1 0.12890625 0.0 0.12890625 0.01171875 0.029296875 16
stats: {freemem,"tsung_controller@ip-172-30-3-165"} 1 29414.90234375 0.0 29458.8125 29414.90234375 29446.493896484375 16
stats: {recvpackets,"tsung_controller@ip-172-30-3-165"} 1 6205.0 0.0 7854 69 2329.6 15
stats: {sentpackets,"tsung_controller@ip-172-30-3-165"} 1 4183.0 0.0 5349 62 1592.4 15
stats: {cpu,"tsung_controller@ip-172-30-3-165"} 1 1.1937329022631187 0.0 2.4584057611124908 0.14892032762472077 0.7583477176748371 16
stats: session 183 7405.5609070824785 7694.7706352086925 46601.89794921875 119.367919921875 6846.351313648375 881
stats: users_count 210 1239
stats: finish_users_count 183 1064
stats: request 1150 109.13359205163042 206.95855427185768 1733.36181640625 7.191162109375 118.5807687548322 5982
stats: connect 208 1.0822730431189893 0.28109234380089415 72.860107421875 0.672119140625 1.1776625129446885 1026
stats: page 978 128.12792544374645 229.0929513694537 1733.36181640625 7.191162109375 142.16654598259018 4990
stats: error_unknown 37 154
stats: 302 401 2483
stats: 200 722 4484
stats: size_rcv 7763630 50309003
stats: 406 27 165
stats: newphase 0 5
stats: size_sent 1011784 6274580
stats: connected 24 171
# stats: dump at 1449434320
stats: users 202 208
stats: {load,"tsung_controller@ip-172-30-3-165"} 1 0.109375 0.0 0.12890625 0.01171875 0.03515625 17
stats: {freemem,"tsung_controller@ip-172-30-3-165"} 1 29415.56640625 0.0 29458.8125 29414.90234375 29444.63556985294 17
stats: {recvpackets,"tsung_controller@ip-172-30-3-165"} 1 7629.0 0.0 7854 69 2571.8125 16
stats: {sentpackets,"tsung_controller@ip-172-30-3-165"} 1 5406.0 0.0 5406 62 1754.3125 16
stats: {cpu,"tsung_controller@ip-172-30-3-165"} 1 1.8114143920595533 0.0 2.4584057611124908 0.14892032762472077 0.7839586108859125 17
stats: session 157 9303.807754030657 7852.09579895837 46601.89794921875 119.367919921875 6942.531159135632 1064
stats: users_count 184 1423
stats: finish_users_count 157 1221
stats: connect 187 1.079874456885027 0.2295123213856526 72.860107421875 0.6640625 1.161583898905997 1234
stats: request 1129 306.1827214175985 793.8340649232492 4715.61083984375 7.191162109375 117.05745787307644 7132
stats: page 958 358.8520586814163 861.6928486286082 4715.61083984375 7.191162109375 139.8659811556818 5968
stats: error_unknown 23 177
stats: 302 399 2882
stats: 200 702 5186
stats: size_rcv 7767090 58076093
stats: 406 28 193
stats: newphase 0 5
stats: size_sent 1050109 7324689
stats: connected 31 202
# stats: dump at 1449434330
stats: users 228 235
stats: {load,"tsung_controller@ip-172-30-3-165"} 1 0.08984375 0.0 0.12890625 0.01171875 0.03927951388888889 18
stats: {freemem,"tsung_controller@ip-172-30-3-165"} 1 29407.05078125 0.0 29458.8125 29407.05078125 29443.020616319445 18
stats: {recvpackets,"tsung_controller@ip-172-30-3-165"} 1 7369.0 0.0 7854 69 2869.294117647059 17
stats: {sentpackets,"tsung_controller@ip-172-30-3-165"} 1 4984.0 0.0 5406 62 1969.1176470588234 17
stats: {cpu,"tsung_controller@ip-172-30-3-165"} 1 1.749596724159325 0.0 2.4584057611124908 0.14892032762472077 0.8410394876177815 18
stats: session 169 10618.483534231695 7391.837545535185 46601.89794921875 119.367919921875 7246.15149115735 1221
stats: users_count 195 1618
stats: finish_users_count 169 1390
stats: request 1134 688.3976757984733 1676.9013301231612 7765.197998046875 7.191162109375 142.90450091166323 8261
stats: connect 197 1.0661844166402283 0.26165909089297007 72.860107421875 0.656982421875 1.1508311433409573 1421
stats: page 945 825.664762369792 1816.3916015325765 7765.197998046875 7.191162109375 170.1559988094002 6926
stats: error_unknown 22 199
stats: 302 390 3272
stats: 200 715 5901
stats: size_rcv 8175395 66251488
stats: 406 29 222
stats: newphase 0 5
stats: size_sent 1002452 8327141
stats: connected 30 232
# stats: dump at 1449434340
stats: users 399 400
stats: {load,"tsung_controller@ip-172-30-3-165"} 1 0.078125 0.0 0.12890625 0.01171875 0.04194078947368421 19
stats: {freemem,"tsung_controller@ip-172-30-3-165"} 1 29402.33984375 0.0 29458.8125 29402.33984375 29441.127467105263 19
stats: {recvpackets,"tsung_controller@ip-172-30-3-165"} 1 7965.0 0.0 7965 69 3119.277777777778 18
stats: {sentpackets,"tsung_controller@ip-172-30-3-165"} 1 5259.0 0.0 5406 62 2136.6111111111113 18
stats: {cpu,"tsung_controller@ip-172-30-3-165"} 1 1.771555996035679 0.0 2.4584057611124908 0.14892032762472077 0.8888582895410206 19
stats: session 195 10757.828730969555 10225.913283594205 50812.9130859375 119.367919921875 7656.168840279339 1390
stats: users_count 366 1984
stats: finish_users_count 195 1585
stats: request 1516 528.4832494730697 1539.5950282821118 8600.7099609375 7.191162109375 208.74689157921435 9395
stats: connect 363 1.050814878185263 0.24789697215529757 72.860107421875 0.64306640625 1.1405249596820923 1618
stats: page 1312 607.6239320708462 1651.2540000828594 8600.7099609375 7.191162109375 248.85702556134663 7871
stats: error_unknown 46 245
stats: 302 526 3798
stats: 200 955 6856
stats: size_rcv 9429141 75680629
stats: 406 35 257
stats: newphase 1 6
stats: size_sent 1325131 9652272
stats: connected 166 398
# stats: dump at 1449434350
stats: users 631 631
stats: {load,"tsung_controller@ip-172-30-3-165"} 1 0.0703125 0.0 0.12890625 0.01171875 0.04375 20
stats: {freemem,"tsung_controller@ip-172-30-3-165"} 1 29378.15234375 0.0 29458.8125 29378.15234375 29439.1880859375 20
stats: {recvpackets,"tsung_controller@ip-172-30-3-165"} 1 9732.0 0.0 9732 69 3374.315789473684 19
stats: {sentpackets,"tsung_controller@ip-172-30-3-165"} 1 7356.0 0.0 7356 62 2300.9473684210525 19
stats: {cpu,"tsung_controller@ip-172-30-3-165"} 1 2.609019754006709 0.0 2.609019754006709 0.14892032762472077 0.9329931748657536 20
stats: session 150 11157.131367187509 9130.440826287058 50812.9130859375 119.367919921875 8037.761066578766 1585
stats: users_count 382 2366
stats: finish_users_count 150 1735
stats: connect 375 1.068580078125001 0.3246596227883089 72.860107421875 0.635009765625 1.1240864137036224 1981
stats: page 1094 1158.3421916508375 2801.833093400634 15331.84912109375 7.191162109375 300.11502200482516 9183
stats: request 1232 1048.059040020038 2652.0525040307944 15331.84912109375 7.191162109375 253.1718130866 10911
stats: error_unknown 44 289
stats: 302 374 4172
stats: 200 825 7681
stats: size_rcv 7745835 83426464
stats: 406 24 281
stats: newphase 0 6
stats: size_sent 1165846 10818118
stats: connected 223 621
stats: 500 9 9
# stats: dump at 1449434360
stats: users 822 822
stats: {load,"tsung_controller@ip-172-30-3-165"} 1 0.05859375 0.0 0.12890625 0.01171875 0.04501488095238095 21
stats: {freemem,"tsung_controller@ip-172-30-3-165"} 1 29349.27734375 0.0 29458.8125 29349.27734375 29436.28162202381 21
stats: {recvpackets,"tsung_controller@ip-172-30-3-165"} 1 8078.0 0.0 9732 69 3692.2 20
stats: {sentpackets,"tsung_controller@ip-172-30-3-165"} 1 6103.0 0.0 7356 62 2553.7 20
stats: {cpu,"tsung_controller@ip-172-30-3-165"} 1 2.3351136504782017 0.0 2.609019754006709 0.14892032762472077 1.0128039643486564 21
stats: session 184 15750.791722836702 10443.529161555687 73562.13305664063 119.367919921875 8307.447259714969 1735
stats: users_count 375 2741
stats: finish_users_count 184 1919
stats: connect 384 1.0589752197265634 0.22896943259885869 72.860107421875 0.635009765625 1.1152515767588078 2356
stats: request 1386 2809.7710027873613 4841.3986670875165 21750.9150390625 5.036865234375 333.8191871771868 12143
stats: page 1173 3252.9705314148396 5161.5702473683905 21750.9150390625 5.036865234375 391.4744190655178 10277
stats: error_unknown 52 341
stats: 401 3 3
stats: 302 426 4598
stats: 200 841 8522
stats: size_rcv 8671300 92097764
stats: 406 26 307
stats: newphase 0 6
stats: size_sent 1270490 12088608
stats: connected 200 821
stats: 500 90 99
# stats: dump at 1449434370
stats: users 1076 1077
stats: {load,"tsung_controller@ip-172-30-3-165"} 1 0.05078125 0.0 0.12890625 0.01171875 0.04563210227272727 22
stats: {freemem,"tsung_controller@ip-172-30-3-165"} 1 29324.1171875 0.0 29458.8125 29324.1171875 29432.326882102272 22
stats: {recvpackets,"tsung_controller@ip-172-30-3-165"} 1 9117.0 0.0 9732 69 3901.0476190476193 21
stats: {sentpackets,"tsung_controller@ip-172-30-3-165"} 1 6667.0 0.0 7356 62 2722.714285714286 21
stats: {cpu,"tsung_controller@ip-172-30-3-165"} 1 2.6054590570719602 0.0 2.609019754006709 0.14892032762472077 1.0729089500818176 22
stats: session 184 22029.534122632907 9758.26698158187 73562.13305664063 119.367919921875 9021.139485465046 1919
stats: users_count 438 3179
stats: finish_users_count 184 2103
stats: request 1377 4102.4681822888315 6434.003511918374 26972.64892578125 5.036865234375 587.4720230435258 13529
stats: connect 438 1.084678336365582 0.26302515489594686 72.860107421875 0.635009765625 1.1073646712477196 2740
stats: page 1132 4884.809061326744 6892.13836276173 26972.64892578125 5.036865234375 684.6215753786842 11450
stats: error_unknown 33 374
stats: 401 3 6
stats: 302 413 5011
stats: 200 817 9339
stats: size_rcv 8650373 100748137
stats: 406 22 329
stats: newphase 1 7
stats: size_sent 1210023 13298631
stats: connected 255 1076
stats: 500 122 221
# stats: dump at 1449434380
stats: users 1399 1399
stats: {load,"tsung_controller@ip-172-30-3-165"} 1 0.0390625 0.0 0.12890625 0.01171875 0.04585597826086957 23
stats: {freemem,"tsung_controller@ip-172-30-3-165"} 1 29291.7890625 0.0 29458.8125 29291.7890625 29427.62211277174 23
stats: {recvpackets,"tsung_controller@ip-172-30-3-165"} 1 10299.0 0.0 10299 69 4138.136363636364 22
stats: {sentpackets,"tsung_controller@ip-172-30-3-165"} 1 7441.0 0.0 7441 62 2902.0 22
stats: {cpu,"tsung_controller@ip-172-30-3-165"} 1 2.703373015873016 0.0 2.703373015873016 0.14892032762472077 1.1395415634292152 23
stats: session 188 24240.704045721814 12788.002244827068 73562.13305664063 119.367919921875 10159.296695754576 2103
stats: users_count 511 3690
stats: finish_users_count 188 2291
stats: request 1556 4528.125817149345 6994.634640922643 30509.177978515625 5.036865234375 912.1835292343742 14906
stats: connect 510 1.105171472886028 0.7552537092391076 72.860107421875 0.635009765625 1.1042379831802633 3178
stats: page 1318 5329.867401632446 7522.618610094114 30509.177978515625 5.036865234375 1062.5115955736615 12582
stats: error_unknown 46 420
stats: 401 2 8
stats: 302 485 5496
stats: 200 929 10268
stats: size_rcv 9616627 110364764
stats: 406 20 349
stats: newphase 0 7
stats: size_sent 1462285 14760916
stats: connected 321 1397
stats: 500 120 341
# stats: dump at 1449434390
stats: users 1668 1669
stats: {load,"tsung_controller@ip-172-30-3-165"} 1 0.03125 0.0 0.12890625 0.01171875 0.045572916666666664 24
stats: {freemem,"tsung_controller@ip-172-30-3-165"} 1 29260.2265625 0.0 29458.8125 29260.2265625 29421.96240234375 24
stats: {recvpackets,"tsung_controller@ip-172-30-3-165"} 1 9957.0 0.0 10299 69 4406.0 23
stats: {sentpackets,"tsung_controller@ip-172-30-3-165"} 1 7534.0 0.0 7534 62 3099.3478260869565 23
stats: {cpu,"tsung_controller@ip-172-30-3-165"} 1 2.7836460792842055 0.0 2.7836460792842055 0.14892032762472077 1.2047012072810401 24
stats: session 209 28025.504923697303 12611.781108345043 73562.13305664063 119.367919921875 11314.820301950056 2291
stats: users_count 478 4168
stats: finish_users_count 209 2500
stats: request 1477 5642.137726387952 8006.971940657611 36557.616943359375 4.97607421875 1253.9649774178083 16462
stats: connect 456 1.0719631261992877 0.24579451986092107 72.860107421875 0.61279296875 1.1043670720495529 3688
stats: page 1239 6533.923797385743 8434.052861959852 36557.616943359375 4.97607421875 1467.142887112185 13900
stats: error_unknown 43 463
stats: 401 1 9
stats: 302 479 5975
stats: 200 859 11127
stats: size_rcv 8970062 119334826
stats: 406 19 368
stats: newphase 0 7
stats: size_sent 1346457 16107373
stats: connected 255 1652
stats: 500 119 460
# stats: dump at 1449434400
stats: users 1930 1930
stats: {load,"tsung_controller@ip-172-30-3-165"} 1 0.03125 0.0 0.12890625 0.01171875 0.045 25
stats: {freemem,"tsung_controller@ip-172-30-3-165"} 1 29228.73828125 0.0 29458.8125 29228.73828125 29415.49296875 25
stats: {recvpackets,"tsung_controller@ip-172-30-3-165"} 1 10311.0 0.0 10311 69 4637.291666666667 24
stats: {sentpackets,"tsung_controller@ip-172-30-3-165"} 1 7510.0 0.0 7534 62 3284.125 24
stats: {cpu,"tsung_controller@ip-172-30-3-165"} 1 2.64793635007459 0.0 2.7836460792842055 0.14892032762472077 1.2678590021611666 25
stats: session 228 30311.812689530223 14566.775572781344 79261.28491210938 119.367919921875 12711.833536328126 2500
stats: users_count 490 4658
stats: finish_users_count 228 2728
stats: connect 491 1.0903912017884427 0.27683491622860007 72.860107421875 0.60400390625 1.1008013868884232 4144
stats: page 1358 7788.395460530478 9612.924745448143 44162.827880859375 4.97607421875 1881.8163495488675 15139
stats: request 1589 6647.197491789253 9082.754958063151 44162.827880859375 4.97607421875 1615.2633301815579 17939
stats: error_unknown 58 521
stats: 401 6 15
stats: 302 481 6456
stats: 200 924 12051
stats: size_rcv 9720502 129055328
stats: 406 28 396
stats: newphase 0 7
stats: size_sent 1372646 17480019
stats: connected 262 1914
stats: 500 150 610
# stats: dump at 1449434410
stats: users 2290 2290
stats: {load,"tsung_controller@ip-172-30-3-165"} 1 0.1015625 0.0 0.12890625 0.01171875 0.04447115384615385 26
stats: {freemem,"tsung_controller@ip-172-30-3-165"} 1 29197.5390625 0.0 29458.8125 29197.5390625 29408.310096153848 26
stats: {recvpackets,"tsung_controller@ip-172-30-3-165"} 1 10317.0 0.0 10317 69 4864.24 25
stats: {sentpackets,"tsung_controller@ip-172-30-3-165"} 1 7684.0 0.0 7684 62 3453.16 25
stats: {cpu,"tsung_controller@ip-172-30-3-165"} 1 2.990816579796476 0.0 2.990816579796476 0.14892032762472077 1.3209389001578367 26
stats: session 205 33310.114038681364 17025.873837106225 79261.28491210938 119.367919921875 14182.799535935925 2728
stats: users_count 565 5223
stats: finish_users_count 205 2933
stats: request 1529 7622.851617427649 10925.320254376702 55866.64892578125 4.97607421875 2024.7135238928765 19528
stats: connect 564 1.1182735794824896 0.6367892541362213 72.860107421875 0.60400390625 1.0996986035261598 4635
stats: page 1280 8888.392126083389 11541.33628775583 55866.64892578125 4.97607421875 2368.0341123368307 16497
stats: error_unknown 53 574
stats: 401 1 16
stats: 302 475 6931
stats: 200 897 12948
stats: size_rcv 9221350 138276678
stats: 406 19 415
stats: newphase 1 8
stats: size_sent 1408468 18888487
stats: connected 365 2279
stats: 500 138 748
# stats: dump at 1449434420
stats: users 2684 2686
stats: {load,"tsung_controller@ip-172-30-3-165"} 1 0.078125 0.0 0.12890625 0.01171875 0.04658564814814815 27
stats: {freemem,"tsung_controller@ip-172-30-3-165"} 1 29161.265625 0.0 29458.8125 29161.265625 29400.503761574073 27
stats: {recvpackets,"tsung_controller@ip-172-30-3-165"} 1 10490.0 0.0 10490 69 5073.961538461538 26
stats: {sentpackets,"tsung_controller@ip-172-30-3-165"} 1 8015.0 0.0 8015 62 3615.8846153846152 26
stats: {cpu,"tsung_controller@ip-172-30-3-165"} 1 3.090480327665384 0.0 3.090480327665384 0.14892032762472077 1.3827862216259343 27
stats: session 182 36261.24484085252 19935.38029298564 90441.05395507813 119.367919921875 15519.689912022804 2933
stats: users_count 576 5799
stats: finish_users_count 182 3115
stats: request 1463 7925.2278376049335 12380.837771966315 59859.72802734375 4.97607421875 2431.2079506875134 21057
stats: connect 582 1.0988488475891334 0.3283001249152905 72.860107421875 0.60400390625 1.1017136615064196 5199
stats: page 1240 9442.152136033577 13188.715913241023 59859.72802734375 4.97607421875 2837.5204293529523 17777
stats: error_unknown 44 618
stats: 401 3 19
stats: 302 444 7375
stats: 504 1 1
stats: 200 854 13802
stats: size_rcv 8781198 147057876
stats: 406 21 436
stats: newphase 0 8
stats: size_sent 1368465 20256952
stats: connected 399 2678
stats: 500 139 887
# stats: dump at 1449434430
stats: users 3081 3081
stats: {load,"tsung_controller@ip-172-30-3-165"} 1 0.0703125 0.0 0.12890625 0.01171875 0.04771205357142857 28
stats: {freemem,"tsung_controller@ip-172-30-3-165"} 1 29122.32421875 0.0 29458.8125 29122.32421875 29391.959542410714 28
stats: {recvpackets,"tsung_controller@ip-172-30-3-165"} 1 10757.0 0.0 10757 69 5274.555555555556 27
stats: {sentpackets,"tsung_controller@ip-172-30-3-165"} 1 8142.0 0.0 8142 62 3778.814814814815 27
stats: {cpu,"tsung_controller@ip-172-30-3-165"} 1 2.8855721393034823 0.0 3.090480327665384 0.14892032762472077 1.4437752968416289 28
stats: session 162 41009.94489354263 20148.200534458323 101598.0322265625 119.367919921875 16731.556042696 3115
stats: users_count 559 6358
stats: finish_users_count 162 3277
stats: connect 560 1.0808707101004456 0.22797750941782013 72.860107421875 0.592041015625 1.1014252474431327 5781
stats: request 1593 9883.39103021519 14436.282430151085 59994.4951171875 4.97607421875 2788.1240738917845 22520
stats: page 1353 11597.912601084683 15296.832593463403 67186.79614257813 4.97607421875 3268.1742294415035 19017
stats: error_unknown 39 657
stats: 401 1 20
stats: 302 476 7851
stats: 504 6 7
stats: 200 959 14761
stats: size_rcv 9692743 156750619
stats: 406 17 453
stats: newphase 0 8
stats: size_sent 1507723 21764675
stats: connected 390 3068
stats: 500 134 1021
# stats: dump at 1449434440
stats: users 3543 3543
stats: {load,"tsung_controller@ip-172-30-3-165"} 1 0.05859375 0.0 0.12890625 0.01171875 0.04849137931034483 29
stats: {freemem,"tsung_controller@ip-172-30-3-165"} 1 29086.02734375 0.0 29458.8125 29086.02734375 29382.66177262931 29
stats: {recvpackets,"tsung_controller@ip-172-30-3-165"} 1 9803.0 0.0 10757 69 5470.357142857143 28
stats: {sentpackets,"tsung_controller@ip-172-30-3-165"} 1 7543.0 0.0 8142 62 3934.6428571428573 28
stats: {cpu,"tsung_controller@ip-172-30-3-165"} 1 2.689243027888446 0.0 3.090480327665384 0.14892032762472077 1.4934924293403136 29
stats: session 185 45327.13570787583 23043.711826864615 112085.02197265625 119.367919921875 17931.769345667362 3277
stats: users_count 647 7005
stats: finish_users_count 185 3462
stats: connect 636 1.1222864306947715 0.2414733278248312 72.860107421875 0.592041015625 1.0996099910305945 6341
stats: request 1474 11129.17687574203 16657.34715007064 59994.4951171875 4.962158203125 3256.86542757748 24113
stats: page 1240 13054.06499003748 17662.382432261187 67186.79614257813 4.97607421875 3821.4455115639 20370
stats: error_unknown 41 698
stats: 401 3 23
stats: 302 418 8269
stats: 504 32 39
stats: 200 836 15597
stats: size_rcv 8603557 165354176
stats: 406 17 470
stats: newphase 1 9
stats: size_sent 1369296 23133971
stats: connected 460 3528
stats: 500 168 1189
# stats: dump at 1449434450
stats: users 4057 4057
stats: {load,"tsung_controller@ip-172-30-3-165"} 1 0.12109375 0.0 0.12890625 0.01171875 0.048828125 30
stats: {freemem,"tsung_controller@ip-172-30-3-165"} 1 29043.3671875 0.0 29458.8125 29043.3671875 29372.773958333335 30
stats: {recvpackets,"tsung_controller@ip-172-30-3-165"} 1 11019.0 0.0 11019 69 5619.758620689655 29
stats: {sentpackets,"tsung_controller@ip-172-30-3-165"} 1 8523.0 0.0 8523 62 4059.0689655172414 29
stats: {cpu,"tsung_controller@ip-172-30-3-165"} 1 3.185268134876198 0.0 3.185268134876198 0.14892032762472077 1.5333507826252513 30
stats: session 203 46265.870687249866 24781.533315334647 112085.02197265625 119.367919921875 19395.704289921712 3462
stats: users_count 717 7722
stats: finish_users_count 203 3665
stats: request 1615 12972.392153033084 19219.389111866087 59994.4951171875 4.962158203125 3710.3686547863967 25587
stats: error_unknown 56 754
stats: connect 722 1.0862002385950484 0.3687177175788525 72.860107421875 0.592041015625 1.1016770994764047 6977
stats: page 1354 15174.02057254402 20063.06134372381 67186.79614257813 4.97607421875 4351.220992975618 21610
stats: 401 2 25
stats: 302 477 8746
stats: 504 64 103
stats: 200 884 16481
stats: size_rcv 8891153 174245329
stats: 406 14 484
stats: newphase 0 9
stats: size_sent 1423306 24557277
stats: connected 515 4043
stats: 500 174 1363
# stats: dump at 1449434460
stats: users 4599 4599
stats: {load,"tsung_controller@ip-172-30-3-165"} 1 0.1015625 0.0 0.12890625 0.01171875 0.05115927419354839 31
stats: {freemem,"tsung_controller@ip-172-30-3-165"} 1 28993.23828125 0.0 29458.8125 28993.23828125 29362.147933467742 31
stats: {recvpackets,"tsung_controller@ip-172-30-3-165"} 1 11010.0 0.0 11019 69 5799.733333333334 30
stats: {sentpackets,"tsung_controller@ip-172-30-3-165"} 1 8890.0 0.0 8890 62 4207.866666666667 30
stats: {cpu,"tsung_controller@ip-172-30-3-165"} 1 3.247884519661523 0.0 3.247884519661523 0.14892032762472077 1.5866384391494752 31
stats: session 177 51838.69151245807 26189.58804653713 119502.73510742188 119.367919921875 20884.010914384908 3665
stats: users_count 719 8441
stats: finish_users_count 177 3842
stats: request 1710 13865.421950669324 20551.589023088018 59997.89599609375 4.962158203125 4260.260866743914 27202
stats: page 1483 15794.084817054216 21485.038415184117 73973.55590820313 4.97607421875 4989.353314467327 22964
stats: connect 719 1.0780886675286858 0.22225392561389143 72.860107421875 0.592041015625 1.1002257040281205 7699
stats: error_unknown 36 790
stats: 401 4 29
stats: 302 466 9212
stats: 504 102 205
stats: 200 978 17459
stats: size_rcv 9367241 183612570
stats: 406 23 507
stats: newphase 0 9
stats: size_sent 1590084 26147361
stats: connected 539 4582
stats: 500 137 1500
# stats: dump at 1449434470
stats: users 5111 5111
stats: {load,"tsung_controller@ip-172-30-3-165"} 1 0.16015625 0.0 0.16015625 0.01171875 0.052734375 32
stats: {freemem,"tsung_controller@ip-172-30-3-165"} 1 28943.421875 0.0 29458.8125 28943.421875 29350.619506835938 32
stats: {recvpackets,"tsung_controller@ip-172-30-3-165"} 1 10594.0 0.0 11019 69 5967.806451612903 31
stats: {sentpackets,"tsung_controller@ip-172-30-3-165"} 1 8595.0 0.0 8890 62 4358.903225806452 31
stats: {cpu,"tsung_controller@ip-172-30-3-165"} 1 3.129675810473816 0.0 3.247884519661523 0.14892032762472077 1.6385523791654768 32
stats: session 195 59046.6301557492 31912.268775358876 135289.837890625 119.367919921875 22310.085476034816 3842
stats: users_count 707 9148
stats: finish_users_count 195 4037
stats: request 1709 16328.949327749024 22946.28291876705 59997.89599609375 4.614990234375 4828.358039319746 28912
stats: connect 705 1.0853924257535439 0.3550197736087577 72.860107421875 0.592041015625 1.098334930775199 8418
stats: error_unknown 53 843
stats: page 1497 18323.52047177029 23748.05910486067 74617.56909179688 4.97607421875 5644.7882070241385 24447
stats: 401 4 33
stats: 302 452 9664
stats: 504 167 372
stats: 200 922 18381
stats: size_rcv 8934393 192546963
stats: 406 16 523
stats: newphase 0 9
stats: size_sent 1540404 27687765
stats: connected 506 5088
stats: 500 148 1648
# stats: dump at 1449434480
stats: users 5703 5704
stats: {load,"tsung_controller@ip-172-30-3-165"} 1 0.140625 0.0 0.16015625 0.01171875 0.055989583333333336 33
stats: {freemem,"tsung_controller@ip-172-30-3-165"} 1 28897.87109375 0.0 29458.8125 28897.87109375 29338.280184659092 33
stats: {recvpackets,"tsung_controller@ip-172-30-3-165"} 1 10777.0 0.0 11019 69 6112.375 32
stats: {sentpackets,"tsung_controller@ip-172-30-3-165"} 1 8736.0 0.0 8890 62 4491.28125 32
stats: {cpu,"tsung_controller@ip-172-30-3-165"} 1 4.153155400349214 0.0 4.153155400349214 0.14892032762472077 1.683737937689972 33
stats: session 164 67989.57775134576 35197.81284737978 146814.96606445313 119.367919921875 24084.577973568703 4037
stats: users_count 756 9904
stats: finish_users_count 164 4201
stats: connect 752 1.183694068421709 1.3576937804451386 72.860107421875 0.592041015625 1.0973347700780307 9123
stats: page 1394 23011.41858523139 25873.854461001858 79502.98193359375 4.97607421875 6376.366306019088 25944
stats: request 1595 20558.14745527401 25351.932377051464 59997.89599609375 4.614990234375 5470.221809670997 30621
stats: error_unknown 43 886
stats: 401 2 35
stats: 302 370 10034
stats: 504 286 658
stats: 200 781 19162
stats: size_rcv 7661695 200208658
stats: 406 12 535
stats: newphase 1 10
stats: size_sent 1449865 29137630
stats: connected 589 5677
stats: 500 144 1792
# stats: dump at 1449434490
stats: users 6332 6332
stats: {load,"tsung_controller@ip-172-30-3-165"} 1 0.26953125 0.0 0.26953125 0.01171875 0.05847886029411765 34
stats: {freemem,"tsung_controller@ip-172-30-3-165"} 1 28851.41796875 0.0 29458.8125 28851.41796875 29325.32697610294 34
stats: {recvpackets,"tsung_controller@ip-172-30-3-165"} 1 10299.0 0.0 11019 69 6253.727272727273 33
stats: {sentpackets,"tsung_controller@ip-172-30-3-165"} 1 8581.0 0.0 8890 62 4619.909090909091 33
stats: {cpu,"tsung_controller@ip-172-30-3-165"} 1 4.303355369839092 0.0 4.303355369839092 0.14892032762472077 1.7563678630623025 34
stats: session 205 66460.70955721223 36640.02105501188 162747.458984375 119.367919921875 25798.555589268643 4201
stats: users_count 834 10738
stats: finish_users_count 205 4406
stats: request 1756 21718.47654929192 26365.84541386458 60002.244873046875 4.614990234375 6217.218376741297 32216
stats: connect 833 1.120407342624551 0.896622626511895 72.860107421875 0.592041015625 1.1039111946202531 9875
stats: page 1518 24117.82997857092 26896.820289827592 96233.38989257813 4.97607421875 7224.6091503098905 27338
stats: error_unknown 56 942
stats: 401 3 38
stats: 302 422 10456
stats: 504 397 1055
stats: 200 804 19966
stats: size_rcv 7959368 208168026
stats: 406 15 550
stats: newphase 0 10
stats: size_sent 1582766 30720396
stats: connected 628 6305
stats: 500 115 1907
# stats: dump at 1449434500
stats: users 6919 6920
stats: {load,"tsung_controller@ip-172-30-3-165"} 1 0.30078125 0.0 0.30078125 0.01171875 0.06450892857142858 35
stats: {freemem,"tsung_controller@ip-172-30-3-165"} 1 28797.953125 0.0 29458.8125 28797.953125 29311.78671875 35
stats: {recvpackets,"tsung_controller@ip-172-30-3-165"} 1 11456.0 0.0 11456 69 6372.705882352941 34
stats: {sentpackets,"tsung_controller@ip-172-30-3-165"} 1 9598.0 0.0 9598 62 4736.411764705882 34
stats: {cpu,"tsung_controller@ip-172-30-3-165"} 1 4.924572995885799 0.0 4.924572995885799 0.14892032762472077 1.8291389346844966 35
stats: session 182 69827.50176398309 40823.68799948801 162747.458984375 119.367919921875 27690.462435257843 4406
stats: users_count 769 11507
stats: finish_users_count 182 4588
stats: request 1777 25125.471051269247 27512.205039474895 60002.244873046875 4.614990234375 7018.472625858184 33972
stats: connect 772 1.1160376356055706 0.9757501556685202 72.860107421875 0.592041015625 1.1051944679941401 10708
stats: page 1551 27384.615198171035 27837.492735308482 119727.8681640625 4.80810546875 8113.294665187222 28856
stats: error_unknown 57 999
stats: 401 0 38
stats: 302 371 10827
stats: 504 550 1605
stats: 200 717 20683
stats: size_rcv 7175096 215343122
stats: 406 18 568
stats: newphase 0 10
stats: size_sent 1542883 32263279
stats: connected 590 6895
stats: 500 121 2028
# stats: dump at 1449434510
stats: users 7576 7576
stats: {load,"tsung_controller@ip-172-30-3-165"} 1 0.26171875 0.0 0.30078125 0.01171875 0.07107204861111112 36
stats: {freemem,"tsung_controller@ip-172-30-3-165"} 1 28752.25390625 0.0 29458.8125 28752.25390625 29297.513563368055 36
stats: {recvpackets,"tsung_controller@ip-172-30-3-165"} 1 9862.0 0.0 11456 69 6517.942857142857 35
stats: {sentpackets,"tsung_controller@ip-172-30-3-165"} 1 8525.0 0.0 9598 62 4875.314285714286 35
stats: {cpu,"tsung_controller@ip-172-30-3-165"} 1 3.391098366787184 0.0 4.924572995885799 0.14892032762472077 1.9151232141623105 36
stats: session 173 74176.62202797603 37702.33216629692 170916.81298828125 119.367919921875 29361.984047687652 4588
stats: users_count 830 12337
stats: finish_users_count 173 4761
stats: request 1882 27054.985121172638 28135.568474897485 60002.244873046875 4.614990234375 7918.529584149478 35749
stats: connect 834 1.0615047024880102 0.2550207430378284 72.860107421875 0.574951171875 1.1059236426802048 11480
stats: error_unknown 66 1065
stats: page 1654 29374.65976804573 28354.549244335216 119727.8681640625 4.80810546875 9096.286020686215 30407
stats: 401 0 38
stats: 302 376 11203
stats: 504 644 2249
stats: 200 745 21428
stats: size_rcv 6843022 222186144
stats: 406 10 578
stats: newphase 1 11
stats: size_sent 1589652 33852931
stats: connected 661 7556
stats: 500 107 2135
# stats: dump at 1449434520
stats: users 8252 8252
stats: {load,"tsung_controller@ip-172-30-3-165"} 1 0.21875 0.0 0.30078125 0.01171875 0.07622466216216217 37
stats: {freemem,"tsung_controller@ip-172-30-3-165"} 1 28693.8984375 0.0 29458.8125 28693.8984375 29282.77681587838 37
stats: {recvpackets,"tsung_controller@ip-172-30-3-165"} 1 10519.0 0.0 11456 69 6610.833333333333 36
stats: {sentpackets,"tsung_controller@ip-172-30-3-165"} 1 9231.0 0.0 9598 62 4976.694444444444 36
stats: {cpu,"tsung_controller@ip-172-30-3-165"} 1 3.8077403245942576 0.0 4.924572995885799 0.14892032762472077 1.9550144345035234 37
stats: session 200 76731.43278930665 39070.97846774202 191068.60620117188 119.367919921875 30990.409246299263 4761
stats: users_count 876 13213
stats: finish_users_count 200 4961
stats: request 2074 28860.292449509747 28374.268439374777 60002.244873046875 4.614990234375 8875.581199059463 37631
stats: connect 878 1.0931340871476363 0.39424760287175437 72.860107421875 0.574951171875 1.1029152460487048 12314
stats: error_unknown 74 1139
stats: page 1798 31077.633632774472 28567.065055635292 119727.8681640625 4.80810546875 10142.430251313228 32061
stats: 401 4 42
stats: 302 389 11592
stats: 504 825 3074
stats: 200 752 22180
stats: size_rcv 7247913 229434057
stats: 406 9 587
stats: newphase 0 11
stats: size_sent 1803898 35656829
stats: connected 682 8238
stats: 500 95 2230
# stats: dump at 1449434530
stats: users 8912 8914
stats: {load,"tsung_controller@ip-172-30-3-165"} 1 0.41015625 0.0 0.41015625 0.01171875 0.07997532894736843 38
stats: {freemem,"tsung_controller@ip-172-30-3-165"} 1 28640.1640625 0.0 29458.8125 28640.1640625 29267.28001644737 38
stats: {recvpackets,"tsung_controller@ip-172-30-3-165"} 1 10321.0 0.0 11456 69 6716.459459459459 37
stats: {sentpackets,"tsung_controller@ip-172-30-3-165"} 1 9094.0 0.0 9598 62 5091.675675675676 37
stats: {cpu,"tsung_controller@ip-172-30-3-165"} 1 3.579474342928661 0.0 4.924572995885799 0.14892032762472077 2.0037703789795955 38
stats: session 155 84337.77325636338 45597.601334015395 200887.75390625 119.367919921875 32834.43357780531 4961
stats: users_count 815 14028
stats: finish_users_count 155 5116
stats: request 1775 33851.81914997806 28202.137486480875 60004.5458984375 0.074951171875 9919.48728477748 39705
stats: connect 822 1.0668716616294112 0.22677276699377788 72.860107421875 0.574951171875 1.1022642562431304 13192
stats: page 1531 36311.213232198636 28470.85708992834 119979.88891601563 0.074951171875 11254.143405271328 33859
stats: error_unknown 55 1194
stats: 401 0 42
stats: 302 281 11873
stats: 504 886 3960
stats: 408 2 2
stats: 200 514 22694
stats: size_rcv 5212425 234646482
stats: 406 6 593
stats: newphase 0 11
stats: size_sent 1505899 37162728
stats: connected 665 8903
stats: 500 85 2315
