# stats: dump at 1449433437
stats: users 4 4
stats: {load,"tsung_controller@ip-172-30-3-165"} 1 0.0 0 0.0 0.0 0 0
stats: {freemem,"tsung_controller@ip-172-30-3-165"} 1 29463.4375 0 29463.4375 29463.4375 0 0
stats: {cpu,"tsung_controller@ip-172-30-3-165"} 1 0.13836485986810368 0 0.13836485986810368 0.13836485986810368 0 0
stats: session 2 1848.2198486328125 582.4019775390625 2430.621826171875 1265.81787109375 0 0
stats: users_count 6 6
stats: finish_users_count 2 2
stats: request 21 86.12869698660714 146.1003415919919 530.162109375 10.382080078125 0 0
stats: connect 6 13.3179931640625 26.843535463777012 73.340087890625 0.97900390625 0 0
stats: page 17 106.41034294577206 156.77755330968557 530.162109375 10.382080078125 0 0
stats: 302 8 8
stats: 200 13 13
stats: size_rcv 114972 114972
stats: size_sent 16006 16006
stats: connected 4 4
# stats: dump at 1449433447
stats: users 9 11
stats: {load,"tsung_controller@ip-172-30-3-165"} 1 0.0 0.0 0.0 0.0 0.0 1
stats: {freemem,"tsung_controller@ip-172-30-3-165"} 1 29462.15234375 0.0 29463.4375 29462.15234375 29463.4375 1
stats: {recvpackets,"tsung_controller@ip-172-30-3-165"} 1 143 0 143 143 0 0
stats: {sentpackets,"tsung_controller@ip-172-30-3-165"} 1 102 0 102 102 0 0
stats: {cpu,"tsung_controller@ip-172-30-3-165"} 1 0.24826216484607747 0.0 0.24826216484607747 0.13836485986810368 0.13836485986810368 1
stats: session 9 4055.6671006944443 3697.2312983313313 12865.9560546875 159.697021484375 1848.2198486328125 2
stats: users_count 14 20
stats: finish_users_count 9 11
stats: request 54 96.68272569444444 146.85460734100693 536.381103515625 9.512939453125 86.12869698660714 21
stats: error_unknown 3 3
stats: connect 14 1.261962890625 0.24358375035918894 73.340087890625 0.8681640625 13.3179931640625 6
stats: page 45 116.03346896701389 157.30233611086896 536.381103515625 9.534912109375 106.41034294577206 17
stats: 302 18 26
stats: 200 36 49
stats: size_rcv 337928 452900
stats: size_sent 45234 61240
stats: connected 7 11
# stats: dump at 1449433457
stats: users 9 11
stats: {load,"tsung_controller@ip-172-30-3-165"} 1 0.0 0.0 0.0 0.0 0.0 2
stats: {freemem,"tsung_controller@ip-172-30-3-165"} 1 29459.3984375 0.0 29463.4375 29459.3984375 29462.794921875 2
stats: {recvpackets,"tsung_controller@ip-172-30-3-165"} 1 439.0 0.0 439 143 143.0 1
stats: {sentpackets,"tsung_controller@ip-172-30-3-165"} 1 290.0 0.0 290 102 102.0 1
stats: {cpu,"tsung_controller@ip-172-30-3-165"} 1 0.1862428606903402 0.0 0.24826216484607747 0.13836485986810368 0.19331351235709057 2
stats: session 8 9171.590087890625 6611.548859683975 24455.376953125 159.697021484375 3654.313054865057 11
stats: users_count 8 28
stats: finish_users_count 8 19
stats: request 68 97.73344511144302 160.21510781905957 568.861083984375 8.162841796875 93.72759765625 75
stats: connect 8 1.25921630859375 0.21846458855126252 73.340087890625 0.8681640625 4.87877197265625 20
stats: page 52 127.82342529296876 176.03718091561512 568.861083984375 9.4130859375 113.39486989667338 62
stats: error_unknown 0 3
stats: 302 24 50
stats: 200 43 92
stats: size_rcv 464679 917579
stats: 406 1 1
stats: size_sent 61192 122432
stats: connected -2 9
# stats: dump at 1449433467
stats: users 10 11
stats: {load,"tsung_controller@ip-172-30-3-165"} 1 0.0 0.0 0.0 0.0 0.0 3
stats: {freemem,"tsung_controller@ip-172-30-3-165"} 1 29458.546875 0.0 29463.4375 29458.546875 29461.662760416668 3
stats: {recvpackets,"tsung_controller@ip-172-30-3-165"} 1 410.0 0.0 439 143 291.0 2
stats: {sentpackets,"tsung_controller@ip-172-30-3-165"} 1 263.0 0.0 290 102 196.0 2
stats: {cpu,"tsung_controller@ip-172-30-3-165"} 1 0.1861966236345581 0.0 0.24826216484607747 0.13836485986810368 0.19095662846817377 3
stats: session 10 10658.636596679688 8116.9273109160295 24455.376953125 159.697021484375 5977.377068770559 19
stats: users_count 11 39
stats: finish_users_count 10 29
stats: request 47 62.441629612699465 95.7306346833114 568.861083984375 8.162841796875 95.6324761664117 143
stats: page 38 77.24375513980262 125.69622268107665 568.861083984375 9.4130859375 119.97631621779057 114
stats: connect 9 1.2701551649305556 0.267179642230513 73.340087890625 0.85888671875 3.8446132114955356 28
stats: error_unknown 1 4
stats: 302 13 63
stats: 200 33 125
stats: size_rcv 264235 1181814
stats: 406 1 2
stats: newphase 1 1
stats: size_sent 40148 162580
stats: connected 1 10
# stats: dump at 1449433477
stats: users 21 21
stats: {load,"tsung_controller@ip-172-30-3-165"} 1 0.0 0.0 0.0 0.0 0.0 4
stats: {freemem,"tsung_controller@ip-172-30-3-165"} 1 29457.95703125 0.0 29463.4375 29457.95703125 29460.8837890625 4
stats: {recvpackets,"tsung_controller@ip-172-30-3-165"} 1 329.0 0.0 439 143 330.6666666666667 3
stats: {sentpackets,"tsung_controller@ip-172-30-3-165"} 1 235.0 0.0 290 102 218.33333333333334 3
stats: {cpu,"tsung_controller@ip-172-30-3-165"} 1 0.1861966236345581 0.0 0.24826216484607747 0.13836485986810368 0.18976662725976987 4
stats: session 21 6115.549281529018 5145.100500398918 26394.9169921875 159.697021484375 7591.6044921875 29
stats: users_count 32 71
stats: finish_users_count 21 50
stats: request 148 104.14423432221284 157.6403964662801 847.328125 7.684814453125 87.42210886101974 190
stats: connect 29 1.2546049973060347 0.24854887316528046 73.340087890625 0.73779296875 3.2183936866554053 37
stats: page 122 125.06940197553791 180.14485650583828 847.328125 8.762939453125 109.29317594829358 152
stats: error_unknown 3 7
stats: 302 55 118
stats: 200 90 215
stats: size_rcv 931161 2112975
stats: 406 3 5
stats: newphase 0 1
stats: size_sent 129423 292003
stats: connected 7 17
# stats: dump at 1449433487
stats: users 15 27
stats: {load,"tsung_controller@ip-172-30-3-165"} 1 0.078125 0.0 0.078125 0.0 0.0 5
stats: {freemem,"tsung_controller@ip-172-30-3-165"} 1 29454.5078125 0.0 29463.4375 29454.5078125 29460.2984375 5
stats: {recvpackets,"tsung_controller@ip-172-30-3-165"} 1 1101.0 0.0 1101 143 330.25 4
stats: {sentpackets,"tsung_controller@ip-172-30-3-165"} 1 710.0 0.0 710 102 222.5 4
stats: {cpu,"tsung_controller@ip-172-30-3-165"} 1 0.33511232468660795 0.0 0.33511232468660795 0.13836485986810368 0.1890526265347275 5
stats: session 24 4806.788645426433 2906.597632431573 26394.9169921875 159.697021484375 6971.661303710937 50
stats: users_count 18 89
stats: finish_users_count 24 74
stats: request 182 113.03272155091001 183.84089893383282 970.556884765625 7.684814453125 94.74422296828772 338
stats: connect 23 1.1883279551630437 0.23090770795145377 73.340087890625 0.73779296875 2.3555168383049243 66
stats: page 153 135.4906891467524 199.8596666535301 970.556884765625 8.762939453125 116.317626953125 274
stats: error_unknown 3 10
stats: 302 63 181
stats: 200 115 330
stats: size_rcv 1300929 3413904
stats: 406 4 9
stats: newphase 0 1
stats: size_sent 168174 460177
stats: connected -2 15
# stats: dump at 1449433497
stats: users 30 30
stats: {load,"tsung_controller@ip-172-30-3-165"} 1 0.0703125 0.0 0.078125 0.0 0.013020833333333334 6
stats: {freemem,"tsung_controller@ip-172-30-3-165"} 1 29454.87109375 0.0 29463.4375 29454.5078125 29459.333333333332 6
stats: {recvpackets,"tsung_controller@ip-172-30-3-165"} 1 1233.0 0.0 1233 143 484.4 5
stats: {sentpackets,"tsung_controller@ip-172-30-3-165"} 1 760.0 0.0 760 102 320.0 5
stats: {cpu,"tsung_controller@ip-172-30-3-165"} 1 0.3103277060575968 0.0 0.33511232468660795 0.13836485986810368 0.21339590956004093 6
stats: session 18 9409.746405707465 8356.363351058695 26569.6220703125 159.697021484375 6269.540441564612 74
stats: users_count 33 122
stats: finish_users_count 18 92
stats: request 130 75.78820988581734 133.6609880381392 970.556884765625 7.684814453125 101.14519747220551 520
stats: connect 32 1.21759033203125 0.43387635789821943 73.340087890625 0.73779296875 2.053883756144663 89
stats: error_unknown 3 13
stats: page 114 85.31477222108006 142.67754688023197 970.556884765625 8.762939453125 123.18760005763318 427
stats: 302 42 223
stats: 200 88 418
stats: size_rcv 807285 4221189
stats: 406 1 10
stats: newphase 1 2
stats: size_sent 106397 566574
stats: connected 14 29
# stats: dump at 1449433507
stats: users 30 40
stats: {load,"tsung_controller@ip-172-30-3-165"} 1 0.05859375 0.0 0.078125 0.0 0.021205357142857144 7
stats: {freemem,"tsung_controller@ip-172-30-3-165"} 1 29454.40625 0.0 29463.4375 29454.40625 29458.695870535714 7
stats: {recvpackets,"tsung_controller@ip-172-30-3-165"} 1 979.0 0.0 1233 143 609.1666666666666 6
stats: {sentpackets,"tsung_controller@ip-172-30-3-165"} 1 681.0 0.0 760 102 393.3333333333333 6
stats: {cpu,"tsung_controller@ip-172-30-3-165"} 1 0.3599801390268123 0.0 0.3599801390268123 0.13836485986810368 0.22724330905969176 7
stats: session 38 7573.35208932977 6731.357938633442 31023.529052734375 159.697021484375 6883.928564983866 92
stats: users_count 38 160
stats: finish_users_count 38 130
stats: request 253 100.60987196609437 157.27393264699543 1071.491943359375 7.684814453125 96.07379995492788 650
stats: error_unknown 3 16
stats: connect 37 1.2480336782094594 0.4217251002366505 73.340087890625 0.73779296875 1.832715247288223 121
stats: page 213 119.37873775858273 178.7312192889455 1071.491943359375 8.401123046875 115.20700417340572 541
stats: 302 89 312
stats: 200 159 577
stats: size_rcv 1613466 5834655
stats: 406 4 14
stats: newphase 0 2
stats: size_sent 227925 794499
stats: connected -1 28
# stats: dump at 1449433517
stats: users 19 40
stats: {load,"tsung_controller@ip-172-30-3-165"} 1 0.05078125 0.0 0.078125 0.0 0.02587890625 8
stats: {freemem,"tsung_controller@ip-172-30-3-165"} 1 29451.890625 0.0 29463.4375 29451.890625 29458.15966796875 8
stats: {recvpackets,"tsung_controller@ip-172-30-3-165"} 1 1674.0 0.0 1674 143 662.0 7
stats: {sentpackets,"tsung_controller@ip-172-30-3-165"} 1 1051.0 0.0 1051 102 434.42857142857144 7
stats: {cpu,"tsung_controller@ip-172-30-3-165"} 1 0.3975155279503106 0.0 0.3975155279503106 0.13836485986810368 0.24383541280558182 8
stats: session 51 7314.929969937194 7844.22669549349 37430.704833984375 159.697021484375 7085.452364408053 130
stats: users_count 40 200
stats: finish_users_count 51 181
stats: request 241 81.39829567557057 124.94984195112983 1071.491943359375 7.684814453125 97.34470385174419 903
stats: connect 41 1.1651283822408536 0.24661889282179358 73.340087890625 0.735107421875 1.6957961456685127 158
stats: page 194 101.94025979582798 144.9831826657675 1071.491943359375 8.401123046875 116.3854912472024 754
stats: error_unknown 11 27
stats: 302 88 400
stats: 200 147 724
stats: size_rcv 1499739 7334394
stats: 406 6 20
stats: newphase 0 2
stats: size_sent 212939 1007438
stats: connected -10 18
# stats: dump at 1449433527
stats: users 48 56
stats: {load,"tsung_controller@ip-172-30-3-165"} 1 0.0390625 0.0 0.078125 0.0 0.028645833333333332 9
stats: {freemem,"tsung_controller@ip-172-30-3-165"} 1 29451.890625 0.0 29463.4375 29451.890625 29457.46310763889 9
stats: {recvpackets,"tsung_controller@ip-172-30-3-165"} 1 1513.0 0.0 1674 143 788.5 8
stats: {sentpackets,"tsung_controller@ip-172-30-3-165"} 1 1006.0 0.0 1051 102 511.5 8
stats: {cpu,"tsung_controller@ip-172-30-3-165"} 1 0.4345127250155183 0.0 0.4345127250155183 0.13836485986810368 0.2609109811549961 9
stats: session 49 4328.9865124760845 4518.522438785676 37430.704833984375 159.697021484375 7150.111800220131 181
stats: users_count 78 278
stats: finish_users_count 49 230
stats: request 321 86.22195425063279 140.585633348657 1071.491943359375 7.684814453125 93.98536436707823 1144
stats: connect 75 1.1769759114583331 0.23723657144253046 73.340087890625 0.735107421875 1.5864625863693467 199
stats: page 269 102.43705891322026 158.9023062196946 1071.491943359375 8.280029296875 113.42939957888316 948
stats: error_unknown 10 37
stats: 302 106 506
stats: 200 207 931
stats: size_rcv 2076452 9410846
stats: 406 8 28
stats: newphase 1 3
stats: size_sent 269076 1276514
stats: connected 30 48
# stats: dump at 1449433537
stats: users 62 69
stats: {load,"tsung_controller@ip-172-30-3-165"} 1 0.0390625 0.0 0.078125 0.0 0.0296875 10
stats: {freemem,"tsung_controller@ip-172-30-3-165"} 1 29447.828125 0.0 29463.4375 29447.828125 29456.905859375 10
stats: {recvpackets,"tsung_controller@ip-172-30-3-165"} 1 2709.0 0.0 2709 143 869.0 9
stats: {sentpackets,"tsung_controller@ip-172-30-3-165"} 1 1808.0 0.0 1808 102 566.4444444444445 9
stats: {cpu,"tsung_controller@ip-172-30-3-165"} 1 0.5840685969926681 0.0 0.5840685969926681 0.13836485986810368 0.27827115554104837 10
stats: session 78 6115.597540439703 5605.02619546072 37430.704833984375 124.508056640625 6549.0894563094425 230
stats: users_count 92 370
stats: finish_users_count 78 308
stats: request 544 98.63030153162337 172.9161156972466 1071.491943359375 7.684814453125 92.28430317432807 1465
stats: connect 93 1.2925539734543008 1.6063881900566772 73.340087890625 0.72607421875 1.4743768176893248 274
stats: page 439 122.51953403064496 197.9390400596564 1177.51806640625 8.280029296875 110.99970390175636 1217
stats: error_unknown 9 46
stats: 302 197 703
stats: 200 336 1267
stats: size_rcv 3571795 12982641
stats: 406 11 39
stats: newphase 0 3
stats: size_sent 478245 1754759
stats: connected 11 59
# stats: dump at 1449433547
stats: users 58 69
stats: {load,"tsung_controller@ip-172-30-3-165"} 1 0.03125 0.0 0.078125 0.0 0.030539772727272728 11
stats: {freemem,"tsung_controller@ip-172-30-3-165"} 1 29443.23046875 0.0 29463.4375 29443.23046875 29456.080610795456 11
stats: {recvpackets,"tsung_controller@ip-172-30-3-165"} 1 3630.0 0.0 3630 143 1053.0 10
stats: {sentpackets,"tsung_controller@ip-172-30-3-165"} 1 2325.0 0.0 2325 102 690.6 10
stats: {cpu,"tsung_controller@ip-172-30-3-165"} 1 0.7331013916500994 0.0 0.7331013916500994 0.13836485986810368 0.30607092294574106 11
stats: session 72 6846.20802476671 5387.794972790654 37430.704833984375 124.508056640625 6439.309036056717 308
stats: users_count 68 438
stats: finish_users_count 72 380
stats: request 446 108.42816353699553 183.571448348699 1071.491943359375 7.684814453125 94.00268202269474 2009
stats: connect 68 1.1904440487132355 0.23521185258153443 73.340087890625 0.721923828125 1.4283018190139645 367
stats: error_unknown 10 56
stats: page 366 132.14138610506316 203.7880413001037 1177.51806640625 8.280029296875 114.05357191297743 1656
stats: 302 157 860
stats: 200 278 1545
stats: size_rcv 3002500 15985141
stats: 406 11 50
stats: newphase 0 3
stats: size_sent 406534 2161293
stats: connected -3 56
# stats: dump at 1449433557
stats: users 84 84
stats: {load,"tsung_controller@ip-172-30-3-165"} 1 0.03125 0.0 0.078125 0.0 0.030598958333333332 12
stats: {freemem,"tsung_controller@ip-172-30-3-165"} 1 29442.54296875 0.0 29463.4375 29442.54296875 29455.009765625 12
stats: {recvpackets,"tsung_controller@ip-172-30-3-165"} 1 3131.0 0.0 3630 143 1287.2727272727273 11
stats: {sentpackets,"tsung_controller@ip-172-30-3-165"} 1 2060.0 0.0 2325 102 839.1818181818181 11
stats: {cpu,"tsung_controller@ip-172-30-3-165"} 1 0.6956521739130435 0.0 0.7331013916500994 0.13836485986810368 0.34165679533777094 12
stats: session 92 6681.219439962636 6925.499954699129 37430.704833984375 124.508056640625 6516.405686549137 380
stats: users_count 118 556
stats: finish_users_count 92 472
stats: connect 117 1.2011197081997866 0.3972651340945386 73.340087890625 0.7080078125 1.391119454920977 435
stats: request 607 86.00060009524299 153.44864823088636 1071.491943359375 7.684814453125 96.62336013079175 2455
stats: page 509 102.11406019769153 172.47744571569345 1177.51806640625 7.847900390625 117.32762730086239 2022
stats: error_unknown 12 68
stats: 302 207 1067
stats: 200 387 1932
stats: size_rcv 3787934 19773075
stats: 406 13 63
stats: newphase 1 4
stats: size_sent 526059 2687352
stats: connected 28 84
# stats: dump at 1449433567
stats: users 103 112
stats: {load,"tsung_controller@ip-172-30-3-165"} 1 0.01953125 0.0 0.078125 0.0 0.03064903846153846 13
stats: {freemem,"tsung_controller@ip-172-30-3-165"} 1 29440.734375 0.0 29463.4375 29440.734375 29454.05078125 13
stats: {recvpackets,"tsung_controller@ip-172-30-3-165"} 1 4510.0 0.0 4510 143 1440.9166666666667 12
stats: {sentpackets,"tsung_controller@ip-172-30-3-165"} 1 3030.0 0.0 3030 102 940.9166666666666 12
stats: {cpu,"tsung_controller@ip-172-30-3-165"} 1 0.9684628755897691 0.0 0.9684628755897691 0.13836485986810368 0.36888720907433037 13
stats: session 122 5864.439707271388 6037.5842150237895 42040.322021484375 102.861083984375 6548.53040119753 472
stats: users_count 141 697
stats: finish_users_count 122 594
stats: request 825 110.56602805397722 191.17091098130373 1071.491943359375 7.684814453125 94.517541926488 3062
stats: error_unknown 14 82
stats: connect 145 1.116881061422413 0.2339137759653257 73.340087890625 0.68603515625 1.3508477694746377 552
stats: page 672 135.64767819359207 213.4136344985137 1177.51806640625 7.847900390625 114.26808338323538 2531
stats: 302 299 1366
stats: 200 512 2444
stats: size_rcv 5360726 25133801
stats: 406 14 77
stats: newphase 0 4
stats: size_sent 731535 3418887
stats: connected 27 111
# stats: dump at 1449433577
stats: users 114 122
stats: {load,"tsung_controller@ip-172-30-3-165"} 1 0.01953125 0.0 0.078125 0.0 0.029854910714285716 14
stats: {freemem,"tsung_controller@ip-172-30-3-165"} 1 29432.42578125 0.0 29463.4375 29432.42578125 29453.099609375 14
stats: {recvpackets,"tsung_controller@ip-172-30-3-165"} 1 5629.0 0.0 5629 143 1677.0 13
stats: {sentpackets,"tsung_controller@ip-172-30-3-165"} 1 3793.0 0.0 3793 102 1101.6153846153845 13
stats: {cpu,"tsung_controller@ip-172-30-3-165"} 1 1.093983092988563 0.0 1.093983092988563 0.13836485986810368 0.41171404239686177 14
stats: session 152 6076.973613538243 5442.87553414526 42040.322021484375 102.861083984375 6408.026925340646 594
stats: users_count 163 860
stats: finish_users_count 152 746
stats: connect 159 1.165852864583334 0.8269803990012281 73.340087890625 0.68115234375 1.302174637957317 697
stats: request 978 139.7654275406602 247.72398662147816 1308.8349609375 7.684814453125 97.92376807909376 3887
stats: error_unknown 22 104
stats: page 799 171.17685528541543 274.9631446292895 1308.8349609375 7.847900390625 118.75359312802455 3203
stats: 302 357 1723
stats: 200 600 3044
stats: size_rcv 6600571 31734372
stats: 406 21 98
stats: newphase 0 4
stats: size_sent 868825 4287712
stats: connected 6 117
# stats: dump at 1449433587
stats: users 140 140
stats: {load,"tsung_controller@ip-172-30-3-165"} 1 0.01953125 0.0 0.078125 0.0 0.029166666666666667 15
stats: {freemem,"tsung_controller@ip-172-30-3-165"} 1 29417.65234375 0.0 29463.4375 29417.65234375 29451.721354166668 15
stats: {recvpackets,"tsung_controller@ip-172-30-3-165"} 1 7150.0 0.0 7150 143 1959.2857142857142 14
stats: {sentpackets,"tsung_controller@ip-172-30-3-165"} 1 4594.0 0.0 4594 102 1293.857142857143 14
stats: {cpu,"tsung_controller@ip-172-30-3-165"} 1 1.2433171702101207 0.0 1.2433171702101207 0.13836485986810368 0.45719864576964186 15
stats: session 153 6868.259928385417 6708.130466912442 42040.322021484375 102.861083984375 6340.573703632917 746
stats: users_count 179 1039
stats: finish_users_count 153 899
stats: connect 180 1.1088148328993055 0.22723217017528094 73.340087890625 0.6669921875 1.276853187061916 856
stats: page 823 146.13260128721143 241.93986408643187 1308.8349609375 7.847900390625 129.21990658723377 4002
stats: request 1003 119.97161153258965 218.56871236385152 1308.8349609375 7.684814453125 106.33510270466662 4865
stats: error_unknown 25 129
stats: 302 376 2099
stats: 200 608 3652
stats: size_rcv 6559684 38294056
stats: 406 19 117
stats: newphase 1 5
stats: size_sent 893900 5181612
stats: connected 22 139
# stats: dump at 1449433597
stats: users 144 165
stats: {load,"tsung_controller@ip-172-30-3-165"} 1 0.01171875 0.0 0.078125 0.0 0.028564453125 16
stats: {freemem,"tsung_controller@ip-172-30-3-165"} 1 29416.0703125 0.0 29463.4375 29416.0703125 29449.592041015625 16
stats: {recvpackets,"tsung_controller@ip-172-30-3-165"} 1 7065.0 0.0 7150 143 2305.3333333333335 15
stats: {sentpackets,"tsung_controller@ip-172-30-3-165"} 1 4738.0 0.0 4738 102 1513.8666666666666 15
stats: {cpu,"tsung_controller@ip-172-30-3-165"} 1 1.3932081104615002 0.0 1.3932081104615002 0.13836485986810368 0.5063310535471718 16
stats: session 188 7103.794789415723 6538.846435495708 42040.322021484375 102.861083984375 6430.380146777669 899
stats: users_count 192 1231
stats: finish_users_count 188 1087
stats: request 1204 217.79919352483898 443.4257776371732 2107.5400390625 7.684814453125 108.66595109498816 5868
stats: connect 192 1.172009785970051 0.22711245439521763 73.340087890625 0.6669921875 1.24765733402208 1036
stats: page 968 270.93944328875557 488.554049546723 2148.380126953125 7.847900390625 132.10470404590353 4825
stats: error_unknown 25 154
stats: 302 445 2544
stats: 200 731 4383
stats: size_rcv 7887850 46181906
stats: 406 28 145
stats: newphase 0 5
stats: size_sent 1067530 6249142
stats: connected 2 141
# stats: dump at 1449433607
stats: users 164 165
stats: {load,"tsung_controller@ip-172-30-3-165"} 1 0.01171875 0.0 0.078125 0.0 0.027573529411764705 17
stats: {freemem,"tsung_controller@ip-172-30-3-165"} 1 29414.94921875 0.0 29463.4375 29414.94921875 29447.620174632353 17
stats: {recvpackets,"tsung_controller@ip-172-30-3-165"} 1 8487.0 0.0 8487 143 2602.8125 16
stats: {sentpackets,"tsung_controller@ip-172-30-3-165"} 1 5467.0 0.0 5467 102 1715.375 16
stats: {cpu,"tsung_controller@ip-172-30-3-165"} 1 1.479731410096991 0.0 1.479731410096991 0.13836485986810368 0.5585002921891912 17
stats: session 175 8013.596138392856 8383.004240986635 51807.050048828125 102.861083984375 6546.849284602835 1087
stats: users_count 195 1426
stats: finish_users_count 175 1262
stats: connect 193 1.2509993320919692 0.7841032448647252 73.340087890625 0.6669921875 1.2358297043592221 1228
stats: page 939 225.72092542556922 401.52062287331495 2148.380126953125 7.847900390625 155.3037421241153 5793
stats: request 1125 188.51859201388893 363.9975702625 2107.5400390625 7.684814453125 127.24576216477611 7072
stats: error_unknown 19 173
stats: 302 389 2933
stats: 200 710 5093
stats: size_rcv 7510133 53692039
stats: 406 26 171
stats: newphase 0 5
stats: size_sent 1003040 7252182
stats: connected 20 161
# stats: dump at 1449433617
stats: users 221 221
stats: {load,"tsung_controller@ip-172-30-3-165"} 1 0.01171875 0.0 0.078125 0.0 0.026692708333333332 18
stats: {freemem,"tsung_controller@ip-172-30-3-165"} 1 29413.86328125 0.0 29463.4375 29413.86328125 29445.805121527777 18
stats: {recvpackets,"tsung_controller@ip-172-30-3-165"} 1 8345.0 0.0 8487 143 2948.9411764705883 17
stats: {sentpackets,"tsung_controller@ip-172-30-3-165"} 1 5480.0 0.0 5480 102 1936.0588235294117 17
stats: {cpu,"tsung_controller@ip-172-30-3-165"} 1 1.4832356973700611 0.0 1.4832356973700611 0.13836485986810368 0.6096797987396244 18
stats: session 175 7814.2761328125 6793.438216967118 51807.050048828125 102.861083984375 6750.241280968329 1262
stats: users_count 232 1658
stats: finish_users_count 175 1437
stats: request 1178 425.2515516815445 764.714928252285 4219.5439453125 7.684814453125 135.65517214162762 8197
stats: connect 234 1.2138369307558765 0.2995667802138702 73.340087890625 0.6669921875 1.2378900408493136 1421
stats: page 965 512.8064331687182 855.9604680341395 4219.5439453125 7.847900390625 165.12574674682256 6732
stats: error_unknown 30 203
stats: 302 419 3352
stats: 200 735 5828
stats: size_rcv 7679586 61371625
stats: 406 24 195
stats: newphase 1 6
stats: size_sent 1060608 8312790
stats: connected 58 219
# stats: dump at 1449433627
stats: users 423 423
stats: {load,"tsung_controller@ip-172-30-3-165"} 1 0.08984375 0.0 0.08984375 0.0 0.025904605263157895 19
stats: {freemem,"tsung_controller@ip-172-30-3-165"} 1 29397.64453125 0.0 29463.4375 29397.64453125 29444.123972039473 19
stats: {recvpackets,"tsung_controller@ip-172-30-3-165"} 1 8522.0 0.0 8522 143 3248.722222222222 18
stats: {sentpackets,"tsung_controller@ip-172-30-3-165"} 1 5751.0 0.0 5751 102 2132.9444444444443 18
stats: {cpu,"tsung_controller@ip-172-30-3-165"} 1 2.661691542288557 0.0 2.661691542288557 0.13836485986810368 0.6556564249833317 19
stats: session 164 11141.921234875193 9427.564105569949 51807.050048828125 102.861083984375 6879.821029801126 1437
stats: users_count 366 2024
stats: finish_users_count 164 1601
stats: request 1319 1096.3937110929794 1001.1197771486835 5221.821044921875 7.684814453125 172.0439225520833 9375
stats: connect 359 1.1440878525417824 0.258018354753731 73.340087890625 0.6669921875 1.2344891781533232 1655
stats: page 1128 1241.2330289800109 1148.4434990579873 5745.9580078125 7.847900390625 208.71569898758247 7697
stats: error_unknown 40 243
stats: 302 445 3797
stats: 200 857 6685
stats: size_rcv 8416439 69788064
stats: 406 17 212
stats: newphase 0 6
stats: size_sent 1231135 9543925
stats: connected 194 413
# stats: dump at 1449433637
stats: users 684 685
stats: {load,"tsung_controller@ip-172-30-3-165"} 1 0.0703125 0.0 0.08984375 0.0 0.0291015625 20
stats: {freemem,"tsung_controller@ip-172-30-3-165"} 1 29358.38671875 0.0 29463.4375 29358.38671875 29441.8 20
stats: {recvpackets,"tsung_controller@ip-172-30-3-165"} 1 9585.0 0.0 9585 143 3526.2631578947367 19
stats: {sentpackets,"tsung_controller@ip-172-30-3-165"} 1 6658.0 0.0 6658 102 2323.3684210526317 19
stats: {cpu,"tsung_controller@ip-172-30-3-165"} 1 3.1491162559123724 0.0 3.1491162559123724 0.13836485986810368 0.7559581808485929 20
stats: session 126 13706.023315429688 7414.826636181268 53368.39501953125 102.861083984375 7316.413430570737 1601
stats: users_count 387 2411
stats: finish_users_count 126 1727
stats: request 1190 2802.5089722705484 1424.0081109215894 8103.10595703125 7.684814453125 286.05340180076877 10694
stats: connect 395 1.1269067691851273 0.5232205531797378 73.340087890625 0.65283203125 1.2183749398740067 2014
stats: page 1013 3154.35503903358 1710.5510743100199 9188.1181640625 7.847900390625 340.6907186172096 8825
stats: error_unknown 33 276
stats: 302 365 4162
stats: 200 811 7496
stats: size_rcv 7868165 77656229
stats: 406 14 226
stats: newphase 0 6
stats: size_sent 1126444 10670369
stats: connected 270 683
# stats: dump at 1449433647
stats: users 931 931
stats: {load,"tsung_controller@ip-172-30-3-165"} 1 0.05859375 0.0 0.08984375 0.0 0.031063988095238096 21
stats: {freemem,"tsung_controller@ip-172-30-3-165"} 1 29327.265625 0.0 29463.4375 29327.265625 29437.827938988095 21
stats: {recvpackets,"tsung_controller@ip-172-30-3-165"} 1 9307.0 0.0 9585 143 3829.2 20
stats: {sentpackets,"tsung_controller@ip-172-30-3-165"} 1 6517.0 0.0 6658 102 2540.1 20
stats: {cpu,"tsung_controller@ip-172-30-3-165"} 1 1.9932727046219012 0.0 3.1491162559123724 0.13836485986810368 0.8699180891849633 21
stats: session 146 19165.645869006836 8165.26892292073 53368.39501953125 17.279052734375 7782.592264092583 1727
stats: users_count 393 2804
stats: finish_users_count 146 1873
stats: request 1325 4159.593964659492 1733.3770204523541 10074.074951171875 1.05712890625 538.0377613479783 11884
stats: connect 391 1.176547389506075 0.9529364650426139 73.340087890625 0.65283203125 1.2033770455518369 2409
stats: page 1112 4640.6427153443265 2321.070538357209 14547.875 1.09716796875 630.4083397375372 9838
stats: error_unknown 36 312
stats: 302 408 4570
stats: 200 821 8317
stats: size_rcv 8226514 85882743
stats: 406 25 251
stats: newphase 0 6
stats: size_sent 1248144 11918513
stats: connected 244 927
stats: 503 71 71
# stats: dump at 1449433657
stats: users 1141 1142
stats: {load,"tsung_controller@ip-172-30-3-165"} 1 0.05078125 0.0 0.08984375 0.0 0.03231534090909091 22
stats: {freemem,"tsung_controller@ip-172-30-3-165"} 1 29286.90625 0.0 29463.4375 29286.90625 29432.802379261364 22
stats: {recvpackets,"tsung_controller@ip-172-30-3-165"} 1 9610.0 0.0 9610 143 4090.0476190476193 21
stats: {sentpackets,"tsung_controller@ip-172-30-3-165"} 1 6768.0 0.0 6768 102 2729.4761904761904 21
stats: {cpu,"tsung_controller@ip-172-30-3-165"} 1 2.0716335954074627 0.0 3.1491162559123724 0.13836485986810368 0.920979662613915 22
stats: session 252 18483.658144027468 10818.37256835312 55649.133056640625 17.279052734375 8669.899165490064 1873
stats: users_count 462 3266
stats: finish_users_count 252 2125
stats: connect 465 1.1236653645833323 0.24760248756949793 73.340087890625 0.65283203125 1.1996304757254466 2800
stats: request 2260 3214.9820939055558 2972.92796600525 11338.4658203125 0.91796875 901.3174925454765 13209
stats: page 1890 3650.3627019004225 3642.078104465676 19454.322998046875 0.930908203125 1037.6577119452768 10950
stats: error_unknown 58 370
stats: 401 2 2
stats: 302 400 4970
stats: 200 849 9166
stats: size_rcv 8897216 94779959
stats: 406 22 273
stats: newphase 1 7
stats: size_sent 1780865 13699378
stats: connected 214 1141
stats: 503 987 1058
# stats: dump at 1449433667
stats: users 1167 1183
stats: {load,"tsung_controller@ip-172-30-3-165"} 1 0.12109375 0.0 0.12109375 0.0 0.03311820652173913 23
stats: {freemem,"tsung_controller@ip-172-30-3-165"} 1 29249.68359375 0.0 29463.4375 29249.68359375 29426.45906929348 23
stats: {recvpackets,"tsung_controller@ip-172-30-3-165"} 1 11954.0 0.0 11954 143 4340.954545454545 22
stats: {sentpackets,"tsung_controller@ip-172-30-3-165"} 1 9419.0 0.0 9419 102 2913.0454545454545 22
stats: {cpu,"tsung_controller@ip-172-30-3-165"} 1 2.9551122194513715 0.0 3.1491162559123724 0.13836485986810368 0.971008094474504 23
stats: session 476 18304.248994202175 13360.187796385679 62414.14892578125 17.279052734375 9833.695524356617 2125
stats: users_count 502 3768
stats: finish_users_count 476 2601
stats: request 3264 2381.683104571177 3346.980696885556 14338.18701171875 0.886962890625 1239.3407648367545 15469
stats: connect 503 1.0993739710176431 0.28090413914779927 73.340087890625 0.65283203125 1.1888115548430322 3265
stats: page 2654 2848.1494404635364 4286.383581814852 23570.7080078125 0.886962890625 1422.2381193452163 12840
stats: error_unknown 75 445
stats: 401 11 13
stats: 302 435 5405
stats: 200 733 9899
stats: size_rcv 8608975 103388934
stats: 406 14 287
stats: newphase 0 7
stats: size_sent 2357721 16057099
stats: connected 26 1167
stats: 503 2071 3129
# stats: dump at 1449433677
stats: users 1183 1199
stats: {load,"tsung_controller@ip-172-30-3-165"} 1 0.1015625 0.0 0.12109375 0.0 0.036783854166666664 24
stats: {freemem,"tsung_controller@ip-172-30-3-165"} 1 29234.90234375 0.0 29463.4375 29234.90234375 29419.093424479168 24
stats: {recvpackets,"tsung_controller@ip-172-30-3-165"} 1 11414.0 0.0 11954 143 4671.95652173913 23
stats: {sentpackets,"tsung_controller@ip-172-30-3-165"} 1 10443.0 0.0 10443 102 3195.913043478261 23
stats: {cpu,"tsung_controller@ip-172-30-3-165"} 1 3.3578829109973785 0.0 3.3578829109973785 0.13836485986810368 1.0536790996818735 24
stats: session 481 21839.688225315902 15889.927175824505 71758.65893554688 17.279052734375 11383.862172432928 2601
stats: users_count 497 4265
stats: finish_users_count 481 3082
stats: request 3000 2640.837784261064 3759.052541516674 14338.18701171875 0.868896484375 1438.380181742384 18733
stats: connect 466 1.1924404422612653 1.2846132560526247 73.340087890625 0.651123046875 1.1768723020128384 3768
stats: page 2488 3084.855761561749 4816.772536441636 24736.125 0.868896484375 1666.4854825986063 15494
stats: error_unknown 59 504
stats: 401 13 26
stats: 302 399 5804
stats: 200 645 10544
stats: size_rcv 7651450 111040384
stats: 406 10 297
stats: newphase 0 7
stats: size_sent 2111736 18168835
stats: connected 13 1180
stats: 503 1933 5062
# stats: dump at 1449433687
stats: users 1179 1199
stats: {load,"tsung_controller@ip-172-30-3-165"} 1 0.08984375 0.0 0.12109375 0.0 0.039375 25
stats: {freemem,"tsung_controller@ip-172-30-3-165"} 1 29230.6015625 0.0 29463.4375 29230.6015625 29411.72578125 25
stats: {recvpackets,"tsung_controller@ip-172-30-3-165"} 1 11677.0 0.0 11954 143 4952.874999999999 24
stats: {sentpackets,"tsung_controller@ip-172-30-3-165"} 1 10497.0 0.0 10497 102 3497.875 24
stats: {cpu,"tsung_controller@ip-172-30-3-165"} 1 3.393636930754835 0.0 3.393636930754835 0.13836485986810368 1.1458472521344938 25
stats: session 501 24301.08062585766 16279.443783942186 71758.65893554688 17.279052734375 13015.676686202141 3082
stats: users_count 497 4762
stats: finish_users_count 501 3583
stats: connect 494 1.0886917423140183 0.2556674913140428 73.340087890625 0.64404296875 1.1785857534431095 4234
stats: request 3087 3001.427305646026 3661.903456120662 14863.758056640625 0.868896484375 1604.3661389298884 21733
stats: page 2546 3706.856565944435 5121.684157788408 27127.10107421875 0.868896484375 1862.7320210292758 17982
stats: error_unknown 77 581
stats: 401 18 44
stats: 302 577 6381
stats: 200 751 11295
stats: size_rcv 8467770 119508154
stats: 406 13 310
stats: newphase 1 8
stats: size_sent 2281020 20449855
stats: connected -19 1161
stats: 503 1728 6790
# stats: dump at 1449433697
stats: users 1249 1255
stats: {load,"tsung_controller@ip-172-30-3-165"} 1 0.1484375 0.0 0.1484375 0.0 0.04131610576923077 26
stats: {freemem,"tsung_controller@ip-172-30-3-165"} 1 29230.92578125 0.0 29463.4375 29230.6015625 29404.75946514423 26
stats: {recvpackets,"tsung_controller@ip-172-30-3-165"} 1 12022.0 0.0 12022 143 5221.839999999999 25
stats: {sentpackets,"tsung_controller@ip-172-30-3-165"} 1 10518.0 0.0 10518 102 3777.84 25
stats: {cpu,"tsung_controller@ip-172-30-3-165"} 1 3.2725455908068946 0.0 3.393636930754835 0.13836485986810368 1.2323007013121992 26
stats: session 548 22831.553731431053 18113.849867941826 75823.2587890625 11.498046875 14593.680418763519 3583
stats: users_count 618 5380
stats: finish_users_count 548 4131
stats: request 3455 2348.022877142501 3132.950877684622 14863.758056640625 0.85888671875 1778.126325136686 24820
stats: connect 628 1.095218731339569 0.3743943138759977 73.340087890625 0.634033203125 1.1691932742769142 4728
stats: page 2868 2882.10627565689 4391.046724890932 27127.10107421875 0.868896484375 2091.450897264369 20528
stats: error_unknown 81 662
stats: 401 11 55
stats: 302 556 6937
stats: 200 735 12030
stats: size_rcv 8413860 127922014
stats: 406 9 319
stats: newphase 0 8
stats: size_sent 2415020 22864875
stats: connected 87 1248
stats: 503 2144 8934
# stats: dump at 1449433707
stats: users 1251 1263
stats: {load,"tsung_controller@ip-172-30-3-165"} 1 0.12890625 0.0 0.1484375 0.0 0.04528356481481482 27
stats: {freemem,"tsung_controller@ip-172-30-3-165"} 1 29226.0234375 0.0 29463.4375 29226.0234375 29398.321180555555 27
stats: {recvpackets,"tsung_controller@ip-172-30-3-165"} 1 12866.0 0.0 12866 143 5483.384615384615 26
stats: {sentpackets,"tsung_controller@ip-172-30-3-165"} 1 11919.0 0.0 11919 102 4037.076923076923 26
stats: {cpu,"tsung_controller@ip-172-30-3-165"} 1 4.060281479636318 0.0 4.060281479636318 0.13836485986810368 1.3078653268490397 27
stats: session 548 20569.63551408531 17485.51967722465 80831.64184570313 11.498046875 15686.479880235756 4131
stats: users_count 550 5930
stats: finish_users_count 548 4679
stats: connect 553 1.0873652590981018 0.22861786821481156 73.340087890625 0.634033203125 1.16051963481376 5356
stats: request 3614 2205.7717768843836 3380.20570088316 14863.758056640625 0.85888671875 1847.763551915823 28275
stats: page 3017 2614.565272699494 4307.867231739063 27127.10107421875 0.868896484375 2188.3734321092033 23396
stats: error_unknown 91 753
stats: 401 16 71
stats: 302 460 7397
stats: 200 661 12691
stats: size_rcv 7823324 135745338
stats: 406 10 329
stats: newphase 0 8
stats: size_sent 2503916 25368791
stats: connected 6 1254
stats: 503 2467 11401
# stats: dump at 1449433717
stats: users 1280 1284
stats: {load,"tsung_controller@ip-172-30-3-165"} 1 0.1796875 0.0 0.1796875 0.0 0.04827008928571429 28
stats: {freemem,"tsung_controller@ip-172-30-3-165"} 1 29225.88671875 0.0 29463.4375 29225.88671875 29392.16768973214 28
stats: {recvpackets,"tsung_controller@ip-172-30-3-165"} 1 11652.0 0.0 12866 143 5756.814814814815 27
stats: {sentpackets,"tsung_controller@ip-172-30-3-165"} 1 11234.0 0.0 11919 102 4329.0 27
stats: {cpu,"tsung_controller@ip-172-30-3-165"} 1 3.6935363114549533 0.0 4.060281479636318 0.13836485986810368 1.4061659037342995 28
stats: session 572 22266.23155884643 17520.943389713622 94664.42919921875 11.498046875 16258.390392599413 4679
stats: users_count 601 6531
stats: finish_users_count 572 5251
stats: request 3558 2623.679187210709 3690.336732437023 14863.758056640625 0.85888671875 1888.3368444316238 31889
stats: connect 591 1.1217571845917933 0.2609421273564857 73.340087890625 0.634033203125 1.1536734053721018 5909
stats: page 2951 3119.6052984885923 4812.072971210096 27127.10107421875 0.868896484375 2237.054792918688 26413
stats: error_unknown 91 844
stats: 401 16 87
stats: 302 529 7926
stats: 200 726 13417
stats: size_rcv 8418940 144164278
stats: 406 10 339
stats: newphase 0 8
stats: size_sent 2432387 27801178
stats: connected 18 1272
stats: 503 2277 13678
# stats: dump at 1449433727
stats: users 1333 1333
stats: {load,"tsung_controller@ip-172-30-3-165"} 1 0.1484375 0.0 0.1796875 0.0 0.052801724137931036 29
stats: {freemem,"tsung_controller@ip-172-30-3-165"} 1 29225.171875 0.0 29463.4375 29225.171875 29386.43386314655 29
stats: {recvpackets,"tsung_controller@ip-172-30-3-165"} 1 12656.0 0.0 12866 143 5967.357142857143 28
stats: {sentpackets,"tsung_controller@ip-172-30-3-165"} 1 11630.0 0.0 11919 102 4575.607142857143 28
stats: {cpu,"tsung_controller@ip-172-30-3-165"} 1 3.8418360982911315 0.0 4.060281479636318 0.13836485986810368 1.4850407453798393 29
stats: session 573 21653.00402171618 17627.93724592302 94664.42919921875 11.498046875 16912.834336056523 5251
stats: users_count 626 7157
stats: finish_users_count 573 5824
stats: connect 627 1.1661783854166674 0.6259515732047933 73.340087890625 0.634033203125 1.150771484375 6500
stats: request 3774 2134.0242853291 3134.7615664352124 14863.758056640625 0.85888671875 1962.1469850812693 35447
stats: page 3118 2626.3549973033328 4298.359309296173 27127.10107421875 0.868896484375 2325.7486541752196 29364
stats: error_unknown 75 919
stats: 401 10 97
stats: 302 567 8493
stats: 200 709 14126
stats: size_rcv 8412006 152576284
stats: 406 12 351
stats: newphase 1 9
stats: size_sent 2566736 30367914
stats: connected 51 1323
stats: 503 2476 16154
# stats: dump at 1449433737
stats: users 1285 1364
stats: {load,"tsung_controller@ip-172-30-3-165"} 1 0.12890625 0.0 0.1796875 0.0 0.055989583333333336 30
stats: {freemem,"tsung_controller@ip-172-30-3-165"} 1 29227.73046875 0.0 29463.4375 29225.171875 29381.058463541667 30
stats: {recvpackets,"tsung_controller@ip-172-30-3-165"} 1 13218.0 0.0 13218 143 6198.0 29
stats: {sentpackets,"tsung_controller@ip-172-30-3-165"} 1 12643.0 0.0 12643 102 4818.862068965517 29
stats: {cpu,"tsung_controller@ip-172-30-3-165"} 1 3.915436577433075 0.0 4.060281479636318 0.13836485986810368 1.5636005904768824 30
stats: session 687 21048.41452235148 17968.40471456908 94664.42919921875 6.356201171875 17379.200618660056 5824
stats: users_count 639 7796
stats: finish_users_count 687 6511
stats: request 4202 2096.6413875182243 3210.22897121149 14863.758056640625 0.847900390625 1978.6856998293715 39221
stats: connect 641 1.1588471839654841 0.3087187009974408 73.340087890625 0.634033203125 1.1521269111959804 7127
stats: page 3480 2517.8559658708286 4221.0749149486355 27127.10107421875 0.847900390625 2354.6043458774993 32482
stats: error_unknown 95 1014
stats: 401 17 114
stats: 302 552 9045
stats: 200 733 14859
stats: size_rcv 8759328 161335612
stats: 406 12 363
stats: newphase 0 9
stats: size_sent 2843967 33211881
stats: connected -33 1290
stats: 503 2888 19042
# stats: dump at 1449433747
stats: users 1304 1364
stats: {load,"tsung_controller@ip-172-30-3-165"} 1 0.109375 0.0 0.1796875 0.0 0.05834173387096774 31
stats: {freemem,"tsung_controller@ip-172-30-3-165"} 1 29229.75 0.0 29463.4375 29225.171875 29376.11239919355 31
stats: {recvpackets,"tsung_controller@ip-172-30-3-165"} 1 12721.0 0.0 13218 143 6432.0 30
stats: {sentpackets,"tsung_controller@ip-172-30-3-165"} 1 12674.0 0.0 12674 102 5079.666666666667 30
stats: {cpu,"tsung_controller@ip-172-30-3-165"} 1 4.189003864854756 0.0 4.189003864854756 0.13836485986810368 1.6394662674754694 31
stats: session 656 19341.11690539848 16339.588061260554 94664.42919921875 6.356201171875 17766.35312239773 6511
stats: users_count 675 8471
stats: finish_users_count 656 7167
stats: connect 677 1.1037561594119265 0.3450768277397014 73.340087890625 0.6220703125 1.1526814548166358 7768
stats: request 4243 1898.4245957611245 3140.4012974864586 14863.758056640625 0.847900390625 1990.1001529917178 43423
stats: page 3503 2291.003392808952 4134.203963742796 27127.10107421875 0.847900390625 2370.402011123503 35962
stats: error_unknown 84 1098
stats: 401 18 132
stats: 302 537 9582
stats: 200 648 15507
stats: size_rcv 7972311 169307923
stats: 406 11 374
stats: newphase 0 9
stats: size_sent 2818185 36030066
stats: connected 11 1301
stats: 503 3029 22071
# stats: dump at 1449433757
stats: users 1350 1364
stats: {load,"tsung_controller@ip-172-30-3-165"} 1 0.08984375 0.0 0.1796875 0.0 0.0599365234375 32
stats: {freemem,"tsung_controller@ip-172-30-3-165"} 1 29228.4609375 0.0 29463.4375 29225.171875 29371.53857421875 32
stats: {recvpackets,"tsung_controller@ip-172-30-3-165"} 1 13834.0 0.0 13834 143 6634.870967741936 31
stats: {sentpackets,"tsung_controller@ip-172-30-3-165"} 1 13516.0 0.0 13516 102 5324.645161290323 31
stats: {cpu,"tsung_controller@ip-172-30-3-165"} 1 4.431960049937578 0.0 4.431960049937578 0.13836485986810368 1.719139317393572 32
stats: session 656 19133.290130987392 16979.047884652115 94748.26416015625 6.35009765625 17910.492238017723 7167
stats: users_count 702 9173
stats: finish_users_count 656 7823
stats: connect 700 1.1399748883928558 0.6530238294456899 73.340087890625 0.6220703125 1.148759320418887 8445
stats: request 4213 1846.976035798329 3176.460242402192 14863.758056640625 0.847900390625 1981.93963208941 47666
stats: page 3488 2245.11604526065 4191.42205608358 27127.10107421875 0.847900390625 2363.3544155335917 39465
stats: error_unknown 96 1194
stats: 401 12 144
stats: 302 478 10060
stats: 200 645 16152
stats: size_rcv 8196193 177504116
stats: 406 8 382
stats: newphase 1 10
stats: size_sent 2734654 38764720
stats: connected 48 1349
stats: 503 3070 25141
# stats: dump at 1449433767
stats: users 1357 1387
stats: {load,"tsung_controller@ip-172-30-3-165"} 1 0.23828125 0.0 0.23828125 0.0 0.06084280303030303 33
stats: {freemem,"tsung_controller@ip-172-30-3-165"} 1 29227.83984375 0.0 29463.4375 29225.171875 29367.202888257576 33
stats: {recvpackets,"tsung_controller@ip-172-30-3-165"} 1 13664.0 0.0 13834 143 6859.84375 32
stats: {sentpackets,"tsung_controller@ip-172-30-3-165"} 1 13551.0 0.0 13551 102 5580.625 32
stats: {cpu,"tsung_controller@ip-172-30-3-165"} 1 4.620956662919945 0.0 4.620956662919945 0.13836485986810368 1.801346006258542 33
stats: session 806 18968.277565778648 16678.05714637035 94748.26416015625 6.22900390625 18013.030320312 7823
stats: users_count 813 9986
stats: finish_users_count 806 8629
stats: connect 813 1.0873879295433573 0.2320634318067187 73.340087890625 0.601806640625 1.1480869199357573 9145
stats: request 4896 1847.155335469962 3183.5595840954793 14863.758056640625 0.8330078125 1970.9794819096778 51879
stats: page 4069 2257.8869637906255 4233.538120141571 27127.10107421875 0.847900390625 2353.7528641748504 42953
stats: error_unknown 132 1326
stats: 401 22 166
stats: 302 548 10608
stats: 200 768 16920
stats: size_rcv 9223204 186727320
stats: 406 14 396
stats: newphase 0 10
stats: size_sent 3114715 41879435
stats: connected -7 1342
stats: 503 3544 28685
# stats: dump at 1449433777
stats: users 1418 1424
stats: {load,"tsung_controller@ip-172-30-3-165"} 1 0.19921875 0.0 0.23828125 0.0 0.06606158088235294 34
stats: {freemem,"tsung_controller@ip-172-30-3-165"} 1 29232.828125 0.0 29463.4375 29225.171875 29363.103975183825 34
stats: {recvpackets,"tsung_controller@ip-172-30-3-165"} 1 14123.0 0.0 14123 143 7066.030303030303 33
stats: {sentpackets,"tsung_controller@ip-172-30-3-165"} 1 14727.0 0.0 14727 102 5822.151515151515 33
stats: {cpu,"tsung_controller@ip-172-30-3-165"} 1 4.8078126956304 0.0 4.8078126956304 0.13836485986810368 1.8842757314544656 34
stats: session 741 17516.241960492036 15292.455327710839 94748.26416015625 6.22900390625 18102.25610311952 8629
stats: users_count 802 10788
stats: finish_users_count 741 9370
stats: connect 804 1.0928381165461727 0.22833381895124796 73.340087890625 0.601806640625 1.1431312783220777 9958
stats: request 4856 1756.5580044138387 3166.656424549872 14863.758056640625 0.8330078125 1960.3014894663693 56775
stats: page 4014 2101.2305231251253 4097.422125380777 27127.10107421875 0.847900390625 2345.457207914729 47022
stats: error_unknown 105 1431
stats: 401 18 184
stats: 302 512 11120
stats: 200 679 17599
stats: size_rcv 8600710 195328030
stats: 406 10 406
stats: newphase 0 10
stats: size_sent 3059953 44939388
stats: connected 74 1416
stats: 503 3637 32322
# stats: dump at 1449433787
stats: users 1434 1468
stats: {load,"tsung_controller@ip-172-30-3-165"} 1 0.171875 0.0 0.23828125 0.0 0.06986607142857143 35
stats: {freemem,"tsung_controller@ip-172-30-3-165"} 1 29232.97265625 0.0 29463.4375 29225.171875 29359.381808035716 35
stats: {recvpackets,"tsung_controller@ip-172-30-3-165"} 1 14682.0 0.0 14682 143 7273.588235294118 34
stats: {sentpackets,"tsung_controller@ip-172-30-3-165"} 1 15139.0 0.0 15139 102 6084.058823529412 34
stats: {cpu,"tsung_controller@ip-172-30-3-165"} 1 4.949381327334083 0.0 4.949381327334083 0.13836485986810368 1.9678053590023494 35
stats: session 826 17630.97261871268 15368.309162792915 94748.26416015625 6.22900390625 18055.91282887331 9370
stats: users_count 842 11630
stats: finish_users_count 826 10196
stats: request 5293 1651.7211641462623 2902.1024913725814 14999.107177734375 0.8330078125 1944.2482311480703 61631
stats: connect 839 1.119705727614717 0.6568852690058324 73.340087890625 0.601806640625 1.1393740118225584 10762
stats: page 4413 2026.5758835865781 3866.314920460343 27127.10107421875 0.847900390625 2326.2486901479474 51036
stats: error_unknown 120 1551
stats: 401 17 201
stats: 302 598 11718
stats: 200 789 18388
stats: size_rcv 9247338 204575368
stats: 406 5 411
stats: newphase 0 10
stats: size_sent 3402621 48342009
stats: connected 10 1426
stats: 503 3884 36206
# stats: dump at 1449433797
stats: users 1440 1468
stats: {load,"tsung_controller@ip-172-30-3-165"} 1 0.1484375 0.0 0.23828125 0.0 0.07269965277777778 36
stats: {freemem,"tsung_controller@ip-172-30-3-165"} 1 29232.69140625 0.0 29463.4375 29225.171875 29355.870442708332 36
stats: {recvpackets,"tsung_controller@ip-172-30-3-165"} 1 15401.0 0.0 15401 143 7485.257142857143 35
stats: {sentpackets,"tsung_controller@ip-172-30-3-165"} 1 15670.0 0.0 15670 102 6342.771428571428 35
stats: {cpu,"tsung_controller@ip-172-30-3-165"} 1 5.205205205205205 0.0 5.205205205205205 0.13836485986810368 2.050626913678231 36
stats: session 767 16614.223621671797 14489.49908135734 94748.26416015625 6.22900390625 18021.487503883836 10196
stats: users_count 773 12403
stats: finish_users_count 767 10963
stats: request 5084 1554.0114074755052 2920.884695891328 14999.107177734375 0.8330078125 1921.1123491679052 66924
stats: connect 780 1.1109844501201924 0.25726277570531414 73.340087890625 0.601806640625 1.1379515749248446 11601
stats: page 4227 1840.092416843173 3688.4441654704206 27127.10107421875 0.847900390625 2302.3987362199173 55449
stats: error_unknown 98 1649
stats: 401 14 215
stats: 302 527 12245
stats: 200 638 19026
stats: size_rcv 8352209 212927577
stats: 406 10 421
stats: newphase 1 11
stats: size_sent 3332357 51674366
stats: connected 11 1437
stats: 503 3895 40101
# stats: dump at 1449433807
stats: users 1463 1483
stats: {load,"tsung_controller@ip-172-30-3-165"} 1 0.12109375 0.0 0.23828125 0.0 0.07474662162162163 37
stats: {freemem,"tsung_controller@ip-172-30-3-165"} 1 29227.41015625 0.0 29463.4375 29225.171875 29352.54127956081 37
stats: {recvpackets,"tsung_controller@ip-172-30-3-165"} 1 16105.0 0.0 16105 143 7705.138888888889 36
stats: {sentpackets,"tsung_controller@ip-172-30-3-165"} 1 16555.0 0.0 16555 102 6601.861111111111 36
stats: {cpu,"tsung_controller@ip-172-30-3-165"} 1 6.593269110471662 0.0 6.593269110471662 0.13836485986810368 2.135885786422203 37
stats: session 877 17592.29165812964 15626.594470816011 94748.26416015625 6.22900390625 17923.03166171868 10963
stats: users_count 900 13303
stats: finish_users_count 877 11840
stats: request 5505 1631.6335178247095 2882.877477718747 14999.107177734375 0.593017578125 1895.1938236212416 72008
stats: page 4580 1980.3795925090533 3763.624038665229 27127.10107421875 0.847900390625 2269.652425944337 59676
stats: error_unknown 128 1777
stats: connect 899 1.1634395204741395 0.5703873771464073 73.340087890625 0.601806640625 1.136252652596468 12381
stats: 401 29 244
stats: 302 662 12907
stats: 504 1 1
stats: 200 782 19808
stats: size_rcv 9615041 222542618
stats: 406 8 429
stats: newphase 0 11
stats: size_sent 3543556 55217922
stats: connected 34 1471
stats: 503 4023 44124
# stats: dump at 1449433817
stats: users 1473 1487
stats: {load,"tsung_controller@ip-172-30-3-165"} 1 0.1796875 0.0 0.23828125 0.0 0.07596628289473685 38
stats: {freemem,"tsung_controller@ip-172-30-3-165"} 1 29203.35546875 0.0 29463.4375 29203.35546875 29349.248355263157 38
stats: {recvpackets,"tsung_controller@ip-172-30-3-165"} 1 16325.0 0.0 16325 143 7932.1621621621625 37
stats: {sentpackets,"tsung_controller@ip-172-30-3-165"} 1 17136.0 0.0 17136 102 6870.864864864865 37
stats: {cpu,"tsung_controller@ip-172-30-3-165"} 1 7.292581900338899 0.0 7.292581900338899 0.13836485986810368 2.253185347581399 38
stats: session 933 16613.667740571418 15220.392537452684 94748.26416015625 6.22900390625 17898.533436790673 11840
stats: users_count 943 14246
stats: finish_users_count 933 12773
stats: request 5723 1402.549083826363 2791.981640068818 14999.107177734375 0.593017578125 1876.4756797820157 77513
stats: connect 944 1.1548573122186165 0.8512852301648138 73.340087890625 0.601806640625 1.1380930889083678 13280
stats: error_unknown 138 1915
stats: page 4794 1670.6627613333378 3511.4325498675803 27127.10107421875 0.847900390625 2249.0338132523925 64256
stats: 401 16 260
stats: 302 522 13429
stats: 504 0 1
stats: 200 659 20467
stats: size_rcv 8740741 231283359
stats: 406 8 437
stats: newphase 0 11
stats: size_sent 3541332 58759254
stats: connected 5 1476
stats: 503 4518 48642
# stats: dump at 1449433827
stats: users 1479 1487
stats: {load,"tsung_controller@ip-172-30-3-165"} 1 0.1484375 0.0 0.23828125 0.0 0.0786258012820513 39
stats: {freemem,"tsung_controller@ip-172-30-3-165"} 1 29197.04296875 0.0 29463.4375 29197.04296875 29345.50751201923 39
stats: {recvpackets,"tsung_controller@ip-172-30-3-165"} 1 15214.0 0.0 16325 143 8153.026315789473 38
stats: {sentpackets,"tsung_controller@ip-172-30-3-165"} 1 16467.0 0.0 17136 102 7141.0 38
stats: {cpu,"tsung_controller@ip-172-30-3-165"} 1 5.753869196205692 0.0 7.292581900338899 0.13836485986810368 2.3824006438059504 39
stats: session 810 16121.830385561343 15269.250449413972 94748.26416015625 6.22900390625 17804.680802752264 12773
stats: users_count 816 15062
stats: finish_users_count 810 13583
stats: connect 820 1.1172830721227127 0.23154391778446679 73.340087890625 0.601806640625 1.1392056751573045 14224
stats: page 4476 1785.5821479749636 3873.4746444731086 27127.10107421875 0.847900390625 2208.878696338563 69050
stats: request 5395 1536.5888637935107 3157.1819135156065 14999.107177734375 0.593017578125 1843.8902370810908 83236
stats: error_unknown 123 2038
stats: 401 16 276
stats: 302 450 13879
stats: 504 0 1
stats: 200 600 21067
stats: size_rcv 7994374 239277733
stats: 406 9 446
stats: newphase 1 12
stats: size_sent 3289442 62048696
stats: connected -1 1475
stats: 503 4320 52962
# stats: dump at 1449433837
stats: users 1558 1585
stats: {load,"tsung_controller@ip-172-30-3-165"} 1 0.12890625 0.0 0.23828125 0.0 0.08037109375000001 40
stats: {freemem,"tsung_controller@ip-172-30-3-165"} 1 29195.7578125 0.0 29463.4375 29195.7578125 29341.7958984375 40
stats: {recvpackets,"tsung_controller@ip-172-30-3-165"} 1 15059.0 0.0 16325 143 8334.076923076924 39
stats: {sentpackets,"tsung_controller@ip-172-30-3-165"} 1 16325.0 0.0 17136 102 7380.128205128205 39
stats: {cpu,"tsung_controller@ip-172-30-3-165"} 1 5.4308290480371255 0.0 7.292581900338899 0.13836485986810368 2.466687357615944 40
stats: session 953 16058.344682243165 14676.62739110322 94748.26416015625 6.22900390625 17704.326769186435 13583
stats: users_count 1032 16094
stats: finish_users_count 953 14536
stats: request 6037 1437.645558727366 2907.8608406958783 14999.107177734375 0.593017578125 1825.1846949018702 88631
stats: connect 1031 1.1330675334171931 0.26621649378885304 73.340087890625 0.551025390625 1.1380107446542227 15044
stats: page 4996 1729.1219594816466 3865.425585184956 27127.10107421875 0.821044921875 2183.109915900684 73526
stats: error_unknown 151 2189
stats: 401 17 293
stats: 302 570 14449
stats: 504 0 1
stats: 200 674 21741
stats: size_rcv 8890555 248168288
stats: 406 5 451
stats: newphase 0 12
stats: size_sent 3629359 65678055
stats: connected 85 1560
stats: 503 4771 57733
# stats: dump at 1449433847
stats: users 1488 1585
stats: {load,"tsung_controller@ip-172-30-3-165"} 1 0.19140625 0.0 0.23828125 0.0 0.0815548780487805 41
stats: {freemem,"tsung_controller@ip-172-30-3-165"} 1 29197.9765625 0.0 29463.4375 29195.7578125 29338.23399390244 41
stats: {recvpackets,"tsung_controller@ip-172-30-3-165"} 1 16370.0 0.0 16370 143 8502.2 40
stats: {sentpackets,"tsung_controller@ip-172-30-3-165"} 1 18126.0 0.0 18126 102 7603.75 40
stats: {cpu,"tsung_controller@ip-172-30-3-165"} 1 6.132194018597638 0.0 7.292581900338899 0.13836485986810368 2.5389834964067046 41
stats: session 1010 16735.405650284305 14727.676421416503 94748.26416015625 6.22900390625 17596.41393698659 14536
stats: users_count 940 17034
stats: finish_users_count 1010 15546
stats: connect 946 1.115302765344213 0.531552960307506 73.340087890625 0.551025390625 1.1376937026146967 16075
stats: page 5073 1813.9001064439635 3802.4947818152623 27127.10107421875 0.821044921875 2154.2247139156416 78522
stats: request 6110 1454.2394479305199 2775.443178667684 14999.107177734375 0.593017578125 1800.4712356010982 94668
stats: error_unknown 134 2323
stats: 401 28 321
stats: 302 641 15090
stats: 504 0 1
stats: 200 727 22468
stats: size_rcv 9349104 257517392
stats: 406 10 461
stats: newphase 0 12
stats: size_sent 3785272 69463327
stats: connected -67 1493
stats: 503 4704 62437
# stats: dump at 1449433857
stats: users 1510 1585
stats: {load,"tsung_controller@ip-172-30-3-165"} 1 0.23046875 0.0 0.23828125 0.0 0.08417038690476193 42
stats: {freemem,"tsung_controller@ip-172-30-3-165"} 1 29193.109375 0.0 29463.4375 29193.109375 29334.89453125 42
stats: {recvpackets,"tsung_controller@ip-172-30-3-165"} 1 16829.0 0.0 16829 143 8694.09756097561 41
stats: {sentpackets,"tsung_controller@ip-172-30-3-165"} 1 18002.0 0.0 18126 102 7860.390243902439 41
stats: {cpu,"tsung_controller@ip-172-30-3-165"} 1 6.244503078276165 0.0 7.292581900338899 0.13836485986810368 2.6245361278874415 42
stats: session 934 15738.412932500083 14302.389897782621 94748.26416015625 6.22900390625 17540.475536782727 15546
stats: users_count 956 17990
stats: finish_users_count 934 16480
stats: connect 959 1.1673053188542755 0.46161070023537154 73.340087890625 0.551025390625 1.1364492500761927 17021
stats: request 6138 1333.752487744435 2690.48057090356 14999.107177734375 0.593017578125 1779.4797868457424 100778
stats: page 5048 1598.4282700528054 3450.7998847552626 27127.10107421875 0.821044921875 2133.5719627498565 83595
stats: error_unknown 116 2439
stats: 401 23 344
stats: 302 563 15653
stats: 504 0 1
stats: 200 711 23179
stats: size_rcv 9210754 266728146
stats: 406 8 469
stats: newphase 0 12
stats: size_sent 3776602 73239929
stats: connected 20 1513
stats: 503 4833 67270
# stats: dump at 1449433867
stats: users 1672 1675
stats: {load,"tsung_controller@ip-172-30-3-165"} 1 0.19921875 0.0 0.23828125 0.0 0.08757267441860468 43
stats: {freemem,"tsung_controller@ip-172-30-3-165"} 1 29179.55859375 0.0 29463.4375 29179.55859375 29331.597202034885 43
stats: {recvpackets,"tsung_controller@ip-172-30-3-165"} 1 15835.0 0.0 16829 143 8887.785714285714 42
stats: {sentpackets,"tsung_controller@ip-172-30-3-165"} 1 17517.0 0.0 18126 102 8101.857142857143 42
stats: {cpu,"tsung_controller@ip-172-30-3-165"} 1 5.90754503086031 0.0 7.292581900338899 0.13836485986810368 2.7087214058034585 43
stats: session 1073 14827.333245809792 14002.790966682567 94748.26416015625 6.22900390625 17438.344076078843 16480
stats: users_count 1235 19225
stats: finish_users_count 1073 17553
stats: request 6702 1238.4546565798892 2728.221185827059 14999.107177734375 0.593017578125 1753.8907808795275 106916
stats: connect 1226 1.1622127265370124 0.32322080339317094 73.340087890625 0.551025390625 1.1380950214865475 17980
stats: page 5567 1514.2393673622175 3563.867256696105 27127.10107421875 0.821044921875 2103.09685066278 88643
stats: error_unknown 170 2609
stats: 401 21 365
stats: 302 530 16183
stats: 504 0 1
stats: 200 653 23832
stats: size_rcv 9368521 276096667
stats: 406 5 474
stats: newphase 1 13
stats: size_sent 3866861 77106790
stats: connected 148 1661
stats: 503 5493 72763
# stats: dump at 1449433877
stats: users 1805 1834
stats: {load,"tsung_controller@ip-172-30-3-165"} 1 0.171875 0.0 0.23828125 0.0 0.09011008522727276 44
stats: {freemem,"tsung_controller@ip-172-30-3-165"} 1 29164.36328125 0.0 29463.4375 29164.36328125 29328.14177911932 44
stats: {recvpackets,"tsung_controller@ip-172-30-3-165"} 1 19709.0 0.0 19709 143 9049.348837209302 43
stats: {sentpackets,"tsung_controller@ip-172-30-3-165"} 1 22435.0 0.0 22435 102 8320.813953488372 43
stats: {cpu,"tsung_controller@ip-172-30-3-165"} 1 7.735991923271075 0.0 7.735991923271075 0.13836485986810368 2.7814219427365687 44
stats: session 1319 12735.299790805351 12651.169052511254 94748.26416015625 6.22900390625 17278.73519891376 17553
stats: users_count 1452 20677
stats: finish_users_count 1319 18872
stats: connect 1460 1.1322095061001718 0.5772924092642616 73.340087890625 0.551025390625 1.1396345563398158 19206
stats: page 7065 1294.8494795813397 3192.826220195831 27127.10107421875 0.819091796875 2068.3004425369522 94210
stats: request 8555 1070.3448255029448 2469.9616841833276 14999.107177734375 0.593017578125 1723.4866820126563 113618
stats: error_unknown 227 2836
stats: 401 24 389
stats: 302 595 16778
stats: 504 0 1
stats: 200 811 24643
stats: size_rcv 10953063 287049730
stats: 406 8 482
stats: newphase 0 13
stats: size_sent 4841497 81948287
stats: connected 146 1807
stats: 503 7117 79880
# stats: dump at 1449433887
stats: users 1916 1935
stats: {load,"tsung_controller@ip-172-30-3-165"} 1 0.2890625 0.0 0.2890625 0.0 0.09192708333333337 45
stats: {freemem,"tsung_controller@ip-172-30-3-165"} 1 29153.4453125 0.0 29463.4375 29153.4453125 29324.502256944445 45
stats: {recvpackets,"tsung_controller@ip-172-30-3-165"} 1 20528.0 0.0 20528 143 9291.613636363634 44
stats: {sentpackets,"tsung_controller@ip-172-30-3-165"} 1 24566.0 0.0 24566 102 8641.59090909091 44
stats: {cpu,"tsung_controller@ip-172-30-3-165"} 1 8.341746592629985 0.0 8.341746592629985 0.13836485986810368 2.8915234978595583 45
stats: session 1373 12398.521149192857 12598.589587313014 94748.26416015625 6.22900390625 16961.185850498387 18872
stats: users_count 1484 22161
stats: finish_users_count 1373 20245
stats: connect 1486 1.7872647969591169 25.87298600190778 998.406982421875 0.551025390625 1.1391099955467314 20666
stats: request 9145 813.0531075404082 2309.068519295948 14999.107177734375 0.593017578125 1677.7513019987368 122173
stats: page 7623 966.3979511723871 2871.649743811904 27127.10107421875 0.819091796875 2014.3440756815446 101275
stats: error_unknown 190 3026
stats: 401 16 405
stats: 302 452 17230
stats: 504 0 1
stats: 200 590 25233
stats: size_rcv 9668814 296718544
stats: 406 5 487
stats: newphase 0 13
stats: size_sent 4998151 86946438
stats: connected 108 1915
stats: 503 8082 87962
# stats: dump at 1449433897
stats: users 1915 1935
stats: {load,"tsung_controller@ip-172-30-3-165"} 1 0.3984375 0.0 0.3984375 0.0 0.09621263586956526 46
stats: {freemem,"tsung_controller@ip-172-30-3-165"} 1 29149.08203125 0.0 29463.4375 29149.08203125 29320.783627717392 46
stats: {recvpackets,"tsung_controller@ip-172-30-3-165"} 1 21076.0 0.0 21076 143 9541.311111111108 45
stats: {sentpackets,"tsung_controller@ip-172-30-3-165"} 1 26097.0 0.0 26097 102 8995.466666666667 45
stats: {cpu,"tsung_controller@ip-172-30-3-165"} 1 8.93466447617844 0.0 8.93466447617844 0.13836485986810368 3.010006608615437 46
stats: session 1485 12610.238395511105 12279.878111902732 94748.26416015625 6.22900390625 16651.74951387737 20245
stats: users_count 1484 23645
stats: finish_users_count 1485 21730
stats: request 9369 989.5469050192133 2506.9523779243436 15127.64990234375 0.593017578125 1617.5336243892589 131318
stats: connect 1485 1.0971651738741597 0.24470759712708273 998.406982421875 0.551025390625 1.1825895023587034 22152
stats: error_unknown 201 3227
stats: page 7736 1195.2850063130643 3202.7363348073523 27127.10107421875 0.819091796875 1940.9864997193295 108898
stats: 401 29 434
stats: 302 611 17841
stats: 504 0 1
stats: 200 741 25974
stats: size_rcv 10957558 307676102
stats: 406 4 491
stats: newphase 1 14
stats: size_sent 5168540 92114978
stats: connected 2 1917
stats: 503 7984 95946
# stats: dump at 1449433907
stats: users 2109 2119
stats: {load,"tsung_controller@ip-172-30-3-165"} 1 0.6484375 0.0 0.6484375 0.0 0.10264295212765961 47
stats: {freemem,"tsung_controller@ip-172-30-3-165"} 1 29145.41796875 0.0 29463.4375 29145.41796875 29317.13040226064 47
stats: {recvpackets,"tsung_controller@ip-172-30-3-165"} 1 22797.0 0.0 22797 143 9792.065217391302 46
stats: {sentpackets,"tsung_controller@ip-172-30-3-165"} 1 27292.0 0.0 27292 102 9367.239130434782 46
stats: {cpu,"tsung_controller@ip-172-30-3-165"} 1 9.095515581454269 0.0 9.095515581454269 0.13836485986810368 3.1360631589891175 47
stats: session 1712 11731.40106372298 12305.278484807755 94748.26416015625 6.22900390625 16375.55788889928 21730
stats: users_count 1906 25551
stats: finish_users_count 1712 23442
stats: request 11025 745.4847333165038 2209.0272039344263 15127.64990234375 0.593017578125 1575.7130754133198 140687
stats: page 9185 915.294726190375 2846.6902842118907 27127.10107421875 0.819091796875 1891.526250109517 116634
stats: connect 1908 1.1226224439449022 0.2483969815015331 998.406982421875 0.551025390625 1.1772226991349632 23637
stats: error_unknown 265 3492
stats: 401 22 456
stats: 302 545 18386
stats: 504 0 1
stats: 200 651 26625
stats: size_rcv 11095993 318772095
stats: 406 5 496
stats: newphase 0 14
stats: size_sent 5760821 97875799
stats: connected 190 2107
stats: 503 9802 105748
# stats: dump at 1449433917
stats: users 2154 2193
stats: {load,"tsung_controller@ip-172-30-3-165"} 1 0.69921875 0.0 0.69921875 0.0 0.11401367187500004 48
stats: {freemem,"tsung_controller@ip-172-30-3-165"} 1 29138.17578125 0.0 29463.4375 29138.17578125 29313.553059895832 48
stats: {recvpackets,"tsung_controller@ip-172-30-3-165"} 1 25055.0 0.0 25055 143 10068.765957446805 47
stats: {sentpackets,"tsung_controller@ip-172-30-3-165"} 1 31595.0 0.0 31595 102 9748.617021276596 47
stats: {cpu,"tsung_controller@ip-172-30-3-165"} 1 10.396039603960396 0.0 10.396039603960396 0.13836485986810368 3.2602184177904747 48
stats: session 1842 11151.36135794673 11497.66801012548 94748.26416015625 6.22900390625 16036.389025973685 23442
stats: users_count 1887 27438
stats: finish_users_count 1842 25284
stats: request 12016 717.8145522766512 2124.4619891968823 15127.64990234375 0.593017578125 1515.3798949686786 151712
stats: page 9900 858.3535414447208 2665.3861509143853 27127.10107421875 0.81494140625 1820.2596961931981 125819
stats: error_unknown 258 3750
stats: connect 1890 1.1225131241732786 0.2956218751992024 998.406982421875 0.551025390625 1.1731445121354473 25545
stats: 401 22 478
stats: 302 585 18971
stats: 504 2 3
stats: 200 711 27336
stats: size_rcv 11921891 330693986
stats: 406 3 499
stats: newphase 0 14
stats: size_sent 6389719 104265518
stats: connected 49 2156
stats: 503 10693 116441
# stats: dump at 1449433927
stats: users 2179 2201
stats: {load,"tsung_controller@ip-172-30-3-165"} 1 0.6796875 0.0 0.69921875 0.0 0.12595663265306126 49
stats: {freemem,"tsung_controller@ip-172-30-3-165"} 1 29135.70703125 0.0 29463.4375 29135.70703125 29309.973931760203 49
stats: {recvpackets,"tsung_controller@ip-172-30-3-165"} 1 25566.0 0.0 25566 143 10380.979166666662 48
stats: {sentpackets,"tsung_controller@ip-172-30-3-165"} 1 32198.0 0.0 32198 102 10203.75 48
stats: {cpu,"tsung_controller@ip-172-30-3-165"} 1 10.836937166115494 0.0 10.836937166115494 0.13836485986810368 3.405847421589861 49
stats: session 1896 11849.363209269719 11793.464882633854 94748.26416015625 6.22900390625 15680.50305205715 25284
stats: users_count 1921 29359
stats: finish_users_count 1896 27180
stats: request 11220 716.7249598974012 2107.32107675006 15127.64990234375 0.593017578125 1456.846564336243 163728
stats: connect 1815 1.1267874053030322 0.48624480740136045 998.406982421875 0.551025390625 1.1696565105590486 27435
stats: error_unknown 256 4006
stats: page 9311 879.3092276870533 2708.3676476995197 27127.10107421875 0.81494140625 1750.0936108845094 135719
stats: 401 30 508
stats: 302 557 19528
stats: 504 1 4
stats: 200 654 27990
stats: size_rcv 11292503 341986489
stats: 406 4 503
stats: newphase 0 14
stats: size_sent 5915079 110180597
stats: connected 24 2180
stats: 503 9974 126415
# stats: dump at 1449433937
stats: users 3098 3098
stats: {load,"tsung_controller@ip-172-30-3-165"} 1 0.6484375 0.0 0.69921875 0.0 0.13703125000000005 50
stats: {freemem,"tsung_controller@ip-172-30-3-165"} 1 29115.65625 0.0 29463.4375 29115.65625 29306.48859375 50
stats: {recvpackets,"tsung_controller@ip-172-30-3-165"} 1 27380.0 0.0 27380 143 10690.877551020403 49
stats: {sentpackets,"tsung_controller@ip-172-30-3-165"} 1 34656.0 0.0 34656 102 10652.612244897959 49
stats: {cpu,"tsung_controller@ip-172-30-3-165"} 1 11.566018423746161 0.0 11.566018423746161 0.13836485986810368 3.5544692164803733 50
stats: session 2492 9632.659233766792 10394.862690035721 94748.26416015625 6.22900390625 15413.253561920103 27180
stats: users_count 3411 32770
stats: finish_users_count 2492 29672
stats: request 16339 579.7905774300057 1905.417292664581 15127.64990234375 0.593017578125 1409.380092002728 174948
stats: connect 3316 1.1087486718043178 0.5330779914556358 998.406982421875 0.551025390625 1.1669964276175213 29250
stats: page 13612 705.3044374047223 2386.929754085989 27127.10107421875 0.81494140625 1694.1888091748526 145030
stats: error_unknown 419 4425
stats: 401 28 536
stats: 302 648 20176
stats: 504 0 4
stats: 200 842 28832
stats: size_rcv 14929710 356916199
stats: 406 9 512
stats: newphase 1 15
stats: size_sent 7944997 118125594
stats: connected 856 3036
stats: 503 14812 141227
# stats: dump at 1449433947
stats: users 3415 3434
stats: {load,"tsung_controller@ip-172-30-3-165"} 1 0.62890625 0.0 0.69921875 0.0 0.14705882352941183 51
stats: {freemem,"tsung_controller@ip-172-30-3-165"} 1 29072.828125 0.0 29463.4375 29072.828125 29302.746783088234 51
stats: {recvpackets,"tsung_controller@ip-172-30-3-165"} 1 41719.0 0.0 41719 143 11024.659999999996 50
stats: {sentpackets,"tsung_controller@ip-172-30-3-165"} 1 55878.0 0.0 55878 102 11132.68 50
stats: {cpu,"tsung_controller@ip-172-30-3-165"} 1 16.104575163398692 0.0 16.104575163398692 0.13836485986810368 3.71155841662284 51
stats: session 3617 8354.201144740724 9133.052651888756 94748.26416015625 6.22900390625 14927.770916134243 29672
stats: users_count 3934 36704
stats: finish_users_count 3617 33289
stats: request 23094 357.5229396937345 1388.7333496259969 15127.64990234375 0.593017578125 1338.519745619525 191287
stats: page 18969 445.39610251996334 1774.9026818990164 27127.10107421875 0.81494140625 1609.339311131869 158642
stats: connect 3954 1.1010966322671674 0.33576922526002384 998.406982421875 0.541015625 1.1610654088164225 32566
stats: error_unknown 579 5004
stats: 401 39 575
stats: 302 669 20845
stats: 504 1 5
stats: 200 831 29663
stats: size_rcv 17817751 374733950
stats: 406 4 516
stats: newphase 0 15
stats: size_sent 11137325 129262919
stats: connected 378 3414
stats: 503 21550 162777
# stats: dump at 1449433957
stats: users 3467 3489
stats: {load,"tsung_controller@ip-172-30-3-165"} 1 0.53125 0.0 0.69921875 0.0 0.15632512019230776 52
stats: {freemem,"tsung_controller@ip-172-30-3-165"} 1 29048.39453125 0.0 29463.4375 29048.39453125 29298.32527043269 52
stats: {recvpackets,"tsung_controller@ip-172-30-3-165"} 1 45466.0 0.0 45466 143 11626.509803921565 51
stats: {sentpackets,"tsung_controller@ip-172-30-3-165"} 1 62492.0 0.0 62492 102 12010.039215686274 51
stats: {cpu,"tsung_controller@ip-172-30-3-165"} 1 17.50558549086608 0.0 17.50558549086608 0.13836485986810368 3.949885661753145 52
stats: session 3721 8389.723493650394 8557.768665443662 94748.26416015625 6.22900390625 14213.522910392698 33289
stats: users_count 3773 40477
stats: finish_users_count 3721 37010
stats: page 19897 383.1678920979172 1664.7745546464325 27127.10107421875 0.794921875 1485.0292249088352 177611
stats: request 24044 320.7574812794371 1390.9754977763673 15127.64990234375 0.593017578125 1232.8427488891703 214381
stats: connect 3797 1.0924408867197752 0.2365320885218413 998.406982421875 0.541015625 1.1545726228778752 36520
stats: error_unknown 549 5553
stats: 401 33 608
stats: 302 617 21462
stats: 504 1 6
stats: 200 706 30369
stats: size_rcv 17908961 392642911
stats: 406 1 517
stats: newphase 0 15
stats: size_sent 11500171 140763090
stats: connected 47 3461
stats: 503 22686 185463
# stats: dump at 1449433967
stats: users 2747 3512
stats: {load,"tsung_controller@ip-172-30-3-165"} 1 0.53125 0.0 0.69921875 0.0 0.16339917452830197 53
stats: {freemem,"tsung_controller@ip-172-30-3-165"} 1 29032.015625 0.0 29463.4375 29032.015625 29293.60959610849 53
stats: {recvpackets,"tsung_controller@ip-172-30-3-165"} 1 44629.0 0.0 45466 143 12277.269230769227 52
stats: {sentpackets,"tsung_controller@ip-172-30-3-165"} 1 62499.0 0.0 62499 102 12980.846153846154 52
stats: {cpu,"tsung_controller@ip-172-30-3-165"} 1 18.311533888228297 0.0 18.311533888228297 0.13836485986810368 4.205653583057162 53
stats: session 3672 8926.987028699525 8555.177118278627 94748.26416015625 6.22900390625 13627.99581961458 37010
stats: users_count 2952 43429
stats: finish_users_count 3672 40682
stats: request 22640 376.2851016202996 1586.5541663192516 15127.64990234375 0.593017578125 1140.8633919659935 238425
stats: connect 3112 1.14296567470678 0.920612172298675 998.406982421875 0.541015625 1.1487211408183888 40317
stats: page 18575 458.6096879731678 1919.0001293080045 27127.10107421875 0.794921875 1374.0274683271332 197508
stats: error_unknown 506 6059
stats: 401 33 641
stats: 302 608 22070
stats: 504 0 6
stats: 200 672 31041
stats: size_rcv 16685296 409328207
stats: 406 2 519
stats: newphase 0 15
stats: size_sent 10874471 151637561
stats: connected -594 2867
stats: 503 21326 206789
# stats: dump at 1449433977
stats: users 1351 3512
stats: {load,"tsung_controller@ip-172-30-3-165"} 1 0.83984375 0.0 0.83984375 0.0 0.17021122685185192 54
stats: {freemem,"tsung_controller@ip-172-30-3-165"} 1 29025.40625 0.0 29463.4375 29025.40625 29288.765263310186 54
stats: {recvpackets,"tsung_controller@ip-172-30-3-165"} 1 30376.0 0.0 45466 143 12887.679245283014 53
stats: {sentpackets,"tsung_controller@ip-172-30-3-165"} 1 41046.0 0.0 62499 102 13915.150943396226 53
stats: {cpu,"tsung_controller@ip-172-30-3-165"} 1 13.417951042611062 0.0 18.311533888228297 0.13836485986810368 4.46687358870848 54
stats: session 1396 15634.359659189473 10089.478656947942 94748.26416015625 6.22900390625 13203.677834258893 40682
stats: users_count 0 43429
stats: finish_users_count 1396 42078
stats: request 7317 1052.242121968748 2413.791845754195 15127.64990234375 0.593017578125 1074.5578646320862 261065
stats: connect 0 0 0 998.406982421875 0.541015625 1.1483087203035411 43429
stats: error_unknown 93 6152
stats: page 5990 1228.8812681373222 2930.31496153721 27127.10107421875 0.794921875 1295.3360151814675 216083
stats: 401 33 674
stats: 302 651 22721
stats: 504 0 6
stats: 200 558 31599
stats: size_rcv 8715588 418043795
stats: 406 3 522
stats: newphase 0 15
stats: size_sent 4642923 156280484
stats: connected -1497 1370
stats: 503 6071 212860
# stats: dump at 1449433987
stats: users 924 3512
stats: {load,"tsung_controller@ip-172-30-3-165"} 1 0.7109375 0.0 0.83984375 0.0 0.1823863636363637 55
stats: {freemem,"tsung_controller@ip-172-30-3-165"} 1 29031.88671875 0.0 29463.4375 29025.40625 29283.976917613636 55
stats: {recvpackets,"tsung_controller@ip-172-30-3-165"} 1 8503.0 0.0 45466 143 13211.537037037033 54
stats: {sentpackets,"tsung_controller@ip-172-30-3-165"} 1 9087.0 0.0 62499 102 14417.574074074075 54
stats: {cpu,"tsung_controller@ip-172-30-3-165"} 1 3.1480324797001873 0.0 18.311533888228297 0.13836485986810368 4.6296204515067085 55
stats: session 427 27905.573942590938 8702.605425466252 94748.26416015625 6.22900390625 13284.319305517107 42078
stats: users_count 0 43429
stats: finish_users_count 427 42505
stats: request 1747 5300.224898095389 4252.317835404644 15127.64990234375 0.593017578125 1073.949462097387 268382
stats: connect 0 0 0 998.406982421875 0.541015625 1.1483087203035411 43429
stats: error_unknown 9 6161
stats: page 1514 5927.923781360939 5421.955623177245 27127.10107421875 0.794921875 1293.5435238169414 222073
stats: 401 20 694
stats: 302 692 23413
stats: 504 0 6
stats: 200 405 32004
stats: size_rcv 5963437 424007232
stats: 406 6 528
stats: newphase 0 15
stats: size_sent 1412005 157692489
stats: connected -433 937
stats: 503 624 213484
# stats: dump at 1449433997
stats: users 296 3512
stats: {load,"tsung_controller@ip-172-30-3-165"} 1 0.6015625 0.0 0.83984375 0.0 0.19182477678571436 56
stats: {freemem,"tsung_controller@ip-172-30-3-165"} 1 29038.265625 0.0 29463.4375 29025.40625 29279.47530691964 56
stats: {recvpackets,"tsung_controller@ip-172-30-3-165"} 1 8391.0 0.0 45466 143 13125.92727272727 55
stats: {sentpackets,"tsung_controller@ip-172-30-3-165"} 1 5895.0 0.0 62499 102 14320.654545454545 55
stats: {cpu,"tsung_controller@ip-172-30-3-165"} 1 1.2147777082028803 0.0 18.311533888228297 0.13836485986810368 4.603163523438735 56
stats: session 628 35704.035569112035 7239.959639438634 94748.26416015625 6.22900390625 13431.202630538412 42505
stats: users_count 0 43429
stats: finish_users_count 628 43133
stats: request 2034 3290.9911454012304 2752.7640045576204 15127.64990234375 0.593017578125 1101.2819705903237 270129
stats: page 1831 4341.326083739045 4618.249097223349 27127.10107421875 0.794921875 1324.9248282305325 223587
stats: connect 0 0 0 998.406982421875 0.541015625 1.1483087203035411 43429
stats: error_unknown 0 6161
stats: 401 4 698
stats: 302 1394 24807
stats: 504 0 6
stats: 200 587 32591
stats: size_rcv 8482433 432489665
stats: 406 49 577
stats: newphase 0 15
stats: size_sent 1382802 159075291
stats: connected -630 307
stats: 503 0 213484
