# stats: dump at 1448764429
stats: users 6 6
stats: {cpu,"tsung_controller@ip-172-30-3-117"} 1 0.3292759505768966 0 0.3292759505768966 0.3292759505768966 0 0
stats: {load,"tsung_controller@ip-172-30-3-117"} 1 0.109375 0 0.109375 0.109375 0 0
stats: {freemem,"tsung_controller@ip-172-30-3-117"} 1 29465.59375 0 29465.59375 29465.59375 0 0
stats: users_count 6 6
stats: finish_users_count 0 0
stats: request 16 60.19898986816406 54.01513123876044 172.860107421875 10.087890625 0 0
stats: 302 3 3
stats: connect 4 19.50604248046875 31.98808550329312 74.909912109375 0.732177734375 0 0
stats: page 16 60.19898986816406 54.01513123876044 172.860107421875 10.087890625 0 0
stats: 200 13 13
stats: size_rcv 117152 117152
stats: size_sent 12871 12871
stats: connected 4 4
# stats: dump at 1448764439
stats: users 9 9
stats: {recvpackets,"tsung_controller@ip-172-30-3-117"} 1 306 0 306 306 0 0
stats: {sentpackets,"tsung_controller@ip-172-30-3-117"} 1 218 0 218 218 0 0
stats: {cpu,"tsung_controller@ip-172-30-3-117"} 1 0.27319011548491245 0.0 0.3292759505768966 0.27319011548491245 0.3292759505768966 1
stats: {load,"tsung_controller@ip-172-30-3-117"} 1 0.08984375 0.0 0.109375 0.08984375 0.109375 1
stats: {freemem,"tsung_controller@ip-172-30-3-117"} 1 29462.54296875 0.0 29465.59375 29462.54296875 29465.59375 1
stats: session 2 6016.470947265625 1627.491943359375 7643.962890625 4388.97900390625 0 0
stats: users_count 5 11
stats: finish_users_count 2 2
stats: request 39 56.4250237880609 53.11955663969046 176.160888671875 10.087890625 60.19898986816406 16
stats: page 39 56.4250237880609 53.11955663969046 176.160888671875 10.087890625 60.19898986816406 16
stats: connect 7 1.7672642299107142 1.0336066785694016 74.909912109375 0.732177734375 19.50604248046875 4
stats: 302 8 11
stats: 200 31 44
stats: size_rcv 283356 400508
stats: size_sent 31030 43901
stats: connected 5 9
# stats: dump at 1448764449
stats: users 17 18
stats: {recvpackets,"tsung_controller@ip-172-30-3-117"} 1 270.0 0.0 306 270 306.0 1
stats: {sentpackets,"tsung_controller@ip-172-30-3-117"} 1 175.0 0.0 218 175 218.0 1
stats: {cpu,"tsung_controller@ip-172-30-3-117"} 1 0.1737619461337967 0.0 0.3292759505768966 0.1737619461337967 0.30123303303090454 2
stats: {load,"tsung_controller@ip-172-30-3-117"} 1 0.078125 0.0 0.109375 0.078125 0.099609375 2
stats: {freemem,"tsung_controller@ip-172-30-3-117"} 1 29459.65234375 0.0 29465.59375 29459.65234375 29464.068359375 2
stats: session 6 12567.934773763021 7275.48457718591 19991.555908203125 2766.89990234375 6016.470947265625 2
stats: users_count 14 25
stats: finish_users_count 6 8
stats: connect 14 1.20849609375 0.23920063191875823 74.909912109375 0.732177734375 8.217729048295455 11
stats: request 76 55.23084781044408 64.15399456436455 363.166015625 9.510009765625 57.52290482954545 55
stats: page 74 56.72568161423142 66.13519596247609 384.326171875 9.510009765625 57.52290482954545 55
stats: 302 17 28
stats: 200 59 103
stats: size_rcv 569174 969682
stats: size_sent 64762 108663
stats: connected 9 18
# stats: dump at 1448764459
stats: users 21 21
stats: {recvpackets,"tsung_controller@ip-172-30-3-117"} 1 584.0 0.0 584 270 288.0 2
stats: {sentpackets,"tsung_controller@ip-172-30-3-117"} 1 367.0 0.0 367 175 196.5 2
stats: {cpu,"tsung_controller@ip-172-30-3-117"} 1 0.19863438857852267 0.0 0.3292759505768966 0.1737619461337967 0.2587426707318686 3
stats: {load,"tsung_controller@ip-172-30-3-117"} 1 0.0703125 0.0 0.109375 0.0703125 0.09244791666666667 3
stats: {freemem,"tsung_controller@ip-172-30-3-117"} 1 29457.3828125 0.0 29465.59375 29457.3828125 29462.596354166668 3
stats: session 10 12418.923510742188 7704.775187431584 24008.156005859375 2133.945068359375 10930.068817138672 8
stats: users_count 14 39
stats: finish_users_count 10 18
stats: page 80 52.01769714355468 60.78325554091086 384.326171875 9.216064453125 57.06558298510174 129
stats: request 80 52.01769714355468 60.78325554091086 363.166015625 9.216064453125 56.19316182609733 131
stats: 302 24 52
stats: connect 13 1.2036884014423077 0.2251381943771244 74.909912109375 0.732177734375 4.29255859375 25
stats: 200 56 159
stats: size_rcv 526645 1496327
stats: newphase 1 1
stats: size_sent 70206 178869
stats: connected 2 20
# stats: dump at 1448764469
stats: users 29 31
stats: {recvpackets,"tsung_controller@ip-172-30-3-117"} 1 564.0 0.0 584 270 386.6666666666667 3
stats: {sentpackets,"tsung_controller@ip-172-30-3-117"} 1 378.0 0.0 378 175 253.33333333333334 3
stats: {cpu,"tsung_controller@ip-172-30-3-117"} 1 0.14906832298136646 0.0 0.3292759505768966 0.14906832298136646 0.2437156001935321 4
stats: {load,"tsung_controller@ip-172-30-3-117"} 1 0.05859375 0.0 0.109375 0.05859375 0.0869140625 4
stats: {freemem,"tsung_controller@ip-172-30-3-117"} 1 29456.890625 0.0 29465.59375 29456.890625 29461.29296875 4
stats: session 11 13797.80517578125 8463.548405602394 25543.556884765625 1094.971923828125 11757.21031358507 18
stats: users_count 19 58
stats: finish_users_count 11 29
stats: request 120 73.89180908203129 78.89620748296778 460.898193359375 8.914794921875 54.61004725451718 211
stats: connect 18 1.1748725043402777 0.2567197175639498 74.909912109375 0.732177734375 3.23583984375 38
stats: page 116 76.44238702182109 80.78954980286899 477.757080078125 8.914794921875 55.13337787828947 209
stats: 302 26 78
stats: 200 94 253
stats: size_rcv 923781 2420108
stats: newphase 0 1
stats: size_sent 101529 280398
stats: connected 9 29
# stats: dump at 1448764479
stats: users 29 32
stats: {recvpackets,"tsung_controller@ip-172-30-3-117"} 1 1006.0 0.0 1006 270 431.0 4
stats: {sentpackets,"tsung_controller@ip-172-30-3-117"} 1 642.0 0.0 642 175 284.5 4
stats: {cpu,"tsung_controller@ip-172-30-3-117"} 1 0.2731561956791656 0.0 0.3292759505768966 0.14906832298136646 0.22478614475109898 5
stats: {load,"tsung_controller@ip-172-30-3-117"} 1 0.05078125 0.0 0.109375 0.05078125 0.08125 5
stats: {freemem,"tsung_controller@ip-172-30-3-117"} 1 29454.3203125 0.0 29465.59375 29454.3203125 29460.4125 5
stats: session 17 14589.74405445772 9031.906297382533 34746.52001953125 583.954833984375 12531.229054418103 29
stats: users_count 17 75
stats: finish_users_count 17 46
stats: connect 18 1.1834038628472223 0.2609864366770344 74.909912109375 0.722900390625 2.5733860560825894 56
stats: request 138 60.6538475147192 78.27078270567526 514.98583984375 8.914794921875 61.60041408020205 331
stats: 302 44 122
stats: page 132 63.413870146780276 81.63002727898319 535.121826171875 8.914794921875 62.73905498798076 325
stats: 200 94 347
stats: size_rcv 965503 3385611
stats: newphase 0 1
stats: size_sent 123153 403551
stats: connected -1 28
# stats: dump at 1448764489
stats: users 50 50
stats: {recvpackets,"tsung_controller@ip-172-30-3-117"} 1 893.0 0.0 1006 270 546.0 5
stats: {sentpackets,"tsung_controller@ip-172-30-3-117"} 1 574.0 0.0 642 175 356.0 5
stats: {cpu,"tsung_controller@ip-172-30-3-117"} 1 0.27319011548491245 0.0 0.3292759505768966 0.14906832298136646 0.23284781990577677 6
stats: {load,"tsung_controller@ip-172-30-3-117"} 1 0.0390625 0.0 0.109375 0.0390625 0.076171875 6
stats: {freemem,"tsung_controller@ip-172-30-3-117"} 1 29454.37890625 0.0 29465.59375 29454.3203125 29459.397135416668 6
stats: session 16 16979.88899230957 9872.725333260425 34746.52001953125 583.954833984375 13291.984597911005 46
stats: users_count 37 112
stats: finish_users_count 16 62
stats: request 181 60.78035976346685 66.05968235743286 514.98583984375 8.653076171875 61.32189342767192 469
stats: 302 42 164
stats: connect 34 1.1797593060661764 0.26567963780313614 74.909912109375 0.722900390625 2.2352822793496623 74
stats: page 181 60.78035976346685 66.05968235743286 535.121826171875 8.653076171875 62.93396877564276 457
stats: 200 139 486
stats: size_rcv 1279298 4664909
stats: newphase 1 2
stats: size_sent 149908 553459
stats: connected 20 48
# stats: dump at 1448764499
stats: users 58 61
stats: {recvpackets,"tsung_controller@ip-172-30-3-117"} 1 1446.0 0.0 1446 270 603.8333333333334 6
stats: {sentpackets,"tsung_controller@ip-172-30-3-117"} 1 928.0 0.0 928 175 392.3333333333333 6
stats: {cpu,"tsung_controller@ip-172-30-3-117"} 1 0.2983219390926041 0.0 0.3292759505768966 0.14906832298136646 0.23861100498851043 7
stats: {load,"tsung_controller@ip-172-30-3-117"} 1 0.0390625 0.0 0.109375 0.0390625 0.07087053571428571 7
stats: {freemem,"tsung_controller@ip-172-30-3-117"} 1 29449.8203125 0.0 29465.59375 29449.8203125 29458.680245535714 7
stats: session 28 14052.25328717913 7365.4280243793255 34746.52001953125 583.954833984375 14243.701860981602 62
stats: users_count 36 148
stats: finish_users_count 28 90
stats: request 271 75.1040741755074 98.84791255900545 753.802001953125 8.653076171875 61.171097130408654 650
stats: page 263 77.39066305994537 101.92290431489613 780.201171875 8.653076171875 62.32299192422609 638
stats: connect 38 1.264744808799342 0.5937572186616993 74.909912109375 0.722900390625 1.9029880099826388 108
stats: 302 72 236
stats: 200 199 685
stats: size_rcv 2057632 6722541
stats: newphase 0 2
stats: size_sent 239655 793114
stats: connected 8 56
# stats: dump at 1448764509
stats: users 63 69
stats: {recvpackets,"tsung_controller@ip-172-30-3-117"} 1 2025.0 0.0 2025 270 724.1428571428571 7
stats: {sentpackets,"tsung_controller@ip-172-30-3-117"} 1 1243.0 0.0 1243 175 468.85714285714283 7
stats: {cpu,"tsung_controller@ip-172-30-3-117"} 1 0.3854283227651374 0.0 0.3854283227651374 0.14906832298136646 0.24607487175152215 8
stats: {load,"tsung_controller@ip-172-30-3-117"} 1 0.03125 0.0 0.109375 0.03125 0.06689453125 8
stats: {freemem,"tsung_controller@ip-172-30-3-117"} 1 29444.06640625 0.0 29465.59375 29444.06640625 29457.57275390625 8
stats: session 34 16305.165922277114 8824.969773652809 41426.385009765625 583.954833984375 14184.140082465277 90
stats: users_count 39 187
stats: finish_users_count 34 124
stats: 302 101 337
stats: request 323 162.3923377636417 306.87563281113626 1953.132080078125 8.653076171875 65.27081133151806 921
stats: connect 39 1.23091321113782 0.2506244201758022 74.909912109375 0.722900390625 1.7368699165239727 146
stats: page 313 167.58331357328282 313.4503899527983 1953.132080078125 8.653076171875 66.72121335451928 901
stats: 200 222 907
stats: size_rcv 2359776 9082317
stats: newphase 0 2
stats: size_sent 295212 1088326
stats: connected 6 62
# stats: dump at 1448764519
stats: users 86 86
stats: {recvpackets,"tsung_controller@ip-172-30-3-117"} 1 2375.0 0.0 2375 270 886.75 8
stats: {sentpackets,"tsung_controller@ip-172-30-3-117"} 1 1416.0 0.0 1416 175 565.625 8
stats: {cpu,"tsung_controller@ip-172-30-3-117"} 1 0.521674326170662 0.0 0.521674326170662 0.14906832298136646 0.2615585885308127 9
stats: {load,"tsung_controller@ip-172-30-3-117"} 1 0.03125 0.0 0.109375 0.03125 0.06293402777777778 9
stats: {freemem,"tsung_controller@ip-172-30-3-117"} 1 29442.1640625 0.0 29465.59375 29442.1640625 29456.07204861111 9
stats: session 40 14636.708917236328 8905.72923124505 43256.468017578125 583.954833984375 14765.711683704007 124
stats: users_count 63 250
stats: finish_users_count 40 164
stats: request 389 133.34353849513974 238.17576815149314 1953.132080078125 8.47509765625 90.48805653857268 1244
stats: page 375 138.3241640625 243.19275296527337 1953.132080078125 8.47509765625 92.72602173052668 1214
stats: connect 63 1.1673952132936505 0.22929986228318408 74.909912109375 0.722900390625 1.6302087732263513 185
stats: 302 102 439
stats: 200 287 1194
stats: size_rcv 2869837 11952154
stats: newphase 1 3
stats: size_sent 336324 1424650
stats: connected 22 84
# stats: dump at 1448764529
stats: users 126 126
stats: {recvpackets,"tsung_controller@ip-172-30-3-117"} 1 2986.0 0.0 2986 270 1052.111111111111 9
stats: {sentpackets,"tsung_controller@ip-172-30-3-117"} 1 1879.0 0.0 1879 175 660.1111111111111 9
stats: {cpu,"tsung_controller@ip-172-30-3-117"} 1 0.6826362169542013 0.0 0.6826362169542013 0.14906832298136646 0.2875701622947976 10
stats: {load,"tsung_controller@ip-172-30-3-117"} 1 0.01953125 0.0 0.109375 0.01953125 0.059765625 10
stats: {freemem,"tsung_controller@ip-172-30-3-117"} 1 29437.96484375 0.0 29465.59375 29437.96484375 29454.68125 10
stats: session 45 14078.390418836805 9882.591440743367 43256.468017578125 583.954833984375 14734.247594321647 164
stats: users_count 85 335
stats: finish_users_count 45 209
stats: request 469 337.24920615255195 584.786113510279 3326.328125 8.406982421875 100.69674146270286 1633
stats: page 457 341.6514751008616 593.8013867184603 3326.328125 8.406982421875 103.48706853637312 1589
stats: connect 86 1.1376640852107556 0.24934235779933173 74.909912109375 0.68212890625 1.5126391995337702 248
stats: 302 116 555
stats: 200 353 1547
stats: size_rcv 3471395 15423549
stats: newphase 0 3
stats: size_sent 431504 1856154
stats: connected 42 126
# stats: dump at 1448764539
stats: users 160 164
stats: {recvpackets,"tsung_controller@ip-172-30-3-117"} 1 3798.0 0.0 3798 270 1245.5 10
stats: {sentpackets,"tsung_controller@ip-172-30-3-117"} 1 2443.0 0.0 2443 175 782.0 10
stats: {cpu,"tsung_controller@ip-172-30-3-117"} 1 0.770952499378264 0.0 0.770952499378264 0.14906832298136646 0.3234852581729252 11
stats: {load,"tsung_controller@ip-172-30-3-117"} 1 0.01953125 0.0 0.109375 0.01953125 0.056107954545454544 11
stats: {freemem,"tsung_controller@ip-172-30-3-117"} 1 29429.8203125 0.0 29465.59375 29429.8203125 29453.161576704544 11
stats: session 48 16922.083674112957 10177.46084143177 43256.468017578125 583.954833984375 14593.034326872757 209
stats: users_count 82 417
stats: finish_users_count 48 257
stats: connect 81 1.1199574411651232 0.2534262650645034 74.909912109375 0.68212890625 1.416088720995509 334
stats: request 528 848.45683519768 871.2783757990796 4893.9931640625 8.406982421875 153.476525449163 2102
stats: page 510 873.607816808364 891.7013295150731 4893.9931640625 8.406982421875 156.6841036292232 2046
stats: 302 143 698
stats: 200 385 1932
stats: size_rcv 3954809 19378358
stats: newphase 0 3
stats: size_sent 478414 2334568
stats: connected 36 162
# stats: dump at 1448764549
stats: users 252 252
stats: {recvpackets,"tsung_controller@ip-172-30-3-117"} 1 4105.0 0.0 4105 270 1477.5454545454545 11
stats: {sentpackets,"tsung_controller@ip-172-30-3-117"} 1 2532.0 0.0 2532 175 933.0 11
stats: {cpu,"tsung_controller@ip-172-30-3-117"} 1 0.8448254441545533 0.0 0.8448254441545533 0.14906832298136646 0.36077419494003676 12
stats: {load,"tsung_controller@ip-172-30-3-117"} 1 0.01953125 0.0 0.109375 0.01953125 0.053059895833333336 12
stats: {freemem,"tsung_controller@ip-172-30-3-117"} 1 29408.46484375 0.0 29465.59375 29408.46484375 29451.216471354168 12
stats: session 55 18822.672278941758 8962.445013318924 43397.89111328125 583.954833984375 15028.03187032618 257
stats: users_count 147 564
stats: finish_users_count 55 312
stats: request 612 1202.0761455461102 882.4273077732278 4893.9931640625 8.406982421875 293.0010895355573 2630
stats: connect 144 1.1183810763888888 0.24199670042354787 74.909912109375 0.666015625 1.3582896037274097 415
stats: page 594 1236.9845558449083 916.7978226526654 4893.9931640625 8.406982421875 299.7322623621503 2556
stats: 302 155 853
stats: 200 457 2389
stats: size_rcv 4413766 23792124
stats: newphase 1 4
stats: size_sent 565376 2899944
stats: connected 85 247
# stats: dump at 1448764559
stats: users 387 388
stats: {recvpackets,"tsung_controller@ip-172-30-3-117"} 1 4904.0 0.0 4904 270 1696.5 12
stats: {sentpackets,"tsung_controller@ip-172-30-3-117"} 1 3220.0 0.0 3220 175 1066.25 12
stats: {cpu,"tsung_controller@ip-172-30-3-117"} 1 1.1182902584493042 0.0 1.1182902584493042 0.14906832298136646 0.3980089064180765 13
stats: {load,"tsung_controller@ip-172-30-3-117"} 1 0.01171875 0.0 0.109375 0.01171875 0.05048076923076923 13
stats: {freemem,"tsung_controller@ip-172-30-3-117"} 1 29393.9375 0.0 29465.59375 29393.9375 29447.927884615383 13
stats: session 49 22926.82464225925 10073.123485556946 45921.823974609375 583.954833984375 15696.958865434695 312
stats: users_count 184 748
stats: finish_users_count 49 361
stats: 302 137 990
stats: request 633 2515.3464066202605 1081.0734354314804 5813.10009765625 8.406982421875 464.6093357658036 3242
stats: connect 187 1.1298632290274067 0.30565029004316846 74.909912109375 0.64794921875 1.2964884804058587 559
stats: page 622 2554.762667836867 1150.8404823152841 7064.18701171875 8.406982421875 476.47126627604183 3150
stats: 200 496 2885
stats: size_rcv 4289545 28081669
stats: newphase 0 4
stats: size_sent 587739 3487683
stats: connected 140 387
# stats: dump at 1448764569
stats: users 492 494
stats: {recvpackets,"tsung_controller@ip-172-30-3-117"} 1 4793.0 0.0 4904 270 1943.2307692307693 13
stats: {sentpackets,"tsung_controller@ip-172-30-3-117"} 1 3354.0 0.0 3354 175 1231.923076923077 13
stats: {cpu,"tsung_controller@ip-172-30-3-117"} 1 1.2431626056688214 0.0 1.2431626056688214 0.14906832298136646 0.44945757442030704 14
stats: {load,"tsung_controller@ip-172-30-3-117"} 1 0.01171875 0.0 0.109375 0.01171875 0.04771205357142857 14
stats: {freemem,"tsung_controller@ip-172-30-3-117"} 1 29377.9375 0.0 29465.59375 29377.9375 29444.071428571428 14
stats: session 48 23622.6686147054 10803.092539974052 49275.0029296875 583.954833984375 16678.297987496753 361
stats: users_count 153 901
stats: finish_users_count 48 409
stats: request 629 4698.250286059838 995.0177545740192 7641.541015625 8.406982421875 799.6071592111898 3875
stats: connect 155 1.135458669354839 0.23178117419154357 74.909912109375 0.64794921875 1.2547204884383378 746
stats: page 617 4770.17367578442 1165.5448829357672 11556.64697265625 8.406982421875 819.1799756532511 3772
stats: 302 123 1113
stats: 200 506 3391
stats: size_rcv 4545884 32627553
stats: newphase 0 4
stats: size_sent 532608 4020291
stats: connected 107 494
# stats: dump at 1448764579
stats: users 593 594
stats: {recvpackets,"tsung_controller@ip-172-30-3-117"} 1 4905.0 0.0 4905 270 2146.785714285714 14
stats: {sentpackets,"tsung_controller@ip-172-30-3-117"} 1 3330.0 0.0 3354 175 1383.5 14
stats: {cpu,"tsung_controller@ip-172-30-3-117"} 1 1.094799701418263 0.0 1.2431626056688214 0.14906832298136646 0.502371243170208 15
stats: {load,"tsung_controller@ip-172-30-3-117"} 1 0.01171875 0.0 0.109375 0.01171875 0.0453125 15
stats: {freemem,"tsung_controller@ip-172-30-3-117"} 1 29361.984375 0.0 29465.59375 29361.984375 29439.6625 15
stats: session 67 27687.16453620569 13501.669080540683 59698.8310546875 583.954833984375 17493.285249369652 409
stats: users_count 168 1069
stats: finish_users_count 67 476
stats: request 764 3702.2068542160932 2870.232244120359 10107.27099609375 0.97802734375 1344.0668676454259 4504
stats: connect 164 1.1207096751143288 0.23518971529070837 74.909912109375 0.64794921875 1.2342037493063263 901
stats: page 747 3752.7465604605936 2912.1082730197336 12968.194091796875 0.97802734375 1374.6056108733312 4389
stats: 302 115 1228
stats: 200 403 3794
stats: size_rcv 3931147 36558700
stats: newphase 1 5
stats: size_sent 644708 4664999
stats: connected 100 594
stats: 503 246 246
# stats: dump at 1448764589
stats: users 684 685
stats: {recvpackets,"tsung_controller@ip-172-30-3-117"} 1 4599.0 0.0 4905 270 2330.6666666666665 15
stats: {sentpackets,"tsung_controller@ip-172-30-3-117"} 1 3499.0 0.0 3499 175 1513.2666666666667 15
stats: {cpu,"tsung_controller@ip-172-30-3-117"} 1 1.2655086848635235 0.0 1.2655086848635235 0.14906832298136646 0.5393980218107115 16
stats: {load,"tsung_controller@ip-172-30-3-117"} 1 0.01171875 0.0 0.109375 0.01171875 0.043212890625 16
stats: {freemem,"tsung_controller@ip-172-30-3-117"} 1 29338.08203125 0.0 29465.59375 29338.08203125 29434.8076171875 16
stats: session 97 28880.16540904881 16031.360000903816 65684.97802734375 162.962890625 18928.138006130186 476
stats: users_count 188 1257
stats: finish_users_count 97 573
stats: request 1291 3672.716615329679 3991.5076775574403 13274.79296875 0.940185546875 1686.0598345664566 5268
stats: connect 187 1.1227909842914432 0.2322810895684975 74.909912109375 0.64794921875 1.2167267275528169 1065
stats: page 1254 3773.255199377615 4108.683490043287 18342.7470703125 0.940185546875 1720.49176534017 5136
stats: 302 170 1398
stats: 200 474 4268
stats: size_rcv 4624869 41183569
stats: newphase 0 5
stats: size_sent 1008331 5673330
stats: connected 87 681
stats: 503 647 893
# stats: dump at 1448764599
stats: users 762 763
stats: {recvpackets,"tsung_controller@ip-172-30-3-117"} 1 6088.0 0.0 6088 270 2472.4375 16
stats: {sentpackets,"tsung_controller@ip-172-30-3-117"} 1 4810.0 0.0 4810 175 1637.375 16
stats: {cpu,"tsung_controller@ip-172-30-3-117"} 1 1.4299925391693609 0.0 1.4299925391693609 0.14906832298136646 0.5821104137549945 17
stats: {load,"tsung_controller@ip-172-30-3-117"} 1 0.01171875 0.0 0.109375 0.01171875 0.04136029411764706 17
stats: {freemem,"tsung_controller@ip-172-30-3-117"} 1 29313.75390625 0.0 29465.59375 29313.75390625 29429.117876838234 17
stats: session 132 29465.19250673236 18907.75852154298 68431.30712890625 162.962890625 20612.86166770629 573
stats: users_count 210 1467
stats: finish_users_count 132 705
stats: request 1660 2402.3820409568 3673.617489410545 13274.79296875 0.924072265625 2077.0910746892378 6559
stats: connect 211 1.1159806816498823 0.24566487287388636 74.909912109375 0.64794921875 1.2026963889027555 1252
stats: page 1610 2464.1794212199147 3760.1237717760496 19258.037109375 0.924072265625 2123.334542536251 6390
stats: 302 158 1556
stats: 200 359 4627
stats: size_rcv 4148525 45332094
stats: newphase 0 5
stats: size_sent 1255416 6928746
stats: connected 79 760
stats: 503 1143 2036
# stats: dump at 1448764609
stats: users 807 808
stats: {recvpackets,"tsung_controller@ip-172-30-3-117"} 1 5890.0 0.0 6088 270 2685.1176470588234 17
stats: {sentpackets,"tsung_controller@ip-172-30-3-117"} 1 5604.0 0.0 5604 175 1824.0 17
stats: {cpu,"tsung_controller@ip-172-30-3-117"} 1 1.7397787995526284 0.0 1.7397787995526284 0.14906832298136646 0.6292149762780148 18
stats: {load,"tsung_controller@ip-172-30-3-117"} 1 0.01171875 0.0 0.109375 0.01171875 0.039713541666666664 18
stats: {freemem,"tsung_controller@ip-172-30-3-117"} 1 29309.78515625 0.0 29465.59375 29309.78515625 29422.70876736111 18
stats: session 197 32637.620528632615 18563.695141307344 75297.5810546875 162.962890625 22270.319356715427 705
stats: users_count 242 1709
stats: finish_users_count 197 902
stats: request 1964 2091.242641720899 3288.7371121704896 13274.79296875 0.924072265625 2142.7904303291157 8219
stats: connect 241 1.1694082679590239 0.4454913425946016 74.909912109375 0.64697265625 1.1901898856694295 1463
stats: page 1888 2200.931709289556 3465.4178886607447 19258.037109375 0.924072265625 2191.929574371338 8000
stats: 302 208 1764
stats: 200 382 5009
stats: size_rcv 4110152 49442246
stats: newphase 1 6
stats: size_sent 1503999 8432745
stats: connected 46 806
stats: 503 1374 3410
# stats: dump at 1448764619
stats: users 918 920
stats: {recvpackets,"tsung_controller@ip-172-30-3-117"} 1 6268.0 0.0 6268 270 2863.1666666666665 18
stats: {sentpackets,"tsung_controller@ip-172-30-3-117"} 1 6211.0 0.0 6211 175 2034.0 18
stats: {cpu,"tsung_controller@ip-172-30-3-117"} 1 1.8170504044803983 0.0 1.8170504044803983 0.14906832298136646 0.687665703818784 19
stats: {load,"tsung_controller@ip-172-30-3-117"} 1 0.0 0.0 0.109375 0.0 0.038240131578947366 19
stats: {freemem,"tsung_controller@ip-172-30-3-117"} 1 29310.60546875 0.0 29465.59375 29309.78515625 29416.765419407893 19
stats: session 276 34369.799891375114 21289.755749624586 76489.56494140625 162.962890625 24534.574712444566 902
stats: users_count 387 2096
stats: finish_users_count 276 1178
stats: request 2531 1881.1844849452732 3163.422945001579 13274.79296875 0.924072265625 2132.84838409259 10183
stats: connect 388 1.1271280504993568 0.37938662427168846 74.909912109375 0.635009765625 1.187250701474472 1704
stats: page 2447 1931.5279762009293 3266.6735202550863 19258.037109375 0.924072265625 2193.648428611386 9888
stats: 302 284 2048
stats: 200 407 5416
stats: size_rcv 4588416 54030662
stats: newphase 0 6
stats: size_sent 1739346 10172091
stats: connected 110 916
stats: 503 1840 5250
# stats: dump at 1448764629
stats: users 1015 1016
stats: {recvpackets,"tsung_controller@ip-172-30-3-117"} 1 7568.0 0.0 7568 270 3042.3684210526317 19
stats: {sentpackets,"tsung_controller@ip-172-30-3-117"} 1 8158.0 0.0 8158 175 2253.842105263158 19
stats: {cpu,"tsung_controller@ip-172-30-3-117"} 1 2.537944762378701 0.0 2.537944762378701 0.14906832298136646 0.7441349388518648 20
stats: {load,"tsung_controller@ip-172-30-3-117"} 1 0.0 0.0 0.109375 0.0 0.036328125 20
stats: {freemem,"tsung_controller@ip-172-30-3-117"} 1 29306.515625 0.0 29465.59375 29306.515625 29411.457421875 20
stats: session 320 30168.93524093628 22618.83748470794 82302.13305664063 162.962890625 26838.92288679502 1178
stats: users_count 417 2513
stats: finish_users_count 320 1498
stats: request 3072 1313.358545859655 2466.0242537434146 13274.79296875 0.89990234375 2082.7491762318177 12714
stats: connect 418 1.1094888933537674 0.23382328629550933 74.909912109375 0.635009765625 1.1760998465135042 2092
stats: page 2969 1356.2058701635663 2574.842457728635 19258.037109375 0.924072265625 2141.6493408895867 12335
stats: 302 311 2359
stats: 200 395 5811
stats: size_rcv 4612151 58642813
stats: newphase 0 6
stats: size_sent 2052256 12224347
stats: connected 97 1013
stats: 503 2366 7616
# stats: dump at 1448764639
stats: users 1024 1034
stats: {recvpackets,"tsung_controller@ip-172-30-3-117"} 1 8233.0 0.0 8233 270 3268.65 20
stats: {sentpackets,"tsung_controller@ip-172-30-3-117"} 1 9275.0 0.0 9275 175 2549.05 20
stats: {cpu,"tsung_controller@ip-172-30-3-117"} 1 2.8756379932777296 0.0 2.8756379932777296 0.14906832298136646 0.8295544542579045 21
stats: {load,"tsung_controller@ip-172-30-3-117"} 1 0.0 0.0 0.109375 0.0 0.03459821428571429 21
stats: {freemem,"tsung_controller@ip-172-30-3-117"} 1 29315.75 0.0 29465.59375 29306.515625 29406.46019345238 21
stats: session 370 28323.84959551837 20374.890696409377 88517.60107421875 162.962890625 27550.273990483405 1498
stats: users_count 379 2892
stats: finish_users_count 370 1868
stats: request 3325 1270.0976544143555 2595.2506429953846 13274.79296875 0.889892578125 1933.0235955588616 15786
stats: connect 379 1.165509951146109 0.4380993716877366 74.909912109375 0.635009765625 1.1650068670629983 2510
stats: page 3184 1334.541068685713 2739.3303777347023 19258.037109375 0.924072265625 1989.2720758225744 15304
stats: 302 316 2675
stats: 200 355 6166
stats: size_rcv 4442912 63085725
stats: newphase 0 6
stats: size_sent 2239485 14463832
stats: connected 10 1023
stats: 503 2654 10270
# stats: dump at 1448764649
stats: users 1095 1097
stats: {recvpackets,"tsung_controller@ip-172-30-3-117"} 1 8105.0 0.0 8233 270 3505.0476190476193 21
stats: {sentpackets,"tsung_controller@ip-172-30-3-117"} 1 9463.0 0.0 9463 175 2869.3333333333335 21
stats: {cpu,"tsung_controller@ip-172-30-3-117"} 1 3.257086026852312 0.0 3.257086026852312 0.14906832298136646 0.9225582514860785 22
stats: {load,"tsung_controller@ip-172-30-3-117"} 1 0.078125 0.0 0.109375 0.0 0.033025568181818184 22
stats: {freemem,"tsung_controller@ip-172-30-3-117"} 1 29314.82421875 0.0 29465.59375 29306.515625 29402.337002840908 22
stats: session 382 26641.74760652712 17979.31998193136 88517.60107421875 162.962890625 27703.498280559925 1868
stats: users_count 453 3345
stats: finish_users_count 382 2250
stats: request 3466 1262.1016633682555 2441.7423413497513 13274.79296875 0.889892578125 1817.6853738904256 19111
stats: connect 455 1.0962166251717038 0.248434107204504 74.909912109375 0.60400390625 1.1650728652864315 2889
stats: 302 380 3055
stats: page 3346 1305.3085928744226 2556.26234150571 19258.037109375 0.9228515625 1876.5144207639546 18488
stats: 200 376 6542
stats: size_rcv 4657917 67743642
stats: newphase 1 7
stats: size_sent 2331530 16795362
stats: connected 73 1096
stats: 503 2710 12980
# stats: dump at 1448764659
stats: users 1152 1157
stats: {recvpackets,"tsung_controller@ip-172-30-3-117"} 1 8727.0 0.0 8727 270 3714.1363636363635 22
stats: {sentpackets,"tsung_controller@ip-172-30-3-117"} 1 10327.0 0.0 10327 175 3169.0454545454545 22
stats: {cpu,"tsung_controller@ip-172-30-3-117"} 1 3.3845385287873113 0.0 3.3845385287873113 0.14906832298136646 1.0240594591106973 23
stats: {load,"tsung_controller@ip-172-30-3-117"} 1 0.140625 0.0 0.140625 0.0 0.034986413043478264 23
stats: {freemem,"tsung_controller@ip-172-30-3-117"} 1 29309.44921875 0.0 29465.59375 29306.515625 29398.532099184784 23
stats: session 434 26223.23591353596 17330.883627268566 88517.60107421875 162.962890625 27523.236610568576 2250
stats: users_count 491 3836
stats: finish_users_count 434 2684
stats: request 3929 1145.598162986271 2365.5680774772914 13274.79296875 0.889892578125 1732.392680411671 22577
stats: connect 491 1.093292049866344 0.23299914404409452 74.909912109375 0.60400390625 1.1557039689789552 3344
stats: page 3774 1180.6849975262517 2465.4611347234027 19258.037109375 0.91796875 1788.978710398544 21834
stats: 302 404 3459
stats: 200 396 6938
stats: size_rcv 4985719 72729361
stats: newphase 0 7
stats: size_sent 2559868 19355230
stats: connected 56 1152
stats: 503 3129 16109
# stats: dump at 1448764669
stats: users 1193 1212
stats: {recvpackets,"tsung_controller@ip-172-30-3-117"} 1 9213.0 0.0 9213 270 3932.086956521739 23
stats: {sentpackets,"tsung_controller@ip-172-30-3-117"} 1 11246.0 0.0 11246 175 3480.2608695652175 23
stats: {cpu,"tsung_controller@ip-172-30-3-117"} 1 3.718492637883704 0.0 3.718492637883704 0.14906832298136646 1.1224127536805562 24
stats: {load,"tsung_controller@ip-172-30-3-117"} 1 0.12109375 0.0 0.140625 0.0 0.039388020833333336 24
stats: {freemem,"tsung_controller@ip-172-30-3-117"} 1 29300.875 0.0 29465.59375 29300.875 29394.8203125 24
stats: session 490 23408.952718431123 15546.587186176657 88517.60107421875 162.962890625 27313.02785404393 2684
stats: users_count 531 4367
stats: finish_users_count 490 3174
stats: request 4001 934.2819114557296 2383.8096440565864 13274.79296875 0.889892578125 1645.4117832953807 26506
stats: connect 511 1.0871820916401664 0.26122705180098493 74.909912109375 0.55419921875 1.1477132904172105 3835
stats: page 3847 971.7317272768341 2502.0420921379095 19258.037109375 0.9111328125 1699.3309256289397 25608
stats: 302 274 3733
stats: 200 279 7217
stats: size_rcv 4127168 76856529
stats: newphase 0 7
stats: size_sent 2467260 21822490
stats: connected 44 1196
stats: 503 3448 19557
# stats: dump at 1448764679
stats: users 1103 1212
stats: {recvpackets,"tsung_controller@ip-172-30-3-117"} 1 9476.0 0.0 9476 270 4152.125 24
stats: {sentpackets,"tsung_controller@ip-172-30-3-117"} 1 11852.0 0.0 11852 175 3803.8333333333335 24
stats: {cpu,"tsung_controller@ip-172-30-3-117"} 1 3.6612702366127023 0.0 3.718492637883704 0.14906832298136646 1.2262559490486822 25
stats: {load,"tsung_controller@ip-172-30-3-117"} 1 0.1796875 0.0 0.1796875 0.0 0.04265625 25
stats: {freemem,"tsung_controller@ip-172-30-3-117"} 1 29299.1640625 0.0 29465.59375 29299.1640625 29391.0625 25
stats: session 468 24802.823921920903 15448.957916980915 88517.60107421875 162.962890625 26710.31934224485 3174
stats: users_count 378 4745
stats: finish_users_count 468 3642
stats: request 3881 1103.3808450322852 2132.598331567454 13274.79296875 0.889892578125 1552.1469385964444 30507
stats: connect 393 1.1231537253498736 0.9412710471851309 74.909912109375 0.55419921875 1.1405960693921138 4346
stats: page 3742 1158.4852398006383 2282.7578925331422 19258.037109375 0.89990234375 1604.3020980594083 29455
stats: 302 448 4181
stats: 200 449 7666
stats: size_rcv 5163842 82020371
stats: newphase 1 8
stats: size_sent 2565481 24387971
stats: connected -75 1121
stats: 503 2984 22541
# stats: dump at 1448764689
stats: users 817 1212
stats: {recvpackets,"tsung_controller@ip-172-30-3-117"} 1 8545.0 0.0 9476 270 4365.08 25
stats: {sentpackets,"tsung_controller@ip-172-30-3-117"} 1 10182.0 0.0 11852 175 4125.76 25
stats: {cpu,"tsung_controller@ip-172-30-3-117"} 1 3.0605871330418486 0.0 3.718492637883704 0.14906832298136646 1.3199103447242213 26
stats: {load,"tsung_controller@ip-172-30-3-117"} 1 0.16015625 0.0 0.1796875 0.0 0.047926682692307696 26
stats: {freemem,"tsung_controller@ip-172-30-3-117"} 1 29294.453125 0.0 29465.59375 29294.453125 29387.52794471154 26
stats: session 389 27152.457774341256 13799.734036729707 88517.60107421875 162.962890625 26465.204609484936 3642
stats: users_count 103 4848
stats: finish_users_count 389 4031
stats: connect 103 1.1463563789441744 0.2389241972122753 74.909912109375 0.55419921875 1.1391495951974313 4739
stats: request 2688 1544.6906569344642 2808.950667978214 13274.79296875 0.889892578125 1501.4995846031184 34388
stats: page 2575 1596.2560548771203 2910.992371360493 19258.037109375 0.89990234375 1554.0491630470783 33197
stats: 302 380 4561
stats: 200 272 7938
stats: size_rcv 3613720 85634091
stats: newphase 0 8
stats: size_sent 2044647 26432618
stats: connected -296 825
stats: 503 2036 24577
# stats: dump at 1448764699
stats: users 645 1212
stats: {recvpackets,"tsung_controller@ip-172-30-3-117"} 1 5820.0 0.0 9476 270 4525.846153846154 26
stats: {sentpackets,"tsung_controller@ip-172-30-3-117"} 1 6509.0 0.0 11852 175 4358.692307692308 26
stats: {cpu,"tsung_controller@ip-172-30-3-117"} 1 1.9688473520249221 0.0 3.718492637883704 0.14906832298136646 1.384379855402652 27
stats: {load,"tsung_controller@ip-172-30-3-117"} 1 0.2890625 0.0 0.2890625 0.0 0.052083333333333336 27
stats: {freemem,"tsung_controller@ip-172-30-3-117"} 1 29294.6796875 0.0 29465.59375 29294.453125 29384.080729166668 27
stats: session 270 30719.17500180845 13702.894084484453 88517.60107421875 162.962890625 26531.525989075388 4031
stats: users_count 98 4946
stats: finish_users_count 270 4301
stats: request 1592 2631.7954713447666 3170.227864098257 13274.79296875 0.889892578125 1504.6309256978063 37076
stats: connect 98 1.1372767857142858 0.22279401724407838 74.909912109375 0.55419921875 1.1393028993539605 4842
stats: page 1501 2767.6559019247566 3356.235885104775 19258.037109375 0.89990234375 1557.0873702052568 35772
stats: 302 402 4963
stats: 200 274 8212
stats: size_rcv 3426306 89060397
stats: newphase 0 8
stats: size_sent 1356498 27789116
stats: connected -178 647
stats: 503 916 25493
# stats: dump at 1448764709
stats: users 573 1212
stats: {recvpackets,"tsung_controller@ip-172-30-3-117"} 1 4576.0 0.0 9476 270 4573.777777777778 27
stats: {sentpackets,"tsung_controller@ip-172-30-3-117"} 1 4162.0 0.0 11852 175 4438.333333333333 27
stats: {cpu,"tsung_controller@ip-172-30-3-117"} 1 1.356565028002489 0.0 3.718492637883704 0.14906832298136646 1.4052536945677332 28
stats: {load,"tsung_controller@ip-172-30-3-117"} 1 0.23828125 0.0 0.2890625 0.0 0.060546875 28
stats: {freemem,"tsung_controller@ip-172-30-3-117"} 1 29297.51953125 0.0 29465.59375 29294.453125 29380.887834821428 28
stats: session 158 40453.5968063934 12745.299684683401 88517.60107421875 162.962890625 26794.410256324383 4301
stats: users_count 86 5032
stats: finish_users_count 158 4459
stats: connect 91 1.1601964929601645 0.22378840333510067 74.909912109375 0.55419921875 1.1392627051967361 4940
stats: request 1075 4206.563420012713 2697.9817024549093 13274.79296875 0.889892578125 1551.0374105604824 38668
stats: page 1024 4456.666810989379 3064.0237976385934 19258.037109375 0.89990234375 1605.8374940512304 37273
stats: 302 446 5409
stats: 200 368 8580
stats: size_rcv 3820720 92881117
stats: newphase 0 8
stats: size_sent 900685 28689801
stats: connected -67 580
stats: 503 261 25754
# stats: dump at 1448764719
stats: users 505 1212
stats: {recvpackets,"tsung_controller@ip-172-30-3-117"} 1 4931.0 0.0 9476 270 4573.857142857143 28
stats: {sentpackets,"tsung_controller@ip-172-30-3-117"} 1 3849.0 0.0 11852 175 4428.464285714285 28
stats: {cpu,"tsung_controller@ip-172-30-3-117"} 1 1.2195121951219512 0.0 3.718492637883704 0.14906832298136646 1.4035747750310008 29
stats: {load,"tsung_controller@ip-172-30-3-117"} 1 0.19921875 0.0 0.2890625 0.0 0.06667564655172414 29
stats: {freemem,"tsung_controller@ip-172-30-3-117"} 1 29297.3671875 0.0 29465.59375 29294.453125 29378.013065732757 29
stats: session 162 43540.542432243434 13823.98861979059 88517.60107421875 162.962890625 27278.409241502875 4459
stats: users_count 94 5126
stats: finish_users_count 162 4621
stats: request 856 4288.826948504579 1389.5484924958891 13274.79296875 0.889892578125 1622.8661718558337 39743
stats: connect 89 1.17553436622191 0.23317891787122133 74.909912109375 0.55419921875 1.1396413525206226 5031
stats: page 821 4520.907050816942 1704.8259567804055 19258.037109375 0.89990234375 1682.064071081929 38297
stats: 302 469 5878
stats: 200 347 8927
stats: size_rcv 3559373 96440490
stats: newphase 1 9
stats: size_sent 759489 29449290
stats: connected -75 505
stats: 503 40 25794
# stats: dump at 1448764729
stats: users 442 1212
stats: {recvpackets,"tsung_controller@ip-172-30-3-117"} 1 4683.0 0.0 9476 270 4586.172413793103 29
stats: {sentpackets,"tsung_controller@ip-172-30-3-117"} 1 3354.0 0.0 11852 175 4408.482758620689 29
stats: {cpu,"tsung_controller@ip-172-30-3-117"} 1 1.1071028734917279 0.0 3.718492637883704 0.14906832298136646 1.397439355700699 30
stats: {load,"tsung_controller@ip-172-30-3-117"} 1 0.3203125 0.0 0.3203125 0.0 0.07109375 30
stats: {freemem,"tsung_controller@ip-172-30-3-117"} 1 29298.95703125 0.0 29465.59375 29294.453125 29375.324869791668 30
stats: session 143 48894.27882908108 15706.49471577324 88900.92211914063 162.962890625 27848.516486017044 4621
stats: users_count 80 5206
stats: finish_users_count 143 4764
stats: request 852 3698.897724850076 1161.6514494820578 13274.79296875 0.889892578125 1679.0759904427773 40599
stats: page 825 3832.6320386482003 1373.4858833101114 19258.037109375 0.89990234375 1741.6450845888169 39118
stats: connect 83 1.1303769766566265 0.2258154132349748 74.909912109375 0.55419921875 1.140265274047852 5120
stats: 302 388 6266
stats: 200 464 9391
stats: size_rcv 4837978 101278468
stats: newphase 0 9
stats: size_sent 743876 30193166
stats: connected -63 442
stats: 503 0 25794
# stats: dump at 1448764739
stats: users 451 1212
stats: {recvpackets,"tsung_controller@ip-172-30-3-117"} 1 5021.0 0.0 9476 270 4589.4 30
stats: {sentpackets,"tsung_controller@ip-172-30-3-117"} 1 3483.0 0.0 11852 175 4373.333333333333 30
stats: {cpu,"tsung_controller@ip-172-30-3-117"} 1 1.1318407960199004 0.0 3.718492637883704 0.14906832298136646 1.388073662726216 31
stats: {load,"tsung_controller@ip-172-30-3-117"} 1 0.26953125 0.0 0.3203125 0.0 0.07913306451612903 31
stats: {freemem,"tsung_controller@ip-172-30-3-117"} 1 29293.1171875 0.0 29465.59375 29293.1171875 29372.861391129034 31
stats: session 92 51030.94794497284 18481.69916753447 88900.92211914063 162.962890625 28480.242769614477 4764
stats: users_count 101 5307
stats: finish_users_count 92 4856
stats: request 571 5109.3561404573975 1026.9665389397403 13274.79296875 0.889892578125 1720.5921931330627 41451
stats: page 557 5188.034090709856 1198.0355346542476 19258.037109375 0.89990234375 1784.8332336286735 39943
stats: connect 101 1.2214162090037135 0.5259690282285983 74.909912109375 0.55419921875 1.1401075326133967 5203
stats: 302 205 6471
stats: 200 366 9757
stats: size_rcv 3872662 105151130
stats: newphase 0 9
stats: size_sent 518420 30711586
stats: connected 7 449
stats: 503 0 25794
# stats: dump at 1448764749
stats: users 499 1212
stats: {recvpackets,"tsung_controller@ip-172-30-3-117"} 1 3941.0 0.0 9476 270 4603.322580645161 31
stats: {sentpackets,"tsung_controller@ip-172-30-3-117"} 1 2641.0 0.0 11852 175 4344.612903225807 31
stats: {cpu,"tsung_controller@ip-172-30-3-117"} 1 0.91948310139165 0.0 3.718492637883704 0.14906832298136646 1.3800663856416437 32
stats: {load,"tsung_controller@ip-172-30-3-117"} 1 0.23046875 0.0 0.3203125 0.0 0.0850830078125 32
stats: {freemem,"tsung_controller@ip-172-30-3-117"} 1 29292.6484375 0.0 29465.59375 29292.6484375 29370.369384765625 32
stats: session 70 52099.88244628906 23275.611653169624 89233.23901367188 162.962890625 28907.480182327196 4856
stats: users_count 118 5425
stats: finish_users_count 70 4926
stats: request 577 6035.8349715155155 2426.961875678499 13274.79296875 0.889892578125 1766.6391260235055 42022
stats: page 558 6205.691498568407 2627.647584718685 19258.037109375 0.89990234375 1831.637749119889 40500
stats: connect 115 1.1296025815217385 0.2461571195078852 74.909912109375 0.55419921875 1.1416558313153993 5304
stats: 302 152 6623
stats: 200 379 10136
stats: size_rcv 3822104 108973234
stats: newphase 1 10
stats: size_sent 517718 31229304
stats: connected 46 495
stats: 503 46 25840
# stats: dump at 1448764759
stats: users 602 1212
stats: {recvpackets,"tsung_controller@ip-172-30-3-117"} 1 4617.0 0.0 9476 270 4582.625 32
stats: {sentpackets,"tsung_controller@ip-172-30-3-117"} 1 3081.0 0.0 11852 175 4291.375 32
stats: {cpu,"tsung_controller@ip-172-30-3-117"} 1 1.1672668570718987 0.0 3.718492637883704 0.14906832298136646 1.3661093164219469 33
stats: {load,"tsung_controller@ip-172-30-3-117"} 1 0.19140625 0.0 0.3203125 0.0 0.08948863636363637 33
stats: {freemem,"tsung_controller@ip-172-30-3-117"} 1 29286.8828125 0.0 29465.59375 29286.8828125 29368.014204545456 33
stats: session 80 44170.408291626 25471.879399064957 91372.15405273438 162.962890625 29237.051469066402 4926
stats: users_count 183 5608
stats: finish_users_count 80 5006
stats: page 894 4372.50301598329 3473.2885875269967 19258.037109375 0.89990234375 1891.0834598752172 41058
stats: request 919 4247.34789959365 3229.714258953924 13274.79296875 0.889892578125 1824.4650374967534 42599
stats: connect 182 1.1172250600961544 0.23478678743245074 74.909912109375 0.55419921875 1.1414000417368293 5419
stats: 302 175 6798
stats: 200 440 10576
stats: size_rcv 4121546 113094780
stats: newphase 0 10
stats: size_sent 750795 31980099
stats: connected 105 600
stats: 503 304 26144
# stats: dump at 1448764769
stats: users 701 1212
stats: {recvpackets,"tsung_controller@ip-172-30-3-117"} 1 5105.0 0.0 9476 270 4583.666666666667 33
stats: {sentpackets,"tsung_controller@ip-172-30-3-117"} 1 3934.0 0.0 11852 175 4254.69696969697 33
stats: {cpu,"tsung_controller@ip-172-30-3-117"} 1 1.3560587210748942 0.0 3.718492637883704 0.14906832298136646 1.3602610087940044 34
stats: {load,"tsung_controller@ip-172-30-3-117"} 1 0.23828125 0.0 0.3203125 0.0 0.09248621323529412 34
stats: {freemem,"tsung_controller@ip-172-30-3-117"} 1 29273.0 0.0 29465.59375 29273.0 29365.627987132353 34
stats: session 111 43087.551896378834 25678.80369474403 91479.84912109375 133.942138671875 29475.69880142852 5006
stats: users_count 210 5818
stats: finish_users_count 111 5117
stats: connect 208 1.1342832125150237 0.36850183590122665 74.909912109375 0.55419921875 1.1406144951096908 5601
stats: request 1245 3313.818407418736 3386.6186475215827 13274.79296875 0.889892578125 1875.6307470943234 43518
stats: page 1207 3412.5764595038045 3566.8717933914477 19258.037109375 0.89990234375 1943.962680965049 41952
stats: 302 196 6994
stats: 200 451 11027
stats: size_rcv 4482337 117577117
stats: newphase 0 10
stats: size_sent 980391 32960490
stats: connected 94 694
stats: 503 598 26742
# stats: dump at 1448764779
stats: users 735 1212
stats: {recvpackets,"tsung_controller@ip-172-30-3-117"} 1 5934.0 0.0 9476 270 4599.0 34
stats: {sentpackets,"tsung_controller@ip-172-30-3-117"} 1 5107.0 0.0 11852 175 4245.264705882353 34
stats: {cpu,"tsung_controller@ip-172-30-3-117"} 1 1.755915317559153 0.0 3.718492637883704 0.14906832298136646 1.3601409434306013 35
stats: {load,"tsung_controller@ip-172-30-3-117"} 1 0.3515625 0.0 0.3515625 0.0 0.09665178571428572 35
stats: {freemem,"tsung_controller@ip-172-30-3-117"} 1 29264.53125 0.0 29465.59375 29264.53125 29362.981473214284 35
stats: session 183 39357.50303508153 26624.209215763425 93379.10107421875 133.942138671875 29770.972534776083 5117
stats: users_count 217 6035
stats: finish_users_count 183 5300
stats: request 1786 2275.8906889741324 3211.1147481177695 13274.79296875 0.889892578125 1915.6312751443625 44763
stats: connect 220 1.141951127485795 0.6090512622795955 74.909912109375 0.55419921875 1.1403877939942337 5809
stats: 302 209 7203
stats: page 1720 2384.0046911905006 3358.136257294965 19258.037109375 0.89990234375 1985.0344581307913 43159
stats: 200 407 11434
stats: size_rcv 4279064 121856181
stats: newphase 0 10
stats: size_sent 1367604 34328094
stats: connected 42 736
stats: 503 1170 27912
# stats: dump at 1448764789
stats: users 3477 3477
stats: {recvpackets,"tsung_controller@ip-172-30-3-117"} 1 5872.0 0.0 9476 270 4637.142857142857 35
stats: {sentpackets,"tsung_controller@ip-172-30-3-117"} 1 5616.0 0.0 11852 175 4269.885714285714 35
stats: {cpu,"tsung_controller@ip-172-30-3-117"} 1 1.820675894749969 0.0 3.718492637883704 0.14906832298136646 1.3711346760452832 36
stats: {load,"tsung_controller@ip-172-30-3-117"} 1 0.37109375 0.0 0.37109375 0.0 0.1037326388888889 36
stats: {freemem,"tsung_controller@ip-172-30-3-117"} 1 29263.79296875 0.0 29465.59375 29263.79296875 29360.246744791668 36
stats: session 569 19065.619074548275 22976.228574213583 93379.10107421875 38.9189453125 30101.979153937573 5300
stats: users_count 3311 9346
stats: finish_users_count 569 5869
stats: request 10120 427.82151281786565 1717.9525677091 13274.79296875 0.889892578125 1929.453770001394 46549
stats: connect 3200 1.0865375518798817 0.2703889152497283 74.909912109375 0.55419921875 1.1404448404974918 6029
stats: page 9925 436.63420081765565 1767.2414328929656 19258.037109375 0.89990234375 2000.325101880935 44879
stats: 302 196 7399
stats: 504 108 108
stats: 200 363 11797
stats: size_rcv 8337820 130194001
stats: newphase 1 11
stats: size_sent 4170271 38498365
stats: connected 2651 3387
stats: 503 9453 37365
# stats: dump at 1448764799
stats: users 6150 6150
stats: {recvpackets,"tsung_controller@ip-172-30-3-117"} 1 33557.0 0.0 33557 270 4671.444444444444 36
stats: {sentpackets,"tsung_controller@ip-172-30-3-117"} 1 48231.0 0.0 48231 175 4307.277777777777 36
stats: {cpu,"tsung_controller@ip-172-30-3-117"} 1 15.487333083738925 0.0 15.487333083738925 0.14906832298136646 1.3832844387129775 37
stats: {load,"tsung_controller@ip-172-30-3-117"} 1 0.55859375 0.0 0.55859375 0.0 0.11095861486486487 37
stats: {freemem,"tsung_controller@ip-172-30-3-117"} 1 29073.94140625 0.0 29465.59375 29073.94140625 29357.63988597973 37
stats: session 2096 11297.695389842254 12869.387560033623 102449.56005859375 34.8681640625 29032.003198038357 5869
stats: users_count 4769 14115
stats: finish_users_count 2096 7965
stats: request 28513 106.2222032459703 742.3451835813747 13274.79296875 0.889892578125 1661.2909571284422 56669
stats: connect 4782 1.1306012455562549 0.43943240418779433 74.909912109375 0.47509765625 1.1217533979168923 9229
stats: page 27482 111.28043814047624 774.372598439352 19258.037109375 0.89990234375 1717.1408052410357 54804
stats: 302 204 7603
stats: 504 3 111
stats: 200 403 12200
stats: size_rcv 16976349 147170350
stats: newphase 0 11
stats: size_sent 11605813 50104178
stats: connected 2724 6111
stats: 503 27903 65268
# stats: dump at 1448764809
stats: users 7242 7245
stats: {recvpackets,"tsung_controller@ip-172-30-3-117"} 1 50577.0 0.0 50577 270 5452.135135135135 37
stats: {sentpackets,"tsung_controller@ip-172-30-3-117"} 1 81832.0 0.0 81832 175 5494.405405405405 37
stats: {cpu,"tsung_controller@ip-172-30-3-117"} 1 22.20380053564596 0.0 22.20380053564596 0.14906832298136646 1.7544436135820813 38
stats: {load,"tsung_controller@ip-172-30-3-117"} 1 0.69921875 0.0 0.69921875 0.0 0.12273848684210527 38
stats: {freemem,"tsung_controller@ip-172-30-3-117"} 1 28875.9765625 0.0 29465.59375 28875.9765625 29350.174136513157 38
stats: session 3594 12509.223501096118 8827.982602351252 102449.56005859375 34.8681640625 24365.19727638374 7965
stats: users_count 4686 18801
stats: finish_users_count 3594 11559
stats: request 37044 87.85110827216255 663.5039411631145 13274.79296875 0.702880859375 1140.7622611662562 85182
stats: page 35474 91.34529135362568 679.9365304186601 19258.037109375 0.89208984375 1180.8131843983945 82286
stats: 302 318 7921
stats: connect 4694 1.1662395852750864 0.5569616290134012 74.909912109375 0.47509765625 1.1247731971754344 14011
stats: 504 1 112
stats: 200 330 12530
stats: size_rcv 20714567 167884917
stats: newphase 0 11
stats: size_sent 15217675 65321853
stats: connected 1121 7232
stats: 503 36395 101663
# stats: dump at 1448764819
stats: users 9029 9029
stats: {recvpackets,"tsung_controller@ip-172-30-3-117"} 1 57402.0 0.0 57402 270 6639.631578947368 38
stats: {sentpackets,"tsung_controller@ip-172-30-3-117"} 1 94667.0 0.0 94667 175 7503.289473684211 38
stats: {cpu,"tsung_controller@ip-172-30-3-117"} 1 22.96429488826098 0.0 22.96429488826098 0.14906832298136646 2.2787860987632063 39
stats: {load,"tsung_controller@ip-172-30-3-117"} 1 0.75 0.0 0.75 0.0 0.13752003205128205 39
stats: {freemem,"tsung_controller@ip-172-30-3-117"} 1 28774.046875 0.0 29465.59375 28774.046875 29338.015224358973 39
stats: session 4537 14675.557162861 8762.791624603806 102449.56005859375 34.8681640625 20678.86024477342 11559
stats: users_count 6324 25125
stats: finish_users_count 4537 16096
stats: request 41485 85.17507906542804 619.1861241541504 13274.79296875 0.702880859375 821.6481549383766 122226
stats: page 39889 88.9804847183851 638.2645851042776 19258.037109375 0.89208984375 852.6220835333289 117760
stats: connect 6221 1.2331074780732612 1.0754903196399583 74.909912109375 0.47509765625 1.135179143486034 18705
stats: 302 439 8360
stats: 504 4 116
stats: 200 327 12857
stats: size_rcv 23268768 191153685
stats: newphase 1 12
stats: size_sent 16781533 82103386
stats: connected 1709 8941
stats: 503 40715 142378
# stats: dump at 1448764829
stats: users 11252 12824
stats: {recvpackets,"tsung_controller@ip-172-30-3-117"} 1 78183.0 0.0 78183 270 7941.2307692307695 39
stats: {sentpackets,"tsung_controller@ip-172-30-3-117"} 1 126969.0 0.0 126969 175 9738.25641025641 39
stats: {cpu,"tsung_controller@ip-172-30-3-117"} 1 29.549248747913186 0.0 29.549248747913186 0.14906832298136646 2.7959238185006505 40
stats: {load,"tsung_controller@ip-172-30-3-117"} 1 1.03125 0.0 1.03125 0.0 0.15283203125 40
stats: {freemem,"tsung_controller@ip-172-30-3-117"} 1 28517.03515625 0.0 29465.59375 28517.03515625 29323.916015625 40
stats: session 6341 12644.05911510439 9715.054316650909 102449.56005859375 24.72216796875 18986.701566677206 16096
stats: users_count 8564 33689
stats: finish_users_count 6341 22437
stats: page 59527 66.9251898363872 473.83868697341927 19258.037109375 0.89208984375 659.402337546172 157649
stats: connect 8421 1.6684850663983621 5.934906533612205 219.823974609375 0.47509765625 1.1596199751263752 24926
stats: request 61665 64.47279031849914 464.10488748710975 13274.79296875 0.702880859375 635.0230316871028 163711
stats: 302 479 8839
stats: 504 7 123
stats: 200 420 13277
stats: size_rcv 33661973 224815658
stats: newphase 0 12
stats: error_connect_eaddrinuse 1106 1106
stats: size_sent 24319162 106422548
stats: connected 2285 11226
stats: error_abort_max_conn_retries 222 222
stats: 503 60818 203196
# stats: dump at 1448764839
stats: users 5648 12824
stats: {recvpackets,"tsung_controller@ip-172-30-3-117"} 1 80336.0 0.0 80336 270 9697.275 40
stats: {sentpackets,"tsung_controller@ip-172-30-3-117"} 1 140043.0 0.0 140043 175 12669.025 40
stats: {cpu,"tsung_controller@ip-172-30-3-117"} 1 77.90034705007437 0.0 77.90034705007437 0.14906832298136646 3.448443938730225 41
stats: {load,"tsung_controller@ip-172-30-3-117"} 1 2.1796875 0.0 2.1796875 0.0 0.17425685975609756 41
stats: {freemem,"tsung_controller@ip-172-30-3-117"} 1 28189.5390625 0.0 29465.59375 28189.5390625 29304.235994664636 41
stats: session 6889 14041.993925048379 9430.849800279946 102449.56005859375 24.72216796875 17194.18492963022 22437
stats: users_count 1285 34974
stats: finish_users_count 6889 29326
stats: request 38213 117.27423432879493 629.7326497084044 13274.79296875 0.702880859375 478.9151025642373 225376
stats: connect 186 72.43348874327957 48.39324418342604 394.154052734375 0.47509765625 1.2881218773545036 33347
stats: page 35848 125.83635840557503 650.5215529277738 19258.037109375 0.89208984375 497.00692013485417 217176
stats: 302 512 9351
stats: 504 15 138
stats: 200 220 13497
stats: size_rcv 19931832 244747490
stats: newphase 0 12
stats: error_connect_eaddrinuse 4922 6028
stats: size_sent 17425414 123847962
stats: connected -5689 5537
stats: error_abort_max_conn_retries 1191 1413
stats: 503 37407 240603
# stats: dump at 1448764849
stats: users 2619 12824
stats: {recvpackets,"tsung_controller@ip-172-30-3-117"} 1 37046.0 0.0 80336 270 11420.170731707318 41
stats: {sentpackets,"tsung_controller@ip-172-30-3-117"} 1 66371.0 0.0 140043 175 15775.707317073171 41
stats: {cpu,"tsung_controller@ip-172-30-3-117"} 1 99.92766726943943 0.0 99.92766726943943 0.14906832298136646 5.2211082985241335 42
stats: {load,"tsung_controller@ip-172-30-3-117"} 1 3.16015625 0.0 3.16015625 0.0 0.22200520833333334 42
stats: {freemem,"tsung_controller@ip-172-30-3-117"} 1 28209.51953125 0.0 29465.59375 28189.5390625 29277.69559151786 42
stats: session 4628 18405.155272487922 11272.468208647168 102449.56005859375 24.72216796875 16453.700587048064 29326
stats: users_count 1599 36573
stats: finish_users_count 4628 33954
stats: request 13257 274.79968137410805 867.2835756722977 13274.79296875 0.702880859375 426.4873362390835 263589
stats: 302 910 10261
stats: 504 1 139
stats: 200 274 13771
stats: size_rcv 8743124 253490614
stats: newphase 0 12
stats: error_connect_eaddrinuse 4751 10779
stats: size_sent 6860685 130708647
stats: connected -2950 2587
stats: error_abort_max_conn_retries 999 2412
stats: 503 12072 252675
stats: page 12821 284.378536582895 883.3750408613397 19258.037109375 0.89208984375 444.42012087126176 253024
stats: connect 547 61.625650744115646 34.712051109914675 394.154052734375 0.47509765625 1.6827492067632073 33533
# stats: dump at 1448764859
stats: users 2848 12824
stats: {recvpackets,"tsung_controller@ip-172-30-3-117"} 1 20967.0 0.0 80336 270 12030.309523809525 42
stats: {sentpackets,"tsung_controller@ip-172-30-3-117"} 1 30392.0 0.0 140043 175 16980.35714285714 42
stats: {cpu,"tsung_controller@ip-172-30-3-117"} 1 99.30808448652586 0.0 99.92766726943943 0.14906832298136646 7.423586414126816 43
stats: {load,"tsung_controller@ip-172-30-3-117"} 1 3.96875 0.0 3.96875 0.0 0.2903343023255814 43
stats: {freemem,"tsung_controller@ip-172-30-3-117"} 1 28415.9296875 0.0 29465.59375 28189.5390625 29252.8542877907 43
stats: session 2773 18092.992941668228 15542.408825980006 102449.56005859375 24.72216796875 16719.687872322724 33954
stats: users_count 3002 39575
stats: finish_users_count 2773 36727
stats: 302 671 10932
stats: page 10426 315.23846492917306 827.1492342532166 19258.037109375 0.89208984375 436.7017392874022 265845
stats: connect 2103 45.869012692061915 28.19321148740294 394.154052734375 0.47509765625 2.6448609186450085 34080
stats: request 10612 309.16809779115835 816.1939273412271 13274.79296875 0.702880859375 419.2236472547927 276846
stats: 504 4 143
stats: 200 569 14340
stats: size_rcv 8843742 262334356
stats: newphase 1 13
stats: error_connect_eaddrinuse 6004 16783
stats: size_sent 5298895 136007542
stats: connected 210 2797
stats: error_abort_max_conn_retries 918 3330
stats: 503 9368 262043
# stats: dump at 1448764869
stats: users 4690 12824
stats: {recvpackets,"tsung_controller@ip-172-30-3-117"} 1 26643.0 0.0 80336 270 12238.139534883721 43
stats: {sentpackets,"tsung_controller@ip-172-30-3-117"} 1 38050.0 0.0 140043 175 17292.255813953485 43
stats: {cpu,"tsung_controller@ip-172-30-3-117"} 1 99.43606718156185 0.0 99.92766726943943 0.14906832298136646 9.511870461226794 44
stats: {load,"tsung_controller@ip-172-30-3-117"} 1 4.58984375 0.0 4.58984375 0.0 0.3739346590909091 44
stats: {freemem,"tsung_controller@ip-172-30-3-117"} 1 28590.8125 0.0 29465.59375 28189.5390625 29233.833274147728 44
stats: session 2262 12895.146363168136 14370.705048712487 102449.56005859375 24.72216796875 16823.37657429389 36727
stats: users_count 4104 43679
stats: finish_users_count 2262 38989
stats: connect 3426 39.822079277149946 22.613807659803896 394.154052734375 0.47509765625 5.157101229826938 36183
stats: 302 325 11257
stats: 504 9 152
stats: page 18374 183.2582502496942 753.0943024146087 19258.037109375 0.89208984375 432.1179208683177 276271
stats: request 18984 177.12863160465716 740.8022965319041 13274.79296875 0.702880859375 415.1607598385159 287458
stats: 200 542 14882
stats: size_rcv 12589154 274923510
stats: newphase 0 13
stats: error_connect_eaddrinuse 5068 21851
stats: size_sent 8636743 144644285
stats: connected 1768 4565
stats: error_abort_max_conn_retries 497 3827
stats: 503 18108 280151
# stats: dump at 1448764879
stats: users 6468 12824
stats: {recvpackets,"tsung_controller@ip-172-30-3-117"} 1 40423.0 0.0 80336 270 12565.522727272728 44
stats: {sentpackets,"tsung_controller@ip-172-30-3-117"} 1 63185.0 0.0 140043 175 17764.022727272724 44
stats: {cpu,"tsung_controller@ip-172-30-3-117"} 1 99.7071384990848 0.0 99.92766726943943 0.14906832298136646 11.510185943900906 45
stats: {load,"tsung_controller@ip-172-30-3-117"} 1 5.12109375 0.0 5.12109375 0.0 0.46762152777777777 45
stats: {freemem,"tsung_controller@ip-172-30-3-117"} 1 28653.41015625 0.0 29465.59375 28189.5390625 29219.543923611112 45
stats: session 3017 11633.692160520726 9747.740614463648 102449.56005859375 24.72216796875 16595.474942101053 38989
stats: users_count 4795 48474
stats: finish_users_count 3017 42006
stats: page 29275 134.2217253382532 654.0552967918851 19258.037109375 0.89208984375 416.59908434318885 294645
stats: 302 435 11692
stats: 504 9 161
stats: 200 512 15394
stats: size_rcv 18293360 293216870
stats: newphase 0 13
stats: error_connect_eaddrinuse 4581 26432
stats: size_sent 13423852 158068137
stats: connected 1787 6352
stats: error_abort_max_conn_retries 285 4112
stats: 503 29516 309667
stats: connect 4537 35.75643709017516 18.846015042537474 394.154052734375 0.47509765625 8.15546561141013 39609
stats: request 30472 128.8776853225402 640.8697012878126 13274.79296875 0.702880859375 400.41473311113657 306442
# stats: dump at 1448764889
stats: users 8585 12824
stats: {recvpackets,"tsung_controller@ip-172-30-3-117"} 1 55185.0 0.0 80336 270 13184.577777777778 45
stats: {sentpackets,"tsung_controller@ip-172-30-3-117"} 1 89012.0 0.0 140043 175 18773.377777777776 45
stats: {cpu,"tsung_controller@ip-172-30-3-117"} 1 99.35585804569762 0.0 99.92766726943943 0.14906832298136646 13.427510999448383 46
stats: {load,"tsung_controller@ip-172-30-3-117"} 1 5.55859375 0.0 5.55859375 0.0 0.5687839673913043 46
stats: {freemem,"tsung_controller@ip-172-30-3-117"} 1 28617.0078125 0.0 29465.59375 28189.5390625 29207.236667798912 46
stats: session 4148 13036.454657058945 9204.322140306176 102449.56005859375 24.72216796875 16239.104455693687 42006
stats: users_count 6265 54739
stats: finish_users_count 4148 46154
stats: request 41382 87.10995990033608 510.19553172373486 13274.79296875 0.702880859375 375.8557153196108 336914
stats: 302 404 12096
stats: page 39849 90.6541977826649 520.7333291579935 19258.037109375 0.89208984375 391.0785941453946 323920
stats: connect 6204 28.78200245211005 18.561354681117518 394.154052734375 0.47509765625 10.992089713234915 44146
stats: 504 17 178
stats: 200 455 15849
stats: size_rcv 23426833 316643703
stats: newphase 1 14
stats: error_connect_eaddrinuse 3803 30235
stats: size_sent 17306964 175375101
stats: connected 2143 8495
stats: error_abort_max_conn_retries 143 4255
stats: 503 40506 350173
# stats: dump at 1448764899
stats: users 9133 12824
stats: {recvpackets,"tsung_controller@ip-172-30-3-117"} 1 69651.0 0.0 80336 270 14097.630434782608 46
stats: {sentpackets,"tsung_controller@ip-172-30-3-117"} 1 114997.0 0.0 140043 175 20300.304347826084 46
stats: {cpu,"tsung_controller@ip-172-30-3-117"} 1 99.159766195811 0.0 99.92766726943943 0.14906832298136646 15.255773702560068 47
stats: {load,"tsung_controller@ip-172-30-3-117"} 1 5.7890625 0.0 5.7890625 0.0 0.6749501329787234 47
stats: {freemem,"tsung_controller@ip-172-30-3-117"} 1 28524.3828125 0.0 29465.59375 28189.5390625 29194.678607047874 47
stats: session 5355 13981.287664310516 9252.957767914957 102449.56005859375 24.72216796875 15951.272602230565 46154
stats: users_count 5903 60642
stats: finish_users_count 5355 51509
stats: 302 446 12542
stats: page 46005 91.26166303361175 492.31293668495545 19258.037109375 0.89208984375 358.16866567249446 363769
stats: connect 5799 41.354504986042855 28.136103114647014 394.154052734375 0.47509765625 13.184117888646659 50350
stats: request 48011 87.321180048177 481.949026330909 13274.79296875 0.702880859375 344.26966405086773 378296
stats: 504 21 199
stats: 200 580 16429
stats: size_rcv 27024759 343668462
stats: newphase 0 14
stats: error_connect_eaddrinuse 4071 34306
stats: size_sent 20284807 195659908
stats: connected 586 9081
stats: error_abort_max_conn_retries 172 4427
stats: 503 46965 397138
# stats: dump at 1448764909
stats: users 7508 12824
stats: {recvpackets,"tsung_controller@ip-172-30-3-117"} 1 66888.0 0.0 80336 270 15279.617021276596 47
stats: {sentpackets,"tsung_controller@ip-172-30-3-117"} 1 112993.0 0.0 140043 175 22315.127659574468 47
stats: {cpu,"tsung_controller@ip-172-30-3-117"} 1 99.50518947622496 0.0 99.92766726943943 0.14906832298136646 17.003773546169462 48
stats: {load,"tsung_controller@ip-172-30-3-117"} 1 6.12890625 0.0 6.12890625 0.0 0.781494140625 48
stats: {freemem,"tsung_controller@ip-172-30-3-117"} 1 28489.79296875 0.0 29465.59375 28189.5390625 29180.714111328125 48
stats: session 5667 15016.020230154783 9664.891041745646 102449.56005859375 24.72216796875 15746.468211880105 51509
stats: users_count 4042 64684
stats: finish_users_count 5667 57176
stats: 302 502 13044
stats: page 38835 122.7380222918276 556.2757685606944 19258.037109375 0.89208984375 328.2032294652148 409774
stats: connect 3608 79.75664044906743 66.44315832750385 499.673095703125 0.47509765625 16.093520990710818 56149
stats: request 40670 116.59848043921552 542.6486456887529 13274.79296875 0.702880859375 315.33194155169883 426307
stats: 504 31 230
stats: 200 520 16949
stats: size_rcv 22934569 366603031
stats: newphase 0 14
stats: error_connect_eaddrinuse 4778 39084
stats: size_sent 17797462 213457370
stats: connected -1624 7457
stats: error_abort_max_conn_retries 451 4878
stats: 503 39617 436755
# stats: dump at 1448764919
stats: users 5095 12824
stats: {recvpackets,"tsung_controller@ip-172-30-3-117"} 1 50714.0 0.0 80336 270 16354.791666666666 48
stats: {sentpackets,"tsung_controller@ip-172-30-3-117"} 1 86243.0 0.0 140043 175 24204.25 48
stats: {cpu,"tsung_controller@ip-172-30-3-117"} 1 99.84472049689441 0.0 99.92766726943943 0.14906832298136646 18.68747591208896 49
stats: {load,"tsung_controller@ip-172-30-3-117"} 1 6.421875 0.0 6.421875 0.0 0.890625 49
stats: {freemem,"tsung_controller@ip-172-30-3-117"} 1 28483.3984375 0.0 29465.59375 28189.5390625 29166.613679846938 49
stats: session 5182 15878.766454522189 10911.814264984885 102449.56005859375 24.72216796875 15674.069850462072 57176
stats: users_count 2769 67453
stats: finish_users_count 5182 62358
stats: request 27903 150.66489391506502 611.7263497947056 13274.79296875 0.702880859375 298.0238303097218 466977
stats: connect 1851 76.29734758555364 55.1609761696316 499.673095703125 0.47509765625 19.937364138890125 59757
stats: page 26687 158.08009146321731 626.7979679369145 19258.037109375 0.89208984375 310.41660164326186 448609
stats: 302 643 13687
stats: 504 15 245
stats: 200 544 17493
stats: size_rcv 16877617 383480648
stats: newphase 0 14
stats: error_connect_eaddrinuse 5608 44692
stats: size_sent 13246511 226703881
stats: connected -2405 5052
stats: error_abort_max_conn_retries 865 5743
stats: 503 26700 463455
# stats: dump at 1448764929
stats: users 4557 12824
stats: {recvpackets,"tsung_controller@ip-172-30-3-117"} 1 33647.0 0.0 80336 270 17056.0 49
stats: {sentpackets,"tsung_controller@ip-172-30-3-117"} 1 54224.0 0.0 140043 175 25470.34693877551 49
stats: {cpu,"tsung_controller@ip-172-30-3-117"} 1 99.95326556840752 0.0 99.95326556840752 0.14906832298136646 20.310620803785067 50
stats: {load,"tsung_controller@ip-172-30-3-117"} 1 6.73046875 0.0 6.73046875 0.0 1.00125 50
stats: {freemem,"tsung_controller@ip-172-30-3-117"} 1 28499.8828125 0.0 29465.59375 28189.5390625 29152.949375 50
stats: session 3796 16763.825503060838 12319.332018145898 102449.56005859375 24.72216796875 15691.080303046176 62358
stats: users_count 3258 70711
stats: finish_users_count 3796 66154
stats: 302 542 14229
stats: 504 16 261
stats: request 16970 251.90431885772725 755.3038974485999 13274.79296875 0.702880859375 289.7152375150643 494880
stats: connect 1744 250.23406716442966 226.21782328175996 1002.89990234375 0.47509765625 21.63068853441951 61608
stats: page 16330 262.8360184715626 770.7180163800629 19258.037109375 0.89208984375 301.8631855674378 475296
stats: 200 500 17993
stats: size_rcv 11312761 394793409
stats: newphase 1 15
stats: error_connect_eaddrinuse 6097 50789
stats: size_sent 8491904 235195785
stats: connected -1201 3851
stats: error_abort_max_conn_retries 910 6653
stats: 503 15913 479368
# stats: dump at 1448764939
stats: users 6130 12824
stats: {recvpackets,"tsung_controller@ip-172-30-3-117"} 1 33957.0 0.0 80336 270 17387.82 50
stats: {sentpackets,"tsung_controller@ip-172-30-3-117"} 1 45669.0 0.0 140043 175 26045.42 50
stats: {cpu,"tsung_controller@ip-172-30-3-117"} 1 99.55139457772576 0.0 99.95326556840752 0.14906832298136646 21.8722412893659 51
stats: {load,"tsung_controller@ip-172-30-3-117"} 1 7.01171875 0.0 7.01171875 0.0 1.1135876225490196 51
stats: {freemem,"tsung_controller@ip-172-30-3-117"} 1 28516.19921875 0.0 29465.59375 28189.5390625 29140.144148284315 51
stats: session 2296 18976.020616591173 12369.241759167035 102449.56005859375 24.72216796875 15752.63577632452 66154
stats: users_count 3869 74580
stats: finish_users_count 2296 68450
stats: 302 567 14796
stats: page 11574 737.0479056683178 1205.2792816483939 19258.037109375 0.89208984375 300.56684721536607 491626
stats: connect 2667 1555.8410985064834 1153.0897153144501 4367.739990234375 0.47509765625 27.923848850285427 63352
stats: request 11856 716.9764078323036 1192.7157151939487 13274.79296875 0.702880859375 288.46164507662525 511850
stats: 504 9 270
stats: 200 1188 19181
stats: size_rcv 11776163 406569572
stats: newphase 0 15
stats: error_connect_eaddrinuse 5586 56375
stats: size_sent 5946884 241142669
stats: connected 975 4826
stats: error_abort_max_conn_retries 532 7185
stats: 503 10091 489459
# stats: dump at 1448764949
stats: users 6398 12824
stats: {recvpackets,"tsung_controller@ip-172-30-3-117"} 1 46949.0 0.0 80336 270 17712.70588235294 51
stats: {sentpackets,"tsung_controller@ip-172-30-3-117"} 1 72735.0 0.0 140043 175 26430.196078431374 51
stats: {cpu,"tsung_controller@ip-172-30-3-117"} 1 99.89156626506023 0.0 99.95326556840752 0.14906832298136646 23.366071160295895 52
stats: {load,"tsung_controller@ip-172-30-3-117"} 1 7.23828125 0.0 7.23828125 0.0 1.2270132211538463 52
stats: {freemem,"tsung_controller@ip-172-30-3-117"} 1 28522.75390625 0.0 29465.59375 28189.5390625 29128.14520733173 52
stats: session 3204 16940.978146061334 12219.069771277082 102449.56005859375 24.72216796875 15860.756909900154 68450
stats: users_count 3472 78052
stats: finish_users_count 3204 71654
stats: 302 368 15164
stats: page 29170 242.1812587713192 758.5011958465938 19258.037109375 0.89208984375 310.60625852405934 503200
stats: connect 4185 384.4559570895868 733.6568529773992 5113.68408203125 0.47509765625 89.64782686923573 66019
stats: request 30332 231.45609260608398 743.6442639692644 13274.79296875 0.702880859375 298.1626433986444 523706
stats: 504 43 313
stats: 200 1023 20204
stats: size_rcv 19921475 426491047
stats: newphase 0 15
stats: error_connect_eaddrinuse 5101 61476
stats: size_sent 15480814 256623483
stats: connected 1504 6330
stats: error_abort_max_conn_retries 646 7831
stats: 503 28898 518357
# stats: dump at 1448764960
stats: users 12927 13107
stats: {recvpackets,"tsung_controller@ip-172-30-3-117"} 0 0 0 80336 270 18274.94230769231 52
stats: {sentpackets,"tsung_controller@ip-172-30-3-117"} 0 0 0 140043 175 27320.673076923078 52
stats: {cpu,"tsung_controller@ip-172-30-3-117"} 0 0 0 99.95326556840752 0.14906832298136646 24.809948426423524 53
stats: {load,"tsung_controller@ip-172-30-3-117"} 0 0 0 7.23828125 0.0 1.3404333726415094 53
stats: {freemem,"tsung_controller@ip-172-30-3-117"} 0 0 0 29465.59375 28189.5390625 29116.72272995283 53
stats: session 2689 17247.06992073106 11161.417778741772 102449.56005859375 24.72216796875 15909.058872674883 71654
stats: users_count 9218 87270
stats: finish_users_count 2689 74343
stats: connect 4314 1124.2222186191586 913.3600386193193 5113.68408203125 0.47509765625 107.22192556691918 70204
stats: 302 309 15473
stats: 504 22 335
stats: 200 727 20931
stats: size_rcv 15818814 442309861
stats: newphase 0 15
stats: error_connect_eaddrinuse 3821 65297
stats: request 24906 314.7817578175991 760.219787272326 13274.79296875 0.702880859375 294.5106500360231 554038
stats: size_sent 11490650 268114133
stats: connected 1604 7934
stats: error_abort_max_conn_retries 93 7924
stats: 503 23928 542285
stats: page 23942 328.32894219093913 774.998371163546 19258.037109375 0.89208984375 306.85706671612985 532370
# stats: dump at 1448764969
stats: users 9405 13107
stats: {recvpackets,"tsung_controller@ip-172-30-3-117"} 1 51407.0 0.0 80336 270 18274.94230769231 52
stats: {sentpackets,"tsung_controller@ip-172-30-3-117"} 1 72582.0 0.0 140043 175 27320.673076923078 52
stats: {cpu,"tsung_controller@ip-172-30-3-117"} 1 98.60713604273994 0.0 99.95326556840752 0.14906832298136646 24.809948426423524 53
stats: {load,"tsung_controller@ip-172-30-3-117"} 1 7.48828125 0.0 7.48828125 0.0 1.3404333726415094 53
stats: {freemem,"tsung_controller@ip-172-30-3-117"} 1 28299.86328125 0.0 29465.59375 28189.5390625 29116.72272995283 53
stats: session 3522 21046.56891392494 10830.89630166257 102449.56005859375 24.72216796875 15957.454978673066 74343
stats: users_count 0 87270
stats: finish_users_count 3522 77865
stats: connect 4571 3264.8367285668955 2334.442192076414 9165.9931640625 0.47509765625 166.09816035888034 74518
stats: request 35387 741.1091689634472 1650.9837064831102 13274.79296875 0.702880859375 295.38270710960524 578944
stats: 302 326 15799
stats: page 34235 768.760899868046 1675.6055900643955 19258.037109375 0.740966796875 307.78115183853936 556312
stats: 504 41 376
stats: 200 943 21874
stats: size_rcv 22467531 464777392
stats: newphase 0 15
stats: error_connect_eaddrinuse 3415 68712
stats: size_sent 15980560 284094693
stats: connected 1694 9628
stats: error_abort_max_conn_retries 257 8181
stats: 503 33997 576282
# stats: dump at 1448764979
stats: users 4630 13107
stats: {recvpackets,"tsung_controller@ip-172-30-3-117"} 1 81594.0 0.0 81594 270 18900.075471698114 53
stats: {sentpackets,"tsung_controller@ip-172-30-3-117"} 1 121132.0 0.0 140043 175 28174.66037735849 53
stats: {cpu,"tsung_controller@ip-172-30-3-117"} 1 55.226620768789445 0.0 99.95326556840752 0.14906832298136646 26.176563011910865 54
stats: {load,"tsung_controller@ip-172-30-3-117"} 1 6.48828125 0.0 7.48828125 0.0 1.4542824074074074 54
stats: {freemem,"tsung_controller@ip-172-30-3-117"} 1 28150.05078125 0.0 29465.59375 28150.05078125 29101.595703125 54
stats: session 4775 24888.968942295938 8031.04740404409 102449.56005859375 24.72216796875 16187.646454688698 77865
stats: users_count 0 87270
stats: finish_users_count 4775 82640
stats: request 33059 98.14129536574241 687.8369993522339 13274.79296875 0.702880859375 321.05766459282177 614331
stats: connect 0 0 0 9165.9931640625 0.47509765625 345.191763708004 79089
stats: 302 461 16260
stats: page 30935 103.84752266912953 710.569921953265 19258.037109375 0.740966796875 334.5049209437759 590547
stats: 504 2 378
stats: 200 246 22120
stats: size_rcv 17554553 482331945
stats: newphase 0 15
stats: error_connect_eaddrinuse 0 68712
stats: size_sent 16995621 301090314
stats: connected -4816 4812
stats: error_abort_max_conn_retries 0 8181
stats: 503 32350 608632
# stats: dump at 1448764989
stats: users 1629 13107
stats: {recvpackets,"tsung_controller@ip-172-30-3-117"} 1 28393.0 0.0 81594 270 20061.074074074073 54
stats: {sentpackets,"tsung_controller@ip-172-30-3-117"} 1 49149.0 0.0 140043 175 29896.09259259259 54
stats: {cpu,"tsung_controller@ip-172-30-3-117"} 1 15.652516756472599 0.0 99.95326556840752 0.14906832298136646 26.704745880217747 55
stats: {load,"tsung_controller@ip-172-30-3-117"} 1 5.71875 0.0 7.48828125 0.0 1.5458096590909092 55
stats: {freemem,"tsung_controller@ip-172-30-3-117"} 1 28191.046875 0.0 29465.59375 28150.05078125 29084.294886363637 55
stats: session 3001 31708.660333518383 6311.5529167335535 102449.56005859375 24.72216796875 16690.41526977007 82640
stats: users_count 0 87270
stats: finish_users_count 3001 85641
stats: request 10541 342.4755194421266 939.1858152767722 13274.79296875 0.702880859375 309.6744299888303 647390
stats: 302 1300 17560
stats: connect 0 0 0 9165.9931640625 0.47509765625 345.191763708004 79089
stats: page 10169 357.5366111302965 986.7929413885489 19258.037109375 0.740966796875 323.02367673135115 621482
stats: 504 0 378
stats: 200 256 22376
stats: size_rcv 7811735 490143680
stats: newphase 0 15
stats: error_connect_eaddrinuse 0 68712
stats: size_sent 6256291 307346605
stats: connected -3118 1694
stats: error_abort_max_conn_retries 0 8181
stats: 503 8985 617617
# stats: dump at 1448764999
stats: users 359 13107
stats: {recvpackets,"tsung_controller@ip-172-30-3-117"} 1 12845.0 0.0 81594 270 20212.563636363637 55
stats: {sentpackets,"tsung_controller@ip-172-30-3-117"} 1 16402.0 0.0 140043 175 30246.145454545454 55
stats: {cpu,"tsung_controller@ip-172-30-3-117"} 1 5.526813880126183 0.0 99.95326556840752 0.14906832298136646 26.507384645865155 56
stats: {load,"tsung_controller@ip-172-30-3-117"} 1 4.83984375 0.0 7.48828125 0.0 1.6203264508928572 56
stats: {freemem,"tsung_controller@ip-172-30-3-117"} 1 28506.4921875 0.0 29465.59375 28150.05078125 29068.34402901786 56
stats: session 1270 39581.18606283832 4748.5826637725695 102449.56005859375 24.72216796875 17216.67901536282 85641
stats: users_count 0 87270
stats: finish_users_count 1270 86911
stats: connect 0 0 0 9165.9931640625 0.47509765625 345.191763708004 79089
stats: page 2627 447.5240739198704 748.785259173219 19258.037109375 0.740966796875 323.5793032243083 631651
stats: request 2663 438.89928250343235 730.4392944725817 13274.79296875 0.702880859375 310.199950573705 657931
stats: 302 2164 19724
stats: 504 0 378
stats: 200 228 22604
stats: size_rcv 4693305 494836985
stats: newphase 0 15
stats: error_connect_eaddrinuse 0 68712
stats: size_sent 1998583 309345188
stats: connected -1302 392
stats: error_abort_max_conn_retries 0 8181
stats: 503 271 617888
# stats: dump at 1448765009
stats: users 47 13107
stats: {recvpackets,"tsung_controller@ip-172-30-3-117"} 1 3176.0 0.0 81594 270 20081.0 56
stats: {sentpackets,"tsung_controller@ip-172-30-3-117"} 1 4102.0 0.0 140043 175 29998.928571428572 56
stats: {cpu,"tsung_controller@ip-172-30-3-117"} 1 1.3729405891163253 0.0 99.95326556840752 0.14906832298136646 26.13930445699254 57
stats: {load,"tsung_controller@ip-172-30-3-117"} 1 4.1015625 0.0 7.48828125 0.0 1.6768092105263157 57
stats: {freemem,"tsung_controller@ip-172-30-3-117"} 1 29012.4296875 0.0 29465.59375 28150.05078125 29058.486979166668 57
stats: session 312 48944.986439240274 4407.979226338403 102449.56005859375 24.72216796875 17543.483723055677 86911
stats: users_count 0 87270
stats: finish_users_count 312 87223
stats: request 456 9.683626409162553 17.066925252275055 13274.79296875 0.702880859375 310.7187659443091 660594
stats: connect 0 0 0 9165.9931640625 0.47509765625 345.191763708004 79089
stats: page 456 9.683626409162553 17.066925252275055 19258.037109375 0.740966796875 324.0926473929808 634278
stats: 302 426 20150
stats: 504 0 378
stats: 200 30 22634
stats: size_rcv 841958 495678943
stats: newphase 0 15
stats: error_connect_eaddrinuse 0 68712
stats: size_sent 437232 309782420
stats: connected -338 54
stats: error_abort_max_conn_retries 0 8181
stats: 503 0 617888
# stats: dump at 1448765019
stats: users 6 13107
stats: {recvpackets,"tsung_controller@ip-172-30-3-117"} 1 435.0 0.0 81594 270 19784.42105263158 57
stats: {sentpackets,"tsung_controller@ip-172-30-3-117"} 1 675.0 0.0 140043 175 29544.59649122807 57
stats: {cpu,"tsung_controller@ip-172-30-3-117"} 1 0.2858563261247825 0.0 99.95326556840752 0.14906832298136646 25.712298183408468 58
stats: {load,"tsung_controller@ip-172-30-3-117"} 1 3.46875 0.0 7.48828125 0.0 1.718615301724138 58
stats: {freemem,"tsung_controller@ip-172-30-3-117"} 1 29221.0078125 0.0 29465.59375 28150.05078125 29057.692887931036 58
stats: session 41 59338.31370283918 5280.090665769039 102449.56005859375 24.72216796875 17655.808096758137 87223
stats: users_count 0 87270
stats: finish_users_count 41 87264
stats: request 57 7.5479886239035086 6.035112099934966 13274.79296875 0.702880859375 310.51110839400576 661050
stats: connect 0 0 0 9165.9931640625 0.47509765625 345.191763708004 79089
stats: 302 54 20204
stats: page 57 7.5479886239035086 6.035112099934966 19258.037109375 0.740966796875 323.86677243816723 634734
stats: 504 0 378
stats: 200 3 22637
stats: size_rcv 98521 495777464
stats: newphase 0 15
stats: error_connect_eaddrinuse 0 68712
stats: size_sent 55627 309838047
stats: connected -47 7
stats: error_abort_max_conn_retries 0 8181
stats: 503 0 617888
# stats: dump at 1448765029
stats: users 2 13107
stats: {recvpackets,"tsung_controller@ip-172-30-3-117"} 1 44.0 0.0 81594 44 19450.810344827587 58
stats: {sentpackets,"tsung_controller@ip-172-30-3-117"} 1 70.0 0.0 140043 70 29046.844827586207 58
stats: {cpu,"tsung_controller@ip-172-30-3-117"} 1 0.14899428855227217 0.0 99.95326556840752 0.14899428855227217 25.28134154175959 59
stats: {load,"tsung_controller@ip-172-30-3-117"} 1 2.9296875 0.0 7.48828125 0.0 1.7482786016949152 59
stats: {freemem,"tsung_controller@ip-172-30-3-117"} 1 29263.3828125 0.0 29465.59375 28150.05078125 29060.4609375 59
stats: session 4 67641.01831054688 2104.2524364792666 102449.56005859375 24.72216796875 17675.39214894288 87264
stats: users_count 0 87270
stats: finish_users_count 4 87268
stats: request 6 7.337890625 1.8032792667221227 13274.79296875 0.702880859375 310.48498720964847 661107
stats: connect 0 0 0 9165.9931640625 0.47509765625 345.191763708004 79089
stats: 302 6 20210
stats: page 6 7.337890625 1.8032792667221227 19258.037109375 0.740966796875 323.8383691201028 634791
stats: 504 0 378
stats: 200 0 22637
stats: size_rcv 6578 495784042
stats: newphase 0 15
stats: error_connect_eaddrinuse 0 68712
stats: size_sent 6324 309844371
stats: connected -5 2
stats: error_abort_max_conn_retries 0 8181
stats: 503 0 617888
# stats: dump at 1448765032
stats: users 0 13107
stats: {recvpackets,"tsung_controller@ip-172-30-3-117"} 0 0 0 81594 44 19121.881355932204 59
stats: {sentpackets,"tsung_controller@ip-172-30-3-117"} 0 0 0 140043 70 28555.71186440678 59
stats: {cpu,"tsung_controller@ip-172-30-3-117"} 0 0 0 99.95326556840752 0.14899428855227217 24.86246908753947 60
stats: {load,"tsung_controller@ip-172-30-3-117"} 0 0 0 7.48828125 0.0 1.76796875 60
stats: {freemem,"tsung_controller@ip-172-30-3-117"} 0 0 0 29465.59375 28150.05078125 29063.84296875 60
stats: session 2 74737.24658203125 1012.926513671875 102449.56005859375 24.72216796875 17677.68236419528 87268
stats: users_count 0 87270
stats: finish_users_count 2 87270
stats: page 2 6.6844482421875 0.1375732421875 19258.037109375 0.740966796875 323.8353776080588 634797
stats: request 2 6.6844482421875 0.1375732421875 13274.79296875 0.702880859375 310.48223596654856 661113
stats: connect 0 0 0 9165.9931640625 0.47509765625 345.191763708004 79089
stats: 302 2 20212
stats: 504 0 378
stats: 200 0 22637
stats: size_rcv 2560 495786602
stats: newphase 0 15
stats: error_connect_eaddrinuse 0 68712
stats: size_sent 2166 309846537
stats: connected -2 0
stats: error_abort_max_conn_retries 0 8181
stats: 503 0 617888
EndMonitor:{1448,765032,906597}
