[06/Dec/2015:02:21:15 -0000] access to /favicon.ico failed for 0:0:0:0:0:FFFF:A9E7:4310, reason: 
"httpd_file: Can't access /home/ec2-user/.tsung/log/20151206-0220/favicon.ico: File not found"
[06/Dec/2015:02:21:17 -0000] access to /assets/ico/favicon.ico failed for 0:0:0:0:0:FFFF:A9E7:4310, reason: 
"httpd_file: Can't access /home/ec2-user/.tsung/log/20151206-0220/assets/ico/favicon.ico: File not found"
[06/Dec/2015:02:21:23 -0000] access to /es/images/graphes-Transactions-mean_tn.png failed for 0:0:0:0:0:FFFF:A9E7:4310, reason: 
"mod_esi: Client not authorized to evaluate: images/graphes-Transactions-mean_tn.png"
[06/Dec/2015:02:21:23 -0000] access to /es/images/graphes-Perfs-mean_tn.png failed for 0:0:0:0:0:FFFF:A9E7:4310, reason: 
"mod_esi: Client not authorized to evaluate: images/graphes-Perfs-mean_tn.png"
[06/Dec/2015:02:21:23 -0000] access to /es/images/graphes-Perfs-rate_tn.png failed for 0:0:0:0:0:FFFF:A9E7:4310, reason: 
"mod_esi: Client not authorized to evaluate: images/graphes-Perfs-rate_tn.png"
[06/Dec/2015:02:21:23 -0000] access to /es/images/graphes-Size-rate_tn.png failed for 0:0:0:0:0:FFFF:A9E7:4310, reason: 
"mod_esi: Client not authorized to evaluate: images/graphes-Size-rate_tn.png"
[06/Dec/2015:02:21:23 -0000] access to /es/images/graphes-Transactions-rate_tn.png failed for 0:0:0:0:0:FFFF:A9E7:4310, reason: 
"mod_esi: Client not authorized to evaluate: images/graphes-Transactions-rate_tn.png"
[06/Dec/2015:02:21:23 -0000] access to /es/images/graphes-Users_Arrival-rate_tn.png failed for 0:0:0:0:0:FFFF:A9E7:4310, reason: 
"mod_esi: Client not authorized to evaluate: images/graphes-Users_Arrival-rate_tn.png"
[06/Dec/2015:02:21:23 -0000] access to /es/images/graphes-Users-simultaneous_tn.png failed for 0:0:0:0:0:FFFF:A9E7:4310, reason: 
"mod_esi: Client not authorized to evaluate: images/graphes-Users-simultaneous_tn.png"
[06/Dec/2015:02:21:23 -0000] access to /es/images/graphes-cpu-mean_tn.png failed for 0:0:0:0:0:FFFF:A9E7:4310, reason: 
"mod_esi: Client not authorized to evaluate: images/graphes-cpu-mean_tn.png"
[06/Dec/2015:02:21:23 -0000] access to /es/images/graphes-freemem-mean_tn.png failed for 0:0:0:0:0:FFFF:A9E7:4310, reason: 
"mod_esi: Client not authorized to evaluate: images/graphes-freemem-mean_tn.png"
[06/Dec/2015:02:21:23 -0000] access to /es/images/graphes-load-mean_tn.png failed for 0:0:0:0:0:FFFF:A9E7:4310, reason: 
"mod_esi: Client not authorized to evaluate: images/graphes-load-mean_tn.png"
[06/Dec/2015:02:21:23 -0000] access to /es/images/graphes-Errors-rate_tn.png failed for 0:0:0:0:0:FFFF:A9E7:4310, reason: 
"mod_esi: Client not authorized to evaluate: images/graphes-Errors-rate_tn.png"
[06/Dec/2015:02:21:23 -0000] access to /es/images/graphes-HTTP_CODE-rate_tn.png failed for 0:0:0:0:0:FFFF:A9E7:4310, reason: 
"mod_esi: Client not authorized to evaluate: images/graphes-HTTP_CODE-rate_tn.png"
[06/Dec/2015:02:21:23 -0000] access to /es/images/graphes-Transactions-mean_tn.png failed for 0:0:0:0:0:FFFF:A9E7:4310, reason: 
"mod_esi: Client not authorized to evaluate: images/graphes-Transactions-mean_tn.png"
[06/Dec/2015:02:24:29 -0000] access to /es/images/graphes-Transactions-mean_tn.png failed for 0:0:0:0:0:FFFF:A9E7:4310, reason: 
"mod_esi: Client not authorized to evaluate: images/graphes-Transactions-mean_tn.png"
[06/Dec/2015:02:24:29 -0000] access to /es/images/graphes-Transactions-rate_tn.png failed for 0:0:0:0:0:FFFF:A9E7:4310, reason: 
"mod_esi: Client not authorized to evaluate: images/graphes-Transactions-rate_tn.png"
[06/Dec/2015:02:24:29 -0000] access to /es/images/graphes-Perfs-mean_tn.png failed for 0:0:0:0:0:FFFF:A9E7:4310, reason: 
"mod_esi: Client not authorized to evaluate: images/graphes-Perfs-mean_tn.png"
[06/Dec/2015:02:24:29 -0000] access to /es/images/graphes-Size-rate_tn.png failed for 0:0:0:0:0:FFFF:A9E7:4310, reason: 
"mod_esi: Client not authorized to evaluate: images/graphes-Size-rate_tn.png"
[06/Dec/2015:02:24:29 -0000] access to /es/images/graphes-Perfs-rate_tn.png failed for 0:0:0:0:0:FFFF:A9E7:4310, reason: 
"mod_esi: Client not authorized to evaluate: images/graphes-Perfs-rate_tn.png"
[06/Dec/2015:02:24:29 -0000] access to /es/images/graphes-Users_Arrival-rate_tn.png failed for 0:0:0:0:0:FFFF:A9E7:4310, reason: 
"mod_esi: Client not authorized to evaluate: images/graphes-Users_Arrival-rate_tn.png"
[06/Dec/2015:02:24:30 -0000] access to /es/images/graphes-load-mean_tn.png failed for 0:0:0:0:0:FFFF:A9E7:4310, reason: 
"mod_esi: Client not authorized to evaluate: images/graphes-load-mean_tn.png"
[06/Dec/2015:02:24:30 -0000] access to /es/images/graphes-freemem-mean_tn.png failed for 0:0:0:0:0:FFFF:A9E7:4310, reason: 
"mod_esi: Client not authorized to evaluate: images/graphes-freemem-mean_tn.png"
[06/Dec/2015:02:24:30 -0000] access to /es/images/graphes-Users-simultaneous_tn.png failed for 0:0:0:0:0:FFFF:A9E7:4310, reason: 
"mod_esi: Client not authorized to evaluate: images/graphes-Users-simultaneous_tn.png"
[06/Dec/2015:02:24:30 -0000] access to /es/images/graphes-cpu-mean_tn.png failed for 0:0:0:0:0:FFFF:A9E7:4310, reason: 
"mod_esi: Client not authorized to evaluate: images/graphes-cpu-mean_tn.png"
[06/Dec/2015:02:24:30 -0000] access to /es/images/graphes-HTTP_CODE-rate_tn.png failed for 0:0:0:0:0:FFFF:A9E7:4310, reason: 
"mod_esi: Client not authorized to evaluate: images/graphes-HTTP_CODE-rate_tn.png"
[06/Dec/2015:02:24:30 -0000] access to /es/images/graphes-Errors-rate_tn.png failed for 0:0:0:0:0:FFFF:A9E7:4310, reason: 
"mod_esi: Client not authorized to evaluate: images/graphes-Errors-rate_tn.png"
[06/Dec/2015:02:27:02 -0000] server crash for 0:0:0:0:0:FFFF:A9E7:4310, reason: 
"Error reading request: No request received on keep-alive connection before server side timeout"

[06/Dec/2015:02:27:02 -0000] server crash for 0:0:0:0:0:FFFF:A9E7:4310, reason: 
"Error reading request: No request received on keep-alive connection before server side timeout"

[06/Dec/2015:02:27:02 -0000] server crash for 0:0:0:0:0:FFFF:A9E7:4310, reason: 
"Error reading request: No request received on keep-alive connection before server side timeout"

[06/Dec/2015:02:27:02 -0000] server crash for 0:0:0:0:0:FFFF:A9E7:4310, reason: 
"Error reading request: No request received on keep-alive connection before server side timeout"

[06/Dec/2015:02:27:02 -0000] server crash for 0:0:0:0:0:FFFF:A9E7:4310, reason: 
"Error reading request: No request received on keep-alive connection before server side timeout"

[06/Dec/2015:02:27:02 -0000] server crash for 0:0:0:0:0:FFFF:A9E7:4310, reason: 
"Error reading request: No request received on keep-alive connection before server side timeout"

[06/Dec/2015:02:30:13 -0000] access to /es/images/graphes-Transactions-mean_tn.png failed for 0:0:0:0:0:FFFF:A9E7:4310, reason: 
"mod_esi: Client not authorized to evaluate: images/graphes-Transactions-mean_tn.png"
[06/Dec/2015:02:30:13 -0000] access to /es/images/graphes-Users_Arrival-rate_tn.png failed for 0:0:0:0:0:FFFF:A9E7:4310, reason: 
"mod_esi: Client not authorized to evaluate: images/graphes-Users_Arrival-rate_tn.png"
[06/Dec/2015:02:30:13 -0000] access to /es/images/graphes-Perfs-mean_tn.png failed for 0:0:0:0:0:FFFF:A9E7:4310, reason: 
"mod_esi: Client not authorized to evaluate: images/graphes-Perfs-mean_tn.png"
[06/Dec/2015:02:30:13 -0000] access to /es/images/graphes-Transactions-rate_tn.png failed for 0:0:0:0:0:FFFF:A9E7:4310, reason: 
"mod_esi: Client not authorized to evaluate: images/graphes-Transactions-rate_tn.png"
[06/Dec/2015:02:30:13 -0000] access to /es/images/graphes-Size-rate_tn.png failed for 0:0:0:0:0:FFFF:A9E7:4310, reason: 
"mod_esi: Client not authorized to evaluate: images/graphes-Size-rate_tn.png"
[06/Dec/2015:02:30:13 -0000] access to /es/images/graphes-Perfs-rate_tn.png failed for 0:0:0:0:0:FFFF:A9E7:4310, reason: 
"mod_esi: Client not authorized to evaluate: images/graphes-Perfs-rate_tn.png"
[06/Dec/2015:02:30:13 -0000] access to /es/images/graphes-freemem-mean_tn.png failed for 0:0:0:0:0:FFFF:A9E7:4310, reason: 
"mod_esi: Client not authorized to evaluate: images/graphes-freemem-mean_tn.png"
[06/Dec/2015:02:30:13 -0000] access to /es/images/graphes-load-mean_tn.png failed for 0:0:0:0:0:FFFF:A9E7:4310, reason: 
"mod_esi: Client not authorized to evaluate: images/graphes-load-mean_tn.png"
[06/Dec/2015:02:30:13 -0000] access to /es/images/graphes-Users-simultaneous_tn.png failed for 0:0:0:0:0:FFFF:A9E7:4310, reason: 
"mod_esi: Client not authorized to evaluate: images/graphes-Users-simultaneous_tn.png"
[06/Dec/2015:02:30:13 -0000] access to /es/images/graphes-Errors-rate_tn.png failed for 0:0:0:0:0:FFFF:A9E7:4310, reason: 
"mod_esi: Client not authorized to evaluate: images/graphes-Errors-rate_tn.png"
[06/Dec/2015:02:30:13 -0000] access to /es/images/graphes-cpu-mean_tn.png failed for 0:0:0:0:0:FFFF:A9E7:4310, reason: 
"mod_esi: Client not authorized to evaluate: images/graphes-cpu-mean_tn.png"
[06/Dec/2015:02:30:13 -0000] access to /es/images/graphes-HTTP_CODE-rate_tn.png failed for 0:0:0:0:0:FFFF:A9E7:4310, reason: 
"mod_esi: Client not authorized to evaluate: images/graphes-HTTP_CODE-rate_tn.png"
