# stats: dump at 1449368421
stats: users 5 7
stats: {load,"tsung_controller@ip-172-30-3-28"} 1 0.0 0 0.0 0.0 0 0
stats: {cpu,"tsung_controller@ip-172-30-3-28"} 1 1.1837761881538444 0 1.1837761881538444 1.1837761881538444 0 0
stats: {freemem,"tsung_controller@ip-172-30-3-28"} 1 29465.85546875 0 29465.85546875 29465.85546875 0 0
stats: session 7 3806.1798270089284 1623.756399446078 5996.19287109375 242.86083984375 0 0
stats: users_count 12 12
stats: finish_users_count 7 7
stats: request 44 88.2490067915483 110.81056301227612 445.56298828125 10.983154296875 0 0
stats: connect 12 7.20989990234375 19.57004758210739 72.110107421875 0.9541015625 0 0
stats: page 36 107.87653266059027 120.83426342775584 445.56298828125 11.404052734375 0 0
stats: error_unknown 2 2
stats: 302 14 14
stats: 200 28 28
stats: size_rcv 268787 268787
stats: 406 2 2
stats: size_sent 34532 34532
stats: connected 5 5
# stats: dump at 1449368431
stats: users 5 8
stats: {load,"tsung_controller@ip-172-30-3-28"} 1 0.0 0.0 0.0 0.0 0.0 1
stats: {recvpackets,"tsung_controller@ip-172-30-3-28"} 1 327 0 327 327 0 0
stats: {sentpackets,"tsung_controller@ip-172-30-3-28"} 1 214 0 214 214 0 0
stats: {cpu,"tsung_controller@ip-172-30-3-28"} 1 0.22357471121599803 0.0 1.1837761881538444 0.22357471121599803 1.1837761881538444 1
stats: {freemem,"tsung_controller@ip-172-30-3-28"} 1 29463.65625 0.0 29465.85546875 29463.65625 29465.85546875 1
stats: session 9 4483.404866536458 2317.625621927521 8554.969970703125 242.86083984375 3806.1798270089284 7
stats: users_count 9 21
stats: finish_users_count 9 16
stats: request 58 71.51111260775865 101.949380423856 554.6591796875 9.370849609375 88.2490067915483 44
stats: connect 9 1.2534722222222223 0.21352680364778354 72.110107421875 0.9541015625 7.20989990234375 12
stats: page 49 84.65754045758932 117.00043680370919 583.328125 10.305908203125 107.87653266059027 36
stats: error_unknown 2 4
stats: 302 21 35
stats: 200 36 64
stats: size_rcv 376481 645268
stats: 406 1 3
stats: size_sent 52630 87162
stats: connected 0 5
# stats: dump at 1449368441
stats: users 3 10
stats: {load,"tsung_controller@ip-172-30-3-28"} 1 0.0 0.0 0.0 0.0 0.0 2
stats: {recvpackets,"tsung_controller@ip-172-30-3-28"} 1 375.0 0.0 375 327 327.0 1
stats: {sentpackets,"tsung_controller@ip-172-30-3-28"} 1 239.0 0.0 239 214 214.0 1
stats: {cpu,"tsung_controller@ip-172-30-3-28"} 1 0.1490127902644977 0.0 1.1837761881538444 0.1490127902644977 0.7036754496849212 2
stats: {freemem,"tsung_controller@ip-172-30-3-28"} 1 29462.7109375 0.0 29465.85546875 29462.7109375 29464.755859375 2
stats: session 11 5280.249755859375 3899.4388115739594 16681.56494140625 242.86083984375 4187.118911743164 16
stats: users_count 9 30
stats: finish_users_count 11 27
stats: request 51 51.03246591605392 59.522366902170184 554.6591796875 9.370849609375 78.73138068704046 102
stats: connect 9 1.2569715711805556 0.22393908487775543 72.110107421875 0.953125 4.657145182291667 21
stats: page 40 65.08367309570312 65.27409112076809 583.328125 9.416015625 94.49146656709561 85
stats: error_unknown 3 7
stats: 302 21 56
stats: 200 30 94
stats: size_rcv 306933 952201
stats: 406 0 3
stats: size_sent 43910 131072
stats: connected -2 3
# stats: dump at 1449368451
stats: users 9 10
stats: {load,"tsung_controller@ip-172-30-3-28"} 1 0.0 0.0 0.0 0.0 0.0 3
stats: {recvpackets,"tsung_controller@ip-172-30-3-28"} 1 293.0 0.0 375 293 351.0 2
stats: {sentpackets,"tsung_controller@ip-172-30-3-28"} 1 193.0 0.0 239 193 226.5 2
stats: {cpu,"tsung_controller@ip-172-30-3-28"} 1 0.16133035492678086 0.0 1.1837761881538444 0.1490127902644977 0.5187878965447801 3
stats: {freemem,"tsung_controller@ip-172-30-3-28"} 1 29462.48828125 0.0 29465.85546875 29462.48828125 29464.07421875 3
stats: session 6 6051.376302083333 8002.7863533461805 23446.72607421875 242.86083984375 4632.46851490162 27
stats: users_count 12 42
stats: finish_users_count 6 33
stats: request 49 48.706617705676024 51.82046400949734 554.6591796875 8.967041015625 69.49840909671161 153
stats: connect 12 1.2109171549479167 0.2333959360312287 72.110107421875 0.839111328125 3.637093098958333 30
stats: page 45 53.04129774305556 56.219819666536104 583.328125 9.416015625 85.08097265625001 125
stats: error_unknown 2 9
stats: 302 16 72
stats: 200 33 127
stats: size_rcv 319156 1271357
stats: 406 0 3
stats: newphase 1 1
stats: size_sent 40535 171607
stats: connected 6 9
# stats: dump at 1449368461
stats: users 17 18
stats: {load,"tsung_controller@ip-172-30-3-28"} 1 0.0 0.0 0.0 0.0 0.0 4
stats: {recvpackets,"tsung_controller@ip-172-30-3-28"} 1 361.0 0.0 375 293 331.6666666666667 3
stats: {sentpackets,"tsung_controller@ip-172-30-3-28"} 1 225.0 0.0 239 193 215.33333333333334 3
stats: {cpu,"tsung_controller@ip-172-30-3-28"} 1 0.09941593140300733 0.0 1.1837761881538444 0.09941593140300733 0.42942351114028027 4
stats: {freemem,"tsung_controller@ip-172-30-3-28"} 1 29462.88671875 0.0 29465.85546875 29462.48828125 29463.677734375 4
stats: session 12 3558.9229736328125 1529.0370703459673 23446.72607421875 242.86083984375 4890.451748934659 33
stats: users_count 20 62
stats: finish_users_count 12 45
stats: request 112 64.45946611676898 87.50181304823445 554.6591796875 8.967041015625 64.45485573948021 202
stats: connect 19 1.2106034128289473 0.281264591513646 72.110107421875 0.780029296875 2.9438999720982144 42
stats: page 93 77.64102927587369 98.39462608804709 583.328125 9.302978515625 76.59988223805148 170
stats: error_unknown 1 10
stats: 302 38 110
stats: 200 71 198
stats: size_rcv 822827 2094184
stats: 406 3 6
stats: newphase 0 1
stats: size_sent 98125 269732
stats: connected 7 16
# stats: dump at 1449368471
stats: users 12 18
stats: {load,"tsung_controller@ip-172-30-3-28"} 1 0.0 0.0 0.0 0.0 0.0 5
stats: {recvpackets,"tsung_controller@ip-172-30-3-28"} 1 786.0 0.0 786 293 339.0 4
stats: {sentpackets,"tsung_controller@ip-172-30-3-28"} 1 475.0 0.0 475 193 217.75 4
stats: {cpu,"tsung_controller@ip-172-30-3-28"} 1 0.1614305227865392 0.0 1.1837761881538444 0.09941593140300733 0.3634219951928257 5
stats: {freemem,"tsung_controller@ip-172-30-3-28"} 1 29461.80859375 0.0 29465.85546875 29461.80859375 29463.51953125 5
stats: session 19 8937.603913959703 10141.653362220208 34622.85888671875 242.86083984375 4535.377408854167 45
stats: users_count 14 76
stats: finish_users_count 19 64
stats: request 120 61.76991984049482 83.75041733398471 690.01318359375 8.967041015625 64.45650020526475 314
stats: connect 15 1.2564615885416666 0.25591151928359906 72.110107421875 0.780029296875 2.404020715932377 61
stats: page 102 72.68047976026351 95.95201735052031 690.01318359375 9.302978515625 76.96804449857417 263
stats: error_unknown 1 11
stats: 302 45 155
stats: 200 71 269
stats: size_rcv 857357 2951541
stats: 406 4 10
stats: newphase 0 1
stats: size_sent 112209 381941
stats: connected -4 12
# stats: dump at 1449368481
stats: users 18 20
stats: {load,"tsung_controller@ip-172-30-3-28"} 1 0.0 0.0 0.0 0.0 0.0 6
stats: {recvpackets,"tsung_controller@ip-172-30-3-28"} 1 825.0 0.0 825 293 428.4 5
stats: {sentpackets,"tsung_controller@ip-172-30-3-28"} 1 510.0 0.0 510 193 269.2 5
stats: {cpu,"tsung_controller@ip-172-30-3-28"} 1 0.13667992047713717 0.0 1.1837761881538444 0.09941593140300733 0.32975674979177794 6
stats: {freemem,"tsung_controller@ip-172-30-3-28"} 1 29460.92578125 0.0 29465.85546875 29460.92578125 29463.234375 6
stats: session 22 7670.33671431108 5646.230072158968 34622.85888671875 242.86083984375 5842.288402557373 64
stats: users_count 28 104
stats: finish_users_count 22 86
stats: request 154 50.85464754971592 57.89520746525466 690.01318359375 8.967041015625 63.713666924683196 434
stats: connect 26 1.4755765474759615 1.4766041590749295 72.110107421875 0.780029296875 2.1775287828947367 76
stats: page 130 60.25379544771635 68.48372401260879 690.01318359375 9.302978515625 75.76987572238873 365
stats: error_unknown 1 12
stats: 302 51 206
stats: 200 99 368
stats: size_rcv 1067631 4019172
stats: 406 4 14
stats: newphase 1 2
stats: size_sent 135732 517673
stats: connected 4 16
# stats: dump at 1449368491
stats: users 18 26
stats: {load,"tsung_controller@ip-172-30-3-28"} 1 0.0 0.0 0.0 0.0 0.0 7
stats: {recvpackets,"tsung_controller@ip-172-30-3-28"} 1 1320.0 0.0 1320 293 494.5 6
stats: {sentpackets,"tsung_controller@ip-172-30-3-28"} 1 841.0 0.0 841 193 309.3333333333333 6
stats: {cpu,"tsung_controller@ip-172-30-3-28"} 1 1.242544731610338 0.0 1.242544731610338 0.09941593140300733 0.3021743456039721 7
stats: {freemem,"tsung_controller@ip-172-30-3-28"} 1 29457.66015625 0.0 29465.85546875 29457.66015625 29462.90457589286 7
stats: session 37 5398.081872888513 5808.844111070751 34622.85888671875 242.86083984375 6309.928668354833 86
stats: users_count 37 141
stats: finish_users_count 37 123
stats: request 222 63.15203142595719 74.39055775873392 690.01318359375 8.967041015625 60.34582851695367 588
stats: connect 39 1.1505596454326923 0.22762069776756014 72.110107421875 0.695068359375 1.9985997817095589 102
stats: page 174 80.58934845321478 89.39761389248439 690.01318359375 9.302978515625 71.69494554924245 495
stats: error_unknown 4 16
stats: 302 83 289
stats: 200 135 503
stats: size_rcv 1505980 5525152
stats: 406 4 18
stats: newphase 0 2
stats: size_sent 195612 713285
stats: connected 3 19
# stats: dump at 1449368501
stats: users 30 31
stats: {load,"tsung_controller@ip-172-30-3-28"} 1 0.0 0.0 0.0 0.0 0.0 8
stats: {recvpackets,"tsung_controller@ip-172-30-3-28"} 1 2144.0 0.0 2144 293 612.4285714285714 7
stats: {sentpackets,"tsung_controller@ip-172-30-3-28"} 1 1391.0 0.0 1391 193 385.2857142857143 7
stats: {cpu,"tsung_controller@ip-172-30-3-28"} 1 1.342281879194631 0.0 1.342281879194631 0.09941593140300733 0.4197206438547678 8
stats: {freemem,"tsung_controller@ip-172-30-3-28"} 1 29457.78515625 0.0 29465.85546875 29457.66015625 29462.2490234375 8
stats: session 34 4589.913581399356 3336.9608058552785 34622.85888671875 136.176025390625 6035.633290856835 123
stats: users_count 46 187
stats: finish_users_count 34 157
stats: request 226 53.800776928926986 74.51732682817557 766.883056640625 8.967041015625 61.11493598090278 810
stats: connect 44 1.1469615589488635 0.2363286520899503 72.110107421875 0.695068359375 1.7640354886968086 141
stats: page 187 65.03328668114969 88.18486785492541 766.883056640625 9.06103515625 74.00828800857158 669
stats: error_unknown 5 21
stats: 302 74 363
stats: 200 142 645
stats: size_rcv 1460106 6985258
stats: 406 10 28
stats: newphase 0 2
stats: size_sent 192595 905880
stats: connected 10 29
# stats: dump at 1449368511
stats: users 54 54
stats: {load,"tsung_controller@ip-172-30-3-28"} 1 0.0 0.0 0.0 0.0 0.0 9
stats: {recvpackets,"tsung_controller@ip-172-30-3-28"} 1 1589.0 0.0 2144 293 803.875 8
stats: {sentpackets,"tsung_controller@ip-172-30-3-28"} 1 1054.0 0.0 1391 193 511.0 8
stats: {cpu,"tsung_controller@ip-172-30-3-28"} 1 0.28578528827037775 0.0 1.342281879194631 0.09941593140300733 0.5222274477814193 9
stats: {freemem,"tsung_controller@ip-172-30-3-28"} 1 29455.93359375 0.0 29465.85546875 29455.93359375 29461.753038194445 9
stats: session 57 5030.150424890351 4792.2073908541015 34622.85888671875 136.176025390625 5722.54749390426 157
stats: users_count 81 268
stats: finish_users_count 57 214
stats: page 314 76.59168646745621 91.80156928491854 766.883056640625 8.4599609375 72.04762767185676 856
stats: request 386 62.54727030541613 82.20917067378278 766.883056640625 8.4599609375 59.519376187711146 1036
stats: connect 77 1.1752580915178574 0.257613027854341 72.110107421875 0.695068359375 1.6172719594594596 185
stats: error_unknown 10 31
stats: 302 135 498
stats: 200 246 891
stats: size_rcv 2540600 9525858
stats: 406 5 33
stats: newphase 1 3
stats: size_sent 336171 1242051
stats: connected 22 51
# stats: dump at 1449368521
stats: users 58 66
stats: {load,"tsung_controller@ip-172-30-3-28"} 1 0.078125 0.0 0.078125 0.0 0.0 10
stats: {recvpackets,"tsung_controller@ip-172-30-3-28"} 1 2889.0 0.0 2889 293 891.1111111111111 9
stats: {sentpackets,"tsung_controller@ip-172-30-3-28"} 1 1912.0 0.0 1912 193 571.3333333333334 9
stats: {cpu,"tsung_controller@ip-172-30-3-28"} 1 0.5220633934120571 0.0 1.342281879194631 0.09941593140300733 0.4985832318303151 10
stats: {freemem,"tsung_controller@ip-172-30-3-28"} 1 29448.05859375 0.0 29465.85546875 29448.05859375 29461.17109375 10
stats: session 75 5584.089013671875 5510.14795114977 34622.85888671875 136.176025390625 5538.12397552205 214
stats: users_count 79 347
stats: finish_users_count 75 289
stats: request 512 68.63771915435792 106.55526001686172 1006.56591796875 8.4599609375 60.341294000252724 1422
stats: connect 84 1.2500930059523807 0.3179843975611041 72.110107421875 0.695068359375 1.4873671204079197 262
stats: page 426 82.73616192598298 118.13853016896068 1006.56591796875 8.4599609375 73.26714430588942 1170
stats: error_unknown 9 40
stats: 302 189 687
stats: 200 312 1203
stats: size_rcv 3424855 12950713
stats: 406 11 44
stats: newphase 0 3
stats: size_sent 456300 1698351
stats: connected 8 59
# stats: dump at 1449368531
stats: users 56 66
stats: {load,"tsung_controller@ip-172-30-3-28"} 1 0.140625 0.0 0.140625 0.0 0.007102272727272727 11
stats: {recvpackets,"tsung_controller@ip-172-30-3-28"} 1 3258.0 0.0 3258 293 1090.9 10
stats: {sentpackets,"tsung_controller@ip-172-30-3-28"} 1 2178.0 0.0 2178 193 705.4 10
stats: {cpu,"tsung_controller@ip-172-30-3-28"} 1 0.4975124378109453 0.0 1.342281879194631 0.09941593140300733 0.5007177919741098 11
stats: {freemem,"tsung_controller@ip-172-30-3-28"} 1 29445.05859375 0.0 29465.85546875 29445.05859375 29459.979048295456 11
stats: session 77 8036.990767045455 7024.411123426058 34622.85888671875 136.176025390625 5550.052618640517 289
stats: users_count 75 422
stats: finish_users_count 77 366
stats: request 490 58.30687230947066 67.08768046304317 1006.56591796875 8.4599609375 62.537658880760404 1934
stats: connect 73 1.1904096211472606 0.2383714278794941 72.110107421875 0.695068359375 1.4297630001354769 346
stats: page 410 69.6948307688643 78.82641922145716 1006.56591796875 8.4599609375 75.79458885862117 1596
stats: error_unknown 9 49
stats: 302 173 860
stats: 200 306 1509
stats: size_rcv 3323207 16273920
stats: 406 11 55
stats: newphase 0 3
stats: size_sent 443202 2141553
stats: connected -4 55
# stats: dump at 1449368541
stats: users 77 83
stats: {load,"tsung_controller@ip-172-30-3-28"} 1 0.12109375 0.0 0.140625 0.0 0.018229166666666668 12
stats: {recvpackets,"tsung_controller@ip-172-30-3-28"} 1 3348.0 0.0 3348 293 1287.909090909091 11
stats: {sentpackets,"tsung_controller@ip-172-30-3-28"} 1 2180.0 0.0 2180 193 839.2727272727273 11
stats: {cpu,"tsung_controller@ip-172-30-3-28"} 1 0.4478726051256532 0.0 1.342281879194631 0.09941593140300733 0.5004506791271794 12
stats: {freemem,"tsung_controller@ip-172-30-3-28"} 1 29444.48828125 0.0 29465.85546875 29444.48828125 29458.735677083332 12
stats: session 93 6264.787190755208 6964.605694923306 35604.078857421875 133.13818359375 6073.260917621884 366
stats: users_count 114 536
stats: finish_users_count 93 459
stats: request 636 60.125753150795994 69.88674237354931 1006.56591796875 8.4599609375 61.68242562171256 2424
stats: connect 113 1.3462627039546462 0.8343308519967891 72.110107421875 0.695068359375 1.3880618147747614 419
stats: page 530 71.80787975383257 80.87727915965796 1006.56591796875 8.4599609375 74.54787858105371 2006
stats: error_unknown 11 60
stats: 302 221 1081
stats: 200 403 1912
stats: size_rcv 4250602 20524522
stats: 406 12 67
stats: newphase 1 4
stats: size_sent 556476 2698029
stats: connected 22 77
# stats: dump at 1449368551
stats: users 105 109
stats: {load,"tsung_controller@ip-172-30-3-28"} 1 0.1015625 0.0 0.140625 0.0 0.026141826923076924 13
stats: {recvpackets,"tsung_controller@ip-172-30-3-28"} 1 4475.0 0.0 4475 293 1459.5833333333333 12
stats: {sentpackets,"tsung_controller@ip-172-30-3-28"} 1 2934.0 0.0 2934 193 951.0 12
stats: {cpu,"tsung_controller@ip-172-30-3-28"} 1 0.6222000995520159 0.0 1.342281879194631 0.09941593140300733 0.4964062118962928 13
stats: {freemem,"tsung_controller@ip-172-30-3-28"} 1 29440.48046875 0.0 29465.85546875 29440.48046875 29457.63972355769 13
stats: session 114 6104.406008000959 5675.322101824054 35604.078857421875 133.13818359375 6112.06689453125 459
stats: users_count 142 678
stats: finish_users_count 114 573
stats: request 815 65.90339220667191 80.04857256236525 1006.56591796875 8.4599609375 61.35888193167892 3060
stats: connect 145 1.2175949622844828 0.44827504582925226 72.110107421875 0.695068359375 1.3791834322133458 532
stats: page 679 79.39181442148379 91.87011922115776 1006.56591796875 8.4599609375 73.97524475675276 2536
stats: error_unknown 15 75
stats: 302 277 1358
stats: 200 516 2428
stats: size_rcv 5557810 26082332
stats: 406 22 89
stats: newphase 0 4
stats: size_sent 712959 3410988
stats: connected 30 107
# stats: dump at 1449368561
stats: users 113 119
stats: {load,"tsung_controller@ip-172-30-3-28"} 1 0.08984375 0.0 0.140625 0.0 0.031529017857142856 14
stats: {recvpackets,"tsung_controller@ip-172-30-3-28"} 1 5830.0 0.0 5830 293 1691.5384615384614 13
stats: {sentpackets,"tsung_controller@ip-172-30-3-28"} 1 3838.0 0.0 3838 193 1103.5384615384614 13
stats: {cpu,"tsung_controller@ip-172-30-3-28"} 1 0.797011207970112 0.0 1.342281879194631 0.09941593140300733 0.5053914895859873 14
stats: {freemem,"tsung_controller@ip-172-30-3-28"} 1 29437.48828125 0.0 29465.85546875 29437.48828125 29456.4140625 14
stats: session 148 6826.4937117293075 6870.516881887105 38284.514892578125 133.13818359375 6110.542739095904 573
stats: users_count 156 834
stats: finish_users_count 148 721
stats: connect 151 1.1861693527524833 0.236448154971532 72.110107421875 0.695068359375 1.3445743803083456 677
stats: request 914 71.21264595015049 91.89655378594382 1006.56591796875 8.4599609375 62.3146950604839 3875
stats: page 750 86.5820960286459 104.72105681406622 1006.56591796875 8.4599609375 75.11921079169906 3215
stats: error_unknown 19 94
stats: 302 338 1696
stats: 200 556 2984
stats: size_rcv 6033506 32115838
stats: 406 20 109
stats: newphase 0 4
stats: size_sent 817765 4228753
stats: connected 6 113
# stats: dump at 1449368571
stats: users 142 142
stats: {load,"tsung_controller@ip-172-30-3-28"} 1 0.0703125 0.0 0.140625 0.0 0.035416666666666666 15
stats: {recvpackets,"tsung_controller@ip-172-30-3-28"} 1 6449.0 0.0 6449 293 1987.142857142857 14
stats: {sentpackets,"tsung_controller@ip-172-30-3-28"} 1 4247.0 0.0 4247 193 1298.857142857143 14
stats: {cpu,"tsung_controller@ip-172-30-3-28"} 1 1.2182993535554452 0.0 1.342281879194631 0.09941593140300733 0.5248328041449289 15
stats: {freemem,"tsung_controller@ip-172-30-3-28"} 1 29429.046875 0.0 29465.85546875 29429.046875 29455.15234375 15
stats: session 167 6933.79216030829 7258.936467266452 38284.514892578125 133.13818359375 6257.506322937435 721
stats: users_count 196 1030
stats: finish_users_count 167 888
stats: connect 195 1.1383814102564092 0.2359623397493507 72.110107421875 0.695068359375 1.3156865069255737 828
stats: request 1115 106.36118142166478 147.33008815485132 1039.927978515625 8.4599609375 64.01290494003187 4789
stats: page 912 129.393618935033 169.5798502781266 1167.552978515625 8.4599609375 77.28747407737626 3965
stats: error_unknown 26 120
stats: 302 408 2104
stats: 200 682 3666
stats: size_rcv 7433656 39549494
stats: 406 25 134
stats: newphase 1 5
stats: size_sent 988930 5217683
stats: connected 24 137
# stats: dump at 1449368581
stats: users 172 181
stats: {load,"tsung_controller@ip-172-30-3-28"} 1 0.05859375 0.0 0.140625 0.0 0.03759765625 16
stats: {recvpackets,"tsung_controller@ip-172-30-3-28"} 1 8109.0 0.0 8109 293 2284.6 15
stats: {sentpackets,"tsung_controller@ip-172-30-3-28"} 1 5233.0 0.0 5233 193 1495.4 15
stats: {cpu,"tsung_controller@ip-172-30-3-28"} 1 1.773093614383137 0.0 1.773093614383137 0.09941593140300733 0.5681744634830862 16
stats: {freemem,"tsung_controller@ip-172-30-3-28"} 1 29424.9921875 0.0 29465.85546875 29424.9921875 29453.520751953125 16
stats: session 170 7794.274567727482 7290.411325043709 42114.39697265625 133.13818359375 6384.690709019566 888
stats: users_count 200 1230
stats: finish_users_count 170 1058
stats: request 1207 199.68283381932213 294.56957051387025 2138.133056640625 8.4599609375 72.01058926879554 5904
stats: connect 205 1.1798018292682935 0.2315476175515436 72.110107421875 0.695068359375 1.2818893477364368 1023
stats: page 1011 230.6252228900069 318.1779289459652 2138.133056640625 8.4599609375 87.03133384981484 4877
stats: error_unknown 19 139
stats: 302 391 2495
stats: 200 780 4446
stats: size_rcv 8264842 47814336
stats: 406 36 170
stats: newphase 0 5
stats: size_sent 1104645 6322328
stats: connected 37 174
# stats: dump at 1449368591
stats: users 165 181
stats: {load,"tsung_controller@ip-172-30-3-28"} 1 0.05078125 0.0 0.140625 0.0 0.038832720588235295 17
stats: {recvpackets,"tsung_controller@ip-172-30-3-28"} 1 8970.0 0.0 8970 293 2648.625 16
stats: {sentpackets,"tsung_controller@ip-172-30-3-28"} 1 5822.0 0.0 5822 193 1729.0 16
stats: {cpu,"tsung_controller@ip-172-30-3-28"} 1 2.128712871287129 0.0 2.128712871287129 0.09941593140300733 0.639052060594854 17
stats: {freemem,"tsung_controller@ip-172-30-3-28"} 1 29416.8125 0.0 29465.85546875 29416.8125 29451.84260110294 17
stats: session 193 7486.99082258946 6378.340155939101 42114.39697265625 132.30615234375 6611.18338953029 1058
stats: users_count 186 1416
stats: finish_users_count 193 1251
stats: connect 188 1.1570642349567821 0.3424348899418889 72.110107421875 0.695068359375 1.2648470502722924 1228
stats: request 1216 169.3490522284254 261.5039846068651 2309.0830078125 8.4599609375 93.68129650722692 7111
stats: page 1016 211.0590438242033 340.46532066539055 2475.526123046875 8.4599609375 111.68714597950814 5888
stats: error_unknown 30 169
stats: 302 435 2930
stats: 200 751 5197
stats: size_rcv 8409554 56223890
stats: 406 30 200
stats: newphase 0 5
stats: size_sent 1060268 7382596
stats: connected -9 165
# stats: dump at 1449368601
stats: users 246 247
stats: {load,"tsung_controller@ip-172-30-3-28"} 1 0.0390625 0.0 0.140625 0.0 0.039496527777777776 18
stats: {recvpackets,"tsung_controller@ip-172-30-3-28"} 1 8669.0 0.0 8970 293 3020.470588235294 17
stats: {sentpackets,"tsung_controller@ip-172-30-3-28"} 1 5463.0 0.0 5822 193 1969.764705882353 17
stats: {cpu,"tsung_controller@ip-172-30-3-28"} 1 1.9700161070499318 0.0 2.128712871287129 0.09941593140300733 0.7218109945222024 18
stats: {freemem,"tsung_controller@ip-172-30-3-28"} 1 29411.26953125 0.0 29465.85546875 29411.26953125 29449.896484375 18
stats: session 192 7998.309696197507 7948.0064001731835 42114.39697265625 132.30615234375 6746.299963935102 1251
stats: users_count 273 1689
stats: finish_users_count 192 1443
stats: request 1324 161.00202725228957 221.001463057305 2309.0830078125 8.4599609375 104.73113329802521 8327
stats: connect 269 1.144286201789033 0.3449854804650029 72.110107421875 0.68701171875 1.2505369024761652 1416
stats: page 1122 184.1657062061332 246.32401444054443 2475.526123046875 8.4599609375 126.31082040161276 6904
stats: error_unknown 35 204
stats: 302 471 3401
stats: 200 829 6026
stats: size_rcv 8626331 64850221
stats: 406 24 224
stats: newphase 1 6
stats: size_sent 1178418 8561014
stats: connected 78 243
# stats: dump at 1449368611
stats: users 438 438
stats: {load,"tsung_controller@ip-172-30-3-28"} 1 0.0390625 0.0 0.140625 0.0 0.039473684210526314 19
stats: {recvpackets,"tsung_controller@ip-172-30-3-28"} 1 9243.0 0.0 9243 293 3334.277777777778 18
stats: {sentpackets,"tsung_controller@ip-172-30-3-28"} 1 6262.0 0.0 6262 193 2163.8333333333335 18
stats: {cpu,"tsung_controller@ip-172-30-3-28"} 1 2.2078888613247334 0.0 2.2078888613247334 0.09941593140300733 0.7875060004447146 19
stats: {freemem,"tsung_controller@ip-172-30-3-28"} 1 29405.41796875 0.0 29465.85546875 29405.41796875 29447.863486842107 19
stats: session 193 9474.788610903102 7591.186849314384 48646.489013671875 132.30615234375 6912.887537458582 1443
stats: users_count 385 2074
stats: finish_users_count 193 1636
stats: connect 385 1.2013798701298701 0.4054127262480431 72.110107421875 0.64892578125 1.23357462444362 1685
stats: request 1434 902.5679567302448 475.7713261674084 2964.155029296875 8.4599609375 112.45081660498262 9651
stats: page 1198 1031.1236107624036 621.5005532030922 4458.634033203125 8.4599609375 134.39868258360528 8026
stats: error_unknown 46 250
stats: 302 500 3901
stats: 200 915 6941
stats: size_rcv 9081580 73931801
stats: 406 19 243
stats: newphase 0 6
stats: size_sent 1355305 9916319
stats: connected 191 434
# stats: dump at 1449368621
stats: users 648 648
stats: {load,"tsung_controller@ip-172-30-3-28"} 1 0.03125 0.0 0.140625 0.0 0.039453125 20
stats: {recvpackets,"tsung_controller@ip-172-30-3-28"} 1 10719.0 0.0 10719 293 3645.2631578947367 19
stats: {sentpackets,"tsung_controller@ip-172-30-3-28"} 1 7491.0 0.0 7491 193 2379.5263157894738 19
stats: {cpu,"tsung_controller@ip-172-30-3-28"} 1 3.4134319162045594 0.0 3.4134319162045594 0.09941593140300733 0.8585251434887156 20
stats: {freemem,"tsung_controller@ip-172-30-3-28"} 1 29374.9609375 0.0 29465.85546875 29374.9609375 29445.7412109375 20
stats: session 219 12147.375039017908 7057.303387365 48646.489013671875 132.30615234375 7215.11669832337 1636
stats: users_count 429 2503
stats: finish_users_count 219 1855
stats: connect 431 1.2177604091139786 0.8507172907742322 72.110107421875 0.64892578125 1.2275867112016907 2070
stats: request 1783 1984.8660757906712 1091.7083875513583 5245.286865234375 1.06201171875 214.6635345968298 11085
stats: page 1504 2265.6349105834956 1478.1293686934484 8023.44921875 1.06201171875 250.86404077508408 9224
stats: error_unknown 58 308
stats: 302 444 4345
stats: 200 940 7881
stats: size_rcv 9382477 83314278
stats: 406 25 268
stats: newphase 0 6
stats: size_sent 1523363 11439682
stats: connected 212 646
stats: 503 374 374
# stats: dump at 1449368631
stats: users 679 688
stats: {load,"tsung_controller@ip-172-30-3-28"} 1 0.03125 0.0 0.140625 0.0 0.0390625 21
stats: {recvpackets,"tsung_controller@ip-172-30-3-28"} 1 11251.0 0.0 11251 293 3998.95 20
stats: {sentpackets,"tsung_controller@ip-172-30-3-28"} 1 8216.0 0.0 8216 193 2635.1 20
stats: {cpu,"tsung_controller@ip-172-30-3-28"} 1 3.349814585908529 0.0 3.4134319162045594 0.09941593140300733 0.9801873707608986 21
stats: {freemem,"tsung_controller@ip-172-30-3-28"} 1 29333.94921875 0.0 29465.85546875 29333.94921875 29442.37072172619 21
stats: session 354 14014.128854525292 8064.659516880121 51729.6630859375 132.30615234375 7797.415661456579 1855
stats: users_count 385 2888
stats: finish_users_count 354 2209
stats: request 2538 1653.761975107274 1639.863186668721 5533.094970703125 0.995849609375 459.94416336187635 12868
stats: page 2035 1965.947302695984 2267.97093501908 10352.584228515625 0.995849609375 533.3225967213789 10728
stats: connect 383 1.266963630058747 1.2179441017452064 72.110107421875 0.64892578125 1.225893334072621 2501
stats: error_unknown 52 360
stats: 401 15 15
stats: 302 498 4843
stats: 200 791 8672
stats: size_rcv 8938298 92252576
stats: 406 13 281
stats: newphase 0 6
stats: size_sent 2018396 13458078
stats: connected 30 676
stats: 503 1221 1595
# stats: dump at 1449368641
stats: users 722 727
stats: {load,"tsung_controller@ip-172-30-3-28"} 1 0.1015625 0.0 0.140625 0.0 0.03870738636363636 22
stats: {recvpackets,"tsung_controller@ip-172-30-3-28"} 1 11632.0 0.0 11632 293 4344.285714285715 21
stats: {sentpackets,"tsung_controller@ip-172-30-3-28"} 1 9037.0 0.0 9037 193 2900.8571428571427 21
stats: {cpu,"tsung_controller@ip-172-30-3-28"} 1 3.548905651044887 0.0 3.548905651044887 0.09941593140300733 1.0878976987221545 22
stats: {freemem,"tsung_controller@ip-172-30-3-28"} 1 29324.046875 0.0 29465.85546875 29324.046875 29437.442471590908 22
stats: session 397 15948.19778219459 9254.456727812982 51729.6630859375 45.2451171875 8793.665761205933 2209
stats: users_count 440 3328
stats: finish_users_count 397 2606
stats: request 2558 1587.586835131971 1581.8078669766296 5533.094970703125 0.995849609375 656.6149154201536 15406
stats: connect 442 1.191541576817025 0.30619102135140835 72.110107421875 0.64892578125 1.2313475377351335 2884
stats: page 2123 1965.4397612044802 2249.575451806174 10352.584228515625 0.995849609375 761.7478319057652 12763
stats: error_unknown 47 407
stats: 401 15 30
stats: 302 509 5352
stats: 200 782 9454
stats: size_rcv 8752489 101005065
stats: 406 20 301
stats: newphase 1 7
stats: size_sent 1968749 15426827
stats: connected 44 720
stats: 503 1233 2828
# stats: dump at 1449368651
stats: users 765 770
stats: {load,"tsung_controller@ip-172-30-3-28"} 1 0.08984375 0.0 0.140625 0.0 0.041440217391304345 23
stats: {recvpackets,"tsung_controller@ip-172-30-3-28"} 1 11313.0 0.0 11632 293 4675.545454545455 22
stats: {sentpackets,"tsung_controller@ip-172-30-3-28"} 1 9326.0 0.0 9326 193 3179.7727272727275 22
stats: {cpu,"tsung_controller@ip-172-30-3-28"} 1 4.352637403172261 0.0 4.352637403172261 0.09941593140300733 1.1948980444753168 23
stats: {freemem,"tsung_controller@ip-172-30-3-28"} 1 29319.265625 0.0 29465.85546875 29319.265625 29432.512228260868 23
stats: session 468 14936.559034559461 10284.856013882209 51729.6630859375 45.2451171875 9883.592550282101 2606
stats: users_count 511 3839
stats: finish_users_count 468 3074
stats: request 3109 1394.8474517655384 1583.1109392051294 5930.47412109375 0.995849609375 789.1815025178395 17964
stats: error_unknown 70 477
stats: connect 511 1.1751625374571917 0.23676841678594848 72.110107421875 0.64892578125 1.2260576295193175 3326
stats: page 2576 1705.3007636218326 2166.0803512857524 10842.907958984375 0.995849609375 933.4150336994755 14886
stats: 401 16 46
stats: 302 554 5906
stats: 200 823 10277
stats: size_rcv 9244191 110249256
stats: 406 12 313
stats: newphase 0 7
stats: size_sent 2322024 17748851
stats: connected 45 765
stats: 503 1703 4531
# stats: dump at 1449368661
stats: users 786 788
stats: {load,"tsung_controller@ip-172-30-3-28"} 1 0.0703125 0.0 0.140625 0.0 0.04345703125 24
stats: {recvpackets,"tsung_controller@ip-172-30-3-28"} 1 12692.0 0.0 12692 293 4964.130434782609 23
stats: {sentpackets,"tsung_controller@ip-172-30-3-28"} 1 10840.0 0.0 10840 193 3447.0 23
stats: {cpu,"tsung_controller@ip-172-30-3-28"} 1 5.084121331204716 0.0 5.084121331204716 0.09941593140300733 1.326470517754356 24
stats: {freemem,"tsung_controller@ip-172-30-3-28"} 1 29307.484375 0.0 29465.85546875 29307.484375 29427.793619791668 24
stats: session 483 15248.189428357111 11237.959715568768 53799.1640625 45.2451171875 10652.879575214374 3074
stats: users_count 504 4343
stats: finish_users_count 483 3557
stats: request 3035 1288.3497103293598 1547.279131994511 6613.571044921875 0.995849609375 878.5382830526991 21073
stats: connect 474 1.2037415323378169 0.35803752708709075 72.110107421875 0.64892578125 1.2192795758201393 3837
stats: page 2508 1547.91352827203 2080.5888361428524 10842.907958984375 0.995849609375 1047.2838711911713 17462
stats: error_unknown 54 531
stats: 401 12 58
stats: 302 550 6456
stats: 200 735 11012
stats: size_rcv 8511872 118761128
stats: 406 12 325
stats: newphase 0 7
stats: size_sent 2289165 20038016
stats: connected 14 779
stats: 503 1726 6257
# stats: dump at 1449368671
stats: users 795 798
stats: {load,"tsung_controller@ip-172-30-3-28"} 1 0.140625 0.0 0.140625 0.0 0.04453125 25
stats: {recvpackets,"tsung_controller@ip-172-30-3-28"} 1 12798.0 0.0 12798 293 5286.125 24
stats: {sentpackets,"tsung_controller@ip-172-30-3-28"} 1 10904.0 0.0 10904 193 3755.0416666666665 24
stats: {cpu,"tsung_controller@ip-172-30-3-28"} 1 4.537025590307826 0.0 5.084121331204716 0.09941593140300733 1.4767765502923702 25
stats: {freemem,"tsung_controller@ip-172-30-3-28"} 1 29303.98828125 0.0 29465.85546875 29303.98828125 29422.98125 25
stats: session 506 15534.061786877779 11423.502082762758 56906.710205078125 45.2451171875 11276.870201885147 3557
stats: users_count 515 4858
stats: finish_users_count 506 4063
stats: request 3243 1325.5735609329217 1502.0082382384835 6613.571044921875 0.995849609375 930.130189547832 24108
stats: page 2690 1601.6757189896016 2035.6421073629347 10842.907958984375 0.995849609375 1110.157140092463 19970
stats: connect 512 1.191518783569335 0.24903953238879142 72.110107421875 0.64892578125 1.2175711479355138 4311
stats: error_unknown 66 597
stats: 401 19 77
stats: 302 626 7082
stats: 200 817 11829
stats: size_rcv 9300040 128061168
stats: 406 13 338
stats: newphase 1 8
stats: size_sent 2440250 22478266
stats: connected 0 779
stats: 503 1768 8025
# stats: dump at 1449368681
stats: users 809 832
stats: {load,"tsung_controller@ip-172-30-3-28"} 1 0.19921875 0.0 0.19921875 0.0 0.048227163461538464 26
stats: {recvpackets,"tsung_controller@ip-172-30-3-28"} 1 13374.0 0.0 13374 293 5586.6 25
stats: {sentpackets,"tsung_controller@ip-172-30-3-28"} 1 11383.0 0.0 11383 193 4041.0 25
stats: {cpu,"tsung_controller@ip-172-30-3-28"} 1 6.664203005666421 0.0 6.664203005666421 0.09941593140300733 1.594478436446811 26
stats: {freemem,"tsung_controller@ip-172-30-3-28"} 1 29300.5390625 0.0 29465.85546875 29300.5390625 29418.40459735577 26
stats: session 562 14319.345478967412 10792.976781991507 56906.710205078125 35.677978515625 11807.054534153489 4063
stats: users_count 576 5434
stats: finish_users_count 562 4625
stats: request 3507 1211.3068006704236 1409.7582211786835 6613.571044921875 0.837158203125 977.017793416131 27351
stats: connect 581 1.158188417733434 0.2437798019276478 72.110107421875 0.64892578125 1.2148054812227866 4823
stats: page 2937 1448.0613881917382 1871.1566494675994 10842.907958984375 0.837158203125 1168.5059916914613 22660
stats: error_unknown 92 689
stats: 401 15 92
stats: 302 644 7726
stats: 504 1 1
stats: 200 872 12701
stats: size_rcv 9667470 137728638
stats: 406 19 357
stats: newphase 0 8
stats: size_sent 2623656 25101922
stats: connected 29 808
stats: 503 1956 9981
# stats: dump at 1449368691
stats: users 830 836
stats: {load,"tsung_controller@ip-172-30-3-28"} 1 0.23828125 0.0 0.23828125 0.0 0.05381944444444445 27
stats: {recvpackets,"tsung_controller@ip-172-30-3-28"} 1 13466.0 0.0 13466 293 5886.115384615385 26
stats: {sentpackets,"tsung_controller@ip-172-30-3-28"} 1 11866.0 0.0 11866 193 4323.384615384615 26
stats: {cpu,"tsung_controller@ip-172-30-3-28"} 1 5.080147965474723 0.0 6.664203005666421 0.09941593140300733 1.7822460130845743 27
stats: {freemem,"tsung_controller@ip-172-30-3-28"} 1 29301.96484375 0.0 29465.85546875 29300.5390625 29414.039207175927 27
stats: session 539 14641.724425476867 11886.919239702116 70550.5380859375 35.677978515625 12112.331833826014 4625
stats: users_count 560 5994
stats: finish_users_count 539 5164
stats: connect 565 1.1764216330199122 0.24987986781968088 72.110107421875 0.64892578125 1.2087184135160298 5404
stats: request 3588 1129.0631025945881 1522.416746627555 6613.571044921875 0.837158203125 1003.644650258467 30858
stats: page 2985 1348.9551831422737 1992.2287653532753 10921.671875 0.837158203125 1200.582180288614 25597
stats: error_unknown 69 758
stats: 401 13 105
stats: 302 565 8291
stats: 504 0 1
stats: 200 731 13432
stats: size_rcv 8967300 146695938
stats: 406 12 369
stats: newphase 0 8
stats: size_sent 2603400 27705322
stats: connected 23 831
stats: 503 2267 12248
# stats: dump at 1449368701
stats: users 805 838
stats: {load,"tsung_controller@ip-172-30-3-28"} 1 0.28125 0.0 0.28125 0.0 0.06040736607142857 28
stats: {recvpackets,"tsung_controller@ip-172-30-3-28"} 1 12905.0 0.0 13466 293 6166.851851851852 27
stats: {sentpackets,"tsung_controller@ip-172-30-3-28"} 1 11768.0 0.0 11866 193 4602.740740740741 27
stats: {cpu,"tsung_controller@ip-172-30-3-28"} 1 5.230769230769231 0.0 6.664203005666421 0.09941593140300733 1.9000282256699368 28
stats: {freemem,"tsung_controller@ip-172-30-3-28"} 1 29298.68359375 0.0 29465.85546875 29298.68359375 29410.036551339286 28
stats: session 582 14288.518469951403 11234.153908196027 70550.5380859375 35.677978515625 12376.340859174543 5164
stats: users_count 557 6551
stats: finish_users_count 582 5746
stats: request 3577 1160.05123144613 1533.2908184295623 6613.571044921875 0.837158203125 1016.7086172497578 34446
stats: connect 561 1.1485928622159094 0.24900597897271723 72.110107421875 0.64892578125 1.205661338464881 5969
stats: page 2962 1420.8519956394243 2067.6856761590884 11923.77099609375 0.837158203125 1216.0777164133838 28582
stats: error_unknown 83 841
stats: 401 13 118
stats: 302 585 8876
stats: 504 0 1
stats: 200 761 14193
stats: size_rcv 8938556 155634494
stats: 406 21 390
stats: newphase 0 8
stats: size_sent 2573074 30278396
stats: connected -16 815
stats: 503 2197 14445
# stats: dump at 1449368711
stats: users 883 896
stats: {load,"tsung_controller@ip-172-30-3-28"} 1 0.23046875 0.0 0.28125 0.0 0.06802262931034483 29
stats: {recvpackets,"tsung_controller@ip-172-30-3-28"} 1 13428.0 0.0 13466 293 6407.5 28
stats: {sentpackets,"tsung_controller@ip-172-30-3-28"} 1 11862.0 0.0 11866 193 4858.642857142857 28
stats: {cpu,"tsung_controller@ip-172-30-3-28"} 1 5.141451414514145 0.0 6.664203005666421 0.09941593140300733 2.014881363776809 29
stats: {freemem,"tsung_controller@ip-172-30-3-28"} 1 29298.46484375 0.0 29465.85546875 29298.46484375 29406.196794181036 29
stats: session 557 14870.13050434105 11137.160037592463 70550.5380859375 17.268798828125 12570.021222813966 5746
stats: users_count 635 7186
stats: finish_users_count 557 6303
stats: request 3687 1220.566869170284 1516.961721017137 6613.571044921875 0.837158203125 1030.1935219385098 38023
stats: connect 626 1.1283922286841048 0.31093875214099453 72.110107421875 0.613037109375 1.2007585183767229 6530
stats: page 3094 1436.2818083513466 1966.983406522249 11923.77099609375 0.837158203125 1235.306140680044 31544
stats: error_unknown 77 918
stats: 401 24 142
stats: 302 608 9484
stats: 504 0 1
stats: 200 867 15060
stats: size_rcv 9627051 165261545
stats: 406 11 401
stats: newphase 1 9
stats: size_sent 2643480 32921876
stats: connected 74 889
stats: 503 2177 16622
# stats: dump at 1449368721
stats: users 916 929
stats: {load,"tsung_controller@ip-172-30-3-28"} 1 0.19921875 0.0 0.28125 0.0 0.0734375 30
stats: {recvpackets,"tsung_controller@ip-172-30-3-28"} 1 14333.0 0.0 14333 293 6649.586206896552 29
stats: {sentpackets,"tsung_controller@ip-172-30-3-28"} 1 1.29e4 0.0 12900 193 5100.137931034483 29
stats: {cpu,"tsung_controller@ip-172-30-3-28"} 1 5.855634667321385 0.0 6.664203005666421 0.09941593140300733 2.1191003654680536 30
stats: {freemem,"tsung_controller@ip-172-30-3-28"} 1 29290.04296875 0.0 29465.85546875 29290.04296875 29402.605729166666 30
stats: session 687 12827.360819587546 10644.13468377031 70550.5380859375 11.302001953125 12773.283299572746 6303
stats: users_count 720 7906
stats: finish_users_count 687 6990
stats: request 4354 939.8785843925846 1344.1184629737254 6613.571044921875 0.837158203125 1047.0217773027762 41710
stats: connect 730 1.112205024614724 0.2524682596356294 72.110107421875 0.613037109375 1.1944279849296044 7156
stats: page 3608 1147.947951898341 1770.5091969966802 11923.77099609375 0.837158203125 1253.2580638792765 34638
stats: error_unknown 97 1015
stats: 401 21 163
stats: 302 608 10092
stats: 504 0 1
stats: 200 856 15916
stats: size_rcv 9755457 175017002
stats: 406 12 413
stats: newphase 0 9
stats: size_sent 3032440 35954316
stats: connected 30 919
stats: 503 2857 19479
# stats: dump at 1449368731
stats: users 883 929
stats: {load,"tsung_controller@ip-172-30-3-28"} 1 0.171875 0.0 0.28125 0.0 0.07749495967741936 31
stats: {recvpackets,"tsung_controller@ip-172-30-3-28"} 1 14880.0 0.0 14880 293 6905.7 30
stats: {sentpackets,"tsung_controller@ip-172-30-3-28"} 1 14149.0 0.0 14149 193 5360.133333333333 30
stats: {cpu,"tsung_controller@ip-172-30-3-28"} 1 6.196975285872372 0.0 6.664203005666421 0.09941593140300733 2.2396337300439675 31
stats: {freemem,"tsung_controller@ip-172-30-3-28"} 1 29291.65625 0.0 29465.85546875 29290.04296875 29398.974672379034 31
stats: session 737 12506.728799517154 10552.71101847993 70550.5380859375 11.302001953125 12778.598214629994 6990
stats: users_count 704 8610
stats: finish_users_count 737 7727
stats: connect 704 1.1120726845481168 0.24246752456180679 72.110107421875 0.613037109375 1.1868166786869132 7886
stats: request 4616 894.7574044001161 1423.117680077202 6704.507080078125 0.837158203125 1036.8945312552992 46064
stats: page 3812 1077.2206719989933 1890.9302757904725 11923.77099609375 0.837158203125 1243.323459370904 38246
stats: error_unknown 110 1125
stats: 401 22 185
stats: 302 590 10682
stats: 504 0 1
stats: 200 735 16651
stats: size_rcv 9176958 184193960
stats: 406 17 430
stats: newphase 0 9
stats: size_sent 3148637 39102953
stats: connected -27 892
stats: 503 3252 22731
# stats: dump at 1449368741
stats: users 902 929
stats: {load,"tsung_controller@ip-172-30-3-28"} 1 0.30078125 0.0 0.30078125 0.0 0.0804443359375 32
stats: {recvpackets,"tsung_controller@ip-172-30-3-28"} 1 14239.0 0.0 14880 293 7162.935483870968 31
stats: {sentpackets,"tsung_controller@ip-172-30-3-28"} 1 13731.0 0.0 14149 193 5643.645161290323 31
stats: {cpu,"tsung_controller@ip-172-30-3-28"} 1 5.919271474280088 0.0 6.664203005666421 0.09941593140300733 2.363300653663605 32
stats: {freemem,"tsung_controller@ip-172-30-3-28"} 1 29294.984375 0.0 29465.85546875 29290.04296875 29395.620971679688 32
stats: session 707 12646.282187196117 10730.874336091903 70550.5380859375 11.302001953125 12752.667354148803 7727
stats: users_count 726 9336
stats: finish_users_count 707 8434
stats: request 4265 1043.460062715228 1415.6644535714183 6704.507080078125 0.837158203125 1023.9484977595706 50680
stats: connect 726 1.0941061224819222 0.24941662174785 72.110107421875 0.613037109375 1.1806909776538852 8590
stats: page 3522 1269.3033538073207 1874.6610884140564 11923.77099609375 0.837158203125 1228.268444261728 42058
stats: error_unknown 112 1237
stats: 401 27 212
stats: 302 659 11341
stats: 504 0 1
stats: 200 873 17524
stats: size_rcv 9781821 193975781
stats: 406 8 438
stats: newphase 1 10
stats: size_sent 2931721 42034674
stats: connected 12 904
stats: 503 2698 25429
# stats: dump at 1449368751
stats: users 947 947
stats: {load,"tsung_controller@ip-172-30-3-28"} 1 0.3203125 0.0 0.3203125 0.0 0.08712121212121213 33
stats: {recvpackets,"tsung_controller@ip-172-30-3-28"} 1 15346.0 0.0 15346 293 7384.0625 32
stats: {sentpackets,"tsung_controller@ip-172-30-3-28"} 1 14289.0 0.0 14289 193 5896.375 32
stats: {cpu,"tsung_controller@ip-172-30-3-28"} 1 6.364193746167995 0.0 6.664203005666421 0.09941593140300733 2.4710573451974382 33
stats: {freemem,"tsung_controller@ip-172-30-3-28"} 1 29294.046875 0.0 29465.85546875 29290.04296875 29392.571377840908 33
stats: session 736 12243.504183230196 10023.51139088953 70550.5380859375 11.302001953125 12743.74936588279 8434
stats: users_count 781 10117
stats: finish_users_count 736 9170
stats: connect 772 1.1393030986884707 0.6076415480210013 72.110107421875 0.613037109375 1.173943381598191 9316
stats: page 3817 1104.5466615608427 1717.0138017596996 11923.77099609375 0.837158203125 1231.4392417917759 45580
stats: request 4629 914.793165581457 1302.0119560295561 6704.507080078125 0.837158203125 1025.4630454806713 54945
stats: error_unknown 127 1364
stats: 401 21 233
stats: 302 677 12018
stats: 504 0 1
stats: 200 868 18392
stats: size_rcv 9913164 203888945
stats: 406 12 450
stats: newphase 0 10
stats: size_sent 3191288 45225962
stats: connected 35 939
stats: 503 3051 28480
# stats: dump at 1449368761
stats: users 976 991
stats: {load,"tsung_controller@ip-172-30-3-28"} 1 0.5 0.0 0.5 0.0 0.0939797794117647 34
stats: {recvpackets,"tsung_controller@ip-172-30-3-28"} 1 15391.0 0.0 15391 293 7625.333333333333 33
stats: {sentpackets,"tsung_controller@ip-172-30-3-28"} 1 14897.0 0.0 14897 193 6150.69696969697 33
stats: {cpu,"tsung_controller@ip-172-30-3-28"} 1 6.9206271435570805 0.0 6.9206271435570805 0.09941593140300733 2.58556135699069 34
stats: {freemem,"tsung_controller@ip-172-30-3-28"} 1 29291.0234375 0.0 29465.85546875 29290.04296875 29389.673598345587 34
stats: session 781 11752.577744253158 9921.074191920223 70550.5380859375 11.302001953125 12703.598825595733 9170
stats: users_count 810 10927
stats: finish_users_count 781 9951
stats: connect 820 2.3388192525724065 34.7761333459022 997.510009765625 0.613037109375 1.171292479694315 10088
stats: page 4009 1036.900718378768 1728.7833412760617 11923.77099609375 0.837158203125 1221.6340111352285 49397
stats: error_unknown 122 1486
stats: request 4847 847.9961881423111 1292.3978213404782 6704.507080078125 0.837158203125 1016.8638096722068 59574
stats: 401 24 257
stats: 302 633 12651
stats: 504 1 2
stats: 200 834 19226
stats: size_rcv 9893689 213782634
stats: 406 13 463
stats: newphase 0 10
stats: size_sent 3263551 48489513
stats: connected 49 988
stats: 503 3342 31822
# stats: dump at 1449368771
stats: users 944 993
stats: {load,"tsung_controller@ip-172-30-3-28"} 1 0.578125 0.0 0.578125 0.0 0.10558035714285714 35
stats: {recvpackets,"tsung_controller@ip-172-30-3-28"} 1 15646.0 0.0 15646 293 7853.735294117647 34
stats: {sentpackets,"tsung_controller@ip-172-30-3-28"} 1 15325.0 0.0 15325 193 6407.941176470588 34
stats: {cpu,"tsung_controller@ip-172-30-3-28"} 1 7.290519877675841 0.0 7.290519877675841 0.09941593140300733 2.7094203794640155 35
stats: {freemem,"tsung_controller@ip-172-30-3-28"} 1 29289.53515625 0.0 29465.85546875 29289.53515625 29386.85502232143 35
stats: session 774 12314.304415601775 9925.94532525202 75195.28198242188 11.302001953125 12628.958340767218 9951
stats: users_count 742 11669
stats: finish_users_count 774 10725
stats: request 4863 889.3634107755634 1381.0934968189447 6704.507080078125 0.837158203125 1004.1583043004274 64421
stats: error_unknown 111 1597
stats: page 4016 1067.8710218330768 1823.367078712918 11923.77099609375 0.837158203125 1207.766734599621 53406
stats: connect 734 1.1318695317821876 0.27070223828210904 997.510009765625 0.613037109375 1.2590603522429062 10908
stats: 401 31 288
stats: 302 635 13286
stats: 504 1 3
stats: 200 794 20020
stats: size_rcv 9495292 223277926
stats: 406 13 476
stats: newphase 0 10
stats: size_sent 3246036 51735549
stats: connected -48 940
stats: 503 3389 35211
# stats: dump at 1449368781
stats: users 999 1006
stats: {load,"tsung_controller@ip-172-30-3-28"} 1 0.51953125 0.0 0.578125 0.0 0.11870659722222222 36
stats: {recvpackets,"tsung_controller@ip-172-30-3-28"} 1 15359.0 0.0 15646 293 8076.371428571429 35
stats: {sentpackets,"tsung_controller@ip-172-30-3-28"} 1 14937.0 0.0 15325 193 6662.714285714285 35
stats: {cpu,"tsung_controller@ip-172-30-3-28"} 1 7.809268945383774 0.0 7.809268945383774 0.09941593140300733 2.836673143303233 36
stats: {freemem,"tsung_controller@ip-172-30-3-28"} 1 29284.34375 0.0 29465.85546875 29284.34375 29384.151692708332 36
stats: session 781 12190.211746508887 9915.947274426362 75195.28198242188 11.302001953125 12606.25044910493 10725
stats: users_count 836 12505
stats: finish_users_count 781 11506
stats: connect 841 1.1410563828403706 0.37611972627406626 997.510009765625 0.613037109375 1.2510412780101139 11642
stats: page 4128 1032.335000208182 1705.0216413096075 11923.77099609375 0.837158203125 1197.98265911513 57422
stats: request 4967 857.0186170129103 1304.7686712975442 6704.507080078125 0.837158203125 996.1009235601206 69284
stats: error_unknown 114 1711
stats: 401 18 306
stats: 302 705 13991
stats: 504 0 3
stats: 200 812 20832
stats: size_rcv 9783152 233061078
stats: 406 10 486
stats: newphase 1 11
stats: size_sent 3334538 55070087
stats: connected 60 1000
stats: 503 3422 38633
# stats: dump at 1449368791
stats: users 998 1057
stats: {load,"tsung_controller@ip-172-30-3-28"} 1 0.44140625 0.0 0.578125 0.0 0.12953969594594594 37
stats: {recvpackets,"tsung_controller@ip-172-30-3-28"} 1 1.59e4 0.0 15900 293 8278.666666666666 36
stats: {sentpackets,"tsung_controller@ip-172-30-3-28"} 1 15832.0 0.0 15832 193 6892.555555555556 36
stats: {cpu,"tsung_controller@ip-172-30-3-28"} 1 8.360715589631253 0.0 8.360715589631253 0.09941593140300733 2.971067624440545 37
stats: {freemem,"tsung_controller@ip-172-30-3-28"} 1 29273.80859375 0.0 29465.85546875 29273.80859375 29381.454180743243 37
stats: session 882 11805.388055433768 9993.69965048592 75195.28198242188 11.302001953125 12578.010728374222 11506
stats: users_count 881 13386
stats: finish_users_count 882 12388
stats: request 5399 791.7861619339229 1268.0650775364884 6704.507080078125 0.837158203125 986.7970513345614 74251
stats: connect 884 1.1160673253676467 0.2867536780157428 997.510009765625 0.613037109375 1.2436314168519185 12483
stats: error_unknown 139 1850
stats: page 4488 960.615561364594 1671.4835072779722 11923.77099609375 0.837158203125 1186.8730971985115 61550
stats: 401 24 330
stats: 302 681 14672
stats: 504 0 3
stats: 200 875 21707
stats: size_rcv 10303357 243364435
stats: 406 9 495
stats: newphase 0 11
stats: size_sent 3597630 58667717
stats: connected 0 1000
stats: 503 3810 42443
# stats: dump at 1449368801
stats: users 1046 1057
stats: {load,"tsung_controller@ip-172-30-3-28"} 1 0.44921875 0.0 0.578125 0.0 0.1377467105263158 38
stats: {recvpackets,"tsung_controller@ip-172-30-3-28"} 1 17044.0 0.0 17044 293 8484.648648648648 37
stats: {sentpackets,"tsung_controller@ip-172-30-3-28"} 1 16988.0 0.0 16988 193 7134.1621621621625 37
stats: {cpu,"tsung_controller@ip-172-30-3-28"} 1 8.754863813229571 0.0 8.754863813229571 0.09941593140300733 3.1129004656297745 38
stats: {freemem,"tsung_controller@ip-172-30-3-28"} 1 29264.44140625 0.0 29465.85546875 29264.44140625 29378.621402138157 38
stats: session 850 11222.19824075139 9330.637224117982 75195.28198242188 11.302001953125 12523.001590697964 12388
stats: users_count 898 14284
stats: finish_users_count 850 13238
stats: connect 900 1.1057427300347225 0.2537358964921259 997.510009765625 0.60595703125 1.2351952189861222 13367
stats: request 5699 727.8668692047121 1278.4733086216186 6704.507080078125 0.837158203125 973.578422434699 79650
stats: page 4718 875.2896551024653 1623.881421405431 11923.77099609375 0.837158203125 1171.4964379898342 66038
stats: error_unknown 123 1973
stats: 401 20 350
stats: 302 638 15310
stats: 504 1 4
stats: 200 769 22476
stats: size_rcv 9981672 253346107
stats: 406 10 505
stats: newphase 0 11
stats: size_sent 3739289 62407006
stats: connected 46 1046
stats: 503 4261 46704
# stats: dump at 1449368811
stats: users 1101 1101
stats: {load,"tsung_controller@ip-172-30-3-28"} 1 0.53125 0.0 0.578125 0.0 0.14573317307692307 39
stats: {recvpackets,"tsung_controller@ip-172-30-3-28"} 1 16762.0 0.0 17044 293 8709.894736842105 38
stats: {sentpackets,"tsung_controller@ip-172-30-3-28"} 1 17130.0 0.0 17130 193 7393.473684210527 38
stats: {cpu,"tsung_controller@ip-172-30-3-28"} 1 9.19442761962447 0.0 9.19442761962447 0.09941593140300733 3.2575661924913075 39
stats: {freemem,"tsung_controller@ip-172-30-3-28"} 1 29263.62109375 0.0 29465.85546875 29263.62109375 29375.6937099359 39
stats: session 871 11465.011786582421 9503.950231289988 75195.28198242188 11.302001953125 12439.478184786603 13238
stats: users_count 926 15210
stats: finish_users_count 871 14109
stats: request 5525 777.8727440964377 1312.2421126894524 6704.507080078125 0.837158203125 957.171550159011 85349
stats: connect 917 1.1048201932251902 0.25274461117540614 997.510009765625 0.60595703125 1.2270290144542473 14267
stats: page 4602 928.3330414468234 1644.4538082189163 11923.77099609375 0.837158203125 1151.7454119049426 70756
stats: error_unknown 129 2102
stats: 401 15 365
stats: 302 675 15985
stats: 504 0 4
stats: 200 799 23275
stats: size_rcv 9871632 263217739
stats: 406 9 514
stats: newphase 1 12
stats: size_sent 3582444 65989450
stats: connected 42 1088
stats: 503 4027 50731
# stats: dump at 1449368821
stats: users 1141 1142
stats: {load,"tsung_controller@ip-172-30-3-28"} 1 0.53125 0.0 0.578125 0.0 0.15537109375 40
stats: {recvpackets,"tsung_controller@ip-172-30-3-28"} 1 18133.0 0.0 18133 293 8916.358974358975 39
stats: {sentpackets,"tsung_controller@ip-172-30-3-28"} 1 18399.0 0.0 18399 193 7643.128205128205 39
stats: {cpu,"tsung_controller@ip-172-30-3-28"} 1 8.377091219929174 0.0 9.19442761962447 0.09941593140300733 3.4059877281696367 40
stats: {freemem,"tsung_controller@ip-172-30-3-28"} 1 29263.8828125 0.0 29465.85546875 29263.62109375 29372.89189453125 40
stats: session 977 11026.56849506421 9640.14228223879 75195.28198242188 6.37109375 12379.320821909301 14109
stats: users_count 1017 16227
stats: finish_users_count 977 15086
stats: connect 1023 1.145874142763322 0.2716024101927932 997.510009765625 0.591064453125 1.2196485159645842 15184
stats: page 5093 813.5831324474161 1583.1330883585038 11923.77099609375 0.837158203125 1138.1019536278084 75358
stats: error_unknown 150 2252
stats: request 6139 668.3987532244544 1211.2435311475974 6704.507080078125 0.837158203125 946.2704573987526 90874
stats: 401 22 387
stats: 302 634 16619
stats: 504 1 5
stats: 200 813 24088
stats: size_rcv 10265424 273483163
stats: 406 7 521
stats: newphase 0 12
stats: size_sent 3943785 69933235
stats: connected 48 1136
stats: 503 4662 55393
# stats: dump at 1449368831
stats: users 1084 1145
stats: {load,"tsung_controller@ip-172-30-3-28"} 1 0.609375 0.0 0.609375 0.0 0.16453887195121952 41
stats: {recvpackets,"tsung_controller@ip-172-30-3-28"} 1 19193.0 0.0 19193 293 9146.775 40
stats: {sentpackets,"tsung_controller@ip-172-30-3-28"} 1 19566.0 0.0 19566 193 7912.025 40
stats: {cpu,"tsung_controller@ip-172-30-3-28"} 1 9.523231833070483 0.0 9.523231833070483 0.09941593140300733 3.5272341547979185 41
stats: {freemem,"tsung_controller@ip-172-30-3-28"} 1 29261.3984375 0.0 29465.85546875 29261.3984375 29370.233136432926 41
stats: session 1018 11594.80567029792 10151.185561041277 75195.28198242188 6.37109375 12291.713833752889 15086
stats: users_count 961 17188
stats: finish_users_count 1018 16104
stats: page 5201 849.9844966713131 1555.1171112126904 11923.77099609375 0.837158203125 1117.5580902044608 80451
stats: request 6275 707.0738272301408 1210.063592369265 6704.507080078125 0.837158203125 928.6866862348259 97013
stats: connect 964 1.1710747050051857 0.2471110315517147 997.510009765625 0.591064453125 1.2149918130717052 16207
stats: error_unknown 153 2405
stats: 401 22 409
stats: 302 752 17371
stats: 504 0 5
stats: 200 884 24972
stats: size_rcv 10580267 284063430
stats: 406 7 528
stats: newphase 0 12
stats: size_sent 4037072 73970307
stats: connected -50 1086
stats: 503 4610 60003
# stats: dump at 1449368841
stats: users 1056 1145
stats: {load,"tsung_controller@ip-172-30-3-28"} 1 0.58984375 0.0 0.609375 0.0 0.17513020833333334 42
stats: {recvpackets,"tsung_controller@ip-172-30-3-28"} 1 18846.0 0.0 19193 293 9391.80487804878 41
stats: {sentpackets,"tsung_controller@ip-172-30-3-28"} 1 19319.0 0.0 19566 193 8196.268292682927 41
stats: {cpu,"tsung_controller@ip-172-30-3-28"} 1 10.033849129593811 0.0 10.033849129593811 0.09941593140300733 3.669996004280598 42
stats: {freemem,"tsung_controller@ip-172-30-3-28"} 1 29262.359375 0.0 29465.85546875 29261.3984375 29367.64183407738 42
stats: session 942 11487.365621319748 9487.222210336009 75195.28198242188 6.37109375 12247.659405635826 16104
stats: users_count 914 18102
stats: finish_users_count 942 17046
stats: request 5898 716.5731848984833 1231.3211468968648 6704.507080078125 0.837158203125 915.2231600724992 103288
stats: connect 923 1.1416899080782765 0.2704570639315408 997.510009765625 0.591064453125 1.2125262553187424 17171
stats: page 4861 871.8617436813744 1598.0049127247867 11923.77099609375 0.837158203125 1101.3103638236887 85652
stats: error_unknown 118 2523
stats: 401 30 439
stats: 302 685 18056
stats: 504 0 5
stats: 200 838 25810
stats: size_rcv 10544312 294607742
stats: 406 7 535
stats: newphase 0 12
stats: size_sent 3853103 77823410
stats: connected -30 1056
stats: 503 4338 64341
# stats: dump at 1449368851
stats: users 1313 1313
stats: {load,"tsung_controller@ip-172-30-3-28"} 1 0.578125 0.0 0.609375 0.0 0.1847747093023256 43
stats: {recvpackets,"tsung_controller@ip-172-30-3-28"} 1 19632.0 0.0 19632 293 9616.904761904761 42
stats: {sentpackets,"tsung_controller@ip-172-30-3-28"} 1 19736.0 0.0 19736 193 8461.095238095239 42
stats: {cpu,"tsung_controller@ip-172-30-3-28"} 1 9.822184589331075 0.0 10.033849129593811 0.09941593140300733 3.817992588590208 43
stats: {freemem,"tsung_controller@ip-172-30-3-28"} 1 29265.2421875 0.0 29465.85546875 29261.3984375 29365.19340479651 43
stats: session 1101 10041.86631160947 9571.099327769316 75195.28198242188 6.37109375 12205.64387443638 17046
stats: users_count 1358 19460
stats: finish_users_count 1101 18147
stats: connect 1349 1.13762816930365 0.4255833175539705 997.510009765625 0.591064453125 1.208912795138409 18094
stats: page 6041 689.5708749004211 1406.4004636561428 11923.77099609375 0.837158203125 1088.987827364707 90513
stats: request 7229 571.784609035925 1095.96776205329 6704.507080078125 0.837158203125 904.4925027210408 109186
stats: error_unknown 178 2701
stats: 401 25 464
stats: 302 692 18748
stats: 504 1 6
stats: 200 897 26707
stats: size_rcv 11257393 305865135
stats: 406 9 544
stats: newphase 1 13
stats: size_sent 4463427 82286837
stats: connected 251 1307
stats: 503 5605 69946
# stats: dump at 1449368861
stats: users 1421 1445
stats: {load,"tsung_controller@ip-172-30-3-28"} 1 0.6484375 0.0 0.6484375 0.0 0.19371448863636365 44
stats: {recvpackets,"tsung_controller@ip-172-30-3-28"} 1 22845.0 0.0 22845 293 9849.813953488372 43
stats: {sentpackets,"tsung_controller@ip-172-30-3-28"} 1 24483.0 0.0 24483 193 8723.302325581395 43
stats: {cpu,"tsung_controller@ip-172-30-3-28"} 1 12.6871930034743 0.0 12.6871930034743 0.09941593140300733 3.9544514976979546 44
stats: {freemem,"tsung_controller@ip-172-30-3-28"} 1 29262.0 0.0 29465.85546875 29261.3984375 29362.921786221592 44
stats: session 1356 9495.67442299272 8804.771104250043 75195.28198242188 6.37109375 12074.364924931095 18147
stats: users_count 1464 20924
stats: finish_users_count 1356 19503
stats: request 8839 496.8026865357018 1102.1189041247483 6704.507080078125 0.837158203125 883.8324042504854 116415
stats: connect 1461 1.1285666923340163 0.39469618418186053 997.510009765625 0.591064453125 1.2039669040593015 19443
stats: page 7305 596.6406853918002 1386.5520230254756 11923.77099609375 0.837158203125 1063.9978962397743 96554
stats: error_unknown 208 2909
stats: 401 33 497
stats: 302 670 19418
stats: 504 0 6
stats: 200 831 27538
stats: size_rcv 11727699 317592834
stats: 406 10 554
stats: newphase 0 13
stats: size_sent 5188747 87475584
stats: connected 107 1414
stats: 503 7295 77241
# stats: dump at 1449368871
stats: users 1418 1445
stats: {load,"tsung_controller@ip-172-30-3-28"} 1 0.7109375 0.0 0.7109375 0.0 0.20381944444444444 45
stats: {recvpackets,"tsung_controller@ip-172-30-3-28"} 1 22432.0 0.0 22845 293 10145.15909090909 44
stats: {sentpackets,"tsung_controller@ip-172-30-3-28"} 1 25937.0 0.0 25937 193 9081.477272727272 44
stats: {cpu,"tsung_controller@ip-172-30-3-28"} 1 13.362895493767976 0.0 13.362895493767976 0.09941593140300733 4.14851242004854 45
stats: {freemem,"tsung_controller@ip-172-30-3-28"} 1 29254.8125 0.0 29465.85546875 29254.8125 29360.67907986111 45
stats: session 1437 9167.880946191892 8444.479018739377 75195.28198242188 6.37109375 11895.074337809707 19503
stats: users_count 1434 22358
stats: finish_users_count 1437 20940
stats: connect 1445 1.1631824110618505 0.6155987196224209 997.510009765625 0.591064453125 1.1986971131422215 20904
stats: page 7652 538.6093212711963 1356.6703887885758 11923.77099609375 0.837158203125 1031.1259792634462 103859
stats: request 9212 447.2383960056348 1080.2658982147893 6704.507080078125 0.837158203125 856.5202571343775 125254
stats: error_unknown 210 3119
stats: 401 37 534
stats: 302 633 20051
stats: 504 0 6
stats: 200 721 28259
stats: size_rcv 11031831 328624665
stats: 406 6 560
stats: newphase 0 13
stats: size_sent 5289163 92764747
stats: connected 8 1422
stats: 503 7815 85056
# stats: dump at 1449368881
stats: users 1587 1592
stats: {load,"tsung_controller@ip-172-30-3-28"} 1 0.6015625 0.0 0.7109375 0.0 0.21484375 46
stats: {recvpackets,"tsung_controller@ip-172-30-3-28"} 1 22290.0 0.0 22845 293 10418.199999999999 45
stats: {sentpackets,"tsung_controller@ip-172-30-3-28"} 1 25989.0 0.0 25989 193 9456.044444444444 45
stats: {cpu,"tsung_controller@ip-172-30-3-28"} 1 13.96208417789436 0.0 13.96208417789436 0.09941593140300733 4.34882509556418 46
stats: {freemem,"tsung_controller@ip-172-30-3-28"} 1 29254.2890625 0.0 29465.85546875 29254.2890625 29358.377632472828 46
stats: session 1450 9893.656822804425 8891.161272838646 75195.28198242188 6.37109375 11707.9216680984 20940
stats: users_count 1619 23977
stats: finish_users_count 1450 22390
stats: page 7721 550.1210413551008 1312.0144737873525 11923.77099609375 0.837158203125 997.3289774702895 111511
stats: request 9278 454.5824593249824 1038.489011026877 6704.507080078125 0.837158203125 828.4811654329959 134466
stats: error_unknown 203 3322
stats: connect 1617 1.1493947365878185 0.39835337080878547 997.510009765625 0.591064453125 1.1964008697082362 22349
stats: 401 29 563
stats: 302 734 20785
stats: 504 2 8
stats: 200 791 29050
stats: size_rcv 11399763 340024428
stats: 406 4 564
stats: newphase 1 14
stats: size_sent 5274625 98039372
stats: connected 167 1589
stats: 503 7718 92774
# stats: dump at 1449368891
stats: users 1696 1743
stats: {load,"tsung_controller@ip-172-30-3-28"} 1 0.671875 0.0 0.7109375 0.0 0.2230718085106383 47
stats: {recvpackets,"tsung_controller@ip-172-30-3-28"} 1 24193.0 0.0 24193 293 10676.28260869565 46
stats: {sentpackets,"tsung_controller@ip-172-30-3-28"} 1 28429.0 0.0 28429 193 9815.45652173913 46
stats: {cpu,"tsung_controller@ip-172-30-3-28"} 1 14.813490644738412 0.0 14.813490644738412 0.09941593140300733 4.553362522847801 47
stats: {freemem,"tsung_controller@ip-172-30-3-28"} 1 29249.515625 0.0 29465.85546875 29249.515625 29356.162982047874 47
stats: session 1803 8703.444871611562 8672.5946558429 75195.28198242188 6.37109375 11590.427964405846 22390
stats: users_count 1912 25889
stats: finish_users_count 1803 24193
stats: request 11653 370.19930724652517 979.3199328624202 6704.507080078125 0.837158203125 804.3477602455088 143744
stats: connect 1920 1.1371485392252587 0.5108528315738529 997.510009765625 0.591064453125 1.1932293384866843 23966
stats: page 9588 450.0839468677888 1213.4524557064237 11923.77099609375 0.837158203125 968.3695330699156 119232
stats: error_unknown 278 3600
stats: 401 25 588
stats: 302 718 21503
stats: 504 1 9
stats: 200 787 29837
stats: size_rcv 12520016 352544444
stats: 406 3 567
stats: newphase 0 14
stats: size_sent 6405618 104444990
stats: connected 107 1696
stats: 503 10119 102893
# stats: dump at 1449368901
stats: users 1723 1743
stats: {load,"tsung_controller@ip-172-30-3-28"} 1 0.87890625 0.0 0.87890625 0.0 0.232421875 48
stats: {recvpackets,"tsung_controller@ip-172-30-3-28"} 1 26982.0 0.0 26982 293 10963.872340425529 47
stats: {sentpackets,"tsung_controller@ip-172-30-3-28"} 1 32652.0 0.0 32652 193 10211.489361702128 47
stats: {cpu,"tsung_controller@ip-172-30-3-28"} 1 16.690374585111428 0.0 16.690374585111428 0.09941593140300733 4.767115192053856 48
stats: {freemem,"tsung_controller@ip-172-30-3-28"} 1 29240.828125 0.0 29465.85546875 29240.828125 29353.941162109375 48
stats: session 1826 8956.975114502737 8494.529805605687 75195.28198242188 6.22802734375 11375.273559565268 24193
stats: users_count 1853 27742
stats: finish_users_count 1826 26019
stats: request 11732 362.8320881023867 907.8409742959543 6704.507080078125 0.837158203125 771.7915852691762 155397
stats: error_unknown 249 3849
stats: connect 1854 1.1380558610605447 0.3670684125820982 997.510009765625 0.591064453125 1.1890697489563613 25886
stats: page 9757 440.0142826894717 1123.0587382903366 11923.77099609375 0.837158203125 929.793828982771 128820
stats: 401 37 625
stats: 302 832 22335
stats: 504 2 11
stats: 200 839 30676
stats: size_rcv 13022586 365567030
stats: 406 13 580
stats: newphase 0 14
stats: size_sent 6588735 111033725
stats: connected 26 1722
stats: 503 10009 112902
# stats: dump at 1449368911
stats: users 1733 1794
stats: {load,"tsung_controller@ip-172-30-3-28"} 1 0.8203125 0.0 0.87890625 0.0 0.24561543367346939 49
stats: {recvpackets,"tsung_controller@ip-172-30-3-28"} 1 27001.0 0.0 27001 293 11297.58333333333 48
stats: {sentpackets,"tsung_controller@ip-172-30-3-28"} 1 32887.0 0.0 32887 193 10679.0 48
stats: {cpu,"tsung_controller@ip-172-30-3-28"} 1 16.59352389989325 0.0 16.690374585111428 0.09941593140300733 5.01044701640197 49
stats: {freemem,"tsung_controller@ip-172-30-3-28"} 1 29236.75390625 0.0 29465.85546875 29236.75390625 29351.632732780614 49
stats: session 1916 9096.176170014638 8658.864322668966 75195.28198242188 6.22802734375 11205.558621993334 26019
stats: users_count 1926 29668
stats: finish_users_count 1916 27935
stats: request 11203 371.4251256246573 920.6130434833309 6704.507080078125 0.837158203125 743.0837438965791 167129
stats: page 9323 447.615345328967 1125.058912020536 11923.77099609375 0.837158203125 895.3091812188294 138577
stats: connect 1832 1.1282311318743181 0.2826800290131623 997.510009765625 0.591064453125 1.1856602410919472 27740
stats: error_unknown 300 4149
stats: 401 29 654
stats: 302 742 23077
stats: 504 0 11
stats: 200 855 31531
stats: size_rcv 12656314 378223344
stats: 406 9 589
stats: newphase 0 14
stats: size_sent 6308903 117342628
stats: connected 23 1745
stats: 503 9568 122470
# stats: dump at 1449368921
stats: users 2743 2744
stats: {load,"tsung_controller@ip-172-30-3-28"} 1 1.08984375 0.0 1.08984375 0.0 0.257109375 50
stats: {recvpackets,"tsung_controller@ip-172-30-3-28"} 1 29151.0 0.0 29151 293 11618.061224489793 49
stats: {sentpackets,"tsung_controller@ip-172-30-3-28"} 1 35206.0 0.0 35206 193 11132.224489795919 49
stats: {cpu,"tsung_controller@ip-172-30-3-28"} 1 17.309056514542444 0.0 17.309056514542444 0.09941593140300733 5.2421085540717955 50
stats: {freemem,"tsung_controller@ip-172-30-3-28"} 1 29225.328125 0.0 29465.85546875 29225.328125 29349.33515625 50
stats: session 2563 7732.764693302981 8113.5850193264 75195.28198242188 6.22802734375 11060.880734827011 27935
stats: users_count 3573 33241
stats: finish_users_count 2563 30498
stats: page 14238 305.8104365504598 929.4733529225914 11923.77099609375 0.837158203125 867.0884264385644 147900
stats: request 17104 254.6033717584562 764.4817381457708 6704.507080078125 0.837158203125 719.7357665257184 178332
stats: connect 3468 1.120889947488649 0.3137011968290078 997.510009765625 0.590087890625 1.1821024794225743 29572
stats: error_unknown 426 4575
stats: 401 30 684
stats: 302 843 23920
stats: 504 5 16
stats: 200 896 32427
stats: size_rcv 15840022 394063366
stats: 406 6 595
stats: newphase 1 15
stats: size_sent 8752326 126094954
stats: connected 951 2696
stats: 503 15324 137794
# stats: dump at 1449368931
stats: users 2955 2961
stats: {load,"tsung_controller@ip-172-30-3-28"} 1 1.37109375 0.0 1.37109375 0.0 0.27343749999999994 51
stats: {recvpackets,"tsung_controller@ip-172-30-3-28"} 1 44287.0 0.0 44287 293 11968.719999999998 50
stats: {sentpackets,"tsung_controller@ip-172-30-3-28"} 1 58182.0 0.0 58182 193 11613.7 50
stats: {cpu,"tsung_controller@ip-172-30-3-28"} 1 24.187347081440056 0.0 24.187347081440056 0.09941593140300733 5.478715376826122 51
stats: {freemem,"tsung_controller@ip-172-30-3-28"} 1 29146.90625 0.0 29465.85546875 29146.90625 29346.903645833332 51
stats: session 3642 6976.621421013736 6944.89179534195 75195.28198242188 6.22802734375 10781.19152850443 30498
stats: users_count 3854 37095
stats: finish_users_count 3642 34140
stats: request 23369 174.824439718734 664.3322321650181 6704.507080078125 0.807861328125 679.0287090741781 195436
stats: connect 3854 1.1164304993594298 0.25100180708214415 997.510009765625 0.587890625 1.1756773867849577 33040
stats: page 19179 212.8997063591288 797.104174274992 11923.77099609375 0.837158203125 817.8003137196039 162138
stats: error_unknown 555 5130
stats: 401 33 717
stats: 302 839 24759
stats: 504 4 20
stats: 200 739 33166
stats: size_rcv 18057651 412121017
stats: 406 3 598
stats: newphase 0 15
stats: size_sent 11599599 137694553
stats: connected 231 2927
stats: 503 21751 159545
# stats: dump at 1449368941
stats: users 3074 3133
stats: {load,"tsung_controller@ip-172-30-3-28"} 1 1.46875 0.0 1.46875 0.0 0.29454627403846145 52
stats: {recvpackets,"tsung_controller@ip-172-30-3-28"} 1 45357.0 0.0 45357 293 12602.41176470588 51
stats: {sentpackets,"tsung_controller@ip-172-30-3-28"} 1 61986.0 0.0 61986 193 12526.803921568628 51
stats: {cpu,"tsung_controller@ip-172-30-3-28"} 1 26.85142594296228 0.0 26.85142594296228 0.09941593140300733 5.838496755761005 52
stats: {freemem,"tsung_controller@ip-172-30-3-28"} 1 29110.87109375 0.0 29465.85546875 29110.87109375 29343.05754206731 52
stats: session 3750 7291.591419531249 6985.043725268775 75195.28198242188 6.22802734375 10375.32614093908 34140
stats: users_count 3869 40964
stats: finish_users_count 3750 37890
stats: page 19882 212.96700104591596 785.3652876285679 11923.77099609375 0.837158203125 753.8163036788104 181317
stats: connect 3915 1.1686650652538257 0.8079304360977215 997.510009765625 0.587890625 1.1694883721989007 36894
stats: request 24060 176.23169381640253 648.1188956918694 6704.507080078125 0.807861328125 625.1782505811484 218805
stats: error_unknown 573 5703
stats: 401 28 745
stats: 302 879 25638
stats: 504 3 23
stats: 200 821 33987
stats: size_rcv 18797643 430918660
stats: 406 1 599
stats: newphase 0 15
stats: size_sent 11648221 149342774
stats: connected 142 3069
stats: 503 22328 181873
# stats: dump at 1449368951
stats: users 2078 3162
stats: {load,"tsung_controller@ip-172-30-3-28"} 1 1.76953125 0.0 1.76953125 0.0 0.31670106132075465 53
stats: {recvpackets,"tsung_controller@ip-172-30-3-28"} 1 4.68e4 0.0 46800 293 13232.30769230769 52
stats: {sentpackets,"tsung_controller@ip-172-30-3-28"} 1 64031.0 0.0 64031 193 13477.942307692309 52
stats: {cpu,"tsung_controller@ip-172-30-3-28"} 1 28.380843785632837 0.0 28.380843785632837 0.09941593140300733 6.234967117783671 53
stats: {freemem,"tsung_controller@ip-172-30-3-28"} 1 29078.16015625 0.0 29465.85546875 29078.16015625 29338.67666568396 53
stats: session 3703 8092.52049719769 7695.23352808254 75195.28198242188 6.22802734375 10070.12674254163 37890
stats: users_count 2707 43671
stats: finish_users_count 3703 41593
stats: request 22599 196.7367622932188 702.4673753600896 6704.507080078125 0.807861328125 580.7022900443902 242865
stats: page 18523 238.8767083253546 840.9214355119539 11923.77099609375 0.837158203125 700.3708798201072 201199
stats: error_unknown 490 6193
stats: connect 2862 1.4800617636541342 18.65964390679968 999.427001953125 0.587890625 1.1694093884774184 40809
stats: 401 38 783
stats: 302 851 26489
stats: 504 1 24
stats: 200 784 34771
stats: size_rcv 17903048 448821708
stats: 406 1 600
stats: newphase 0 15
stats: size_sent 11235798 160578572
stats: connected -872 2197
stats: 503 20924 202797
# stats: dump at 1449368961
stats: users 906 3162
stats: {load,"tsung_controller@ip-172-30-3-28"} 1 1.87890625 0.0 1.87890625 0.0 0.343605324074074 54
stats: {recvpackets,"tsung_controller@ip-172-30-3-28"} 1 28629.0 0.0 46800 293 13865.660377358488 53
stats: {sentpackets,"tsung_controller@ip-172-30-3-28"} 1 37627.0 0.0 64031 193 14431.77358490566 53
stats: {cpu,"tsung_controller@ip-172-30-3-28"} 1 17.69094138543517 0.0 28.380843785632837 0.09941593140300733 6.645075944966063 54
stats: {freemem,"tsung_controller@ip-172-30-3-28"} 1 29069.47265625 0.0 29465.85546875 29069.47265625 29333.85228587963 54
stats: session 1172 15101.558402728702 9002.347629237805 75195.28198242188 6.22802734375 9894.061637199178 41593
stats: users_count 0 43671
stats: finish_users_count 1172 42765
stats: request 6055 673.5079340663038 1268.9753228478642 6704.507080078125 0.807861328125 548.0152328100808 265464
stats: page 5058 788.3461541914583 1577.59367440117 11923.77099609375 0.837158203125 661.4660066685917 219722
stats: error_unknown 28 6221
stats: connect 0 0 0 999.427001953125 0.587890625 1.1897681413742094 43671
stats: 401 37 820
stats: 302 829 27318
stats: 504 1 25
stats: 200 506 35277
stats: size_rcv 8756207 457577915
stats: 406 6 606
stats: newphase 0 15
stats: size_sent 4042950 164621522
stats: connected -1269 928
stats: 503 4676 207473
# stats: dump at 1449368971
stats: users 340 3162
stats: {load,"tsung_controller@ip-172-30-3-28"} 1 1.671875 0.0 1.87890625 0.0 0.3715198863636363 55
stats: {recvpackets,"tsung_controller@ip-172-30-3-28"} 1 10077.0 0.0 46800 293 14139.055555555553 54
stats: {sentpackets,"tsung_controller@ip-172-30-3-28"} 1 8637.0 0.0 64031 193 14861.314814814816 54
stats: {cpu,"tsung_controller@ip-172-30-3-28"} 1 3.1930693069306932 0.0 28.380843785632837 0.09941593140300733 6.8459098620655014 55
stats: {freemem,"tsung_controller@ip-172-30-3-28"} 1 29075.12890625 0.0 29465.85546875 29069.47265625 29329.045383522727 55
stats: session 566 26769.693917965298 7502.356766658974 75195.28198242188 6.22802734375 10036.776151619863 42765
stats: users_count 0 43671
stats: finish_users_count 566 43331
stats: request 2061 1425.8804774684647 1155.790872272366 6704.507080078125 0.807861328125 550.8137784223821 271519
stats: connect 0 0 0 999.427001953125 0.587890625 1.1897681413742094 43671
stats: page 1947 1629.1350344680882 1666.8603086711391 11923.77099609375 0.837158203125 664.3210639965152 224780
stats: error_unknown 0 6221
stats: 401 2 822
stats: 302 1375 28693
stats: 504 0 25
stats: 200 540 35817
stats: size_rcv 8025324 465603239
stats: 406 29 635
stats: newphase 0 15
stats: size_sent 1617408 166238930
stats: connected -579 349
stats: 503 115 207588
# stats: dump at 1449368981
stats: users 86 3162
stats: {load,"tsung_controller@ip-172-30-3-28"} 1 1.41015625 0.0 1.87890625 0.0 0.3947405133928571 56
stats: {recvpackets,"tsung_controller@ip-172-30-3-28"} 1 6153.0 0.0 46800 293 14065.199999999997 55
stats: {sentpackets,"tsung_controller@ip-172-30-3-28"} 1 5062.0 0.0 64031 193 14748.145454545454 55
stats: {cpu,"tsung_controller@ip-172-30-3-28"} 1 1.6652168510003729 0.0 28.380843785632837 0.09941593140300733 6.780680566438094 56
stats: {freemem,"tsung_controller@ip-172-30-3-28"} 1 29180.77734375 0.0 29465.85546875 29069.47265625 29324.511160714286 56
stats: session 254 33753.516271876535 5416.712834476447 75195.28198242188 6.22802734375 10255.345569721258 43331
stats: users_count 0 43671
stats: finish_users_count 254 43585
stats: request 586 17.13955178114334 37.767500613601754 6704.507080078125 0.807861328125 557.4060456448909 273580
stats: connect 0 0 0 999.427001953125 0.587890625 1.1897681413742094 43671
stats: page 586 17.13955178114334 37.767500613601754 11923.77099609375 0.837158203125 672.6063268920158 226727
stats: error_unknown 0 6221
stats: 401 0 822
stats: 302 503 29196
stats: 504 0 25
stats: 200 83 35900
stats: size_rcv 1649674 467252913
stats: 406 0 635
stats: newphase 0 15
stats: size_sent 623360 166862290
stats: connected -257 92
stats: 503 0 207588
# stats: dump at 1449368991
stats: users 14 3162
stats: {load,"tsung_controller@ip-172-30-3-28"} 1 1.19140625 0.0 1.87890625 0.0 0.41255482456140347 57
stats: {recvpackets,"tsung_controller@ip-172-30-3-28"} 1 818.0 0.0 46800 293 13923.910714285712 56
stats: {sentpackets,"tsung_controller@ip-172-30-3-28"} 1 977.0 0.0 64031 193 14575.17857142857 56
stats: {cpu,"tsung_controller@ip-172-30-3-28"} 1 0.27352977744622653 0.0 28.380843785632837 0.09941593140300733 6.690935588974274 57
stats: {freemem,"tsung_controller@ip-172-30-3-28"} 1 29281.5078125 0.0 29465.85546875 29069.47265625 29321.98951480263 57
stats: session 72 42392.9342312283 6183.743754162867 75195.28198242188 6.22802734375 10392.285694955797 43585
stats: users_count 0 43671
stats: finish_users_count 72 43657
stats: request 111 11.946143897804053 11.788063331846704 6704.507080078125 0.807861328125 556.2512847868554 274166
stats: connect 0 0 0 999.427001953125 0.587890625 1.1897681413742094 43671
stats: page 111 11.946143897804053 11.788063331846704 11923.77099609375 0.837158203125 670.9165707838523 227313
stats: error_unknown 0 6221
stats: 401 0 822
stats: 302 97 29293
stats: 504 0 25
stats: 200 14 35914
stats: size_rcv 287937 467540850
stats: 406 0 635
stats: newphase 0 15
stats: size_sent 119736 166982026
stats: connected -77 15
stats: 503 0 207588
# stats: dump at 1449369001
stats: users 1 3162
stats: {load,"tsung_controller@ip-172-30-3-28"} 1 1.01171875 0.0 1.87890625 0.0 0.42598329741379304 58
stats: {recvpackets,"tsung_controller@ip-172-30-3-28"} 1 118.0 0.0 46800 118 13693.98245614035 57
stats: {sentpackets,"tsung_controller@ip-172-30-3-28"} 1 164.0 0.0 64031 164 14336.61403508772 57
stats: {cpu,"tsung_controller@ip-172-30-3-28"} 1 0.12419274714356682 0.0 28.380843785632837 0.09941593140300733 6.580290661189308 58
stats: {freemem,"tsung_controller@ip-172-30-3-28"} 1 29327.33984375 0.0 29465.85546875 29069.47265625 29321.291554418105 58
stats: session 13 50232.65700120192 3001.761668164322 75195.28198242188 6.22802734375 10445.061806337973 43657
stats: users_count 0 43671
stats: finish_users_count 13 43670
stats: request 14 11.266810825892858 11.367529396551198 6704.507080078125 0.807861328125 556.0310043016574 274277
stats: connect 0 0 0 999.427001953125 0.587890625 1.1897681413742094 43671
stats: page 14 11.266810825892858 11.367529396551198 11923.77099609375 0.837158203125 670.5949437023465 227424
stats: error_unknown 0 6221
stats: 401 0 822
stats: 302 14 29307
stats: 504 0 25
stats: 200 0 35914
stats: size_rcv 16615 467557465
stats: 406 0 635
stats: newphase 0 15
stats: size_sent 15444 166997470
stats: connected -14 1
stats: 503 0 207588
# stats: dump at 1449369009
stats: users 0 3162
stats: {load,"tsung_controller@ip-172-30-3-28"} 1 0.8515625 0.0 1.87890625 0.0 0.43591101694915246 59
stats: {recvpackets,"tsung_controller@ip-172-30-3-28"} 1 237.0 0.0 46800 118 13459.913793103446 58
stats: {sentpackets,"tsung_controller@ip-172-30-3-28"} 1 196.0 0.0 64031 164 14092.258620689656 58
stats: {cpu,"tsung_controller@ip-172-30-3-28"} 1 1.2549701789264414 0.0 28.380843785632837 0.09941593140300733 6.470865272815652 59
stats: {freemem,"tsung_controller@ip-172-30-3-28"} 1 29333.4765625 0.0 29465.85546875 29069.47265625 29321.39406779661 59
stats: session 1 53451.513916015625 0.0 75195.28198242188 6.22802734375 10456.9060641244 43670
stats: users_count 0 43671
stats: finish_users_count 1 43671
stats: request 1 12.44384765625 0.0 6704.507080078125 0.807861328125 556.0031991651102 274291
stats: connect 0 0 0 999.427001953125 0.587890625 1.1897681413742094 43671
stats: page 1 12.44384765625 0.0 11923.77099609375 0.837158203125 670.5543586028458 227438
stats: error_unknown 0 6221
stats: 401 0 822
stats: 302 1 29308
stats: 504 0 25
stats: 200 0 35914
stats: size_rcv 1202 467558667
stats: 406 0 635
stats: newphase 0 15
stats: size_sent 1102 166998572
stats: connected -1 0
stats: 503 0 207588
EndMonitor:{1449,369009,101057}
